                          2017-01-11 18:02:50.806656
*******************************************************************************

     This output file records the optimization of a bin packing problem

     with  24  items to pack. The optimization is terminated after

      750  fitness function evaluations.


*******************************************************************************

     Method:  MOMA
     data:  TimeDependent/MOMA/Cookies24/Experiment05/Cookies24.txt
Generation  1 : 

Gen. Member  Solution ID     f[1] (B)    f[2] (W)        f[3] (s)
------------------------------------------------------------------
          0           20            4       25.42          6090.3
          1           10            4       26.73          5921.4
          2           10            4       26.73          5921.4
          3           12            6       15.92          5822.8
          4           29            6       16.65          5840.4
          5           45            5       19.43          5765.5
          6           50            5       19.63          5840.4
          7           51            5       19.41          6000.9
          8           52            4       26.52          5921.4
          9           53            4       23.93          6088.4
         10           54            4       19.39          5831.3
         11           55            4       28.64          5921.4
         12           56            4       23.45          6090.3
         13           57            4       23.41          5847.5
         14           58            5       19.27          5892.2
         15           59            4       23.64          6002.5
         16           60            4       17.98          5816.3
         17           61            5       20.53          6124.3
         18           62            4       25.26          5992.0
         19           63            4       27.57          6033.0
         20           64            4       29.53          5921.4
         21           65            6       16.54          5990.6
         22           66            6       13.21          5841.2
         23           67            4       24.65          5992.0
         24           68            7       10.93          5822.8
         25           69            4       24.19          5768.9
         26           70            5       14.44          5735.7
         27           71            5       19.88          6032.6
         28           72            6       12.14          5765.5
         29           73            4       27.78          5988.0
         30           74            4       22.70          5845.4
         31           75            4       26.05          5870.8
         32           76            4       23.92          5952.0
         33           77            5       19.95          5942.5
         34           78            4       23.89          6063.1
         35           79            4       24.86          5921.4
         36           80            5       20.07          5960.1
         37           81            4       24.97          6056.7
         38           82            5       20.13          5974.7
         39           83            4       16.52          5649.6
         40           84            4       27.38          6049.6
         41           85            4       26.25          5925.8
         42           86            5       19.98          6082.7
         43           87            6       16.62          6049.2
         44           88            6       15.96          5974.7
         45           89            5       23.08          5993.7
         46           90            6       16.04          6038.7
         47           91            5       16.69          5930.8
         48           92            5       18.71          5965.9
         49           93            6       15.36          6076.5

There are currently  9 solutions in the Pareto Set:
  - Solution Number  0
  - Solution Number  3
  - Solution Number  12
  - Solution Number  17
  - Solution Number  24
  - Solution Number  36
  - Solution Number  38
  - Solution Number  45
  - Solution Number  49
Front 1  has 11  members in it.
Front 2  has 8  members in it.
Front 3  has 8  members in it.
Front 4  has 6  members in it.
Front 5  has 4  members in it.
Front 6  has 2  members in it.
Front 7  has 1  members in it.
Front 8  has 1  members in it.


Generation  2 : 

Gen. Member  Solution ID     f[1] (B)    f[2] (W)        f[3] (s)
------------------------------------------------------------------
          0           36            5       16.37          5797.0
          1           29            6       16.65          5840.4
          2           16            7       14.73          5937.7
          3           65            6       16.54          5990.6
          4           29            6       16.65          5840.4
          5           35            6       16.53          5845.4
          6           72            6       12.14          5765.5
          7           36            5       16.37          5797.0
          8           17            7       11.66          5822.8
          9           94            4       24.95          5799.9
         10           95            6       15.26          5694.4
         11           96            4       19.81          5852.5
         12           97            5       19.16          6094.0
         13           98            4       25.21          5956.1
         14           99            4       20.56          5942.5
         15          100            4       24.57          5962.5
         16          101            4       20.92          5796.4
         17          102            4       26.84          6048.5
         18          103            5       21.30          6032.6
         19          104            4       23.81          5960.1
         20          105            5       13.98          5831.3
         21          106            5       18.96          6050.4
         22          107            7       13.25          5977.3
         23          108            5       21.75          6050.4
         24          109            6       11.61          5822.8
         25          110            5       18.89          5937.7
         26          111            6       16.44          5869.9
         27          112            4       24.22          6090.3
         28          113            5       19.84          5990.1
         29          114            5       19.31          5796.7
         30          115            6       16.07          5838.0
         31          116            4       24.43          5765.5
         32          117            4       25.97          6040.7
         33          118            5       20.82          5923.8
         34          119            6       12.35          5760.2
         35          120            4       21.45          6021.6
         36          121            6       13.26          5784.1
         37          122            4       23.47          6063.1
         38          123            4       20.35          5841.2
         39          124            6       16.84          6049.2
         40          125            5       19.00          5841.5
         41          126            5       22.62          5984.7
         42          127            6       16.65          5848.0
         43          128            4       23.60          5711.1
         44          129            5       17.06          5823.0
         45          130            4       25.10          5928.0
         46          131            6       18.25          5966.3
         47          132            5       21.20          5840.4
         48          133            7       12.50          5755.7
         49          134            6       16.07          5822.8

There are currently  4 solutions in the Pareto Set:
  - Solution Number  68
  - Solution Number  70
  - Solution Number  72
  - Solution Number  83
Front 1  has 7  members in it.
Front 2  has 10  members in it.
Front 3  has 12  members in it.
Front 4  has 7  members in it.
Front 5  has 8  members in it.
Front 6  has 12  members in it.
Front 7  has 8  members in it.
Front 8  has 9  members in it.
Front 9  has 10  members in it.
Front 10  has 8  members in it.
Front 11  has 2  members in it.


Generation  3 : 

Gen. Member  Solution ID     f[1] (B)    f[2] (W)        f[3] (s)
------------------------------------------------------------------
          0          107            7       13.25          5977.3
          1           69            4       24.19          5768.9
          2           83            4       16.52          5649.6
          3           60            4       17.98          5816.3
          4           83            4       16.52          5649.6
          5          125            5       19.00          5841.5
          6          116            4       24.43          5765.5
          7          105            5       13.98          5831.3
          8          133            7       12.50          5755.7
          9          135            4       22.42          6003.6
         10          136            6       12.65          5935.4
         11          137            4       26.10          5886.6
         12          138            5       20.92          5995.2
         13          139            4       21.84          5920.7
         14          140            4       21.02          5902.1
         15          141            6       12.50          5819.1
         16          142            4       22.81          5794.3
         17          143            4       24.83          5796.7
         18          144            4       22.37          6005.2
         19          145            4       25.43          6057.5
         20          146            5       16.56          5831.3
         21          147            4       20.66          5877.3
         22          148            5       18.65          6100.0
         23          149            4       25.52          6083.3
         24          150            4       21.83          5760.2
         25          151            7        7.83          5822.8
         26          152            5       15.10          5842.4
         27          153            4       18.63          5776.0
         28          154            6       14.60          5776.0
         29          155            5       18.04          6013.9
         30          156            5       20.46          6025.8
         31          157            6       16.00          5963.7
         32          158            4       23.97          5871.1
         33          159            4       19.34          6074.8
         34          160            4       19.24          5908.7
         35          161            6       13.30          5841.2
         36          162            6       13.58          5760.2
         37          163            4       19.31          5822.8
         38          164            6       16.18          5986.7
         39          165            4       23.90          6156.9
         40          166            4       23.90          5811.8
         41          167            4       24.37          5876.0
         42          168            4       29.76          5988.0
         43          169            4       21.02          5806.9
         44          170            4       24.74          5816.3
         45          171            7        9.75          5780.8
         46          172            5       16.11          5765.5
         47          173            5       19.53          5833.9
         48          174            4       18.25          5824.2
         49          175            6       13.32          5784.1

There are currently  9 solutions in the Pareto Set:
  - Solution Number  68
  - Solution Number  70
  - Solution Number  83
  - Solution Number  72
  - Solution Number  95
  - Solution Number  105
  - Solution Number  109
  - Solution Number  119
  - Solution Number  133
Front 1  has 9  members in it.
Front 2  has 10  members in it.
Front 3  has 13  members in it.
Front 4  has 11  members in it.
Front 5  has 15  members in it.
Front 6  has 12  members in it.
Front 7  has 10  members in it.
Front 8  has 4  members in it.
Front 9  has 2  members in it.


Generation  4 : 

Gen. Member  Solution ID     f[1] (B)    f[2] (W)        f[3] (s)
------------------------------------------------------------------
          0           83            4       16.52          5649.6
          1          150            4       21.83          5760.2
          2          129            5       17.06          5823.0
          3          119            6       12.35          5760.2
          4          176            4       24.17          5871.1
          5          177            6       14.11          6064.0
          6          178            4       25.19          5935.4
          7          179            6       14.55          6033.5
          8          180            6       15.11          5895.0
          9          181            6       14.78          5820.8
         10          182            4       28.22          5921.4
         11          183            4       16.17          5822.8
         12          184            4       25.50          5904.7
         13          185            6       16.40          5824.9
         14          186            6       14.30          5775.6
         15          187            6       14.32          5793.8
         16          188            4       18.61          5794.3
         17          189            4       26.18          5941.8
         18          190            5       21.04          5993.7
         19          191            6       14.63          5831.3
         20          192            5       15.21          5940.8
         21          193            4       24.11          5921.4
         22          194            4       19.20          5871.1
         23          195            5       19.78          6146.6
         24          196            4       19.80          5830.3
         25          197            4       25.58          5855.2
         26          198            5       14.88          5816.3
         27          199            6        9.93          5708.8
         28          200            4       20.72          5760.2
         29          201            4       24.48          5871.1
         30          202            4       19.37          5768.9
         31          203            4       29.76          5921.4
         32          204            4       21.73          5766.7
         33          205            4       25.34          5921.4
         34          206            4       19.10          5770.0
         35          207            4       21.31          5814.0
         36          208            4       24.79          5765.5
         37          209            4       18.51          5765.5
         38          210            5       16.83          5739.7
         39          211            5       19.33          6000.5
         40          212            5       18.08          5894.9
         41          213            5       18.91          5796.7
         42          214            6       14.96          5753.5
         43          215            5       16.74          5752.3
         44          216            6       16.54          6003.2
         45          217            4       26.36          5984.8
         46          218            4       20.33          5737.3
         47          219            4       25.37          5926.6
         48          220            6       12.83          5809.0
         49          221            4       23.88          6004.1

There are currently  10 solutions in the Pareto Set:
  - Solution Number  70
  - Solution Number  72
  - Solution Number  95
  - Solution Number  109
  - Solution Number  119
  - Solution Number  83
  - Solution Number  105
  - Solution Number  133
  - Solution Number  151
  - Solution Number  171
Front 1  has 10  members in it.
Front 2  has 14  members in it.
Front 3  has 10  members in it.
Front 4  has 17  members in it.
Front 5  has 13  members in it.
Front 6  has 5  members in it.
Front 7  has 4  members in it.
Front 8  has 2  members in it.
Front 9  has 3  members in it.
Front 10  has 2  members in it.
Front 11  has 1  members in it.


Generation  5 : 

Gen. Member  Solution ID     f[1] (B)    f[2] (W)        f[3] (s)
------------------------------------------------------------------
          0          174            4       18.25          5824.2
          1          121            6       13.26          5784.1
          2          174            4       18.25          5824.2
          3          172            5       16.11          5765.5
          4          105            5       13.98          5831.3
          5          171            7        9.75          5780.8
          6          105            5       13.98          5831.3
          7          218            4       20.33          5737.3
          8          199            6        9.93          5708.8
          9          222            6       16.66          5995.2
         10          223            4       25.72          5886.6
         11          224            5       16.95          5820.6
         12          225            5       14.86          5752.3
         13          226            6       14.70          5760.2
         14          227            6       13.29          5764.0
         15          228            4       22.64          5779.6
         16          229            5       16.44          5985.2
         17          230            4       22.98          5862.2
         18          231            7       11.70          5918.9
         19          232            4       19.75          5764.3
         20          233            5       16.86          5993.4
         21          234            4       22.65          5816.3
         22          235            4       19.58          5719.6
         23          236            4       24.41          5795.2
         24          237            5       17.11          5949.1
         25          238            4       20.24          5864.6
         26          239            5       15.26          5816.3
         27          240            4       18.29          5853.5
         28          241            5       19.76          5969.8
         29          242            4       19.75          5971.7
         30          243            5       17.23          5842.4
         31          244            4       21.79          5965.6
         32          245            4       19.24          5760.3
         33          246            6       11.86          5765.5
         34          247            4       18.79          5782.4
         35          248            7        8.65          5689.3
         36          249            4       24.51          5769.1
         37          250            4       19.62          5768.2
         38          251            4       24.68          5741.9
         39          252            4       23.09          5852.1
         40          253            4       21.22          5796.7
         41          254            6       11.12          5727.1
         42          255            4       19.33          5813.8
         43          256            4       24.64          5994.3
         44          257            4       23.69          5971.1
         45          258            5       17.70          5771.1
         46          259            4       21.77          5760.2
         47          260            5       17.21          5693.5
         48          261            5       16.67          5735.3
         49          262            5       18.38          5742.3

There are currently  8 solutions in the Pareto Set:
  - Solution Number  70
  - Solution Number  95
  - Solution Number  105
  - Solution Number  151
  - Solution Number  171
  - Solution Number  83
  - Solution Number  183
  - Solution Number  199
Front 1  has 14  members in it.
Front 2  has 14  members in it.
Front 3  has 14  members in it.
Front 4  has 13  members in it.
Front 5  has 11  members in it.
Front 6  has 9  members in it.
Front 7  has 4  members in it.
Front 8  has 4  members in it.
Front 9  has 2  members in it.
Front 10  has 2  members in it.
Front 11  has 1  members in it.


Generation  6 : 

Gen. Member  Solution ID     f[1] (B)    f[2] (W)        f[3] (s)
------------------------------------------------------------------
          0          214            6       14.96          5753.5
          1          153            4       18.63          5776.0
          2          171            7        9.75          5780.8
          3          105            5       13.98          5831.3
          4          251            4       24.68          5741.9
          5          263            4       22.01          5821.3
          6          264            5       15.38          5862.1
          7          265            4       19.82          5824.2
          8          266            4       19.11          5786.0
          9          267            5       14.50          6003.9
         10          268            4       21.81          5921.4
         11          269            6       13.38          5765.5
         12          270            5       18.99          5965.6
         13          271            5       19.05          6119.7
         14          272            4       24.22          5990.1
         15          273            4       27.90          5892.9
         16          274            6       14.93          5851.2
         17          275            5       17.05          5771.0
         18          276            4       24.73          5871.1
         19          277            4       16.28          5822.8
         20          278            4       25.67          6021.3
         21          279            5       15.58          5842.4
         22          280            3       30.66          6025.8
         23          281            5       17.00          6064.0
         24          282            4       24.27          6118.1
         25          283            6       15.37          5871.1
         26          284            4       23.97          5941.8
         27          285            3       31.14          5855.6
         28          286            6       10.72          5708.8
         29          287            4       18.45          5765.5
         30          288            4       20.64          5876.5
         31          289            3       30.78          6085.6
         32          290            5       17.51          5734.5
         33          291            4       21.80          5921.4
         34          292            4       27.41          5932.5
         35          293            4       24.51          5825.4
         36          294            5       18.02          5863.3
         37          295            4       22.74          5993.4
         38          296            4       21.20          5765.5
         39          297            4       20.44          5781.4
         40          298            4       19.97          5842.4
         41          299            4       20.95          5805.7
         42          300            4       20.22          5839.0
         43          301            5       15.90          5813.7
         44          302            5       19.38          6032.6
         45          303            4       23.79          5871.1
         46          304            7       13.20          5822.8
         47          305            4       16.85          5855.8
         48          306            4       19.25          5831.3
         49          307            4       21.10          5891.9

There are currently  8 solutions in the Pareto Set:
  - Solution Number  70
  - Solution Number  95
  - Solution Number  151
  - Solution Number  83
  - Solution Number  183
  - Solution Number  105
  - Solution Number  199
  - Solution Number  248
Front 1  has 10  members in it.
Front 2  has 18  members in it.
Front 3  has 13  members in it.
Front 4  has 18  members in it.
Front 5  has 9  members in it.
Front 6  has 7  members in it.
Front 7  has 3  members in it.
Front 8  has 2  members in it.
Front 9  has 2  members in it.
Front 10  has 1  members in it.


Generation  7 : 

Gen. Member  Solution ID     f[1] (B)    f[2] (W)        f[3] (s)
------------------------------------------------------------------
          0          277            4       16.28          5822.8
          1          261            5       16.67          5735.3
          2          280            3       30.66          6025.8
          3          215            5       16.74          5752.3
          4          128            4       23.60          5711.1
          5          151            7        7.83          5822.8
          6           60            4       17.98          5816.3
          7          248            7        8.65          5689.3
          8          209            4       18.51          5765.5
          9          209            4       18.51          5765.5
         10          305            4       16.85          5855.8
         11          261            5       16.67          5735.3
         12          287            4       18.45          5765.5
         13          235            4       19.58          5719.6
         14          248            7        8.65          5689.3
         15          218            4       20.33          5737.3
         16          171            7        9.75          5780.8
         17          308            4       24.32          5983.3
         18          309            5       15.32          5940.7
         19          310            4       21.77          5774.3
         20          311            3       27.51          5779.4
         21          312            3       26.30          6120.4
         22          313            4       17.72          6063.1
         23          314            5       17.73          5620.7
         24          315            5       18.81          6009.9
         25          316            4       21.00          5921.4
         26          317            6       15.38          5871.1
         27          318            5       16.27          5971.9
         28          319            5       20.21          5921.4
         29          320            5       18.81          5933.3
         30          321            4       17.18          5691.6
         31          322            4       20.13          5805.7
         32          323            4       22.43          5813.7
         33          324            4       23.95          5969.8
         34          325            3       29.51          6068.2
         35          326            4       18.72          6100.8
         36          327            3       30.38          6070.5
         37          328            4       20.52          5955.8
         38          329            4       24.05          5944.4
         39          330            4       23.35          5921.4
         40          331            5       15.03          6000.7
         41          332            4       21.44          6011.6
         42          333            4       20.32          5774.2
         43          334            5       16.97          5998.1
         44          335            4       19.86          5761.5
         45          336            4       20.56          5778.4
         46          337            5       14.17          5708.8
         47          338            4       14.46          5960.0
         48          339            5       21.22          5995.5
         49          340            4       20.50          5825.6

There are currently  10 solutions in the Pareto Set:
  - Solution Number  70
  - Solution Number  95
  - Solution Number  151
  - Solution Number  83
  - Solution Number  183
  - Solution Number  199
  - Solution Number  248
  - Solution Number  105
  - Solution Number  280
  - Solution Number  285
Front 1  has 13  members in it.
Front 2  has 13  members in it.
Front 3  has 19  members in it.
Front 4  has 10  members in it.
Front 5  has 5  members in it.
Front 6  has 5  members in it.
Front 7  has 6  members in it.
Front 8  has 3  members in it.
Front 9  has 2  members in it.
Front 10  has 2  members in it.
Front 11  has 1  members in it.
Front 12  has 3  members in it.
Front 13  has 1  members in it.
Front 14  has 2  members in it.


Generation  8 : 

Gen. Member  Solution ID     f[1] (B)    f[2] (W)        f[3] (s)
------------------------------------------------------------------
          0          312            3       26.30          6120.4
          1          321            4       17.18          5691.6
          2          174            4       18.25          5824.2
          3          338            4       14.46          5960.0
          4          289            3       30.78          6085.6
          5          248            7        8.65          5689.3
          6          325            3       29.51          6068.2
          7          285            3       31.14          5855.6
          8          311            3       27.51          5779.4
          9          314            5       17.73          5620.7
         10          171            7        9.75          5780.8
         11          341            4       16.61          6023.5
         12          342            4       16.59          5764.8
         13          343            4       21.04          5736.2
         14          344            4       20.27          5960.0
         15          345            4       20.40          6005.8
         16          346            4       21.04          5678.0
         17          347            4       20.33          5994.1
         18          348            3       29.54          5872.9
         19          349            4       24.09          5980.1
         20          350            4       22.12          5996.9
         21          351            4       23.78          5822.8
         22          352            4       16.51          5830.3
         23          353            4       22.27          6004.1
         24          354            5       18.57          5965.9
         25          355            4       21.50          5921.4
         26          356            4       18.38          5764.8
         27          357            3       22.86          6119.7
         28          358            4       22.94          5950.6
         29          359            4       19.94          5967.3
         30          360            3       23.90          5905.3
         31          361            4       22.79          5921.4
         32          362            4       17.48          5756.0
         33          363            4       18.82          5784.6
         34          364            3       21.31          6140.7
         35          365            4       24.30          6014.1
         36          366            5       16.60          5955.6
         37          367            4       19.16          5805.1
         38          368            4       24.03          6032.0
         39          369            4       26.51          5921.4
         40          370            4       25.74          5837.4
         41          371            4       20.73          5661.1
         42          372            4       18.00          5736.2
         43          373            4       17.33          5779.1
         44          374            4       20.84          5888.1
         45          375            5       15.57          5772.2
         46          376            4       25.20          5778.7
         47          377            4       25.51          5764.3
         48          378            5       19.91          6050.4
         49          379            4       19.26          5852.7

There are currently  12 solutions in the Pareto Set:
  - Solution Number  95
  - Solution Number  83
  - Solution Number  183
  - Solution Number  199
  - Solution Number  105
  - Solution Number  151
  - Solution Number  248
  - Solution Number  311
  - Solution Number  312
  - Solution Number  314
  - Solution Number  337
  - Solution Number  338
Front 1  has 9  members in it.
Front 2  has 13  members in it.
Front 3  has 16  members in it.
Front 4  has 12  members in it.
Front 5  has 7  members in it.
Front 6  has 4  members in it.
Front 7  has 3  members in it.
Front 8  has 4  members in it.
Front 9  has 2  members in it.
Front 10  has 1  members in it.


Generation  9 : 

Gen. Member  Solution ID     f[1] (B)    f[2] (W)        f[3] (s)
------------------------------------------------------------------
          0          325            3       29.51          6068.2
          1          183            4       16.17          5822.8
          2          327            3       30.38          6070.5
          3          311            3       27.51          5779.4
          4          360            3       23.90          5905.3
          5          360            3       23.90          5905.3
          6          360            3       23.90          5905.3
          7          360            3       23.90          5905.3
          8          380            4       19.95          5920.1
          9          381            3       24.37          5800.6
         10          382            5       16.89          5913.5
         11          383            4       25.88          5806.4
         12          384            5       19.77          5940.7
         13          385            5       17.76          5825.4
         14          386            4       21.61          5789.5
         15          387            3       29.07          5804.3
         16          388            4       18.89          5812.9
         17          389            3       21.37          6112.3
         18          390            3       28.16          5940.7
         19          391            4       19.34          5837.4
         20          392            3       31.67          6025.2
         21          393            5       14.58          5822.8
         22          394            4       19.28          5863.3
         23          395            4       19.18          5906.8
         24          396            5       19.71          5931.9
         25          397            4       24.89          5764.3
         26          398            4       22.70          5755.9
         27          399            6       15.31          5766.0
         28          400            3       22.83          6058.3
         29          401            3       29.06          6087.9
         30          402            3       29.93          5949.0
         31          403            4       26.31          5977.4
         32          404            4       21.03          5818.7
         33          405            4       26.06          5921.4
         34          406            6       13.74          5905.7
         35          407            4       16.94          5831.5
         36          408            4       22.27          6121.0
         37          409            4       19.75          6032.5
         38          410            5       19.85          5766.4
         39          411            4       20.76          5994.3
         40          412            5       19.74          6003.9
         41          413            3       22.92          5793.2
         42          414            3       28.09          5793.6
         43          415            4       17.25          6057.5
         44          416            5       20.38          5888.1
         45          417            3       25.88          6003.9
         46          418            3       28.39          5830.2
         47          419            3       27.09          5791.5
         48          420            7       10.59          5699.8
         49          421            4       17.66          5726.2

There are currently  14 solutions in the Pareto Set:
  - Solution Number  95
  - Solution Number  83
  - Solution Number  183
  - Solution Number  199
  - Solution Number  105
  - Solution Number  151
  - Solution Number  337
  - Solution Number  338
  - Solution Number  248
  - Solution Number  311
  - Solution Number  314
  - Solution Number  357
  - Solution Number  360
  - Solution Number  364
Front 1  has 12  members in it.
Front 2  has 14  members in it.
Front 3  has 18  members in it.
Front 4  has 7  members in it.
Front 5  has 3  members in it.
Front 6  has 3  members in it.
Front 7  has 1  members in it.
Front 8  has 2  members in it.
Front 9  has 5  members in it.
Front 10  has 2  members in it.
Front 11  has 3  members in it.
Front 12  has 3  members in it.
Front 13  has 2  members in it.
Front 14  has 1  members in it.


Generation  10 : 

Gen. Member  Solution ID     f[1] (B)    f[2] (W)        f[3] (s)
------------------------------------------------------------------
          0          360            3       23.90          5905.3
          1          314            5       17.73          5620.7
          2          225            5       14.86          5752.3
          3           95            6       15.26          5694.4
          4          248            7        8.65          5689.3
          5          311            3       27.51          5779.4
          6          311            3       27.51          5779.4
          7          357            3       22.86          6119.7
          8          422            5       15.60          5769.9
          9          423            4       23.15          5871.6
         10          424            3       29.81          5819.5
         11          425            4       21.33          6137.5
         12          426            4       18.03          6023.9
         13          427            4       22.80          5800.6
         14          428            5       14.06          5752.3
         15          429            3       28.60          5862.0
         16          430            5       16.72          5920.1
         17          431            4       15.36          5913.0
         18          432            4       24.10          5994.1
         19          433            3       29.92          6156.9
         20          434            3       25.21          5990.1
         21          435            3       23.40          5808.3
         22          436            5       16.64          5837.4
         23          437            4       20.35          6092.3
         24          438            4       17.63          5764.8
         25          439            4       23.98          5862.1
         26          440            3       25.62          6040.9
         27          441            5       16.99          6030.1
         28          442            7        9.95          5780.8
         29          443            4       26.19          6129.5
         30          444            3       29.23          5888.1
         31          445            4       23.20          6057.6
         32          446            4       17.35          5750.3
         33          447            3       26.07          6058.3
         34          448            4       16.94          5841.5
         35          449            4       16.08          6000.8
         36          450            3       24.97          5920.9
         37          451            3       29.12          5891.8
         38          452            3       25.21          5990.1
         39          453            5       14.08          5697.7
         40          454            4       19.83          5766.0
         41          455            4       18.75          5993.7
         42          456            5       19.47          5948.1
         43          457            5       14.92          5781.2
         44          458            4       17.55          5971.0
         45          459            4       24.85          5993.7
         46          460            3       23.61          6062.0
         47          461            4       15.56          5897.1
         48          462            4       20.78          5928.9
         49          463            4       18.62          6012.0

There are currently  16 solutions in the Pareto Set:
  - Solution Number  248
  - Solution Number  311
  - Solution Number  151
  - Solution Number  314
  - Solution Number  364
  - Solution Number  105
  - Solution Number  199
  - Solution Number  419
  - Solution Number  338
  - Solution Number  83
  - Solution Number  95
  - Solution Number  400
  - Solution Number  183
  - Solution Number  413
  - Solution Number  389
  - Solution Number  337
Front 1  has 13  members in it.
Front 2  has 17  members in it.
Front 3  has 17  members in it.
Front 4  has 9  members in it.
Front 5  has 9  members in it.
Front 6  has 6  members in it.
Front 7  has 4  members in it.
Front 8  has 2  members in it.


Generation  11 : 

Gen. Member  Solution ID     f[1] (B)    f[2] (W)        f[3] (s)
------------------------------------------------------------------
          0          248            7        8.65          5689.3
          1          342            4       16.59          5764.8
          2          419            3       27.09          5791.5
          3           83            4       16.52          5649.6
          4          478            3       21.84          6076.8
          5          414            3       28.09          5793.6
          6           83            4       16.52          5649.6
          7          413            3       22.92          5793.2
          8          414            3       28.09          5793.6
          9           83            4       16.52          5649.6
         10          531            5       17.79          5344.5
         11          364            3       21.31          6140.7
         12          557            4       21.40          5974.7
         13          558            4       17.38          5678.0
         14          559            3       28.66          6018.6
         15          560            3       24.64          5947.8
         16          561            4       17.13          6061.5
         17          562            3       31.31          6140.7
         18          563            4       21.04          5956.3
         19          564            3       25.82          5912.8
         20          565            3       25.35          6046.7
         21          566            4       16.26          5744.8
         22          567            4       22.22          5837.4
         23          568            5       14.46          5804.7
         24          569            4       17.32          5996.8
         25          570            3       25.36          6048.0
         26          571            3       21.81          6025.2
         27          572            4       20.24          5982.9
         28          573            3       24.20          6000.3
         29          574            3       28.77          6025.2
         30          575            3       29.26          5807.2
         31          576            4       23.19          5861.8
         32          577            4       22.95          5982.4
         33          578            4       19.27          5771.1
         34          579            4       16.59          5839.7
         35          580            5       20.07          6003.9
         36          581            3       29.26          6102.5
         37          582            4       16.87          5628.1
         38          583            4       21.05          5964.6
         39          584            3       25.33          5804.7
         40          585            3       24.28          6148.8
         41          586            4       20.73          6016.8
         42          587            4       14.27          5830.5
         43          588            4       18.49          5836.5
         44          589            5       17.76          6019.5
         45          590            4       15.32          5784.4
         46          591            4       26.23          5921.4
         47          592            4       18.79          5854.5
         48          593            4       17.32          5822.8
         49          594            5       13.30          5914.9

There are currently  28 solutions in the Pareto Set:
  - Solution Number  83
  - Solution Number  199
  - Solution Number  338
  - Solution Number  364
  - Solution Number  183
  - Solution Number  413
  - Solution Number  419
  - Solution Number  248
  - Solution Number  311
  - Solution Number  431
  - Solution Number  453
  - Solution Number  461
  - Solution Number  472
  - Solution Number  474
  - Solution Number  475
  - Solution Number  478
  - Solution Number  480
  - Solution Number  485
  - Solution Number  498
  - Solution Number  503
  - Solution Number  505
  - Solution Number  506
  - Solution Number  510
  - Solution Number  516
  - Solution Number  522
  - Solution Number  525
  - Solution Number  531
  - Solution Number  534
Front 1  has 23  members in it.
Front 2  has 25  members in it.
Front 3  has 24  members in it.
Front 4  has 22  members in it.
Front 5  has 17  members in it.
Front 6  has 17  members in it.
Front 7  has 9  members in it.
Front 8  has 5  members in it.
Front 9  has 4  members in it.
Front 10  has 4  members in it.
Front 11  has 3  members in it.
Front 12  has 1  members in it.
Front 13  has 1  members in it.
Front 14  has 1  members in it.
Front 15  has 2  members in it.
Front 16  has 3  members in it.
Front 17  has 1  members in it.


Generation  12 : 

Gen. Member  Solution ID     f[1] (B)    f[2] (W)        f[3] (s)
------------------------------------------------------------------
          0          531            5       17.79          5344.5
          1          534            5       14.71          5646.6
          2          151            7        7.83          5822.8
          3          248            7        8.65          5689.3
          4          199            6        9.93          5708.8
          5          506            5       11.89          5847.8
          6          478            3       21.84          6076.8
          7          595            4       14.44          5831.0
          8          596            4       20.63          5857.4
          9          597            4       20.11          5826.6
         10          598            4       17.36          5764.3
         11          599            4       27.17          5921.4
         12          600            6       15.10          5768.1
         13          601            4       19.32          6030.1
         14          602            4       19.01          5831.0
         15          603            4       21.71          5764.3
         16          604            4       21.38          5764.3
         17          605            4       19.80          5955.5
         18          606            3       26.45          5844.4
         19          607            5       16.57          5932.8
         20          608            3       23.89          6059.7
         21          609            4       20.86          6000.8
         22          610            4       17.33          5851.0
         23          611            4       17.95          6003.9
         24          612            4       26.54          5921.4
         25          613            4       19.53          5981.1
         26          614            4       18.64          5850.5
         27          615            5       17.01          5900.8
         28          616            4       17.30          5697.7
         29          617            4       21.45          5827.2
         30          618            3       28.67          6086.5
         31          619            3       24.27          6002.0
         32          620            4       23.57          5991.6
         33          621            3       23.69          5800.3
         34          622            5       20.89          6146.6
         35          623            3       26.45          6071.5
         36          624            4       23.38          5981.1
         37          625            4       19.46          5777.9
         38          626            3       21.19          6140.7
         39          627            5       19.77          5942.7
         40          628            4       28.38          6032.0
         41          629            4       21.83          5908.7
         42          630            4       24.68          5837.4
         43          631            4       16.02          5987.1
         44          632            4       26.23          5921.4
         45          633            3       23.33          6000.3
         46          634            3       21.28          6025.2
         47          635            4       17.14          5764.3
         48          636            3       23.15          5823.4
         49          637            4       16.18          5925.6

There are currently  27 solutions in the Pareto Set:
  - Solution Number  199
  - Solution Number  311
  - Solution Number  453
  - Solution Number  472
  - Solution Number  474
  - Solution Number  475
  - Solution Number  480
  - Solution Number  485
  - Solution Number  498
  - Solution Number  503
  - Solution Number  505
  - Solution Number  506
  - Solution Number  510
  - Solution Number  522
  - Solution Number  525
  - Solution Number  534
  - Solution Number  248
  - Solution Number  419
  - Solution Number  413
  - Solution Number  83
  - Solution Number  531
  - Solution Number  364
  - Solution Number  566
  - Solution Number  571
  - Solution Number  582
  - Solution Number  587
  - Solution Number  590
Front 1  has 26  members in it.
Front 2  has 9  members in it.
Front 3  has 7  members in it.
Front 4  has 5  members in it.
Front 5  has 4  members in it.
Front 6  has 5  members in it.
Front 7  has 4  members in it.
Front 8  has 1  members in it.
Front 9  has 1  members in it.


Generation  13 : 

Gen. Member  Solution ID     f[1] (B)    f[2] (W)        f[3] (s)
------------------------------------------------------------------
          0          475            8        7.33          5483.8
          1          485            4       19.04          5471.1
          2          475            8        7.33          5483.8
          3          286            6       10.72          5708.8
          4          533            4       19.20          5646.6
          5          473            8        8.04          5483.8
          6          485            4       19.04          5471.1
          7          503            6       11.80          5479.0
          8          311            3       27.51          5779.4
          9          638            3       24.75          6072.4
         10          639            3       22.74          6030.9
         11          640            3       25.96          6040.9
         12          641            5       16.69          5967.0
         13          642            4       21.85          6027.1
         14          643            3       27.57          5848.5
         15          644            4       22.42          6007.2
         16          645            4       22.63          5822.8
         17          646            5       18.16          5851.0
         18          647            5       16.60          5954.5
         19          648            5       14.81          6055.3
         20          649            4       26.95          6033.0
         21          650            4       22.41          5994.9
         22          651            3       26.52          5863.1
         23          652            4       21.59          6000.8
         24          653            3       28.53          5798.0
         25          654            4       18.53          5728.2
         26          655            5       19.02          5853.4
         27          656            4       19.65          5764.3
         28          657            4       19.30          5764.3
         29          658            3       30.91          5947.8
         30          659            3       29.42          5888.1
         31          660            3       23.78          6069.8
         32          661            4       19.17          5754.8
         33          662            4       20.72          5764.8
         34          663            5       17.02          5960.0
         35          664            4       18.13          6023.3
         36          665            4       18.47          5830.1
         37          666            4       20.06          5988.0
         38          667            6        9.20          5708.8
         39          668            4       15.14          5974.7
         40          669            5       17.55          5817.6
         41          670            3       21.98          6025.2
         42          671            3       22.64          6140.7
         43          672            5       16.70          6009.9
         44          673            3       24.10          6148.8
         45          674            4       16.61          6019.5
         46          675            4       17.30          5855.9
         47          676            3       23.53          6054.1
         48          677            4       15.95          5863.3
         49          678            4       20.49          5780.8

There are currently  26 solutions in the Pareto Set:
  - Solution Number  311
  - Solution Number  453
  - Solution Number  472
  - Solution Number  474
  - Solution Number  475
  - Solution Number  480
  - Solution Number  485
  - Solution Number  503
  - Solution Number  505
  - Solution Number  510
  - Solution Number  522
  - Solution Number  525
  - Solution Number  419
  - Solution Number  413
  - Solution Number  83
  - Solution Number  566
  - Solution Number  582
  - Solution Number  587
  - Solution Number  590
  - Solution Number  531
  - Solution Number  534
  - Solution Number  248
  - Solution Number  199
  - Solution Number  506
  - Solution Number  626
  - Solution Number  634
Front 1  has 23  members in it.
Front 2  has 10  members in it.
Front 3  has 8  members in it.
Front 4  has 7  members in it.
Front 5  has 7  members in it.
Front 6  has 2  members in it.
Front 7  has 3  members in it.
Front 8  has 3  members in it.
Front 9  has 2  members in it.
Front 10  has 1  members in it.
Front 11  has 1  members in it.


Generation  14 : 

Gen. Member  Solution ID     f[1] (B)    f[2] (W)        f[3] (s)
------------------------------------------------------------------
          0          621            3       23.69          5800.3
          1          506            5       11.89          5847.8
          2          626            3       21.19          6140.7
          3          626            3       21.19          6140.7
          4          311            3       27.51          5779.4
          5          679            3       29.39          6061.5
          6          680            4       19.38          5825.7
          7          681            4       18.76          5764.3
          8          682            4       21.95          6118.1
          9          683            4       13.63          5928.2
         10          684            3       21.42          6025.2
         11          685            5       18.33          5882.6
         12          686            4       27.04          6021.3
         13          687            4       24.30          6012.0
         14          688            4       22.07          5988.0
         15          689            4       22.63          5921.4
         16          690            5       21.09          6049.6
         17          691            6       11.88          5764.8
         18          692            4       18.71          5822.8
         19          693            6       16.01          5912.6
         20          694            4       19.45          5912.6
         21          695            4       23.50          5921.4
         22          696            3       22.86          6110.6
         23          697            4       19.71          5993.7
         24          698            3       23.66          6060.3
         25          699            3       27.39          6071.5
         26          700            4       20.24          5820.4
         27          701            4       22.60          5930.2
         28          702            4       18.15          5753.0
         29          703            4       17.79          5990.3
         30          704            3       25.02          6068.2
         31          705            6       12.44          5733.4
         32          706            5       13.60          5945.9
         33          707            3       30.53          5892.9
         34          708            3       25.84          5947.8
         35          709            4       21.30          6019.5
         36          710            4       22.45          5888.1
         37          711            3       27.01          5766.3
         38          712            4       20.12          6049.6
         39          713            5       17.35          5960.0
         40          714            4       17.75          5837.4
         41          715            4       20.42          5888.7
         42          716            4       17.14          5832.6
         43          717            5       15.63          5793.3
         44          718            4       16.80          5793.7
         45          719            3       26.74          5813.7
         46          720            3       22.32          6025.2
         47          721            4       14.42          5863.3
         48          722            6       11.58          5824.9
         49          723            4       15.46          5617.5

There are currently  26 solutions in the Pareto Set:
  - Solution Number  453
  - Solution Number  472
  - Solution Number  474
  - Solution Number  480
  - Solution Number  505
  - Solution Number  510
  - Solution Number  522
  - Solution Number  525
  - Solution Number  419
  - Solution Number  413
  - Solution Number  83
  - Solution Number  566
  - Solution Number  582
  - Solution Number  587
  - Solution Number  590
  - Solution Number  531
  - Solution Number  534
  - Solution Number  248
  - Solution Number  506
  - Solution Number  626
  - Solution Number  634
  - Solution Number  475
  - Solution Number  485
  - Solution Number  503
  - Solution Number  311
  - Solution Number  667
Front 1  has 23  members in it.
Front 2  has 11  members in it.
Front 3  has 8  members in it.
Front 4  has 8  members in it.
Front 5  has 4  members in it.
Front 6  has 5  members in it.
Front 7  has 3  members in it.
Front 8  has 2  members in it.
Front 9  has 1  members in it.


Generation  15 : 

Gen. Member  Solution ID     f[1] (B)    f[2] (W)        f[3] (s)
------------------------------------------------------------------
          0          248            7        8.65          5689.3
          1          587            4       14.27          5830.5
          2          667            6        9.20          5708.8
          3          506            5       11.89          5847.8
          4          590            4       15.32          5784.4
          5          531            5       17.79          5344.5
          6          475            8        7.33          5483.8
          7          474            8        7.03          5822.8
          8          724            5       19.73          5947.8
          9          725            3       21.65          6025.2
         10          726            4       22.08          5993.7
         11          727            6       12.05          5822.8
         12          728            4       21.43          6000.8
         13          729            3       23.67          6058.3
         14          730            4       19.54          6018.0
         15          731            4       14.54          6027.1
         16          732            4       22.59          5921.4
         17          733            3       22.73          5988.6
         18          734            4       20.24          5865.9
         19          735            4       18.66          5982.9
         20          736            4       24.17          6049.6
         21          737            4       20.51          5749.1
         22          738            5       14.98          5940.7
         23          739            4       19.05          5830.3
         24          740            4       21.41          5806.9
         25          741            4       20.69          5739.8
         26          742            4       26.27          5988.0
         27          743            6       15.14          5873.7
         28          744            4       21.80          5962.9
         29          745            4       13.71          5922.1
         30          746            4       15.94          5839.8
         31          747            4       19.64          6110.6
         32          748            4       25.35          6033.0
         33          749            4       16.93          6003.9
         34          750            5       18.19          5824.1
         35          751            4       25.38          5993.7
         36          752            3       21.62          6025.2
         37          753            4       24.19          5822.8
         38          754            4       18.15          5856.3
         39          755            3       22.60          6025.2
         40          756            5       19.85          6003.9
         41          757            4       13.93          5959.2
         42          758            4       25.00          5917.3
         43          759            5       13.95          5962.9
         44          760            4       15.40          5892.2
         45          761            5       13.76          5888.7
         46          762            3       25.93          6041.8
         47          763            4       15.46          5869.1
         48          764            4       17.44          5822.8
         49          765            3       21.35          6112.3

There are currently  24 solutions in the Pareto Set:
  - Solution Number  453
  - Solution Number  472
  - Solution Number  474
  - Solution Number  480
  - Solution Number  505
  - Solution Number  510
  - Solution Number  522
  - Solution Number  525
  - Solution Number  413
  - Solution Number  587
  - Solution Number  590
  - Solution Number  531
  - Solution Number  534
  - Solution Number  248
  - Solution Number  634
  - Solution Number  475
  - Solution Number  485
  - Solution Number  503
  - Solution Number  667
  - Solution Number  506
  - Solution Number  626
  - Solution Number  683
  - Solution Number  711
  - Solution Number  723
Front 1  has 24  members in it.
Front 2  has 13  members in it.
Front 3  has 5  members in it.
Front 4  has 6  members in it.
Front 5  has 6  members in it.
Front 6  has 6  members in it.
Front 7  has 4  members in it.
Front 8  has 3  members in it.
Front 9  has 3  members in it.
Front 10  has 1  members in it.


*******************************************************************************
                          2017-01-11 18:02:55.329133
