                          2017-01-11 18:02:37.443965
*******************************************************************************

     This output file records the optimization of a bin packing problem

     with  24  items to pack. The optimization is terminated after

      750  fitness function evaluations.


*******************************************************************************

     Method:  MOMA
     data:  TimeDependent/MOMA/Cookies24/Experiment04/Cookies24.txt
Generation  1 : 

Gen. Member  Solution ID     f[1] (B)    f[2] (W)        f[3] (s)
------------------------------------------------------------------
          0           30            4       25.14          5837.3
          1           35            6       14.51          5769.6
          2           16            6       15.65          5841.6
          3            9            4       21.77          6132.3
          4           23            7       14.90          5870.0
          5           46            6       16.16          5820.3
          6           50            4       18.63          5791.7
          7           51            7       13.34          6103.4
          8           52            5       18.95          6086.0
          9           53            4       25.79          5937.4
         10           54            4       25.07          5975.7
         11           55            4       26.93          6023.3
         12           56            5       20.68          6012.0
         13           57            4       24.28          6023.3
         14           58            4       26.48          5921.4
         15           59            4       20.35          5696.1
         16           60            5       23.60          5921.4
         17           61            4       26.28          5984.6
         18           62            4       23.55          5743.7
         19           63            5       20.75          5932.5
         20           64            4       23.29          5776.0
         21           65            4       25.80          5988.0
         22           66            4       24.84          5905.1
         23           67            4       23.28          5845.2
         24           68            6       16.06          6129.4
         25           69            4       21.73          5921.4
         26           70            5       20.12          5949.1
         27           71            7       11.56          5842.7
         28           72            5       19.92          5982.6
         29           73            4       18.64          5748.7
         30           74            5       18.82          5861.8
         31           75            4       24.10          5908.6
         32           76            4       24.29          5921.4
         33           77            7       13.95          5955.5
         34           78            5       20.82          5911.8
         35           79            4       24.76          5992.0
         36           80            7       13.17          6078.9
         37           81            5       21.08          5922.5
         38           82            4       28.50          5962.5
         39           83            5       18.67          5924.3
         40           84            4       20.99          5852.5
         41           85            6       11.87          5834.9
         42           86            4       23.87          5921.4
         43           87            6       15.87          5737.0
         44           88            6       15.43          5802.3
         45           89            7       14.00          5974.4
         46           90            5       22.04          6021.3
         47           91            4       24.39          5936.2
         48           92            5       19.52          6058.7
         49           93            5       19.36          5808.7

There are currently  9 solutions in the Pareto Set:
  - Solution Number  6
  - Solution Number  7
  - Solution Number  8
  - Solution Number  14
  - Solution Number  17
  - Solution Number  35
  - Solution Number  40
  - Solution Number  41
  - Solution Number  44
Front 1  has 10  members in it.
Front 2  has 7  members in it.
Front 3  has 8  members in it.
Front 4  has 6  members in it.
Front 5  has 4  members in it.
Front 6  has 4  members in it.
Front 7  has 2  members in it.


Generation  2 : 

Gen. Member  Solution ID     f[1] (B)    f[2] (W)        f[3] (s)
------------------------------------------------------------------
          0           94            4       22.54          6029.1
          1           95            4       25.09          5869.7
          2           96            4       24.11          6121.0
          3           97            4       24.46          5879.3
          4           98            6       16.24          6103.4
          5           99            4       23.57          6036.0
          6          100            5       19.47          6000.1
          7          101            6       12.73          5824.1
          8          102            4       25.29          6023.3
          9          103            6       15.62          5605.2
         10          104            4       22.36          5764.3
         11          105            4       22.36          5764.3
         12          106            6       16.88          6021.9
         13          107            4       23.95          6156.9
         14          108            4       24.66          5847.3
         15          109            5       19.08          5897.7
         16          110            7       12.41          5908.7
         17          111            4       22.88          6097.9
         18          112            4       24.34          6023.3
         19          113            5       19.92          5720.8
         20          114            4       25.19          5921.4
         21          115            4       20.41          5924.3
         22          116            4       23.09          5942.1
         23          117            6       16.58          6096.3
         24          118            4       23.70          6049.7
         25          119            5       22.04          6021.3
         26          120            5       19.58          5902.2
         27          121            4       24.15          6041.4
         28          122            4       23.93          5887.2
         29          123            4       18.15          5675.0
         30          124            4       23.32          6011.6
         31          125            4       21.90          5835.2
         32          126            5       21.63          6021.9
         33          127            4       24.56          6023.3
         34          128            4       25.45          5921.4
         35          129            5       18.61          5776.0
         36          130            4       19.48          5779.0
         37          131            4       29.40          5992.0
         38          132            4       21.54          5696.1
         39          133            4       19.20          5861.2
         40          134            4       25.12          5571.9
         41          135            4       23.69          5921.4
         42          136            6       14.68          5718.2
         43          137            4       22.44          5945.4
         44          138            5       18.87          5972.6
         45          139            5       18.74          5737.1
         46          140            6       16.43          5993.4
         47          141            4       25.48          6064.8
         48          142            4       18.99          5957.2
         49          143            5       19.26          6011.8

There are currently  8 solutions in the Pareto Set:
  - Solution Number  14
  - Solution Number  35
  - Solution Number  50
  - Solution Number  59
  - Solution Number  71
  - Solution Number  73
  - Solution Number  85
  - Solution Number  87
Front 1  has 12  members in it.
Front 2  has 8  members in it.
Front 3  has 13  members in it.
Front 4  has 11  members in it.
Front 5  has 11  members in it.
Front 6  has 11  members in it.
Front 7  has 8  members in it.
Front 8  has 5  members in it.
Front 9  has 3  members in it.
Front 10  has 3  members in it.
Front 11  has 1  members in it.


Generation  3 : 

Gen. Member  Solution ID     f[1] (B)    f[2] (W)        f[3] (s)
------------------------------------------------------------------
          0           80            7       13.17          6078.9
          1          123            4       18.15          5675.0
          2          144            7       10.23          5770.2
          3          145            5       15.86          5777.9
          4          146            6       16.52          5961.2
          5          147            4       25.03          5959.2
          6          148            5       15.20          5954.7
          7          149            6       15.65          5916.9
          8          150            4       20.62          5977.6
          9          151            4       22.38          5802.9
         10          152            5       18.60          5880.1
         11          153            3       33.44          6021.7
         12          154            4       18.78          5816.2
         13          155            4       18.63          5737.1
         14          156            4       23.98          6112.3
         15          157            6       15.45          5802.3
         16          158            6       16.40          6018.4
         17          159            5       21.10          5921.4
         18          160            4       24.28          5897.4
         19          161            4       22.59          5810.0
         20          162            6       14.38          5765.9
         21          163            3       27.58          5709.4
         22          164            4       28.38          5921.4
         23          165            6       13.11          5791.6
         24          166            4       21.94          5776.0
         25          167            4       22.67          5776.0
         26          168            4       22.00          5751.2
         27          169            5       20.46          6092.0
         28          170            6       16.05          6030.6
         29          171            6       15.21          5872.3
         30          172            5       15.24          5908.7
         31          173            4       25.17          6081.3
         32          174            6       15.73          5925.5
         33          175            5       20.04          5953.9
         34          176            5       20.74          5932.5
         35          177            5       16.00          5815.9
         36          178            4       24.49          6009.1
         37          179            6       15.10          6021.9
         38          180            5       14.88          6114.2
         39          181            5       16.13          5707.1
         40          182            4       22.92          6103.8
         41          183            4       18.89          5810.0
         42          184            5       18.47          5978.0
         43          185            6       12.35          5908.7
         44          186            5       19.40          6021.9
         45          187            6       12.01          5841.7
         46          188            4       21.76          5861.8
         47          189            4       26.11          5873.4
         48          190            6       14.17          6051.7
         49          191            4       23.34          5964.6

There are currently  9 solutions in the Pareto Set:
  - Solution Number  14
  - Solution Number  35
  - Solution Number  71
  - Solution Number  85
  - Solution Number  101
  - Solution Number  103
  - Solution Number  123
  - Solution Number  134
  - Solution Number  136
Front 1  has 10  members in it.
Front 2  has 9  members in it.
Front 3  has 15  members in it.
Front 4  has 9  members in it.
Front 5  has 12  members in it.
Front 6  has 13  members in it.
Front 7  has 9  members in it.
Front 8  has 4  members in it.
Front 9  has 5  members in it.
Front 10  has 2  members in it.
Front 11  has 2  members in it.
Front 12  has 1  members in it.


Generation  4 : 

Gen. Member  Solution ID     f[1] (B)    f[2] (W)        f[3] (s)
------------------------------------------------------------------
          0          162            6       14.38          5765.9
          1          179            6       15.10          6021.9
          2          185            6       12.35          5908.7
          3          144            7       10.23          5770.2
          4          136            6       14.68          5718.2
          5          123            4       18.15          5675.0
          6          101            6       12.73          5824.1
          7          101            6       12.73          5824.1
          8          113            5       19.92          5720.8
          9          192            4       22.58          5667.7
         10          193            5       17.27          5911.8
         11          194            5       20.33          5873.0
         12          195            6       12.21          5769.9
         13          196            4       24.31          5946.1
         14          197            4       21.90          5976.9
         15          198            4       19.32          5784.1
         16          199            4       19.32          5732.5
         17          200            4       23.80          6032.0
         18          201            4       24.55          5875.6
         19          202            4       22.85          5776.0
         20          203            4       19.48          5892.6
         21          204            5       14.23          5806.5
         22          205            4       26.23          6032.0
         23          206            4       24.04          5766.3
         24          207            5       18.97          5884.3
         25          208            5       19.77          5977.1
         26          209            4       22.66          5921.4
         27          210            4       27.34          5986.6
         28          211            4       18.89          5696.1
         29          212            4       24.96          6021.3
         30          213            5       14.46          5791.6
         31          214            4       23.98          6102.5
         32          215            6       16.53          5840.6
         33          216            5       19.31          5977.4
         34          217            4       24.75          5626.1
         35          218            6       15.68          6019.0
         36          219            3       30.74          6080.6
         37          220            5       19.18          5929.6
         38          221            4       19.55          6011.6
         39          222            4       22.99          5753.0
         40          223            7       14.21          6052.7
         41          224            6       16.16          5843.1
         42          225            4       22.50          5872.3
         43          226            5       20.04          5990.1
         44          227            4       19.16          5824.1
         45          228            4       23.62          5809.3
         46          229            4       24.12          5833.9
         47          230            5       21.90          5993.7
         48          231            5       17.84          5918.1
         49          232            4       17.78          6103.8

There are currently  16 solutions in the Pareto Set:
  - Solution Number  14
  - Solution Number  85
  - Solution Number  101
  - Solution Number  103
  - Solution Number  134
  - Solution Number  136
  - Solution Number  123
  - Solution Number  144
  - Solution Number  145
  - Solution Number  148
  - Solution Number  162
  - Solution Number  163
  - Solution Number  165
  - Solution Number  172
  - Solution Number  180
  - Solution Number  181
Front 1  has 10  members in it.
Front 2  has 11  members in it.
Front 3  has 13  members in it.
Front 4  has 12  members in it.
Front 5  has 13  members in it.
Front 6  has 8  members in it.
Front 7  has 4  members in it.
Front 8  has 6  members in it.
Front 9  has 4  members in it.
Front 10  has 1  members in it.


Generation  5 : 

Gen. Member  Solution ID     f[1] (B)    f[2] (W)        f[3] (s)
------------------------------------------------------------------
          0           85            6       11.87          5834.9
          1           14            4       23.74          5585.2
          2          233            4       22.75          5854.6
          3          234            5       17.03          6097.9
          4          235            4       22.18          5974.5
          5          236            5       20.64          5880.1
          6          237            4       23.66          6003.7
          7          238            4       26.18          5978.0
          8          239            4       23.92          5944.2
          9          240            4       24.72          6062.6
         10          241            4       22.62          5802.3
         11          242            5       19.16          5934.9
         12          243            4       24.33          5852.1
         13          244            4       24.78          5917.6
         14          245            6       12.79          5765.6
         15          246            6       14.94          5630.0
         16          247            4       23.83          5793.7
         17          248            4       19.12          5879.0
         18          249            5       18.59          6021.9
         19          250            5       16.59          5859.5
         20          251            6       16.55          5908.7
         21          252            5       20.42          5786.3
         22          253            5       19.33          5936.3
         23          254            4       25.25          5961.0
         24          255            4       21.27          5941.5
         25          256            4       16.44          5845.2
         26          257            4       24.80          5585.2
         27          258            7        9.71          5744.6
         28          259            5       15.03          5939.3
         29          260            5       18.00          6113.3
         30          261            4       25.94          5911.8
         31          262            4       24.16          5926.4
         32          263            4       18.69          5809.0
         33          264            4       21.51          5774.8
         34          265            4       25.44          5837.1
         35          266            4       20.80          5991.7
         36          267            4       21.73          6003.8
         37          268            5       22.52          5921.4
         38          269            3       32.67          6091.8
         39          270            5       13.77          5854.3
         40          271            4       19.48          5743.0
         41          272            4       24.26          5879.3
         42          273            5       14.66          6019.1
         43          274            4       24.19          5917.0
         44          275            6       13.99          5765.6
         45          276            6       13.27          5996.6
         46          277            4       24.38          6032.0
         47          278            6        9.40          5622.5
         48          279            5       18.47          6000.9
         49          280            4       20.84          5713.7

There are currently  16 solutions in the Pareto Set:
  - Solution Number  14
  - Solution Number  85
  - Solution Number  103
  - Solution Number  134
  - Solution Number  145
  - Solution Number  163
  - Solution Number  181
  - Solution Number  162
  - Solution Number  144
  - Solution Number  136
  - Solution Number  123
  - Solution Number  192
  - Solution Number  195
  - Solution Number  204
  - Solution Number  213
  - Solution Number  232
Front 1  has 16  members in it.
Front 2  has 13  members in it.
Front 3  has 12  members in it.
Front 4  has 11  members in it.
Front 5  has 6  members in it.
Front 6  has 7  members in it.
Front 7  has 3  members in it.
Front 8  has 4  members in it.
Front 9  has 2  members in it.
Front 10  has 1  members in it.


Generation  6 : 

Gen. Member  Solution ID     f[1] (B)    f[2] (W)        f[3] (s)
------------------------------------------------------------------
          0          172            5       15.24          5908.7
          1          199            4       19.32          5732.5
          2          155            4       18.63          5737.1
          3          258            7        9.71          5744.6
          4          134            4       25.12          5571.9
          5          270            5       13.77          5854.3
          6          256            4       16.44          5845.2
          7          101            6       12.73          5824.1
          8          256            4       16.44          5845.2
          9          281            4       19.17          6051.7
         10          282            5       19.42          6092.0
         11          283            5       18.38          6087.9
         12          284            4       25.56          6088.4
         13          285            3       27.15          5886.2
         14          286            4       23.98          6001.0
         15          287            4       20.24          5886.8
         16          288            4       23.62          6063.5
         17          289            5       16.72          5910.6
         18          290            4       24.23          5970.8
         19          291            5       18.33          6021.9
         20          292            5       19.33          6048.2
         21          293            4       23.32          5768.4
         22          294            4       20.16          5854.7
         23          295            4       20.19          5943.6
         24          296            4       23.68          5992.8
         25          297            4       21.42          5958.6
         26          298            5       16.55          5887.8
         27          299            4       20.53          5830.0
         28          300            6       15.61          5605.2
         29          301            4       25.57          5887.1
         30          302            4       25.68          5911.8
         31          303            4       23.06          5911.8
         32          304            4       20.09          5877.5
         33          305            5       21.79          6021.3
         34          306            4       17.64          5860.4
         35          307            5       19.50          5903.8
         36          308            5       15.99          6020.4
         37          309            5       18.90          5959.0
         38          310            4       22.66          6156.9
         39          311            7        9.86          5905.2
         40          312            5       15.88          5930.3
         41          313            5       18.21          5959.0
         42          314            6       15.84          5864.1
         43          315            4       24.93          6103.8
         44          316            4       25.21          5987.9
         45          317            4       22.40          5718.2
         46          318            7        9.95          5765.6
         47          319            4       23.17          5930.9
         48          320            4       19.77          5930.5
         49          321            3       32.90          6091.8

There are currently  13 solutions in the Pareto Set:
  - Solution Number  103
  - Solution Number  134
  - Solution Number  145
  - Solution Number  163
  - Solution Number  181
  - Solution Number  123
  - Solution Number  192
  - Solution Number  204
  - Solution Number  213
  - Solution Number  14
  - Solution Number  256
  - Solution Number  270
  - Solution Number  278
Front 1  has 18  members in it.
Front 2  has 16  members in it.
Front 3  has 10  members in it.
Front 4  has 7  members in it.
Front 5  has 14  members in it.
Front 6  has 9  members in it.
Front 7  has 5  members in it.
Front 8  has 3  members in it.
Front 9  has 2  members in it.
Front 10  has 1  members in it.


Generation  7 : 

Gen. Member  Solution ID     f[1] (B)    f[2] (W)        f[3] (s)
------------------------------------------------------------------
          0          273            5       14.66          6019.1
          1          101            6       12.73          5824.1
          2          195            6       12.21          5769.9
          3          257            4       24.80          5585.2
          4          311            7        9.86          5905.2
          5          180            5       14.88          6114.2
          6          192            4       22.58          5667.7
          7          278            6        9.40          5622.5
          8          192            4       22.58          5667.7
          9          172            5       15.24          5908.7
         10          172            5       15.24          5908.7
         11          145            5       15.86          5777.9
         12          322            4       25.00          6032.0
         13          323            5       21.12          6110.6
         14          324            4       18.82          5687.2
         15          325            4       23.30          5852.0
         16          326            4       21.22          5791.1
         17          327            3       25.96          6060.0
         18          328            4       23.67          5988.0
         19          329            6       17.19          6124.3
         20          330            4       24.46          5960.5
         21          331            4       20.15          5921.4
         22          332            4       20.22          5940.0
         23          333            5       19.42          6124.3
         24          334            5       19.33          5779.1
         25          335            5       20.72          6016.9
         26          336            5       17.71          6004.7
         27          337            5       15.91          5741.3
         28          338            5       18.89          5964.2
         29          339            4       20.40          5749.2
         30          340            4       18.94          5731.8
         31          341            4       22.01          5833.9
         32          342            4       21.85          5969.7
         33          343            4       18.72          5817.8
         34          344            4       24.16          6055.5
         35          345            5       15.88          5752.3
         36          346            7       13.11          6011.8
         37          347            5       13.71          5790.9
         38          348            4       24.08          5761.8
         39          349            4       24.50          6040.3
         40          350            4       17.83          5901.3
         41          351            4       24.19          6118.1
         42          352            5       18.21          5818.1
         43          353            7        9.94          5893.3
         44          354            4       22.23          6037.4
         45          355            4       24.41          6002.6
         46          356            4       21.90          5727.4
         47          357            4       20.82          5747.0
         48          358            4       23.04          5970.6
         49          359            5       15.18          5964.4

There are currently  14 solutions in the Pareto Set:
  - Solution Number  145
  - Solution Number  163
  - Solution Number  181
  - Solution Number  123
  - Solution Number  192
  - Solution Number  204
  - Solution Number  213
  - Solution Number  14
  - Solution Number  278
  - Solution Number  134
  - Solution Number  270
  - Solution Number  256
  - Solution Number  285
  - Solution Number  300
Front 1  has 19  members in it.
Front 2  has 20  members in it.
Front 3  has 7  members in it.
Front 4  has 9  members in it.
Front 5  has 5  members in it.
Front 6  has 5  members in it.
Front 7  has 5  members in it.
Front 8  has 3  members in it.
Front 9  has 2  members in it.
Front 10  has 2  members in it.


Generation  8 : 

Gen. Member  Solution ID     f[1] (B)    f[2] (W)        f[3] (s)
------------------------------------------------------------------
          0          311            7        9.86          5905.2
          1          192            4       22.58          5667.7
          2          337            5       15.91          5741.3
          3          103            6       15.62          5605.2
          4          204            5       14.23          5806.5
          5          269            3       32.67          6091.8
          6          217            4       24.75          5626.1
          7           14            4       23.74          5585.2
          8          246            6       14.94          5630.0
          9          300            6       15.61          5605.2
         10          345            5       15.88          5752.3
         11          103            6       15.62          5605.2
         12          360            4       20.06          5764.9
         13          361            4       21.15          6082.7
         14          362            4       25.54          5933.5
         15          363            5       16.22          5827.2
         16          364            4       20.77          6040.3
         17          365            4       24.35          5902.2
         18          366            3       27.52          6120.4
         19          367            4       24.60          5979.1
         20          368            5       17.33          5864.1
         21          369            4       22.21          5791.6
         22          370            4       22.63          5802.3
         23          371            4       19.47          5652.9
         24          372            4       26.66          6062.0
         25          373            6       13.07          5923.7
         26          374            3       31.33          5931.8
         27          375            5       13.84          5669.9
         28          376            6       16.36          5893.3
         29          377            4       23.30          5856.9
         30          378            5       20.06          6130.4
         31          379            3       30.99          6131.4
         32          380            5       13.83          5847.2
         33          381            4       23.18          6139.5
         34          382            4       25.04          6020.4
         35          383            3       23.53          6054.1
         36          384            5       16.45          5644.1
         37          385            4       21.22          5913.2
         38          386            4       23.06          5961.2
         39          387            4       22.11          5745.8
         40          388            5       16.62          6050.2
         41          389            4       25.73          5846.0
         42          390            4       23.38          5952.1
         43          391            4       15.13          5895.3
         44          392            6       15.43          5622.0
         45          393            4       21.24          5930.5
         46          394            6       11.52          5873.2
         47          395            5       14.98          5680.9
         48          396            3       27.78          6100.0
         49          397            4       20.05          5713.7

There are currently  15 solutions in the Pareto Set:
  - Solution Number  163
  - Solution Number  181
  - Solution Number  123
  - Solution Number  14
  - Solution Number  134
  - Solution Number  256
  - Solution Number  285
  - Solution Number  300
  - Solution Number  278
  - Solution Number  192
  - Solution Number  145
  - Solution Number  327
  - Solution Number  337
  - Solution Number  345
  - Solution Number  347
Front 1  has 18  members in it.
Front 2  has 18  members in it.
Front 3  has 12  members in it.
Front 4  has 8  members in it.
Front 5  has 4  members in it.
Front 6  has 3  members in it.
Front 7  has 4  members in it.
Front 8  has 2  members in it.
Front 9  has 2  members in it.
Front 10  has 3  members in it.


Generation  9 : 

Gen. Member  Solution ID     f[1] (B)    f[2] (W)        f[3] (s)
------------------------------------------------------------------
          0          374            3       31.33          5931.8
          1          278            6        9.40          5622.5
          2          383            3       23.53          6054.1
          3          123            4       18.15          5675.0
          4          311            7        9.86          5905.2
          5          245            6       12.79          5765.6
          6          324            4       18.82          5687.2
          7          394            6       11.52          5873.2
          8          136            6       14.68          5718.2
          9          395            5       14.98          5680.9
         10          394            6       11.52          5873.2
         11          347            5       13.71          5790.9
         12          392            6       15.43          5622.0
         13          398            5       16.71          5854.7
         14          399            4       25.73          5982.6
         15          400            4       22.39          5834.7
         16          401            4       19.51          5826.7
         17          402            3       26.02          6021.7
         18          403            4       21.76          5829.3
         19          404            5       15.83          5865.6
         20          405            4       19.80          5766.0
         21          406            4       24.23          5953.6
         22          407            3       27.84          5833.7
         23          408            4       18.16          6044.1
         24          409            4       21.50          5890.5
         25          410            5       19.33          5943.6
         26          411            4       25.61          5982.8
         27          412            6       14.42          5830.2
         28          413            4       24.79          5793.4
         29          414            4       21.70          6040.3
         30          415            6        8.80          5814.8
         31          416            4       21.66          6003.8
         32          417            5       18.49          5911.8
         33          418            5       19.64          5760.8
         34          419            4       22.83          6147.8
         35          420            4       27.17          6003.8
         36          421            6       14.08          5873.2
         37          422            4       20.83          6002.1
         38          423            4       25.87          5911.8
         39          424            4       20.12          5925.5
         40          425            4       20.96          6002.6
         41          426            5       19.58          5955.5
         42          427            5       15.95          5686.7
         43          428            4       24.41          5841.9
         44          429            4       22.99          5811.5
         45          430            4       20.92          5920.8
         46          431            5       18.98          5787.5
         47          432            4       22.00          5762.6
         48          433            4       24.76          5849.1
         49          434            4       19.05          5795.9

There are currently  15 solutions in the Pareto Set:
  - Solution Number  163
  - Solution Number  123
  - Solution Number  134
  - Solution Number  256
  - Solution Number  285
  - Solution Number  278
  - Solution Number  347
  - Solution Number  14
  - Solution Number  300
  - Solution Number  371
  - Solution Number  375
  - Solution Number  383
  - Solution Number  384
  - Solution Number  391
  - Solution Number  392
Front 1  has 21  members in it.
Front 2  has 22  members in it.
Front 3  has 8  members in it.
Front 4  has 3  members in it.
Front 5  has 6  members in it.
Front 6  has 4  members in it.
Front 7  has 3  members in it.
Front 8  has 3  members in it.
Front 9  has 2  members in it.
Front 10  has 1  members in it.
Front 11  has 1  members in it.


Generation  10 : 

Gen. Member  Solution ID     f[1] (B)    f[2] (W)        f[3] (s)
------------------------------------------------------------------
          0          256            4       16.44          5845.2
          1          192            4       22.58          5667.7
          2          391            4       15.13          5895.3
          3          300            6       15.61          5605.2
          4          383            3       23.53          6054.1
          5          123            4       18.15          5675.0
          6          327            3       25.96          6060.0
          7          123            4       18.15          5675.0
          8           85            6       11.87          5834.9
          9          270            5       13.77          5854.3
         10          402            3       26.02          6021.7
         11          435            4       25.00          6032.4
         12          436            4       27.80          6003.8
         13          437            5       19.09          6021.9
         14          438            5       19.31          6008.4
         15          439            4       21.18          5823.5
         16          440            4       21.44          5689.9
         17          441            3       23.25          5767.6
         18          442            4       19.61          5993.7
         19          443            3       26.17          6078.4
         20          444            5       13.84          5767.8
         21          445            4       20.39          6113.3
         22          446            4       17.58          5787.1
         23          447            4       18.39          5939.9
         24          448            5       19.20          6019.7
         25          449            4       21.78          5911.8
         26          450            4       20.45          5707.8
         27          451            4       21.41          5888.0
         28          452            4       16.59          5761.3
         29          453            4       23.45          5952.6
         30          454            4       23.77          5890.0
         31          455            4       18.35          5713.7
         32          456            4       18.35          6129.4
         33          457            6        9.01          5727.7
         34          458            4       24.61          5862.1
         35          459            3       24.40          6032.6
         36          460            4       26.62          5936.5
         37          461            4       26.74          5786.3
         38          462            4       20.05          5999.8
         39          463            4       22.29          6092.3
         40          464            4       23.28          5669.9
         41          465            4       24.81          5751.2
         42          466            4       23.07          5898.3
         43          467            4       21.05          5951.1
         44          468            4       22.71          5978.0
         45          469            5       19.59          5847.6
         46          470            5       16.72          5829.8
         47          471            4       20.40          5814.8
         48          472            5       12.87          5592.7
         49          473            5       14.09          5752.3

There are currently  17 solutions in the Pareto Set:
  - Solution Number  163
  - Solution Number  415
  - Solution Number  134
  - Solution Number  383
  - Solution Number  347
  - Solution Number  402
  - Solution Number  123
  - Solution Number  300
  - Solution Number  375
  - Solution Number  391
  - Solution Number  371
  - Solution Number  278
  - Solution Number  256
  - Solution Number  285
  - Solution Number  384
  - Solution Number  14
  - Solution Number  392
Front 1  has 21  members in it.
Front 2  has 18  members in it.
Front 3  has 8  members in it.
Front 4  has 4  members in it.
Front 5  has 5  members in it.
Front 6  has 3  members in it.
Front 7  has 3  members in it.
Front 8  has 2  members in it.
Front 9  has 4  members in it.
Front 10  has 2  members in it.


Generation  11 : 

Gen. Member  Solution ID     f[1] (B)    f[2] (W)        f[3] (s)
------------------------------------------------------------------
          0           14            4       23.74          5585.2
          1          502            7       13.05          5622.0
          2          495            3       27.78          5850.2
          3          371            4       19.47          5652.9
          4          522            8        8.40          5631.5
          5          522            8        8.40          5631.5
          6          522            8        8.40          5631.5
          7          258            7        9.71          5744.6
          8          537            6       10.93          5731.9
          9          487            5       15.94          5217.9
         10          545            5       16.89          5904.2
         11          546            4       23.92          5873.3
         12          547            4       21.99          5953.9
         13          548            4       20.20          6025.4
         14          549            4       21.04          5959.2
         15          550            4       24.95          6033.0
         16          551            4       21.28          5821.0
         17          552            5       19.08          6038.9
         18          553            4       18.68          6086.5
         19          554            4       23.01          5829.5
         20          555            4       18.10          5801.8
         21          556            5       20.71          6004.9
         22          557            4       15.13          5893.5
         23          558            4       18.98          6082.7
         24          559            5       17.71          5983.3
         25          560            5       15.95          5774.8
         26          561            5       19.90          6094.0
         27          562            3       23.32          5785.8
         28          563            5       16.71          5886.7
         29          564            4       20.01          5801.8
         30          565            3       26.37          5784.9
         31          566            4       18.51          5930.5
         32          567            4       23.01          5752.9
         33          568            3       23.39          6085.6
         34          569            4       23.01          6106.7
         35          570            4       17.91          5796.8
         36          571            4       22.54          5840.5
         37          572            4       24.48          6023.3
         38          573            5       12.75          5934.6
         39          574            3       31.33          6044.5
         40          575            4       21.05          5930.2
         41          576            4       24.63          6048.9
         42          577            4       12.53          6027.4
         43          578            5       18.97          5976.1
         44          579            5       17.58          6120.4
         45          580            5       14.35          6016.6
         46          581            4       18.17          5895.9
         47          582            4       21.99          5895.0
         48          583            4       16.44          5994.5
         49          584            3       22.10          5863.5

There are currently  14 solutions in the Pareto Set:
  - Solution Number  163
  - Solution Number  278
  - Solution Number  415
  - Solution Number  441
  - Solution Number  457
  - Solution Number  472
  - Solution Number  483
  - Solution Number  485
  - Solution Number  488
  - Solution Number  489
  - Solution Number  491
  - Solution Number  518
  - Solution Number  541
  - Solution Number  543
Front 1  has 25  members in it.
Front 2  has 30  members in it.
Front 3  has 16  members in it.
Front 4  has 21  members in it.
Front 5  has 11  members in it.
Front 6  has 12  members in it.
Front 7  has 9  members in it.
Front 8  has 6  members in it.
Front 9  has 4  members in it.
Front 10  has 7  members in it.
Front 11  has 3  members in it.
Front 12  has 1  members in it.
Front 13  has 1  members in it.


Generation  12 : 

Gen. Member  Solution ID     f[1] (B)    f[2] (W)        f[3] (s)
------------------------------------------------------------------
          0          375            5       13.84          5669.9
          1          543            6       14.14          5536.7
          2          375            5       13.84          5669.9
          3          577            4       12.53          6027.4
          4          585            3       27.16          5828.3
          5          586            4       15.39          5895.3
          6          587            4       18.31          5608.3
          7          588            4       20.58          5958.6
          8          589            4       17.26          5930.5
          9          590            4       18.55          5726.2
         10          591            5       17.27          6036.6
         11          592            5       17.75          5989.0
         12          593            4       19.70          5692.5
         13          594            3       30.49          6071.5
         14          595            4       22.38          5888.0
         15          596            5       13.57          5782.7
         16          597            3       27.20          6032.4
         17          598            4       17.13          5781.7
         18          599            3       25.65          6050.4
         19          600            4       16.42          5549.6
         20          601            4       18.76          5986.7
         21          602            4       20.32          5996.5
         22          603            5       17.35          5886.2
         23          604            4       21.36          5804.7
         24          605            4       14.92          6001.7
         25          606            4       21.92          5869.4
         26          607            4       20.04          6003.8
         27          608            4       19.74          5843.9
         28          609            4       24.17          5998.0
         29          610            3       26.70          5959.4
         30          611            4       24.26          5925.7
         31          612            4       26.45          5899.7
         32          613            5       17.57          6018.6
         33          614            4       26.35          6021.3
         34          615            4       14.94          5891.8
         35          616            4       22.08          5699.0
         36          617            4       24.22          6032.0
         37          618            5       20.26          5921.4
         38          619            4       18.12          5994.8
         39          620            4       20.27          5644.9
         40          621            4       17.83          5979.6
         41          622            4       23.01          5745.3
         42          623            3       19.69          6072.4
         43          624            3       21.51          6100.0
         44          625            3       28.50          5899.7
         45          626            4       15.35          5952.0
         46          627            3       22.89          6059.7
         47          628            5       18.02          6112.9
         48          629            3       23.12          5848.3
         49          630            3       20.40          5848.3

There are currently  17 solutions in the Pareto Set:
  - Solution Number  163
  - Solution Number  278
  - Solution Number  415
  - Solution Number  441
  - Solution Number  457
  - Solution Number  472
  - Solution Number  483
  - Solution Number  485
  - Solution Number  488
  - Solution Number  489
  - Solution Number  491
  - Solution Number  518
  - Solution Number  541
  - Solution Number  543
  - Solution Number  557
  - Solution Number  577
  - Solution Number  584
Front 1  has 21  members in it.
Front 2  has 18  members in it.
Front 3  has 6  members in it.
Front 4  has 4  members in it.
Front 5  has 4  members in it.
Front 6  has 3  members in it.
Front 7  has 9  members in it.
Front 8  has 4  members in it.
Front 9  has 2  members in it.
Front 10  has 2  members in it.


Generation  13 : 

Gen. Member  Solution ID     f[1] (B)    f[2] (W)        f[3] (s)
------------------------------------------------------------------
          0          562            3       23.32          5785.8
          1          539            6       14.06          5653.6
          2          488            4       14.84          5895.3
          3          163            3       27.58          5709.4
          4          489            4       16.42          5545.4
          5          577            4       12.53          6027.4
          6          485            5       14.47          5217.9
          7          483            4       15.46          5788.6
          8          629            3       23.12          5848.3
          9          631            4       18.33          5971.7
         10          632            5       15.05          5701.6
         11          633            4       18.04          5937.8
         12          634            4       20.80          6002.7
         13          635            5       17.47          5720.8
         14          636            4       22.03          5810.9
         15          637            5       13.55          6016.6
         16          638            5       18.37          5849.1
         17          639            4       17.04          5962.5
         18          640            4       19.25          5897.7
         19          641            5       16.78          5973.7
         20          642            4       24.20          6016.6
         21          643            4       18.93          5703.3
         22          644            4       15.07          6057.7
         23          645            4       20.93          5868.1
         24          646            5       17.49          5846.5
         25          647            4       23.78          6121.0
         26          648            4       19.60          6016.6
         27          649            4       13.15          5782.8
         28          650            4       16.45          5993.7
         29          651            3       25.74          6100.0
         30          652            3       23.55          5784.9
         31          653            5       13.04          5721.2
         32          654            4       17.54          6049.6
         33          655            5       16.26          5770.1
         34          656            3       21.83          6021.7
         35          657            5       18.81          5889.6
         36          658            3       29.01          6105.1
         37          659            4       16.15          5990.8
         38          660            4       21.76          6049.6
         39          661            3       22.61          6090.3
         40          662            4       24.96          5696.6
         41          663            4       18.66          5640.0
         42          664            5       16.41          5988.8
         43          665            4       23.12          5771.4
         44          666            4       15.13          5961.7
         45          667            4       25.13          5982.8
         46          668            3       23.40          5913.9
         47          669            4       15.40          5953.9
         48          670            3       26.16          6078.4
         49          671            5       14.76          5826.7

There are currently  18 solutions in the Pareto Set:
  - Solution Number  163
  - Solution Number  278
  - Solution Number  415
  - Solution Number  441
  - Solution Number  457
  - Solution Number  472
  - Solution Number  483
  - Solution Number  485
  - Solution Number  488
  - Solution Number  489
  - Solution Number  491
  - Solution Number  518
  - Solution Number  541
  - Solution Number  543
  - Solution Number  577
  - Solution Number  615
  - Solution Number  623
  - Solution Number  630
Front 1  has 19  members in it.
Front 2  has 20  members in it.
Front 3  has 10  members in it.
Front 4  has 6  members in it.
Front 5  has 8  members in it.
Front 6  has 7  members in it.
Front 7  has 3  members in it.
Front 8  has 3  members in it.
Front 9  has 2  members in it.


Generation  14 : 

Gen. Member  Solution ID     f[1] (B)    f[2] (W)        f[3] (s)
------------------------------------------------------------------
          0          491            5       12.42          5895.3
          1          541            6       14.21          5368.8
          2          457            6        9.01          5727.7
          3          672            5       20.25          6083.3
          4          673            4       25.08          6040.3
          5          674            3       24.15          5823.9
          6          675            4       15.08          5936.3
          7          676            5       14.12          6009.4
          8          677            4       18.86          5745.4
          9          678            3       26.31          6030.9
         10          679            5       16.13          5767.4
         11          680            4       19.21          5875.7
         12          681            4       19.32          6097.5
         13          682            6       13.00          5748.5
         14          683            5       17.21          5831.6
         15          684            4       14.59          6021.7
         16          685            4       15.47          5835.7
         17          686            5       18.34          6036.6
         18          687            4       22.55          5873.2
         19          688            4       18.05          5957.6
         20          689            3       28.38          5766.2
         21          690            4       22.09          6033.3
         22          691            4       15.23          5798.9
         23          692            4       18.68          5953.9
         24          693            4       18.40          5770.5
         25          694            4       20.26          5873.2
         26          695            4       22.10          5991.8
         27          696            5       16.01          5989.0
         28          697            6       14.62          5567.3
         29          698            3       25.84          6028.6
         30          699            3       18.41          6137.5
         31          700            5       13.39          5825.2
         32          701            4       22.47          5834.4
         33          702            4       20.49          5953.9
         34          703            4       20.20          6025.4
         35          704            3       28.59          6078.7
         36          705            5       14.65          5806.5
         37          706            4       16.20          5895.5
         38          707            4       16.90          5777.3
         39          708            4       24.21          5982.8
         40          709            4       16.41          5761.6
         41          710            4       16.94          5729.1
         42          711            4       19.06          5969.2
         43          712            4       18.46          6025.4
         44          713            4       18.68          5953.9
         45          714            4       22.79          6048.0
         46          715            5       18.39          6016.6
         47          716            4       14.86          5930.9
         48          717            3       27.29          6103.4
         49          718            4       18.65          5644.9

There are currently  16 solutions in the Pareto Set:
  - Solution Number  278
  - Solution Number  415
  - Solution Number  441
  - Solution Number  457
  - Solution Number  472
  - Solution Number  491
  - Solution Number  518
  - Solution Number  541
  - Solution Number  543
  - Solution Number  623
  - Solution Number  630
  - Solution Number  163
  - Solution Number  489
  - Solution Number  577
  - Solution Number  485
  - Solution Number  649
Front 1  has 21  members in it.
Front 2  has 16  members in it.
Front 3  has 11  members in it.
Front 4  has 7  members in it.
Front 5  has 9  members in it.
Front 6  has 3  members in it.
Front 7  has 5  members in it.
Front 8  has 2  members in it.
Front 9  has 1  members in it.


Generation  15 : 

Gen. Member  Solution ID     f[1] (B)    f[2] (W)        f[3] (s)
------------------------------------------------------------------
          0          689            3       28.38          5766.2
          1          577            4       12.53          6027.4
          2          699            3       18.41          6137.5
          3          543            6       14.14          5536.7
          4          489            4       16.42          5545.4
          5          457            6        9.01          5727.7
          6          719            4       16.20          5895.3
          7          720            3       26.17          6078.4
          8          721            5       15.66          5973.2
          9          722            4       24.61          5845.2
         10          723            4       24.88          6021.3
         11          724            4       23.12          5921.5
         12          725            4       21.40          5948.9
         13          726            5       19.46          5890.1
         14          727            5       18.58          6078.5
         15          728            3       20.49          5992.3
         16          729            3       22.02          5837.4
         17          730            4       22.36          5985.0
         18          731            4       24.62          6040.3
         19          732            5       16.12          5999.2
         20          733            3       24.69          5741.6
         21          734            5       18.03          5796.3
         22          735            4       22.93          6114.2
         23          736            5       16.40          5801.8
         24          737            3       22.41          5848.3
         25          738            4       16.05          6064.8
         26          739            3       22.70          6034.5
         27          740            4       14.20          5896.8
         28          741            4       16.68          5834.3
         29          742            3       25.80          6064.8
         30          743            4       15.29          6100.0
         31          744            4       21.86          6008.3
         32          745            4       17.54          5530.2
         33          746            4       15.40          5953.9
         34          747            4       24.80          6040.3
         35          748            5       16.27          5958.2
         36          749            3       20.97          5827.9
         37          750            4       18.74          6019.4
         38          751            4       15.77          6021.9
         39          752            5       16.46          6013.2
         40          753            4       13.39          5740.8
         41          754            4       14.69          5782.8
         42          755            3       20.49          6121.0
         43          756            3       23.11          5831.4
         44          757            4       24.99          5938.0
         45          758            3       21.88          5963.3
         46          759            5       18.24          5989.0
         47          760            5       17.31          6048.0
         48          761            3       21.52          5828.1
         49          762            4       16.87          6048.9

There are currently  18 solutions in the Pareto Set:
  - Solution Number  278
  - Solution Number  415
  - Solution Number  441
  - Solution Number  472
  - Solution Number  518
  - Solution Number  543
  - Solution Number  623
  - Solution Number  630
  - Solution Number  163
  - Solution Number  489
  - Solution Number  577
  - Solution Number  485
  - Solution Number  649
  - Solution Number  491
  - Solution Number  541
  - Solution Number  457
  - Solution Number  699
  - Solution Number  709
Front 1  has 24  members in it.
Front 2  has 20  members in it.
Front 3  has 9  members in it.
Front 4  has 7  members in it.
Front 5  has 9  members in it.
Front 6  has 4  members in it.
Front 7  has 4  members in it.
Front 8  has 2  members in it.


*******************************************************************************
                          2017-01-11 18:02:41.670810
