                          2017-01-06 18:50:49.177644
*******************************************************************************

     This output file records the optimization of a bin packing problem

     with  24  items to pack. The optimization is terminated after

      750  fitness function evaluations.


*******************************************************************************

     Method:  MOMA
     data:  TimeDependent/MOMA/Cookies24/Experiment03/Cookies24.txt
Generation  1 : 

Gen. Member  Solution ID     f[1] (B)    f[2] (W)        f[3] (s)
------------------------------------------------------------------
          0           33            7       11.54          5752.4
          1            2            5       22.90          5992.0
          2           11            5       16.50          6022.9
          3            7            6       15.79          5834.6
          4           37            4       23.57          5967.1
          5           11            5       16.50          6022.9
          6           10            4       24.10          6129.4
          7           22            6       13.04          5875.4
          8           50            4       25.71          6066.0
          9           51            5       23.67          5921.4
         10           52            4       23.62          5980.9
         11           53            4       24.37          6090.3
         12           54            5       22.53          5921.4
         13           55            4       23.37          6018.5
         14           56            4       24.08          5986.7
         15           57            6       17.42          5957.1
         16           58            6       17.16          6069.2
         17           59            5       20.98          6121.0
         18           60            4       22.58          5921.4
         19           61            4       22.91          6064.0
         20           62            4       25.56          5995.1
         21           63            5       18.33          5696.6
         22           64            6       12.36          5769.0
         23           65            4       26.62          6023.3
         24           66            6       17.92          6088.3
         25           67            5       20.14          5920.4
         26           68            5       19.18          5962.1
         27           69            5       20.18          5976.7
         28           70            5       19.87          6010.0
         29           71            4       28.44          5921.4
         30           72            6       10.51          5727.1
         31           73            5       23.64          5921.4
         32           74            6       16.04          6157.8
         33           75            6       13.10          5921.5
         34           76            4       28.98          5921.4
         35           77            4       30.46          5921.4
         36           78            5       22.05          5921.4
         37           79            5       19.99          6121.0
         38           80            4       19.58          6013.2
         39           81            6       17.44          5946.2
         40           82            4       28.24          5921.4
         41           83            4       23.50          5820.1
         42           84            5       22.42          5921.4
         43           85            3       34.61          6058.3
         44           86            6       17.39          6088.3
         45           87            4       23.17          6063.9
         46           88            5       23.15          6131.4
         47           89            4       23.88          5988.0
         48           90            4       24.00          5930.5
         49           91            7       15.81          5905.0

There are currently  6 solutions in the Pareto Set:
  - Solution Number  6
  - Solution Number  11
  - Solution Number  24
  - Solution Number  26
  - Solution Number  33
  - Solution Number  34
Front 1  has 8  members in it.
Front 2  has 11  members in it.
Front 3  has 7  members in it.
Front 4  has 10  members in it.
Front 5  has 5  members in it.
Front 6  has 3  members in it.


Generation  2 : 

Gen. Member  Solution ID     f[1] (B)    f[2] (W)        f[3] (s)
------------------------------------------------------------------
          0           83            4       23.50          5820.1
          1           42            5       21.73          5921.4
          2           68            5       19.18          5962.1
          3           71            4       28.44          5921.4
          4           24            5       19.22          5638.4
          5           78            5       22.05          5921.4
          6            3            4       23.71          5862.3
          7           11            5       16.50          6022.9
          8           92            4       27.02          5988.0
          9           93            4       24.00          6119.7
         10           94            4       23.29          5897.7
         11           95            4       22.84          5959.7
         12           96            4       22.51          6109.1
         13           97            4       23.93          5988.8
         14           98            4       24.73          6156.9
         15           99            4       20.08          5763.3
         16          100            4       22.62          6081.3
         17          101            4       24.85          5921.4
         18          102            4       27.87          6021.3
         19          103            5       15.17          5810.7
         20          104            5       21.34          5865.3
         21          105            5       15.67          5727.1
         22          106            4       23.75          5750.5
         23          107            4       23.15          6008.6
         24          108            4       19.42          5825.6
         25          109            4       24.40          5921.4
         26          110            4       24.50          6090.3
         27          111            4       24.24          5988.2
         28          112            3       34.47          6052.4
         29          113            4       24.85          6084.7
         30          114            4       26.08          6023.3
         31          115            5       17.27          5866.9
         32          116            4       25.94          5921.4
         33          117            4       16.51          5860.9
         34          118            3       29.29          5806.9
         35          119            4       20.14          5727.1
         36          120            4       24.27          5934.3
         37          121            4       29.00          6049.6
         38          122            4       24.34          6094.0
         39          123            4       20.33          5727.1
         40          124            4       24.16          5921.4
         41          125            4       25.52          6101.7
         42          126            6       13.83          5750.2
         43          127            4       25.33          5736.5
         44          128            3       34.31          6078.4
         45          129            4       24.82          5965.5
         46          130            5       19.38          6068.2
         47          131            4       22.84          5844.1
         48          132            4       25.95          5937.4
         49          133            4       23.34          5856.7

There are currently  9 solutions in the Pareto Set:
  - Solution Number  6
  - Solution Number  24
  - Solution Number  11
  - Solution Number  60
  - Solution Number  63
  - Solution Number  72
  - Solution Number  80
  - Solution Number  83
  - Solution Number  85
Front 1  has 11  members in it.
Front 2  has 7  members in it.
Front 3  has 11  members in it.
Front 4  has 12  members in it.
Front 5  has 13  members in it.
Front 6  has 12  members in it.
Front 7  has 5  members in it.
Front 8  has 5  members in it.
Front 9  has 5  members in it.
Front 10  has 2  members in it.
Front 11  has 1  members in it.


Generation  3 : 

Gen. Member  Solution ID     f[1] (B)    f[2] (W)        f[3] (s)
------------------------------------------------------------------
          0          104            5       21.34          5865.3
          1           72            6       10.51          5727.1
          2            6            4       23.54          5720.8
          3          128            3       34.31          6078.4
          4          123            4       20.33          5727.1
          5          123            4       20.33          5727.1
          6          134            4       25.22          5998.1
          7          135            4       21.36          5825.9
          8          136            4       24.46          5903.7
          9          137            4       23.76          5815.4
         10          138            4       23.14          5739.1
         11          139            4       23.88          6054.1
         12          140            5       16.47          5843.1
         13          141            5       19.55          5983.9
         14          142            4       20.54          6042.7
         15          143            4       17.45          5785.3
         16          144            4       21.01          5809.3
         17          145            4       23.88          5696.6
         18          146            3       34.10          6069.2
         19          147            4       23.11          5974.2
         20          148            4       22.62          6092.0
         21          149            3       30.65          5800.0
         22          150            4       21.08          5727.1
         23          151            4       20.28          6004.5
         24          152            6       13.96          5788.1
         25          153            4       21.25          5752.4
         26          154            4       24.36          6054.1
         27          155            7       13.83          5959.8
         28          156            4       23.04          6023.5
         29          157            4       23.36          6088.4
         30          158            5       19.70          6039.8
         31          159            4       24.90          6061.5
         32          160            4       24.16          5983.3
         33          161            5       16.89          6030.0
         34          162            4       23.09          6033.0
         35          163            5       16.95          5826.2
         36          164            4       19.99          5799.6
         37          165            3       29.20          6085.6
         38          166            5       16.37          5641.8
         39          167            4       24.49          5993.7
         40          168            4       25.98          6076.1
         41          169            5       15.92          5764.8
         42          170            3       31.57          5975.9
         43          171            4       21.89          6033.0
         44          172            4       23.74          5932.4
         45          173            5       21.70          6118.1
         46          174            4       18.95          5799.6
         47          175            6       16.20          5874.4
         48          176            5       14.89          5810.7
         49          177            3       29.66          6048.5

There are currently  11 solutions in the Pareto Set:
  - Solution Number  6
  - Solution Number  63
  - Solution Number  72
  - Solution Number  24
  - Solution Number  99
  - Solution Number  103
  - Solution Number  105
  - Solution Number  108
  - Solution Number  117
  - Solution Number  118
  - Solution Number  119
Front 1  has 8  members in it.
Front 2  has 12  members in it.
Front 3  has 11  members in it.
Front 4  has 12  members in it.
Front 5  has 10  members in it.
Front 6  has 4  members in it.
Front 7  has 4  members in it.
Front 8  has 5  members in it.
Front 9  has 6  members in it.
Front 10  has 4  members in it.
Front 11  has 4  members in it.
Front 12  has 1  members in it.
Front 13  has 1  members in it.


Generation  4 : 

Gen. Member  Solution ID     f[1] (B)    f[2] (W)        f[3] (s)
------------------------------------------------------------------
          0          151            4       20.28          6004.5
          1          163            5       16.95          5826.2
          2          105            5       15.67          5727.1
          3          127            4       25.33          5736.5
          4          105            5       15.67          5727.1
          5          149            3       30.65          5800.0
          6          149            3       30.65          5800.0
          7          178            4       25.35          5993.7
          8          179            4       22.45          5991.5
          9          180            4       18.67          5755.2
         10          181            4       23.08          5967.3
         11          182            3       26.76          5905.3
         12          183            4       25.15          6091.8
         13          184            4       20.25          5948.2
         14          185            4       23.01          5841.0
         15          186            4       21.87          5760.3
         16          187            4       19.42          5770.2
         17          188            4       22.04          6046.1
         18          189            4       21.81          5981.4
         19          190            4       21.18          5928.6
         20          191            4       21.52          5955.6
         21          192            3       31.03          5975.9
         22          193            4       20.33          5789.5
         23          194            3       30.53          5835.9
         24          195            4       18.55          5932.9
         25          196            4       19.90          5869.3
         26          197            4       22.03          6081.3
         27          198            5       16.18          6012.4
         28          199            4       21.88          5965.5
         29          200            4       26.23          5853.2
         30          201            4       25.26          5907.5
         31          202            4       21.44          6092.8
         32          203            4       17.91          5923.0
         33          204            4       24.35          6033.0
         34          205            3       30.98          5932.5
         35          206            4       21.97          5727.1
         36          207            4       18.00          5726.6
         37          208            4       21.93          5898.2
         38          209            6       17.21          6049.4
         39          210            4       25.85          6023.3
         40          211            4       17.74          5912.7
         41          212            4       25.83          5988.0
         42          213            4       23.67          6074.8
         43          214            4       21.48          6012.3
         44          215            4       21.48          6012.3
         45          216            4       19.97          5988.4
         46          217            3       32.34          6156.9
         47          218            4       23.59          5921.4
         48          219            3       29.07          5970.9
         49          220            4       19.50          5840.0

There are currently  14 solutions in the Pareto Set:
  - Solution Number  24
  - Solution Number  99
  - Solution Number  105
  - Solution Number  117
  - Solution Number  118
  - Solution Number  119
  - Solution Number  72
  - Solution Number  6
  - Solution Number  143
  - Solution Number  145
  - Solution Number  149
  - Solution Number  165
  - Solution Number  166
  - Solution Number  176
Front 1  has 9  members in it.
Front 2  has 9  members in it.
Front 3  has 12  members in it.
Front 4  has 13  members in it.
Front 5  has 10  members in it.
Front 6  has 11  members in it.
Front 7  has 5  members in it.
Front 8  has 3  members in it.
Front 9  has 3  members in it.
Front 10  has 2  members in it.
Front 11  has 2  members in it.
Front 12  has 1  members in it.


Generation  5 : 

Gen. Member  Solution ID     f[1] (B)    f[2] (W)        f[3] (s)
------------------------------------------------------------------
          0          105            5       15.67          5727.1
          1           99            4       20.08          5763.3
          2          221            6       18.57          5985.7
          3          222            4       15.56          5601.0
          4          223            4       29.58          5921.4
          5          224            5       18.33          5864.1
          6          225            3       29.74          6092.8
          7          226            4       20.68          6087.7
          8          227            5       20.39          5885.5
          9          228            4       18.31          5675.9
         10          229            4       25.79          5881.6
         11          230            4       29.62          5921.4
         12          231            3       24.62          6060.0
         13          232            4       20.82          5879.2
         14          233            4       19.41          5873.6
         15          234            6       12.31          6011.6
         16          235            4       19.54          5890.0
         17          236            4       20.39          5981.2
         18          237            4       21.23          5967.3
         19          238            5       20.59          6039.4
         20          239            4       18.79          5625.0
         21          240            4       21.91          5873.6
         22          241            4       23.08          5921.4
         23          242            4       25.03          6074.8
         24          243            5       17.46          5900.4
         25          244            4       21.82          5924.0
         26          245            4       18.99          5651.3
         27          246            4       25.73          6060.3
         28          247            5       15.96          5727.1
         29          248            5       20.90          5853.2
         30          249            4       15.82          5924.0
         31          250            3       25.62          6057.7
         32          251            4       17.26          5783.2
         33          252            4       24.20          5951.1
         34          253            4       25.91          6146.6
         35          254            4       23.24          6058.5
         36          255            4       22.52          5979.2
         37          256            3       31.01          6119.7
         38          257            4       17.90          5868.6
         39          258            5       19.07          5975.9
         40          259            6       11.41          5877.3
         41          260            5       18.83          5981.1
         42          261            4       22.22          5928.7
         43          262            3       33.21          5998.4
         44          263            4       17.66          5881.2
         45          264            4       23.50          5921.4
         46          265            4       25.01          6035.4
         47          266            4       17.19          5765.1
         48          267            4       24.53          6005.8
         49          268            4       15.71          5918.8

There are currently  13 solutions in the Pareto Set:
  - Solution Number  24
  - Solution Number  117
  - Solution Number  118
  - Solution Number  72
  - Solution Number  6
  - Solution Number  143
  - Solution Number  145
  - Solution Number  166
  - Solution Number  176
  - Solution Number  105
  - Solution Number  149
  - Solution Number  182
  - Solution Number  207
Front 1  has 10  members in it.
Front 2  has 13  members in it.
Front 3  has 10  members in it.
Front 4  has 8  members in it.
Front 5  has 11  members in it.
Front 6  has 9  members in it.
Front 7  has 6  members in it.
Front 8  has 5  members in it.
Front 9  has 4  members in it.
Front 10  has 4  members in it.
Front 11  has 2  members in it.


Generation  6 : 

Gen. Member  Solution ID     f[1] (B)    f[2] (W)        f[3] (s)
------------------------------------------------------------------
          0            6            4       23.54          5720.8
          1          169            5       15.92          5764.8
          2          250            3       25.62          6057.7
          3          219            3       29.07          5970.9
          4          117            4       16.51          5860.9
          5          103            5       15.17          5810.7
          6          192            3       31.03          5975.9
          7          234            6       12.31          6011.6
          8          269            4       20.96          5806.4
          9          270            4       24.27          5946.9
         10          271            3       25.29          6148.5
         11          272            4       20.01          6000.9
         12          273            4       26.01          6074.8
         13          274            6       17.33          6007.8
         14          275            4       25.92          6108.9
         15          276            5       17.31          5985.6
         16          277            4       25.01          5921.4
         17          278            4       26.84          5921.4
         18          279            3       25.69          5777.7
         19          280            4       23.07          5734.4
         20          281            4       23.75          6030.3
         21          282            6       10.18          5869.5
         22          283            3       24.06          6156.9
         23          284            3       29.11          5778.1
         24          285            4       22.17          5967.1
         25          286            5       17.24          5976.5
         26          287            4       18.10          5956.6
         27          288            4       21.55          6037.4
         28          289            4       23.11          6101.9
         29          290            5       17.29          5968.4
         30          291            4       21.13          5929.7
         31          292            3       28.20          5755.8
         32          293            3       27.04          5879.0
         33          294            4       28.28          5921.4
         34          295            4       20.77          5810.7
         35          296            4       23.64          5957.6
         36          297            3       26.33          5779.5
         37          298            4       19.64          5965.4
         38          299            4       24.17          6032.0
         39          300            4       23.90          6092.0
         40          301            5       19.86          5961.6
         41          302            4       24.64          5865.8
         42          303            3       26.75          5936.1
         43          304            4       19.99          5957.6
         44          305            4       18.50          5878.0
         45          306            4       19.34          6048.0
         46          307            6       13.40          5699.8
         47          308            3       30.28          5856.7
         48          309            5       16.24          5683.7
         49          310            3       29.28          6068.2

There are currently  8 solutions in the Pareto Set:
  - Solution Number  118
  - Solution Number  72
  - Solution Number  176
  - Solution Number  149
  - Solution Number  182
  - Solution Number  222
  - Solution Number  231
  - Solution Number  250
Front 1  has 14  members in it.
Front 2  has 14  members in it.
Front 3  has 13  members in it.
Front 4  has 11  members in it.
Front 5  has 8  members in it.
Front 6  has 7  members in it.
Front 7  has 4  members in it.
Front 8  has 7  members in it.
Front 9  has 5  members in it.
Front 10  has 3  members in it.
Front 11  has 1  members in it.
Front 12  has 2  members in it.
Front 13  has 1  members in it.


Generation  7 : 

Gen. Member  Solution ID     f[1] (B)    f[2] (W)        f[3] (s)
------------------------------------------------------------------
          0          222            4       15.56          5601.0
          1          259            6       11.41          5877.3
          2          297            3       26.33          5779.5
          3          231            3       24.62          6060.0
          4          284            3       29.11          5778.1
          5          297            3       26.33          5779.5
          6          245            4       18.99          5651.3
          7          259            6       11.41          5877.3
          8          117            4       16.51          5860.9
          9          297            3       26.33          5779.5
         10          282            6       10.18          5869.5
         11          311            4       22.07          5972.8
         12          312            5       12.02          5901.2
         13          313            3       24.44          6156.9
         14          314            4       25.68          5997.6
         15          315            4       21.96          5767.4
         16          316            4       20.02          5727.1
         17          317            4       25.21          5949.3
         18          318            5       16.61          5749.9
         19          319            3       26.40          6157.8
         20          320            6       17.17          5901.8
         21          321            4       17.65          6006.6
         22          322            3       27.52          5847.6
         23          323            7       13.83          5961.6
         24          324            4       23.86          5921.4
         25          325            5       18.38          5854.9
         26          326            5       15.04          5851.4
         27          327            4       24.29          5838.3
         28          328            4       15.06          5930.2
         29          329            4       20.13          5971.1
         30          330            5       20.15          5885.5
         31          331            3       26.10          5758.9
         32          332            5       18.50          5957.6
         33          333            4       27.44          6033.0
         34          334            4       18.32          5963.4
         35          335            6       15.82          6120.4
         36          336            5       23.28          5921.4
         37          337            4       18.38          6137.5
         38          338            5       16.16          5803.1
         39          339            4       22.46          5896.4
         40          340            4       18.71          6148.5
         41          341            4       17.73          6016.0
         42          342            4       18.33          5999.5
         43          343            3       30.93          5824.6
         44          344            4       16.52          5946.1
         45          345            4       16.70          5783.2
         46          346            4       15.82          5918.8
         47          347            5       17.31          5761.5
         48          348            4       19.56          5769.4
         49          349            5       14.41          5769.4

There are currently  10 solutions in the Pareto Set:
  - Solution Number  72
  - Solution Number  176
  - Solution Number  222
  - Solution Number  231
  - Solution Number  250
  - Solution Number  279
  - Solution Number  282
  - Solution Number  283
  - Solution Number  292
  - Solution Number  307
Front 1  has 16  members in it.
Front 2  has 16  members in it.
Front 3  has 14  members in it.
Front 4  has 12  members in it.
Front 5  has 10  members in it.
Front 6  has 6  members in it.
Front 7  has 3  members in it.
Front 8  has 4  members in it.
Front 9  has 2  members in it.


Generation  8 : 

Gen. Member  Solution ID     f[1] (B)    f[2] (W)        f[3] (s)
------------------------------------------------------------------
          0          149            3       30.65          5800.0
          1          331            3       26.10          5758.9
          2          283            3       24.06          6156.9
          3          282            6       10.18          5869.5
          4           33            7       11.54          5752.4
          5          331            3       26.10          5758.9
          6          331            3       26.10          5758.9
          7          231            3       24.62          6060.0
          8          350            4       17.45          5780.9
          9          351            4       17.15          5683.7
         10          352            3       25.72          5823.6
         11          353            5       16.91          5847.3
         12          354            4       21.24          5972.2
         13          355            3       29.22          5853.4
         14          356            4       17.13          6041.8
         15          357            6       17.05          6043.7
         16          358            4       20.57          5920.0
         17          359            5       16.02          6012.6
         18          360            5       19.98          5854.9
         19          361            4       17.05          5913.4
         20          362            3       24.92          6083.3
         21          363            3       26.16          5887.1
         22          364            4       18.16          6021.6
         23          365            4       17.87          5787.4
         24          366            4       22.36          5873.0
         25          367            4       26.91          6039.8
         26          368            5       19.43          5983.2
         27          369            3       30.95          5773.6
         28          370            5       13.17          5967.3
         29          371            4       23.03          6050.0
         30          372            6       17.24          5885.5
         31          373            4       22.02          6069.7
         32          374            5       19.31          6050.9
         33          375            4       24.19          5854.2
         34          376            4       19.92          6050.9
         35          377            4       21.52          5946.1
         36          378            5       19.31          6032.1
         37          379            4       22.40          5924.0
         38          380            4       24.15          5871.2
         39          381            5       18.62          6046.7
         40          382            6       15.32          5750.7
         41          383            4       19.77          5947.5
         42          384            3       27.80          5822.7
         43          385            3       29.06          6089.8
         44          386            3       25.83          5852.4
         45          387            3       29.25          6006.3
         46          388            4       17.81          5761.3
         47          389            3       24.34          6088.4
         48          390            5       17.53          5879.8
         49          391            5       15.54          5614.0

There are currently  13 solutions in the Pareto Set:
  - Solution Number  72
  - Solution Number  250
  - Solution Number  279
  - Solution Number  283
  - Solution Number  292
  - Solution Number  307
  - Solution Number  222
  - Solution Number  231
  - Solution Number  282
  - Solution Number  312
  - Solution Number  328
  - Solution Number  331
  - Solution Number  349
Front 1  has 18  members in it.
Front 2  has 20  members in it.
Front 3  has 12  members in it.
Front 4  has 7  members in it.
Front 5  has 6  members in it.
Front 6  has 6  members in it.
Front 7  has 4  members in it.
Front 8  has 2  members in it.
Front 9  has 1  members in it.


Generation  9 : 

Gen. Member  Solution ID     f[1] (B)    f[2] (W)        f[3] (s)
------------------------------------------------------------------
          0           63            5       18.33          5696.6
          1          284            3       29.11          5778.1
          2          282            6       10.18          5869.5
          3          370            5       13.17          5967.3
          4          239            4       18.79          5625.0
          5           72            6       10.51          5727.1
          6          392            4       18.61          5973.4
          7          393            4       26.74          6038.6
          8          394            3       24.72          6078.7
          9          395            3       29.32          5836.9
         10          396            4       17.64          5986.6
         11          397            3       26.11          6068.2
         12          398            5       20.48          5949.3
         13          399            3       22.47          5894.8
         14          400            3       21.27          5997.8
         15          401            3       27.67          5908.2
         16          402            3       26.93          6061.9
         17          403            4       20.11          6092.8
         18          404            6       16.04          6011.8
         19          405            4       21.07          5960.4
         20          406            4       15.41          5958.1
         21          407            3       30.55          5824.6
         22          408            4       22.59          5997.8
         23          409            3       28.89          5956.7
         24          410            3       24.70          6156.9
         25          411            4       15.42          6052.2
         26          412            3       24.40          6100.8
         27          413            3       23.98          5917.8
         28          414            3       30.65          5898.1
         29          415            4       17.29          5986.7
         30          416            3       20.19          6070.5
         31          417            4       22.45          5921.4
         32          418            3       25.44          5968.8
         33          419            4       21.84          6049.6
         34          420            3       26.42          6139.5
         35          421            6       15.00          5843.6
         36          422            4       23.02          5921.4
         37          423            3       22.25          6092.0
         38          424            3       26.82          6086.2
         39          425            6       16.38          5885.5
         40          426            4       17.82          5927.0
         41          427            4       18.91          5989.6
         42          428            4       18.16          5944.8
         43          429            5       18.60          5983.4
         44          430            3       25.62          6083.3
         45          431            6       16.89          5890.6
         46          432            4       19.11          5890.4
         47          433            3       27.13          6010.5
         48          434            5       14.43          5997.1
         49          435            4       20.61          5897.3

There are currently  15 solutions in the Pareto Set:
  - Solution Number  72
  - Solution Number  250
  - Solution Number  279
  - Solution Number  292
  - Solution Number  307
  - Solution Number  222
  - Solution Number  312
  - Solution Number  328
  - Solution Number  349
  - Solution Number  283
  - Solution Number  282
  - Solution Number  331
  - Solution Number  231
  - Solution Number  389
  - Solution Number  391
Front 1  has 20  members in it.
Front 2  has 20  members in it.
Front 3  has 10  members in it.
Front 4  has 7  members in it.
Front 5  has 10  members in it.
Front 6  has 6  members in it.
Front 7  has 4  members in it.


Generation  10 : 

Gen. Member  Solution ID     f[1] (B)    f[2] (W)        f[3] (s)
------------------------------------------------------------------
          0          400            3       21.27          5997.8
          1          284            3       29.11          5778.1
          2          117            4       16.51          5860.9
          3          282            6       10.18          5869.5
          4          176            5       14.89          5810.7
          5          436            6       16.87          5902.6
          6          437            3       27.17          5959.7
          7          438            6       14.48          6041.7
          8          439            4       17.62          5982.8
          9          440            3       26.57          5751.7
         10          441            6       15.58          5923.1
         11          442            6       15.77          5994.9
         12          443            4       20.69          5792.1
         13          444            4       24.27          6003.8
         14          445            4       20.38          5770.9
         15          446            4       22.78          5921.4
         16          447            6       15.27          6024.8
         17          448            3       23.46          6027.0
         18          449            4       18.28          6114.2
         19          450            4       19.97          5793.8
         20          451            4       27.40          6049.6
         21          452            4       21.98          6021.3
         22          453            3       24.01          5802.7
         23          454            5       18.90          5768.5
         24          455            3       23.53          6025.2
         25          456            4       21.09          6002.6
         26          457            5       17.08          5984.2
         27          458            4       26.27          5831.4
         28          459            4       23.28          5754.3
         29          460            3       21.88          6048.5
         30          461            3       26.96          6061.9
         31          462            4       23.07          5993.7
         32          463            3       28.44          6027.0
         33          464            4       23.43          6033.0
         34          465            5       16.25          5873.6
         35          466            4       19.81          6004.5
         36          467            5       18.72          6012.6
         37          468            3       24.17          5915.5
         38          469            3       28.27          5839.8
         39          470            4       15.96          5930.3
         40          471            3       21.79          6091.8
         41          472            3       22.45          5765.4
         42          473            3       23.01          6070.5
         43          474            4       16.53          5925.2
         44          475            4       20.30          5925.5
         45          476            3       25.74          6094.0
         46          477            4       21.45          5997.8
         47          478            5       16.61          5926.8
         48          479            4       17.33          5743.8
         49          480            3       25.37          6070.5

There are currently  14 solutions in the Pareto Set:
  - Solution Number  279
  - Solution Number  282
  - Solution Number  72
  - Solution Number  292
  - Solution Number  222
  - Solution Number  416
  - Solution Number  307
  - Solution Number  328
  - Solution Number  391
  - Solution Number  312
  - Solution Number  400
  - Solution Number  399
  - Solution Number  331
  - Solution Number  349
Front 1  has 21  members in it.
Front 2  has 20  members in it.
Front 3  has 12  members in it.
Front 4  has 10  members in it.
Front 5  has 9  members in it.
Front 6  has 4  members in it.
Front 7  has 3  members in it.
Front 8  has 1  members in it.


Generation  11 : 

Gen. Member  Solution ID     f[1] (B)    f[2] (W)        f[3] (s)
------------------------------------------------------------------
          0          228            4       18.31          5675.9
          1          279            3       25.69          5777.7
          2           64            6       12.36          5769.0
          3          279            3       25.69          5777.7
          4          502            6       11.46          5967.3
          5          499            6       13.33          5720.8
          6          523            4       23.48          5961.7
          7          524            4       21.87          5993.7
          8          525            4       18.15          5894.7
          9          526            4       20.49          6063.1
         10          527            4       18.55          6040.3
         11          528            3       23.31          5793.1
         12          529            4       22.06          5921.4
         13          530            5       17.53          5823.4
         14          531            4       21.53          6060.0
         15          532            4       26.23          6012.6
         16          533            3       20.12          5997.8
         17          534            4       17.92          5965.8
         18          535            4       23.44          5869.5
         19          536            5       14.90          5910.8
         20          537            3       21.35          6021.7
         21          538            5       22.09          6049.1
         22          539            5       17.19          5853.2
         23          540            3       27.84          5810.5
         24          541            4       19.73          5751.8
         25          542            6       13.73          5745.8
         26          543            4       23.14          5823.4
         27          544            4       18.28          5727.1
         28          545            5       18.41          6011.8
         29          546            4       15.89          6063.9
         30          547            3       23.60          5948.9
         31          548            4       17.70          6003.8
         32          549            4       20.21          5851.5
         33          550            3       36.42          6052.4
         34          551            3       33.71          6071.5
         35          552            3       25.22          5773.4
         36          553            3       22.01          6023.3
         37          554            3       25.71          6062.0
         38          555            4       22.67          5828.8
         39          556            5       18.58          6014.1
         40          557            4       22.74          6023.3
         41          558            5       18.10          6007.2
         42          559            4       19.33          5914.3
         43          560            4       15.98          5886.0
         44          561            6       13.04          5803.1
         45          562            4       19.24          5728.1
         46          563            4       17.16          5690.1
         47          564            3       26.12          5975.3
         48          565            4       18.18          5892.3
         49          566            3       25.53          5945.9

There are currently  14 solutions in the Pareto Set:
  - Solution Number  307
  - Solution Number  222
  - Solution Number  312
  - Solution Number  331
  - Solution Number  72
  - Solution Number  416
  - Solution Number  400
  - Solution Number  282
  - Solution Number  440
  - Solution Number  472
  - Solution Number  486
  - Solution Number  490
  - Solution Number  496
  - Solution Number  499
Front 1  has 20  members in it.
Front 2  has 20  members in it.
Front 3  has 26  members in it.
Front 4  has 15  members in it.
Front 5  has 11  members in it.
Front 6  has 8  members in it.
Front 7  has 3  members in it.
Front 8  has 5  members in it.
Front 9  has 2  members in it.
Front 10  has 1  members in it.
Front 11  has 5  members in it.
Front 12  has 4  members in it.
Front 13  has 2  members in it.
Front 14  has 1  members in it.
Front 15  has 1  members in it.


Generation  12 : 

Gen. Member  Solution ID     f[1] (B)    f[2] (W)        f[3] (s)
------------------------------------------------------------------
          0          307            6       13.40          5699.8
          1          481            5       13.88          5473.5
          2          533            3       20.12          5997.8
          3          512            7       13.60          5648.1
          4          472            3       22.45          5765.4
          5          292            3       28.20          5755.8
          6          416            3       20.19          6070.5
          7          399            3       22.47          5894.8
          8          506            5       13.35          5925.7
          9          481            5       13.88          5473.5
         10          512            7       13.60          5648.1
         11          499            6       13.33          5720.8
         12          328            4       15.06          5930.2
         13          567            3       29.17          5887.2
         14          568            4       22.37          6137.5
         15          569            5       18.80          5978.2
         16          570            4       15.05          5931.6
         17          571            3       25.88          5744.3
         18          572            3       23.57          5975.9
         19          573            5       20.16          6033.0
         20          574            4       26.35          6049.6
         21          575            4       21.51          5871.2
         22          576            4       18.81          6047.9
         23          577            3       26.23          5862.9
         24          578            4       23.25          5963.7
         25          579            3       25.55          6027.0
         26          580            3       19.76          6057.7
         27          581            4       22.81          5921.4
         28          582            4       15.48          5977.9
         29          583            3       20.89          6052.4
         30          584            3       19.60          6054.1
         31          585            3       29.44          5771.6
         32          586            4       14.45          5672.5
         33          587            4       21.38          5754.9
         34          588            5       19.07          5831.5
         35          589            4       25.15          6033.0
         36          590            4       17.27          5759.1
         37          591            3       34.93          6058.3
         38          592            3       22.25          5945.9
         39          593            4       27.73          6049.6
         40          594            3       22.62          5885.5
         41          595            4       19.59          6003.8
         42          596            4       21.68          5918.0
         43          597            4       18.25          5829.6
         44          598            3       22.61          6024.6
         45          599            4       19.98          5988.0
         46          600            3       24.07          5849.1
         47          601            5       21.84          6033.0
         48          602            3       25.55          5797.7
         49          603            3       23.53          6024.6

There are currently  13 solutions in the Pareto Set:
  - Solution Number  307
  - Solution Number  222
  - Solution Number  312
  - Solution Number  331
  - Solution Number  72
  - Solution Number  282
  - Solution Number  440
  - Solution Number  472
  - Solution Number  486
  - Solution Number  490
  - Solution Number  496
  - Solution Number  499
  - Solution Number  533
Front 1  has 23  members in it.
Front 2  has 15  members in it.
Front 3  has 13  members in it.
Front 4  has 9  members in it.
Front 5  has 6  members in it.
Front 6  has 5  members in it.
Front 7  has 6  members in it.
Front 8  has 3  members in it.
Front 9  has 1  members in it.


Generation  13 : 

Gen. Member  Solution ID     f[1] (B)    f[2] (W)        f[3] (s)
------------------------------------------------------------------
          0          496            3       21.70          5941.3
          1          488            5       12.37          5930.2
          2          440            3       26.57          5751.7
          3          594            3       22.62          5885.5
          4          239            4       18.79          5625.0
          5          239            4       18.79          5625.0
          6          493            3       21.74          5954.7
          7          307            6       13.40          5699.8
          8          512            7       13.60          5648.1
          9          584            3       19.60          6054.1
         10          502            6       11.46          5967.3
         11          239            4       18.79          5625.0
         12          501            6       11.24          5967.3
         13          584            3       19.60          6054.1
         14          528            3       23.31          5793.1
         15          400            3       21.27          5997.8
         16          604            4       15.83          5889.0
         17          605            3       23.83          5874.6
         18          606            4       22.03          6021.3
         19          607            3       24.60          6072.0
         20          608            4       24.77          5921.4
         21          609            3       19.31          6131.4
         22          610            4       22.58          5958.6
         23          611            4       17.34          5829.0
         24          612            4       17.44          5982.8
         25          613            4       26.95          6033.0
         26          614            5       16.05          5758.0
         27          615            4       21.98          5958.6
         28          616            4       25.41          6014.1
         29          617            3       20.65          6139.5
         30          618            4       19.87          5994.9
         31          619            4       22.65          5614.0
         32          620            4       23.44          5849.1
         33          621            3       21.34          6110.6
         34          622            4       26.45          5921.4
         35          623            4       18.54          5901.2
         36          624            4       15.60          6091.8
         37          625            3       28.79          6002.0
         38          626            3       23.19          5780.0
         39          627            4       19.81          5777.8
         40          628            3       22.02          6057.5
         41          629            4       23.04          5921.4
         42          630            4       27.16          5903.4
         43          631            3       19.76          6057.7
         44          632            4       21.36          5918.7
         45          633            4       17.55          5881.6
         46          634            4       22.05          5889.0
         47          635            4       22.67          5871.2
         48          636            4       25.38          5869.5
         49          637            5       13.38          5813.5

There are currently  13 solutions in the Pareto Set:
  - Solution Number  222
  - Solution Number  312
  - Solution Number  72
  - Solution Number  282
  - Solution Number  490
  - Solution Number  496
  - Solution Number  307
  - Solution Number  533
  - Solution Number  472
  - Solution Number  499
  - Solution Number  571
  - Solution Number  584
  - Solution Number  586
Front 1  has 24  members in it.
Front 2  has 21  members in it.
Front 3  has 7  members in it.
Front 4  has 4  members in it.
Front 5  has 8  members in it.
Front 6  has 3  members in it.
Front 7  has 3  members in it.
Front 8  has 1  members in it.
Front 9  has 1  members in it.
Front 10  has 1  members in it.
Front 11  has 1  members in it.


Generation  14 : 

Gen. Member  Solution ID     f[1] (B)    f[2] (W)        f[3] (s)
------------------------------------------------------------------
          0          619            4       22.65          5614.0
          1          351            4       17.15          5683.7
          2          584            3       19.60          6054.1
          3          533            3       20.12          5997.8
          4          619            4       22.65          5614.0
          5          307            6       13.40          5699.8
          6          282            6       10.18          5869.5
          7          222            4       15.56          5601.0
          8          570            4       15.05          5931.6
          9          307            6       13.40          5699.8
         10          496            3       21.70          5941.3
         11          586            4       14.45          5672.5
         12          583            3       20.89          6052.4
         13           72            6       10.51          5727.1
         14          583            3       20.89          6052.4
         15          583            3       20.89          6052.4
         16          580            3       19.76          6057.7
         17          638            4       23.86          5921.4
         18          639            4       21.88          6012.4
         19          640            3       21.23          6032.6
         20          641            3       20.68          6057.7
         21          642            3       20.69          5997.8
         22          643            3       25.97          6068.8
         23          644            5       21.25          6058.2
         24          645            4       23.04          5921.4
         25          646            3       18.90          6131.4
         26          647            4       22.04          5806.8
         27          648            3       22.20          6028.6
         28          649            3       21.76          5913.3
         29          650            4       23.63          6068.2
         30          651            5       15.57          6016.9
         31          652            4       21.87          5988.0
         32          653            4       23.13          5997.1
         33          654            6       12.63          5758.0
         34          655            4       18.93          5759.8
         35          656            4       18.22          5700.5
         36          657            4       15.33          6000.9
         37          658            5       17.81          5851.4
         38          659            4       24.16          5874.4
         39          660            6       15.00          5849.1
         40          661            3       26.76          5998.4
         41          662            5       19.28          6043.7
         42          663            3       23.62          5896.7
         43          664            3       27.52          5730.6
         44          665            5       19.95          6023.3
         45          666            4       18.52          5676.1
         46          667            3       25.97          6100.0
         47          668            4       25.53          5860.2
         48          669            4       22.18          5880.3
         49          670            3       25.17          5839.6

There are currently  15 solutions in the Pareto Set:
  - Solution Number  222
  - Solution Number  312
  - Solution Number  72
  - Solution Number  282
  - Solution Number  490
  - Solution Number  533
  - Solution Number  472
  - Solution Number  499
  - Solution Number  571
  - Solution Number  586
  - Solution Number  496
  - Solution Number  307
  - Solution Number  584
  - Solution Number  609
  - Solution Number  637
Front 1  has 25  members in it.
Front 2  has 14  members in it.
Front 3  has 8  members in it.
Front 4  has 8  members in it.
Front 5  has 3  members in it.
Front 6  has 3  members in it.
Front 7  has 2  members in it.
Front 8  has 3  members in it.
Front 9  has 2  members in it.
Front 10  has 1  members in it.


Generation  15 : 

Gen. Member  Solution ID     f[1] (B)    f[2] (W)        f[3] (s)
------------------------------------------------------------------
          0          499            6       13.33          5720.8
          1          571            3       25.88          5744.3
          2          664            3       27.52          5730.6
          3          472            3       22.45          5765.4
          4          472            3       22.45          5765.4
          5          499            6       13.33          5720.8
          6          664            3       27.52          5730.6
          7          512            7       13.60          5648.1
          8          637            5       13.38          5813.5
          9          511            7       10.79          5727.1
         10          239            4       18.79          5625.0
         11          331            3       26.10          5758.9
         12          649            3       21.76          5913.3
         13          472            3       22.45          5765.4
         14          609            3       19.31          6131.4
         15          533            3       20.12          5997.8
         16          584            3       19.60          6054.1
         17          671            4       17.68          5691.9
         18          672            3       24.88          6032.8
         19          673            4       21.97          6032.0
         20          674            4       14.06          5955.3
         21          675            3       29.65          5901.8
         22          676            3       32.03          5927.9
         23          677            3       19.31          6131.4
         24          678            3       18.72          6131.4
         25          679            3       23.43          5781.0
         26          680            3       26.97          5774.2
         27          681            4       21.18          5800.9
         28          682            5       16.45          6032.1
         29          683            3       27.68          5745.8
         30          684            4       19.36          5958.6
         31          685            3       23.13          5910.1
         32          686            4       19.77          5926.6
         33          687            4       14.28          5935.3
         34          688            3       19.35          6061.0
         35          689            5       17.14          5962.3
         36          690            4       20.56          6030.8
         37          691            6       13.07          5727.1
         38          692            5       15.84          5727.1
         39          693            6       15.00          5853.2
         40          694            3       26.96          6057.7
         41          695            3       23.64          6068.8
         42          696            3       21.67          5799.8
         43          697            3       26.61          6057.7
         44          698            3       21.83          5997.8
         45          699            4       14.99          5951.1
         46          700            4       19.31          5880.3
         47          701            4       21.45          5818.7
         48          702            3       24.15          5829.0
         49          703            7       11.23          5727.1

There are currently  17 solutions in the Pareto Set:
  - Solution Number  312
  - Solution Number  490
  - Solution Number  472
  - Solution Number  499
  - Solution Number  571
  - Solution Number  637
  - Solution Number  584
  - Solution Number  533
  - Solution Number  282
  - Solution Number  222
  - Solution Number  307
  - Solution Number  496
  - Solution Number  586
  - Solution Number  72
  - Solution Number  646
  - Solution Number  649
  - Solution Number  664
Front 1  has 25  members in it.
Front 2  has 14  members in it.
Front 3  has 9  members in it.
Front 4  has 3  members in it.
Front 5  has 6  members in it.
Front 6  has 5  members in it.
Front 7  has 1  members in it.
Front 8  has 2  members in it.
Front 9  has 1  members in it.


Generation  16 : 

Gen. Member  Solution ID     f[1] (B)    f[2] (W)        f[3] (s)
------------------------------------------------------------------
          0          490            5       13.43          5415.8
          1          664            3       27.52          5730.6
          2          490            5       13.43          5415.8
          3          259            6       11.41          5877.3
          4          399            3       22.47          5894.8
          5          312            5       12.02          5901.2
          6          512            7       13.60          5648.1
          7          637            5       13.38          5813.5
          8          580            3       19.76          6057.7
          9          472            3       22.45          5765.4
         10          704            4       18.53          5993.7
         11          705            4       23.91          5997.1
         12          706            3       23.79          5857.6
         13          707            4       19.34          5926.2
         14          708            3       20.06          6078.7
         15          709            3       18.96          6068.2
         16          710            4       22.20          6148.5
         17          711            4       15.27          5663.3
         18          712            4       17.77          5958.6
         19          713            4       19.62          6020.6
         20          714            4       24.33          5836.6
         21          715            5       20.10          5885.5
         22          716            4       18.45          5722.9
         23          717            3       23.78          5994.3
         24          718            3       26.02          6019.4
         25          719            4       14.52          5949.6
         26          720            4       20.80          5865.4
         27          721            3       29.20          6094.0
         28          722            5       16.83          5776.7
         29          723            3       31.37          6130.4
         30          724            4       17.09          6021.3
         31          725            4       16.74          5716.7
         32          726            4       20.51          5920.5
         33          727            5       18.64          6004.5
         34          728            4       20.16          5785.7
         35          729            3       21.19          5990.4
         36          730            5       11.80          5999.0
         37          731            4       18.61          5687.4
         38          732            4       18.32          5920.1
         39          733            3       25.65          6048.5
         40          734            3       27.16          5890.6
         41          735            4       19.42          5782.4
         42          736            3       20.26          6068.2
         43          737            4       21.18          5932.7
         44          738            3       21.90          5768.5
         45          739            4       20.63          5952.9
         46          740            3       20.80          6086.2
         47          741            3       22.71          5997.8
         48          742            4       18.93          5851.2
         49          743            4       15.26          5958.3

There are currently  19 solutions in the Pareto Set:
  - Solution Number  312
  - Solution Number  490
  - Solution Number  282
  - Solution Number  222
  - Solution Number  307
  - Solution Number  586
  - Solution Number  72
  - Solution Number  571
  - Solution Number  499
  - Solution Number  664
  - Solution Number  637
  - Solution Number  472
  - Solution Number  533
  - Solution Number  584
  - Solution Number  674
  - Solution Number  678
  - Solution Number  687
  - Solution Number  688
  - Solution Number  696
Front 1  has 27  members in it.
Front 2  has 16  members in it.
Front 3  has 8  members in it.
Front 4  has 8  members in it.
Front 5  has 3  members in it.
Front 6  has 2  members in it.


*******************************************************************************
                          2017-01-06 18:50:53.255322
