                          2016-07-24 05:51:42.954752
*******************************************************************************

     This output file records the optimization of a bin packing problem

     with  500  items to pack. The optimization is terminated after

      25000  fitness function evaluations.


*******************************************************************************

     Method:  MOMAD
     data:  MOMAD/Static/SBSBPP500/Experiment11/SBSBPP500_run11.txt
Generation  1 : 

Gen. Member  Solution ID     f[1] (B)    f[2] (H)    f[3] (Avg. W)
------------------------------------------------------------------
          0          500           43         674          638.33
          1            1           44         667          623.82
          2         2147           42         674          653.52
          3        11587           42         674          653.52
          4        12236           44         672          623.82
          5         8726           42         674          653.52
          6          845           42         674          653.52
          7        11534           43         674          638.33
          8          528           43         674          638.33
          9            9           45         672          609.96
         10         4980           42         673          653.52
         11         8960           42         674          653.52
         12           12           44         670          623.82
         13          821           42         674          653.52
         14        12730           42         674          653.52
         15         7679           44         672          623.82
         16           16           44         664          623.82
         17         3861           42         674          653.52
         18          506           42         674          653.52
         19        11795           42         674          653.52
         20         2741           43         672          638.33
         21        10651           43         674          638.33
         22           22           44         672          623.82
         23        12185           44         673          623.82
         24         5763           42         674          653.52
         25          513           42         674          653.52
         26           26           44         667          623.82
         27           27           44         667          623.82
         28         5295           44         671          623.82
         29          681           42         674          653.52
         30          802           42         674          653.52
         31         6855           43         674          638.33
         32           32           44         669          623.82
         33           33           44         670          623.82
         34         6742           43         674          638.33
         35        11405           42         674          653.52
         36         2304           42         674          653.52
         37          735           44         674          623.82
         38         6023           43         673          638.33
         39         2643           43         670          638.33
         40          546           42         673          653.52
         41           41           43         670          638.33
         42         7734           42         674          653.52
         43          777           43         674          638.33
         44          629           42         674          653.52
         45          822           42         674          653.52
         46        10181           43         672          638.33
         47        10025           42         674          653.52
         48         3786           43         674          638.33
         49        13043           42         674          653.52
         50          726           42         674          653.52
         51        11842           43         672          638.33
         52          565           42         674          653.52
         53         4643           43         674          638.33
         54          718           45         662          609.96
         55         3890           43         674          638.33
         56           56           44         667          623.82
         57           57           43         669          638.33
         58         9741           42         674          653.52
         59           59           44         672          623.82
         60         2330           43         674          638.33
         61        10831           43         673          638.33
         62         3834           43         672          638.33
         63         7582           43         673          638.33
         64        10978           43         673          638.33
         65           65           44         673          623.82
         66        10622           42         674          653.52
         67         3473           44         669          623.82
         68         8541           44         672          623.82
         69           69           44         669          623.82
         70         8675           42         674          653.52
         71          558           43         674          638.33
         72         1469           43         673          638.33
         73         9454           43         674          638.33
         74          776           42         674          653.52
         75        12392           43         674          638.33
         76           76           43         672          638.33
         77         1363           43         673          638.33
         78           78           43         669          638.33
         79        10959           44         674          623.82
         80        12652           44         674          623.82
         81           81           44         673          623.82
         82         8778           43         674          638.33
         83           83           44         670          623.82
         84          801           43         666          638.33
         85          626           42         674          653.52
         86        11665           43         672          638.33
         87        10807           43         670          638.33
         88           88           43         669          638.33
         89           89           44         669          623.82
         90         2381           42         674          653.52
         91           91           44         657          623.82
         92        10493           42         674          653.52
         93         7323           44         672          623.82
         94        12341           43         674          638.33
         95           95           44         664          623.82
         96        10285           43         674          638.33
         97          768           43         673          638.33
         98        13301           44         673          623.82
         99           99           44         672          623.82
        100        10857           43         674          638.33
        101         9507           42         674          653.52
        102         5164           44         671          623.82
        103        10547           44         673          623.82
        104          104           44         673          623.82
        105        11457           43         671          638.33
        106        12442           43         674          638.33
        107        13716           42         674          653.52
        108        13508           42         674          653.52
        109         7022           44         673          623.82
        110        12886           42         674          653.52
        111          539           42         674          653.52
        112         7401           42         674          653.52
        113        11144           43         671          638.33
        114        12157           43         671          638.33
        115        13329           43         674          638.33
        116         4436           43         669          638.33
        117         4151           42         674          653.52
        118          118           44         670          623.82
        119         3966           42         674          653.52
        120         1182           42         674          653.52
        121        13817           43         673          638.33
        122        12289           42         674          653.52
        123        11067           42         674          653.52
        124        12962           43         674          638.33
        125          784           42         674          653.52
        126        12809           42         673          653.52
        127        13251           43         673          638.33
        128          667           44         671          623.82
        129          659           44         674          623.82
        130         3575           42         674          653.52
        131        10775           43         674          638.33
        132          683           42         674          653.52
        133          807           43         674          638.33
        134          597           42         674          653.52
        135          508           42         674          653.52
        136          655           42         674          653.52
        137          137           44         673          623.82
        138         7712           43         674          638.33
        139         9842           44         667          623.82
        140        13586           43         674          638.33
        141         7271           43         674          638.33
        142          835           44         670          623.82
        143          840           43         672          638.33
        144          515           44         673          623.82
        145          145           44         672          623.82
        146        12991           43         672          638.33
        147          521           43         673          638.33
        148         3239           43         674          638.33
        149          149           43         671          638.33
        150          723           44         673          623.82
        151          151           44         667          623.82
        152          633           45         670          609.96
        153        12263           42         674          653.52
        154        13614           44         672          623.82
        155          549           42         674          653.52
        156         6777           43         670          638.33
        157         8389           42         674          653.52
        158        12211           43         673          638.33
        159        11170           42         674          653.52
        160          160           44         669          623.82
        161         8232           44         674          623.82
        162          849           43         670          638.33
        163        10000           43         674          638.33
        164        11637           43         674          638.33
        165          875           42         674          653.52
        166          548           42         674          653.52
        167          167           44         669          623.82
        168          168           44         670          623.82
        169         9219           44         673          623.82
        170          170           44         668          623.82
        171         6799           44         674          623.82
        172          172           44         670          623.82
        173          173           43         668          638.33
        174         1027           43         673          638.33
        175        10130           43         673          638.33
        176         3631           42         674          653.52
        177         6283           44         671          623.82
        178         8281           43         673          638.33
        179        12028           42         674          653.52
        180         2565           42         674          653.52
        181         8854           42         673          653.52
        182          182           44         669          623.82
        183          183           44         668          623.82
        184         1265           42         674          653.52
        185         9422           43         674          638.33
        186          186           44         671          623.82
        187        13120           42         674          653.52
        188         7089           42         674          653.52
        189         8125           42         674          653.52
        190         8752           43         674          638.33
        191         6829           42         674          653.52
        192          192           44         673          623.82
        193         8490           43         674          638.33
        194          621           44         667          623.82
        195         5502           42         674          653.52
        196        10726           44         672          623.82
        197          197           44         663          623.82
        198          795           42         674          653.52
        199          798           42         673          653.52
        200          200           43         668          638.33
        201        13793           42         674          653.52
        202         3136           42         674          653.52
        203        13742           44         674          623.82
        204          780           43         672          638.33
        205         2927           42         674          653.52
        206        13458           43         670          638.33
        207         4229           44         670          623.82
        208          564           43         674          638.33
        209          209           44         658          623.82
        210        10885           42         674          653.52
        211         4665           42         674          653.52
        212         2591           42         674          653.52
        213        10204           42         674          653.52
        214          519           44         673          623.82
        215          215           44         672          623.82
        216         6379           42         674          653.52
        217         7504           43         674          638.33
        218         9663           44         674          623.82
        219          834           43         674          638.33
        220        10049           44         672          623.82
        221          221           44         669          623.82
        222          978           42         674          653.52
        223          223           44         672          623.82
        224         9320           42         674          653.52
        225        11481           42         674          653.52
        226        11691           44         673          623.82
        227         9064           43         673          638.33
        228          228           43         672          638.33
        229          229           44         668          623.82
        230         6907           42         674          653.52
        231        10936           42         674          653.52
        232        11222           42         674          653.52
        233        13172           42         674          653.52
        234          808           43         674          638.33
        235          763           43         674          638.33
        236        11015           43         673          638.33
        237          237           44         667          623.82
        238          714           42         674          653.52
        239          239           43         671          638.33
        240         5425           42         674          653.52
        241          241           44         671          623.82
        242          242           44         672          623.82
        243        13355           44         669          623.82
        244          244           44         669          623.82
        245         7477           43         674          638.33
        246        11248           43         674          638.33
        247         5188           43         674          638.33
        248          248           43         671          638.33
        249         2977           43         674          638.33
        250          537           43         672          638.33
        251         8361           42         674          653.52
        252         3995           44         674          623.82
        253          253           45         672          609.96
        254          816           42         674          653.52
        255         9164           43         673          638.33
        256        13432           43         674          638.33
        257          647           42         674          653.52
        258        13197           42         674          653.52
        259          259           44         667          623.82
        260          260           43         671          638.33
        261        12415           42         674          653.52
        262         6877           43         673          638.33
        263         7105           43         667          638.33
        264          675           42         674          653.52
        265        12495           42         672          653.52
        266         2090           44         674          623.82
        267          842           42         674          653.52
        268        10754           44         671          623.82
        269        12853           44         673          623.82
        270        10677           42         674          653.52
        271          843           42         674          653.52
        272          901           42         674          653.52
        273          579           43         672          638.33
        274         4175           44         671          623.82
        275        12938           43         673          638.33
        276          664           44         673          623.82
        277          277           44         669          623.82
        278          278           44         670          623.82
        279         9273           43         672          638.33
        280         9038           45         666          609.96
        281          281           44         667          623.82
        282        12546           42         674          653.52
        283        11899           42         674          653.52
        284         8804           43         673          638.33
        285         9946           43         674          638.33
        286         2275           43         673          638.33
        287          287           44         673          623.82
        288        11743           44         670          623.82
        289          611           42         674          653.52
        290          839           42         674          653.52
        291          693           42         674          653.52
        292          630           42         674          653.52
        293         5839           42         674          653.52
        294          294           44         670          623.82
        295          742           44         674          623.82
        296         8986           43         674          638.33
        297        11090           44         674          623.82
        298        11116           42         674          653.52
        299          534           43         674          638.33
        300        13551           43         674          638.33
        301          301           44         673          623.82
        302         9401           44         672          623.82
        303        11613           44         671          623.82
        304          304           44         662          623.82
        305          305           43         671          638.33
        306         8933           44         673          623.82
        307          774           43         674          638.33
        308         4307           42         674          653.52
        309         8071           43         674          638.33
        310        10469           43         672          638.33
        311         7944           44         674          623.82
        312        11975           43         672          638.33
        313         8101           44         674          623.82
        314          314           44         670          623.82
        315        11325           44         671          623.82
        316        13145           43         672          638.33
        317        10075           44         673          623.82
        318         8257           44         674          623.82
        319          319           44         668          623.82
        320          320           44         666          623.82
        321        13225           42         674          653.52
        322        11717           42         674          653.52
        323          750           43         669          638.33
        324         8595           42         674          653.52
        325          694           42         674          653.52
        326          326           44         673          623.82
        327          327           44         667          623.82
        328          328           44         672          623.82
        329         2016           44         672          623.82
        330        10560           44         673          623.82
        331         2354           42         674          653.52
        332          732           44         674          623.82
        333         6150           42         674          653.52
        334          334           44         674          623.82
        335          335           44         661          623.82
        336         6465           44         673          623.82
        337        11431           43         674          638.33
        338         8829           44         674          623.82
        339         3417           42         674          653.52
        340          340           44         668          623.82
        341        13276           42         673          653.52
        342        13770           42         674          653.52
        343        12913           42         674          653.52
        344         7869           43         674          638.33
        345         7531           42         674          653.52
        346          346           44         668          623.82
        347        11560           44         672          623.82
        348         9242           42         674          653.52
        349         2694           42         674          653.52
        350         2486           42         674          653.52
        351        11995           43         673          638.33
        352        12470           43         673          638.33
        353         4409           42         673          653.52
        354         8882           42         673          653.52
        355         9611           44         674          623.82
        356         2070           42         674          653.52
        357          623           42         674          653.52
        358         1343           44         671          623.82
        359        12705           43         674          638.33
        360         3109           43         674          638.33
        361         9374           43         674          638.33
        362        13692           44         674          623.82
        363         6127           43         671          638.33
        364          587           42         674          653.52
        365          813           43         673          638.33
        366          653           43         669          638.33
        367          610           42         674          653.52
        368         9973           43         674          638.33
        369         1576           44         673          623.82
        370        13010           42         674          653.52
        371          525           42         674          653.52
        372         5264           42         674          653.52
        373         9013           43         672          638.33
        374        10235           43         674          638.33
        375          375           44         669          623.82
        376        13093           42         674          653.52
        377         9481           43         673          638.33
        378          378           44         670          623.82
        379         5371           42         674          653.52
        380          380           44         668          623.82
        381          580           43         673          638.33
        382        11274           43         674          638.33
        383         8439           43         674          638.33
        384         8206           43         672          638.33
        385          385           44         670          623.82
        386         3813           44         667          623.82
        387         1420           43         668          638.33
        388        13640           43         674          638.33
        389          785           43         673          638.33
        390         6567           43         674          638.33
        391        12079           43         673          638.33
        392          749           44         673          623.82
        393         7427           42         674          653.52
        394         6590           42         674          653.52
        395          395           44         666          623.82
        396         6410           42         674          653.52
        397        12601           43         674          638.33
        398         1914           44         674          623.82
        399         5005           42         674          653.52
        400        10907           42         674          653.52
        401          846           43         674          638.33
        402          402           44         668          623.82
        403         3214           44         672          623.82
        404         3493           42         672          653.52
        405         9715           43         671          638.33
        406         4723           43         673          638.33
        407          520           44         674          623.82
        408          680           44         673          623.82
        409        10390           42         674          653.52
        410          847           43         671          638.33
        411          703           43         674          638.33
        412         8025           42         674          653.52
        413          761           42         674          653.52
        414         9091           42         674          653.52
        415         8155           42         674          653.52
        416         2423           43         673          638.33
        417          417           43         670          638.33
        418         2616           44         671          623.82
        419        12679           42         674          653.52
        420          420           44         669          623.82
        421        11296           43         674          638.33
        422         4097           43         674          638.33
        423         6361           43         674          638.33
        424         6516           42         674          653.52
        425        10337           43         673          638.33
        426          426           44         668          623.82
        427          427           44         672          623.82
        428         9190           43         673          638.33
        429         5657           42         674          653.52
        430          725           42         674          653.52
        431          431           44         661          623.82
        432         6075           43         670          638.33
        433          817           43         674          638.33
        434          434           44         672          623.82
        435          435           44         664          623.82
        436        11188           44         673          623.82
        437        10156           44         671          623.82
        438          438           44         659          623.82
        439          841           43         674          638.33
        440          440           44         668          623.82
        441        11038           44         674          623.82
        442          532           44         672          623.82
        443          443           44         665          623.82
        444         4749           42         674          653.52
        445          445           43         672          638.33
        446         6433           43         674          638.33
        447          447           43         671          638.33
        448        13849           44         673          623.82
        449        13483           42         674          653.52
        450         4827           43         671          638.33
        451         4904           43         674          638.33
        452          660           44         673          623.82
        453        13534           42         674          653.52
        454         9767           44         672          623.82
        455          648           42         674          653.52
        456        12626           43         674          638.33
        457          769           42         674          653.52
        458         5552           42         674          653.52
        459        13659           42         674          653.52
        460          786           42         674          653.52
        461          545           42         674          653.52
        462        12054           44         672          623.82
        463          636           43         674          638.33
        464          464           44         667          623.82
        465        13407           44         673          623.82
        466          466           44         669          623.82
        467        12315           44         669          623.82
        468        11918           42         674          653.52
        469         2224           42         674          653.52
        470          635           42         674          653.52
        471         6725           42         674          653.52
        472        12107           43         674          638.33
        473         1159           43         674          638.33
        474          474           44         668          623.82
        475         9635           42         674          653.52
        476          476           44         668          623.82
        477        12575           42         674          653.52
        478         8306           42         674          653.52
        479         2902           43         673          638.33
        480        12780           42         674          653.52
        481        13066           42         674          653.52
        482          482           43         670          638.33
        483          800           42         674          653.52
        484         2175           42         672          653.52
        485        11374           43         673          638.33
        486          486           44         669          623.82
        487        12753           44         674          623.82
        488          488           44         672          623.82
        489         9675           43         672          638.33
        490         2119           43         674          638.33
        491          736           43         674          638.33
        492         5517           43         674          638.33
        493         4562           43         671          638.33
        494        13381           43         672          638.33
        495         7791           42         674          653.52
        496        12132           42         674          653.52
        497        10308           43         674          638.33
        498         9141           42         674          653.52
        499          499           44         665          623.82

There are currently  11 solutions in the Pareto Set:
  - Solution Number  91
  - Solution Number  165
  - Solution Number  175
  - Solution Number  214
  - Solution Number  295
  - Solution Number  357
  - Solution Number  387
  - Solution Number  2175
  - Solution Number  3493
  - Solution Number  7011
  - Solution Number  12495


*******************************************************************************
                          2016-07-24 07:22:44.803763
