                          2016-07-24 00:53:47.921503
*******************************************************************************

     This output file records the optimization of a bin packing problem

     with  500  items to pack. The optimization is terminated after

      25000  fitness function evaluations.


*******************************************************************************

     Method:  MOMAD
     data:  MOMAD/Static/SBSBPP500/Experiment08/SBSBPP500_run8.txt
Generation  1 : 

Gen. Member  Solution ID     f[1] (B)    f[2] (H)    f[3] (Avg. W)
------------------------------------------------------------------
          0         6833           95         324          276.51
          1         1301           92         324          285.52
          2            2           94         322          279.45
          3         1247           91         324          288.66
          4         7353           92         324          285.52
          5          739           90         324          291.87
          6        11795           96         324          273.62
          7         4519           94         320          279.45
          8         5039           91         324          288.66
          9         8178           89         323          295.15
         10         1319           91         324          288.66
         11           11           95         324          276.51
         12        11016           93         323          282.45
         13           13           95         321          276.51
         14        12267           90         324          291.87
         15           15           93         323          282.45
         16         5949           88         324          298.50
         17        13177           94         324          279.45
         18         8938           89         324          295.15
         19         1335           88         324          298.50
         20        11329           89         324          295.15
         21        13800           90         324          291.87
         22         1189           90         324          291.87
         23           23           96         323          273.62
         24         5142           88         324          298.50
         25        10626           87         324          301.93
         26          796           95         324          276.51
         27        11275           90         324          291.87
         28          892           92         324          285.52
         29          716           91         324          288.66
         30          849           88         324          298.50
         31         8989           88         324          298.50
         32        11174           94         324          279.45
         33         6261           88         324          298.50
         34         3296           94         323          279.45
         35         1215           93         324          282.45
         36           36           95         324          276.51
         37        13773           88         324          298.50
         38         6987           89         324          295.15
         39         9301           88         324          298.50
         40         5740           88         324          298.50
         41        11093           91         324          288.66
         42         1328           91         324          288.66
         43        13619           96         324          273.62
         44        13123           88         324          298.50
         45         3190           91         324          288.66
         46           46           96         324          273.62
         47        13229           88         324          298.50
         48        10647           94         324          279.45
         49         1604           92         324          285.52
         50          768           97         323          270.80
         51         1006           93         324          282.45
         52         1369           91         324          288.66
         53         5504           88         324          298.50
         54        12787           90         324          291.87
         55        10680           91         324          288.66
         56         4330           90         324          291.87
         57         8622           89         324          295.15
         58         8965           88         323          298.50
         59        12395           92         324          285.52
         60           60           97         322          270.80
         61         8546           94         324          279.45
         62         3604           92         324          285.52
         63        11147           95         324          276.51
         64         4493           90         324          291.87
         65         6311           92         324          285.52
         66         9793           91         324          288.66
         67         9714           89         324          295.15
         68          945           95         324          276.51
         69          795           90         324          291.87
         70         7743           91         324          288.66
         71         1683           89         324          295.15
         72        10027           93         324          282.45
         73         1077           91         324          288.66
         74         1243           88         324          298.50
         75          740           94         323          279.45
         76         1257           88         324          298.50
         77         6538           96         324          273.62
         78         1202           88         324          298.50
         79         4883           89         324          295.15
         80        12423           95         324          276.51
         81         7197           88         324          298.50
         82        11459           88         324          298.50
         83         3323           95         324          276.51
         84        13280           88         324          298.50
         85         8158           89         324          295.15
         86         1364           87         324          301.93
         87        11070           89         324          295.15
         88         7171           88         324          298.50
         89         2179           94         324          279.45
         90         1108           88         324          298.50
         91        13697           87         324          301.93
         92        10208           93         323          282.45
         93        14138           96         324          273.62
         94        10837           92         324          285.52
         95        11848           91         324          288.66
         96        12734           91         324          288.66
         97        14111           93         324          282.45
         98        11433           95         324          276.51
         99         2019           93         324          282.45
        100        14346           90         324          291.87
        101         1092           90         324          291.87
        102         4102           88         324          298.50
        103          103           93         322          282.45
        104          104           94         323          279.45
        105          573           94         324          279.45
        106         1075           92         323          285.52
        107          933           91         324          288.66
        108         1291           96         323          273.62
        109         1148           91         324          288.66
        110         9922           89         324          295.15
        111         1347           90         324          291.87
        112         1256           93         324          282.45
        113         9875           92         324          285.52
        114          700           88         324          298.50
        115        12189           92         324          285.52
        116          116           96         322          273.62
        117        11710           89         324          295.15
        118         1338           91         324          288.66
        119         2829           95         323          276.51
        120         9586           90         324          291.87
        121         4310           95         324          276.51
        122         1325           88         324          298.50
        123         1100           88         324          298.50
        124         1119           90         324          291.87
        125        13671           93         323          282.45
        126         7430           92         323          285.52
        127         9847           88         324          298.50
        128         4805           95         324          276.51
        129        13954           93         324          282.45
        130         2256           88         324          298.50
        131        12318           93         322          282.45
        132          939           95         324          276.51
        133        13385           88         324          298.50
        134         1234           94         323          279.45
        135        13892           93         323          282.45
        136         1124           89         324          295.15
        137        11485           91         324          288.66
        138         6466           87         324          301.93
        139        12963           91         324          288.66
        140         8677           90         324          291.87
        141          141           96         323          273.62
        142        14187           89         324          295.15
        143         8730           89         324          295.15
        144         1014           90         324          291.87
        145         3764           91         324          288.66
        146         7455           90         324          291.87
        147          147           93         324          282.45
        148        12752           94         324          279.45
        149         1381           93         324          282.45
        150          980           91         324          288.66
        151        10889           89         324          295.15
        152          990           91         324          288.66
        153         1002           93         324          282.45
        154         6130           87         324          301.93
        155        10497           95         321          276.51
        156        14165           93         324          282.45
        157         5221           95         324          276.51
        158         6677           90         324          291.87
        159          670           89         324          295.15
        160          160           95         322          276.51
        161         4979           93         324          282.45
        162          958           90         324          291.87
        163          776           94         324          279.45
        164         1113           94         320          279.45
        165         1251           97         318          270.80
        166        13095           95         324          276.51
        167          982           89         324          295.15
        168          843           95         324          276.51
        169         1353           88         324          298.50
        170         9225           91         324          288.66
        171        11304           88         324          298.50
        172          172           96         324          273.62
        173         1105           94         319          279.45
        174         9508           94         323          279.45
        175         1136           94         324          279.45
        176        10550           90         324          291.87
        177         8782           88         324          298.50
        178          675           90         324          291.87
        179         7065           95         323          276.51
        180         5636           89         324          295.15
        181         4908           95         324          276.51
        182         1316           88         324          298.50
        183        12007           91         324          288.66
        184        12865           95         324          276.51
        185         9246           88         324          298.50
        186         7868           94         324          279.45
        187         1027           94         324          279.45
        188        13255           92         324          285.52
        189        10340           89         324          295.15
        190         5868           88         324          298.50
        191         8887           89         324          295.15
        192         2802           95         324          276.51
        193         8860           88         324          298.50
        194         7535           88         324          298.50
        195         5013           94         324          279.45
        196        10707           91         324          288.66
        197          787           90         324          291.87
        198        12240           94         324          279.45
        199         1348           93         324          282.45
        200         4441           87         324          301.93
        201         1327           93         324          282.45
        202        11642           89         324          295.15
        203         9013           94         322          279.45
        204        11883           95         324          276.51
        205         1392           87         324          301.93
        206          872           90         324          291.87
        207          719           94         324          279.45
        208         1177           91         324          288.66
        209          752           90         324          291.87
        210          590           89         324          295.15
        211          211           98         322          268.04
        212         5400           93         324          282.45
        213         7999           92         324          285.52
        214         1151           87         324          301.93
        215         5324           91         324          288.66
        216        12474           88         324          298.50
        217          757           93         324          282.45
        218         1244           90         324          291.87
        219        11123           89         324          295.15
        220        13151           88         324          298.50
        221        10473           94         324          279.45
        222         6881           91         324          288.66
        223        13411           88         324          298.50
        224         4751           91         324          288.66
        225        10263           93         322          282.45
        226          226           92         323          285.52
        227        13073           88         324          298.50
        228         7483           92         324          285.52
        229        12106           96         324          273.62
        230         5451           93         323          282.45
        231          954           88         324          298.50
        232          709           91         324          288.66
        233        11245           95         323          276.51
        234         1049           92         324          285.52
        235          971           96         323          273.62
        236          236           94         323          279.45
        237          897           89         324          295.15
        238         1282           92         324          285.52
        239        13461           94         324          279.45
        240         1502           94         324          279.45
        241          241           92         324          285.52
        242          703           93         321          282.45
        243         7613           87         324          301.93
        244        12500           93         324          282.45
        245         1368           93         323          282.45
        246         1018           87         324          301.93
        247          895           87         324          301.93
        248         1040           91         324          288.66
        249         1314           93         324          282.45
        250         1023           88         324          298.50
        251        13328           91         324          288.66
        252          995           95         321          276.51
        253         1117           88         324          298.50
        254         1365           87         324          301.93
        255         1220           88         324          298.50
        256         1180           90         324          291.87
        257         5168           89         324          295.15
        258        12058           88         324          298.50
        259        11381           93         322          282.45
        260        11929           90         324          291.87
        261         2777           88         324          298.50
        262         8513           88         324          298.50
        263          732           93         321          282.45
        264        11980           89         324          295.15
        265         2049           92         324          285.52
        266         4828           93         323          282.45
        267          928           90         324          291.87
        268         9659           88         324          298.50
        269         1332           93         324          282.45
        270        13929           88         324          298.50
        271        14267           91         324          288.66
        272         4178           91         324          288.66
        273         2098           97         323          270.80
        274         1013           87         324          301.93
        275          662           88         324          298.50
        276          276           93         322          282.45
        277          973           96         323          273.62
        278         1250           93         323          282.45
        279         1135           94         323          279.45
        280          743           89         324          295.15
        281          281           93         323          282.45
        282        10054           94         324          279.45
        283         8028           93         320          282.45
        284        12709           88         324          298.50
        285         6781           95         324          276.51
        286         8653           90         324          291.87
        287         8754           91         324          288.66
        288        11351           88         324          298.50
        289         9769           95         324          276.51
        290        14320           87         324          301.93
        291        12552           90         324          291.87
        292        11045           91         324          288.66
        293         1394           87         324          301.93
        294          836           92         324          285.52
        295         1183           91         324          288.66
        296          296           92         324          285.52
        297        13877           91         324          288.66
        298         1106           90         324          291.87
        299        13046           93         324          282.45
        300          959           90         324          291.87
        301          301           95         323          276.51
        302         1053           88         324          298.50
        303         5689           96         324          273.62
        304        12368           95         324          276.51
        305         1102           94         319          279.45
        306        11199           89         324          295.15
        307          307           97         323          270.80
        308         9433           92         324          285.52
        309         1356           88         324          298.50
        310        10912           94         324          279.45
        311         1212           91         324          288.66
        312        12447           88         324          298.50
        313         1262           92         324          285.52
        314        14086           88         324          298.50
        315          986           91         324          288.66
        316        14373           91         324          288.66
        317         1193           88         324          298.50
        318          318           96         320          273.62
        319         6391           92         324          285.52
        320          744           87         324          301.93
        321        10418           88         324          298.50
        322          322           92         321          285.52
        323         9892           88         324          298.50
        324        11951           90         324          291.87
        325         7795           95         324          276.51
        326        13021           94         324          279.45
        327         9459           87         324          301.93
        328         1358           88         324          298.50
        329        10447           89         324          295.15
        330        11539           90         324          291.87
        331          750           97         324          270.80
        332        14061           92         324          285.52
        333        10603           95         324          276.51
        334          334           93         322          282.45
        335        13515           95         324          276.51
        336         4674           88         324          298.50
        337         1019           90         324          291.87
        338         7117           88         324          298.50
        339          339           95         320          276.51
        340          887           93         324          282.45
        341         7943           91         324          288.66
        342         5611           94         324          279.45
        343        12579           95         324          276.51
        344          344           93         324          282.45
        345        13203           90         324          291.87
        346         1163           87         324          301.93
        347          838           92         323          285.52
        348         1178           88         324          298.50
        349         4205           94         324          279.45
        350         7144           89         324          295.15
        351         8419           88         324          298.50
        352         1120           90         324          291.87
        353          727           91         323          288.66
        354         5350           93         324          282.45
        355         4387           88         324          298.50
        356          705           90         324          291.87
        357          357           94         323          279.45
        358         2881           88         324          298.50
        359         6440           94         324          279.45
        360         1255           88         324          298.50
        361         1351           93         324          282.45
        362         6495           93         322          282.45
        363        12810           93         323          282.45
        364         2490           89         324          295.15
        365          365           96         324          273.62
        366        14242           88         324          298.50
        367          985           95         324          276.51
        368         1079           92         322          285.52
        369        10783           96         323          273.62
        370         9640           89         324          295.15
        371         1263           92         324          285.52
        372        13539           88         324          298.50
        373         7398           88         324          298.50
        374         1204           90         324          291.87
        375        14029           89         324          295.15
        376        13567           91         324          288.66
        377         1421           96         324          273.62
        378        14290           96         324          273.62
        379         1333           88         324          298.50
        380          972           90         324          291.87
        381         1047           92         324          285.52
        382          907           88         324          298.50
        383          728           93         324          282.45
        384         4698           92         324          285.52
        385        11408           94         324          279.45
        386        14006           88         324          298.50
        387          867           89         324          295.15
        388        10810           93         324          282.45
        389         1165           90         324          291.87
        390         1265           88         324          298.50
        391        13827           91         324          288.66
        392        12913           95         320          276.51
        393        12081           92         324          285.52
        394         1233           90         324          291.87
        395          893           87         324          301.93
        396         3166           88         324          298.50
        397        11693           90         324          291.87
        398          713           89         324          295.15
        399         6156           89         324          295.15
        400          400           95         321          276.51
        401        10109           92         324          285.52
        402         2205           90         324          291.87
        403         6910           90         324          291.87
        404          930           95         323          276.51
        405        10291           89         324          295.15
        406         1121           94         322          279.45
        407          741           87         324          301.93
        408         1323           93         323          282.45
        409        13977           94         324          279.45
        410         2150           87         324          301.93
        411          411           96         323          273.62
        412        12942           90         324          291.87
        413        13853           87         324          301.93
        414         1150           87         324          301.93
        415          874           89         324          295.15
        416         5762           90         324          291.87
        417        10364           90         324          291.87
        418         1187           90         324          291.87
        419          905           93         321          282.45
        420          420           95         323          276.51
        421        10181           91         324          288.66
        422         3347           88         324          298.50
        423          423           94         320          279.45
        424          988           88         324          298.50
        425         8910           93         324          282.45
        426         8392           92         324          285.52
        427         1336           89         324          295.15
        428          917           95         324          276.51
        429        13644           89         324          295.15
        430        10964           92         324          285.52
        431          641           93         324          282.45
        432         4727           90         324          291.87
        433         9121           90         324          291.87
        434         9483           89         324          295.15
        435        13592           87         324          301.93
        436          436           92         323          285.52
        437         9743           91         324          288.66
        438         1026           88         324          298.50
        439         7665           94         324          279.45
        440          788           94         324          279.45
        441         8132           89         324          295.15
        442         7221           89         324          295.15
        443        12136           93         323          282.45
        444         5375           95         324          276.51
        445        11509           88         324          298.50
        446         6414           88         324          298.50
        447          447           93         323          282.45
        448        12655           94         324          279.45
        449        12679           90         324          291.87
        450         1352           93         324          282.45
        451         1029           89         324          295.15
        452        10080           93         324          282.45
        453          562           91         324          288.66
        454         1382           88         324          298.50
        455          682           88         324          298.50
        456         1321           91         324          288.66
        457          814           96         323          273.62
        458        12995           91         324          288.66
        459        12163           92         324          285.52
        460        13722           93         324          282.45
        461        13740           95         324          276.51
        462         6335           91         324          288.66
        463         9043           90         324          291.87
        464         2931           94         323          279.45
        465         3790           91         324          288.66
        466        10940           93         324          282.45
        467          467           95         323          276.51
        468         7508           93         324          282.45
        469         8808           94         323          279.45
        470         4363           94         324          279.45
        471        13356           93         324          282.45
        472        10392           87         324          301.93
        473        10859           90         324          291.87
        474          822           96         323          273.62
        475         3893           88         324          298.50
        476        12029           93         324          282.45
        477          477           94         324          279.45
        478        11591           87         324          301.93
        479         6573           95         324          276.51
        480        13435           91         324          288.66
        481          481           92         323          285.52
        482        10161           93         324          282.45
        483         1088           88         324          298.50
        484        12523           88         324          298.50
        485        14209           95         324          276.51
        486          679           91         324          288.66
        487        13489           88         324          298.50
        488          851           93         324          282.45
        489         1283           92         324          285.52
        490         9821           93         324          282.45
        491         1267           97         323          270.80
        492          770           90         324          291.87
        493         1292           89         324          295.15
        494         7275           92         323          285.52
        495         9693           89         324          295.15
        496        11825           87         324          301.93
        497        14399           93         324          282.45
        498         8366           91         324          288.66
        499         1710           93         324          282.45

There are currently  101 solutions in the Pareto Set:
  - Solution Number  31
  - Solution Number  44
  - Solution Number  115
  - Solution Number  189
  - Solution Number  211
  - Solution Number  262
  - Solution Number  322
  - Solution Number  378
  - Solution Number  393
  - Solution Number  487
  - Solution Number  600
  - Solution Number  601
  - Solution Number  1789
  - Solution Number  1964
  - Solution Number  1997
  - Solution Number  2150
  - Solution Number  2328
  - Solution Number  2514
  - Solution Number  2542
  - Solution Number  2619
  - Solution Number  2905
  - Solution Number  2958
  - Solution Number  2984
  - Solution Number  3086
  - Solution Number  3190
  - Solution Number  3531
  - Solution Number  3739
  - Solution Number  3764
  - Solution Number  3790
  - Solution Number  3973
  - Solution Number  4075
  - Solution Number  4128
  - Solution Number  4178
  - Solution Number  4441
  - Solution Number  4751
  - Solution Number  4778
  - Solution Number  5039
  - Solution Number  5086
  - Solution Number  5194
  - Solution Number  5273
  - Solution Number  5299
  - Solution Number  5324
  - Solution Number  5531
  - Solution Number  5582
  - Solution Number  5819
  - Solution Number  5998
  - Solution Number  6027
  - Solution Number  6130
  - Solution Number  6233
  - Solution Number  6335
  - Solution Number  6466
  - Solution Number  6598
  - Solution Number  6728
  - Solution Number  6881
  - Solution Number  7613
  - Solution Number  7708
  - Solution Number  7743
  - Solution Number  7943
  - Solution Number  8028
  - Solution Number  8055
  - Solution Number  8106
  - Solution Number  8178
  - Solution Number  8336
  - Solution Number  8366
  - Solution Number  8492
  - Solution Number  8574
  - Solution Number  8754
  - Solution Number  8965
  - Solution Number  9144
  - Solution Number  9225
  - Solution Number  9459
  - Solution Number  9743
  - Solution Number  9793
  - Solution Number  10181
  - Solution Number  10392
  - Solution Number  10626
  - Solution Number  10680
  - Solution Number  10707
  - Solution Number  11045
  - Solution Number  11093
  - Solution Number  11485
  - Solution Number  11565
  - Solution Number  11591
  - Solution Number  11747
  - Solution Number  11825
  - Solution Number  11848
  - Solution Number  12007
  - Solution Number  12734
  - Solution Number  12963
  - Solution Number  12995
  - Solution Number  13328
  - Solution Number  13435
  - Solution Number  13567
  - Solution Number  13592
  - Solution Number  13697
  - Solution Number  13827
  - Solution Number  13853
  - Solution Number  13877
  - Solution Number  14267
  - Solution Number  14320
  - Solution Number  14373


*******************************************************************************
                          2016-07-24 02:41:23.710487
