                          2017-01-11 18:02:19.999295
*******************************************************************************

     This output file records the optimization of a bin packing problem

     with  24  items to pack. The optimization is terminated after

      750  fitness function evaluations.


*******************************************************************************

     Method:  NSGA-II
     data:  TimeDependent/NSGA-II/Cookies24/Experiment03/Cookies24.txt
Generation  1 : 

Gen. Member  Solution ID     f[1] (B)    f[2] (W)        f[3] (s)
------------------------------------------------------------------
          0           20            5       21.29          6040.3
          1           16            6       15.22          6027.3
          2           23            6       15.88          5946.2
          3            2            5       22.90          5992.0
          4           42            5       21.73          5921.4
          5           11            5       16.50          6022.9
          6            6            4       23.54          5720.8
          7           50            5       16.87          5650.5
          8           51            4       22.93          5873.2
          9           52            6       16.16          5771.6
         10           53            4       28.66          6023.3
         11           54            5       22.53          5921.4
         12           55            4       27.76          6040.3
         13           56            4       24.10          6048.2
         14           57            6       15.41          5789.8
         15           58            5       23.46          5921.4
         16           59            6       16.49          6066.0
         17           60            4       26.01          5993.7
         18           61            6       15.93          6092.3
         19           62            4       24.10          6032.0
         20           63            4       21.71          6040.3
         21           64            4       19.74          5875.2
         22           65            5       18.33          5696.6
         23           66            4       24.30          6013.8
         24           67            5       20.45          6148.5
         25           68            6       17.54          6088.3
         26           69            5       20.14          5920.4
         27           70            4       24.69          6074.8
         28           71            4       22.95          6096.9
         29           72            5       22.19          6032.0
         30           73            5       20.18          5976.7
         31           74            4       26.21          6033.0
         32           75            5       22.57          5921.4
         33           76            5       18.45          5996.3
         34           77            5       22.33          5885.5
         35           78            5       20.83          6157.8
         36           79            6       13.94          5921.5
         37           80            5       23.01          5921.4
         38           81            4       26.63          5921.4
         39           82            5       16.98          5712.0
         40           83            5       20.28          5947.9
         41           84            5       22.42          5921.4
         42           85            4       29.06          5921.4
         43           86            4       27.59          5921.4
         44           87            4       25.57          5954.3
         45           88            4       28.90          5993.7
         46           89            4       27.93          5921.4
         47           90            4       29.37          5921.4
         48           91            5       21.67          6129.4
         49           92            7       15.33          5965.6

There are currently  6 solutions in the Pareto Set:
  - Solution Number  6
  - Solution Number  11
  - Solution Number  24
  - Solution Number  26
  - Solution Number  33
  - Solution Number  34
Front 1  has 8  members in it.
Front 2  has 11  members in it.
Front 3  has 7  members in it.
Front 4  has 10  members in it.
Front 5  has 5  members in it.
Front 6  has 3  members in it.


Generation  2 : 

Gen. Member  Solution ID     f[1] (B)    f[2] (W)        f[3] (s)
------------------------------------------------------------------
          0           82            5       16.98          5712.0
          1           71            4       22.95          6096.9
          2           93            4       24.31          5777.6
          3           94            4       24.31          5777.6
          4           95            4       26.61          5944.3
          5           96            4       24.20          6021.7
          6           97            4       25.84          6033.0
          7           98            5       21.33          5992.0
          8           99            5       21.02          5939.3
          9          100            4       23.56          6156.9
         10          101            5       16.08          5752.4
         11          102            4       23.44          5972.8
         12          103            4       29.16          6033.0
         13          104            4       28.94          5988.0
         14          105            4       26.89          5921.4
         15          106            6       15.43          6002.3
         16          107            5       20.26          6066.0
         17          108            5       18.01          5926.7
         18          109            4       24.71          6032.1
         19          110            6       12.42          5834.6
         20          111            4       24.64          5881.6
         21          112            5       20.25          6086.5
         22          113            5       20.98          6066.0
         23          114            6       16.45          6092.3
         24          115            4       27.97          6032.0
         25          116            4       21.26          5990.3
         26          117            3       32.02          5959.0
         27          118            5       20.72          5845.9
         28          119            4       23.47          5960.7
         29          120            3       34.78          6068.8
         30          121            4       24.71          6119.7
         31          122            4       23.80          5970.0
         32          123            4       23.70          5821.6
         33          124            4       25.14          5921.4
         34          125            4       24.48          5968.2
         35          126            4       25.53          5988.0
         36          127            5       19.36          6057.5
         37          128            4       25.63          6019.8
         38          129            5       16.77          6066.2
         39          130            4       25.89          6054.1
         40          131            4       26.70          5921.4
         41          132            5       18.91          5885.5
         42          133            5       20.59          5826.9
         43          134            5       21.05          5956.2
         44          135            4       25.26          5899.2
         45          136            5       22.08          6057.6
         46          137            6       14.04          5930.0
         47          138            4       26.10          5892.9
         48          139            4       21.90          5803.8
         49          140            4       23.19          5804.3

There are currently  9 solutions in the Pareto Set:
  - Solution Number  24
  - Solution Number  26
  - Solution Number  33
  - Solution Number  34
  - Solution Number  11
  - Solution Number  6
  - Solution Number  50
  - Solution Number  51
  - Solution Number  64
Front 1  has 9  members in it.
Front 2  has 14  members in it.
Front 3  has 12  members in it.
Front 4  has 9  members in it.
Front 5  has 11  members in it.
Front 6  has 11  members in it.
Front 7  has 11  members in it.
Front 8  has 4  members in it.
Front 9  has 3  members in it.
Front 10  has 1  members in it.
Front 11  has 1  members in it.


Generation  3 : 

Gen. Member  Solution ID     f[1] (B)    f[2] (W)        f[3] (s)
------------------------------------------------------------------
          0           71            4       22.95          6096.9
          1          141            4       25.07          5993.7
          2          142            4       28.16          5921.4
          3          143            4       20.12          5917.1
          4          144            4       22.66          5965.6
          5          145            4       20.98          5753.5
          6          146            6       16.89          5923.5
          7          147            5       19.66          6103.4
          8          148            4       28.52          5921.4
          9          149            6       13.94          5885.5
         10          150            4       25.39          5867.2
         11          151            4       20.40          5638.4
         12          152            3       35.36          6092.3
         13          153            4       29.61          5921.4
         14          154            3       32.02          5969.8
         15          155            4       23.87          6032.0
         16          156            4       23.78          6063.1
         17          157            4       20.88          5734.6
         18          158            4       21.18          5967.3
         19          159            6       16.56          6000.7
         20          160            6       15.53          5847.3
         21          161            4       23.06          6011.6
         22          162            4       19.54          5883.7
         23          163            6       18.59          6066.0
         24          164            6       11.99          5905.0
         25          165            5       18.62          6032.1
         26          166            4       17.12          5677.5
         27          167            4       23.66          5991.5
         28          168            4       25.84          6033.0
         29          169            5       20.04          5932.1
         30          170            5       18.12          6032.8
         31          171            4       21.31          5981.4
         32          172            5       16.54          5672.4
         33          173            4       24.55          5771.6
         34          174            6       13.77          5834.6
         35          175            4       27.05          6033.0
         36          176            4       20.76          5967.5
         37          177            4       19.02          5902.9
         38          178            6       17.00          5885.5
         39          179            6       16.23          5834.6
         40          180            4       25.50          6068.8
         41          181            4       23.57          5906.2
         42          182            3       31.75          5773.6
         43          183            4       23.51          6019.0
         44          184            4       16.50          6066.2
         45          185            3       27.99          5835.1
         46          186            4       17.68          5760.9
         47          187            4       22.81          5873.2
         48          188            4       23.22          5995.1
         49          189            5       19.49          5696.6

There are currently  10 solutions in the Pareto Set:
  - Solution Number  24
  - Solution Number  26
  - Solution Number  33
  - Solution Number  34
  - Solution Number  6
  - Solution Number  50
  - Solution Number  64
  - Solution Number  101
  - Solution Number  117
  - Solution Number  139
Front 1  has 12  members in it.
Front 2  has 11  members in it.
Front 3  has 10  members in it.
Front 4  has 12  members in it.
Front 5  has 18  members in it.
Front 6  has 9  members in it.
Front 7  has 7  members in it.
Front 8  has 2  members in it.
Front 9  has 2  members in it.
Front 10  has 2  members in it.
Front 11  has 2  members in it.
Front 12  has 1  members in it.


Generation  4 : 

Gen. Member  Solution ID     f[1] (B)    f[2] (W)        f[3] (s)
------------------------------------------------------------------
          0           64            4       19.74          5875.2
          1          154            3       32.02          5969.8
          2            7            6       15.79          5834.6
          3          154            3       32.02          5969.8
          4          154            3       32.02          5969.8
          5          182            3       31.75          5773.6
          6          182            3       31.75          5773.6
          7          190            6       12.55          5834.6
          8          191            4       26.91          6086.2
          9          192            6       10.60          5841.1
         10          193            4       23.31          5616.1
         11          194            4       21.73          5852.9
         12          195            4       19.29          5847.8
         13          196            4       24.57          5921.4
         14          197            4       25.75          6037.4
         15          198            5       19.71          5944.2
         16          199            4       25.11          5921.4
         17          200            4       25.28          6114.2
         18          201            5       18.42          6032.8
         19          202            4       24.84          5875.6
         20          203            4       20.90          5921.4
         21          204            4       23.74          6040.3
         22          205            5       22.59          6121.0
         23          206            5       17.95          5752.4
         24          207            6       12.83          5818.0
         25          208            5       14.72          5715.6
         26          209            4       22.36          5992.0
         27          210            4       23.48          6069.7
         28          211            4       25.01          5931.9
         29          212            4       21.81          5951.7
         30          213            3       30.35          5951.4
         31          214            4       15.56          5928.6
         32          215            7       10.81          5912.9
         33          216            5       16.85          5869.0
         34          217            4       23.69          5989.4
         35          218            4       21.22          6088.4
         36          219            4       20.24          5811.6
         37          220            4       18.28          5869.5
         38          221            5       19.40          5983.9
         39          222            4       23.14          6040.3
         40          223            6       16.29          5823.1
         41          224            5       19.97          6066.2
         42          225            4       19.90          5789.8
         43          226            4       24.22          5895.4
         44          227            4       23.82          5769.3
         45          228            4       26.10          6088.4
         46          229            4       17.47          5847.6
         47          230            4       20.46          5875.4
         48          231            4       21.55          5979.1
         49          232            5       17.98          5759.4

There are currently  12 solutions in the Pareto Set:
  - Solution Number  24
  - Solution Number  26
  - Solution Number  33
  - Solution Number  50
  - Solution Number  101
  - Solution Number  151
  - Solution Number  164
  - Solution Number  166
  - Solution Number  172
  - Solution Number  182
  - Solution Number  184
  - Solution Number  185
Front 1  has 11  members in it.
Front 2  has 11  members in it.
Front 3  has 15  members in it.
Front 4  has 12  members in it.
Front 5  has 11  members in it.
Front 6  has 9  members in it.
Front 7  has 8  members in it.
Front 8  has 3  members in it.
Front 9  has 4  members in it.
Front 10  has 3  members in it.
Front 11  has 1  members in it.


Generation  5 : 

Gen. Member  Solution ID     f[1] (B)    f[2] (W)        f[3] (s)
------------------------------------------------------------------
          0          182            3       31.75          5773.6
          1          229            4       17.47          5847.6
          2           33            7       11.54          5752.4
          3          207            6       12.83          5818.0
          4          207            6       12.83          5818.0
          5           57            6       15.41          5789.8
          6           33            7       11.54          5752.4
          7          184            4       16.50          6066.2
          8          154            3       32.02          5969.8
          9          233            4       19.07          6056.4
         10          234            3       30.89          6063.5
         11          235            6       15.67          6094.0
         12          236            6       14.20          5834.6
         13          237            4       19.15          5933.1
         14          238            7       11.15          5722.1
         15          239            5       19.00          6066.0
         16          240            4       25.14          5954.7
         17          241            4       21.21          6033.0
         18          242            4       20.79          5869.0
         19          243            6       12.95          5767.8
         20          244            3       28.98          5801.5
         21          245            4       18.19          5962.5
         22          246            4       23.10          6066.2
         23          247            4       24.10          6129.5
         24          248            4       23.31          6092.0
         25          249            4       19.24          5924.9
         26          250            4       19.96          5959.0
         27          251            6       15.27          5838.0
         28          252            4       19.11          5776.4
         29          253            7       11.83          5752.4
         30          254            4       22.36          6059.2
         31          255            4       22.36          6048.2
         32          256            4       26.16          6112.3
         33          257            4       15.54          5898.1
         34          258            4       18.19          5854.8
         35          259            6       18.13          6058.2
         36          260            4       24.02          5975.7
         37          261            4       22.24          6119.7
         38          262            4       21.44          5806.9
         39          263            4       19.66          5993.7
         40          264            4       22.08          5865.1
         41          265            5       15.74          5930.4
         42          266            5       14.85          5789.8
         43          267            4       25.20          6023.3
         44          268            4       22.95          5775.8
         45          269            4       27.09          6021.3
         46          270            4       24.94          6074.8
         47          271            6       14.90          5771.6
         48          272            4       23.63          5777.6
         49          273            4       18.27          6119.7

There are currently  13 solutions in the Pareto Set:
  - Solution Number  24
  - Solution Number  26
  - Solution Number  33
  - Solution Number  50
  - Solution Number  151
  - Solution Number  166
  - Solution Number  172
  - Solution Number  185
  - Solution Number  182
  - Solution Number  192
  - Solution Number  193
  - Solution Number  208
  - Solution Number  214
Front 1  has 14  members in it.
Front 2  has 12  members in it.
Front 3  has 12  members in it.
Front 4  has 15  members in it.
Front 5  has 9  members in it.
Front 6  has 6  members in it.
Front 7  has 5  members in it.
Front 8  has 3  members in it.
Front 9  has 2  members in it.
Front 10  has 3  members in it.


Generation  6 : 

Gen. Member  Solution ID     f[1] (B)    f[2] (W)        f[3] (s)
------------------------------------------------------------------
          0            6            4       23.54          5720.8
          1          145            4       20.98          5753.5
          2          258            4       18.19          5854.8
          3           26            6       12.08          5727.1
          4          244            3       28.98          5801.5
          5          238            7       11.15          5722.1
          6          274            5       17.18          5853.2
          7          275            4       24.31          5962.5
          8          276            4       23.10          5976.6
          9          277            4       18.00          5928.6
         10          278            3       30.90          6139.5
         11          279            3       28.89          5799.3
         12          280            4       20.20          6092.0
         13          281            5       20.38          5874.3
         14          282            4       20.88          6014.1
         15          283            6       17.40          5954.7
         16          284            4       21.04          6157.8
         17          285            5       17.98          6118.1
         18          286            5       18.77          6057.6
         19          287            5       18.48          5912.3
         20          288            4       19.41          5812.6
         21          289            4       22.56          5921.4
         22          290            5       15.16          5839.5
         23          291            4       20.89          5731.0
         24          292            4       18.36          5795.9
         25          293            4       23.42          5777.4
         26          294            4       20.43          5875.4
         27          295            4       23.76          5867.1
         28          296            4       22.61          6052.4
         29          297            3       26.39          6146.6
         30          298            6       14.00          5859.8
         31          299            4       26.49          6033.0
         32          300            6       13.60          5727.1
         33          301            5       13.71          5722.1
         34          302            4       26.38          5921.4
         35          303            4       19.66          5899.0
         36          304            6       15.49          5994.5
         37          305            4       26.12          5737.7
         38          306            6       11.43          5749.4
         39          307            4       18.41          6066.2
         40          308            3       29.83          5791.5
         41          309            6       13.22          5825.3
         42          310            4       24.83          6049.6
         43          311            4       20.07          5739.1
         44          312            4       24.07          5883.5
         45          313            6       12.93          5813.4
         46          314            4       17.19          5949.7
         47          315            5       18.43          5638.4
         48          316            5       18.84          5814.0
         49          317            4       16.73          5875.6

There are currently  14 solutions in the Pareto Set:
  - Solution Number  24
  - Solution Number  26
  - Solution Number  50
  - Solution Number  151
  - Solution Number  166
  - Solution Number  172
  - Solution Number  185
  - Solution Number  192
  - Solution Number  193
  - Solution Number  208
  - Solution Number  182
  - Solution Number  238
  - Solution Number  244
  - Solution Number  257
Front 1  has 16  members in it.
Front 2  has 15  members in it.
Front 3  has 13  members in it.
Front 4  has 10  members in it.
Front 5  has 6  members in it.
Front 6  has 5  members in it.
Front 7  has 2  members in it.
Front 8  has 5  members in it.
Front 9  has 1  members in it.
Front 10  has 2  members in it.
Front 11  has 2  members in it.


Generation  7 : 

Gen. Member  Solution ID     f[1] (B)    f[2] (W)        f[3] (s)
------------------------------------------------------------------
          0           24            5       19.22          5638.4
          1           65            5       18.33          5696.6
          2          297            3       26.39          6146.6
          3          185            3       27.99          5835.1
          4          313            6       12.93          5813.4
          5          151            4       20.40          5638.4
          6          182            3       31.75          5773.6
          7          308            3       29.83          5791.5
          8          297            3       26.39          6146.6
          9          297            3       26.39          6146.6
         10          318            4       23.47          6001.7
         11          319            4       21.43          6028.9
         12          320            3       27.45          5951.4
         13          321            4       21.94          5991.0
         14          322            4       21.70          6034.1
         15          323            4       21.66          6118.1
         16          324            4       18.47          5795.9
         17          325            4       22.50          6008.6
         18          326            4       21.79          6118.1
         19          327            4       23.36          5785.6
         20          328            4       24.56          5921.4
         21          329            5       20.79          6039.8
         22          330            4       26.56          5988.0
         23          331            4       22.70          5959.0
         24          332            3       27.15          6076.4
         25          333            3       27.82          5793.6
         26          334            4       23.11          5853.2
         27          335            3       24.85          5731.3
         28          336            4       23.04          6061.0
         29          337            4       20.75          5743.2
         30          338            3       31.88          5791.5
         31          339            5       18.75          6057.6
         32          340            5       15.83          5824.6
         33          341            4       23.07          6109.1
         34          342            4       22.15          6096.9
         35          343            3       29.23          6148.8
         36          344            4       18.20          5752.4
         37          345            4       24.80          5921.4
         38          346            4       23.21          6040.3
         39          347            4       20.16          5878.8
         40          348            4       22.99          5924.2
         41          349            4       25.66          6032.1
         42          350            4       18.45          5999.4
         43          351            3       27.58          6129.5
         44          352            4       23.61          5996.7
         45          353            4       18.20          5818.0
         46          354            5       18.37          5833.9
         47          355            4       24.52          5983.9
         48          356            4       20.49          6066.2
         49          357            4       21.51          5771.8

There are currently  19 solutions in the Pareto Set:
  - Solution Number  50
  - Solution Number  151
  - Solution Number  166
  - Solution Number  172
  - Solution Number  185
  - Solution Number  192
  - Solution Number  193
  - Solution Number  208
  - Solution Number  182
  - Solution Number  257
  - Solution Number  26
  - Solution Number  238
  - Solution Number  279
  - Solution Number  297
  - Solution Number  301
  - Solution Number  306
  - Solution Number  308
  - Solution Number  315
  - Solution Number  317
Front 1  has 21  members in it.
Front 2  has 16  members in it.
Front 3  has 13  members in it.
Front 4  has 12  members in it.
Front 5  has 6  members in it.
Front 6  has 5  members in it.
Front 7  has 2  members in it.


Generation  8 : 

Gen. Member  Solution ID     f[1] (B)    f[2] (W)        f[3] (s)
------------------------------------------------------------------
          0          297            3       26.39          6146.6
          1          308            3       29.83          5791.5
          2          182            3       31.75          5773.6
          3          358            3       31.46          6022.9
          4          359            6       12.26          5785.3
          5          360            3       33.47          6061.5
          6          361            4       21.70          5908.0
          7          362            4       24.41          5763.8
          8          363            4       27.39          5921.4
          9          364            3       26.57          5905.4
         10          365            3       26.16          6060.3
         11          366            6       12.43          5616.0
         12          367            4       26.47          6074.8
         13          368            4       21.63          5883.0
         14          369            4       20.32          5853.6
         15          370            4       23.07          5939.3
         16          371            4       26.66          6032.1
         17          372            6       13.79          5865.2
         18          373            4       21.13          5936.4
         19          374            4       19.89          6086.2
         20          375            3       28.16          6069.2
         21          376            5       15.61          5814.0
         22          377            5       21.37          6064.7
         23          378            4       27.10          6131.4
         24          379            4       17.39          5771.4
         25          380            4       27.76          6033.0
         26          381            4       23.64          6048.0
         27          382            4       21.17          5836.8
         28          383            4       24.95          6083.3
         29          384            4       18.13          5796.0
         30          385            4       25.37          6054.1
         31          386            4       21.02          5738.1
         32          387            5       19.50          5813.7
         33          388            5       19.44          6094.0
         34          389            4       25.85          5960.1
         35          390            4       17.55          5927.2
         36          391            3       29.24          5840.1
         37          392            4       20.47          5921.4
         38          393            4       23.09          5832.2
         39          394            4       22.34          5758.3
         40          395            5       20.22          6039.8
         41          396            4       17.80          5861.2
         42          397            4       25.74          6023.3
         43          398            4       21.91          5824.6
         44          399            5       19.55          6032.0
         45          400            4       17.62          6006.1
         46          401            3       28.76          5930.3
         47          402            5       18.58          6064.7
         48          403            6       13.94          5841.1
         49          404            5       19.41          5994.5

There are currently  15 solutions in the Pareto Set:
  - Solution Number  50
  - Solution Number  166
  - Solution Number  172
  - Solution Number  192
  - Solution Number  193
  - Solution Number  208
  - Solution Number  257
  - Solution Number  26
  - Solution Number  238
  - Solution Number  301
  - Solution Number  306
  - Solution Number  315
  - Solution Number  317
  - Solution Number  151
  - Solution Number  335
Front 1  has 27  members in it.
Front 2  has 16  members in it.
Front 3  has 5  members in it.
Front 4  has 7  members in it.
Front 5  has 7  members in it.
Front 6  has 7  members in it.
Front 7  has 3  members in it.
Front 8  has 3  members in it.


Generation  9 : 

Gen. Member  Solution ID     f[1] (B)    f[2] (W)        f[3] (s)
------------------------------------------------------------------
          0          306            6       11.43          5749.4
          1          405            4       26.63          6021.3
          2          406            6       16.20          5631.4
          3          407            6       15.94          6009.2
          4          408            4       25.61          5836.7
          5          409            4       24.28          5988.2
          6          410            4       24.17          5774.6
          7          411            4       21.61          6021.3
          8          412            4       22.13          6048.0
          9          413            4       17.97          5895.4
         10          414            5       21.49          6066.2
         11          415            4       17.99          5869.8
         12          416            5       18.62          5822.5
         13          417            3       30.88          6069.2
         14          418            4       22.39          5842.9
         15          419            5       21.57          6082.7
         16          420            5       16.47          5808.4
         17          421            4       24.36          5921.4
         18          422            4       21.40          5952.7
         19          423            4       19.32          5928.6
         20          424            4       24.29          6032.1
         21          425            4       25.46          6110.6
         22          426            4       23.31          5844.9
         23          427            5       20.09          5869.7
         24          428            4       27.81          5921.4
         25          429            3       29.54          5873.2
         26          430            4       21.24          5949.9
         27          431            4       21.52          6023.3
         28          432            3       28.35          5848.9
         29          433            4       15.28          5913.1
         30          434            5       18.94          6020.0
         31          435            6       12.46          5780.7
         32          436            4       20.98          6140.7
         33          437            4       24.18          6121.0
         34          438            6       15.72          5844.9
         35          439            5       15.48          5908.9
         36          440            6       14.88          5853.2
         37          441            4       24.50          6054.1
         38          442            5       15.17          5752.4
         39          443            4       25.66          6023.5
         40          444            4       24.86          6102.5
         41          445            4       28.58          6021.3
         42          446            4       18.89          6103.8
         43          447            5       18.48          6110.6
         44          448            5       20.15          6146.6
         45          449            3       23.61          5881.0
         46          450            4       19.59          6086.5
         47          451            4       20.00          5765.1
         48          452            4       19.85          5891.6
         49          453            4       18.12          5707.6

There are currently  16 solutions in the Pareto Set:
  - Solution Number  50
  - Solution Number  166
  - Solution Number  172
  - Solution Number  192
  - Solution Number  193
  - Solution Number  208
  - Solution Number  257
  - Solution Number  26
  - Solution Number  238
  - Solution Number  301
  - Solution Number  306
  - Solution Number  315
  - Solution Number  317
  - Solution Number  151
  - Solution Number  335
  - Solution Number  366
Front 1  has 24  members in it.
Front 2  has 18  members in it.
Front 3  has 10  members in it.
Front 4  has 7  members in it.
Front 5  has 6  members in it.
Front 6  has 4  members in it.
Front 7  has 3  members in it.
Front 8  has 3  members in it.
Front 9  has 3  members in it.
Front 10  has 2  members in it.
Front 11  has 1  members in it.


Generation  10 : 

Gen. Member  Solution ID     f[1] (B)    f[2] (W)        f[3] (s)
------------------------------------------------------------------
          0          186            4       17.68          5760.9
          1          315            5       18.43          5638.4
          2          454            4       19.57          5921.4
          3          455            6       12.41          5766.3
          4          456            4       22.82          6121.0
          5          457            4       22.45          6087.9
          6          458            5       19.37          5911.8
          7          459            4       23.32          5833.9
          8          460            4       21.46          6102.5
          9          461            4       27.24          6023.3
         10          462            4       20.00          5921.4
         11          463            5       15.74          5593.6
         12          464            4       20.57          5982.8
         13          465            5       19.75          6139.5
         14          466            5       16.62          6092.0
         15          467            4       25.55          5842.8
         16          468            5       18.30          6129.5
         17          469            4       24.75          5858.7
         18          470            4       20.68          6037.2
         19          471            4       20.46          5760.9
         20          472            5       18.69          6088.4
         21          473            5       18.69          6088.4
         22          474            4       19.27          5773.8
         23          475            3       26.63          5894.0
         24          476            4       27.95          6040.3
         25          477            4       23.84          5822.2
         26          478            5       19.28          5994.5
         27          479            4       25.88          6032.0
         28          480            5       18.58          5811.0
         29          481            4       26.13          6130.4
         30          482            6       14.19          5833.9
         31          483            4       26.06          6049.6
         32          484            4       24.20          5921.4
         33          485            5       15.72          5949.9
         34          486            4       20.39          5727.9
         35          487            5       19.50          5836.2
         36          488            5       21.10          5849.1
         37          489            4       29.12          5921.4
         38          490            4       21.68          6130.4
         39          491            3       26.48          5867.7
         40          492            4       18.33          5847.0
         41          493            4       25.46          5974.9
         42          494            4       18.98          5861.2
         43          495            4       22.10          6018.2
         44          496            5       18.80          5833.9
         45          497            5       17.71          5915.8
         46          498            4       20.60          5887.6
         47          499            6       17.91          5954.9
         48          500            4       23.09          6009.4
         49          501            6       17.51          5843.6

There are currently  18 solutions in the Pareto Set:
  - Solution Number  50
  - Solution Number  166
  - Solution Number  172
  - Solution Number  192
  - Solution Number  193
  - Solution Number  208
  - Solution Number  257
  - Solution Number  26
  - Solution Number  238
  - Solution Number  301
  - Solution Number  315
  - Solution Number  317
  - Solution Number  151
  - Solution Number  335
  - Solution Number  366
  - Solution Number  306
  - Solution Number  433
  - Solution Number  449
Front 1  has 22  members in it.
Front 2  has 19  members in it.
Front 3  has 9  members in it.
Front 4  has 8  members in it.
Front 5  has 6  members in it.
Front 6  has 6  members in it.
Front 7  has 6  members in it.
Front 8  has 3  members in it.
Front 9  has 1  members in it.
Front 10  has 1  members in it.


Generation  11 : 

Gen. Member  Solution ID     f[1] (B)    f[2] (W)        f[3] (s)
------------------------------------------------------------------
          0          300            6       13.60          5727.1
          1          151            4       20.40          5638.4
          2          193            4       23.31          5616.1
          3          463            5       15.74          5593.6
          4          502            4       24.69          6090.3
          5          503            4       25.57          5985.7
          6          504            3       26.99          5812.3
          7          505            4       17.51          5818.7
          8          506            6       16.79          6094.0
          9          507            4       26.15          5919.1
         10          508            4       18.98          5921.4
         11          509            4       18.53          5976.5
         12          510            5       14.54          5834.4
         13          511            6       14.77          5853.2
         14          512            4       24.89          6061.9
         15          513            4       27.25          5873.3
         16          514            5       20.78          5925.0
         17          515            4       19.11          5928.8
         18          516            4       25.07          5884.0
         19          517            5       19.64          5873.3
         20          518            6       16.80          5955.0
         21          519            4       25.24          5824.0
         22          520            5       19.98          5956.0
         23          521            4       20.49          5921.4
         24          522            4       24.26          5769.7
         25          523            4       17.34          5763.8
         26          524            4       23.59          5887.1
         27          525            3       30.32          6094.0
         28          526            5       18.83          6088.4
         29          527            5       18.52          6130.4
         30          528            3       26.97          5955.2
         31          529            4       16.71          6094.2
         32          530            4       23.17          5853.2
         33          531            6       15.21          5772.4
         34          532            4       19.74          6079.8
         35          533            4       19.30          5907.9
         36          534            4       16.90          6037.4
         37          535            4       20.13          6019.7
         38          536            4       20.17          5727.1
         39          537            5       16.04          5765.4
         40          538            4       16.19          5765.2
         41          539            5       19.72          5853.2
         42          540            4       24.84          6105.7
         43          541            4       21.09          6121.0
         44          542            5       19.20          5983.9
         45          543            4       25.26          6092.3
         46          544            6       14.05          5853.2
         47          545            5       19.17          5879.8
         48          546            5       19.94          5979.9
         49          547            6       12.57          5777.6

There are currently  16 solutions in the Pareto Set:
  - Solution Number  166
  - Solution Number  192
  - Solution Number  193
  - Solution Number  208
  - Solution Number  257
  - Solution Number  26
  - Solution Number  238
  - Solution Number  301
  - Solution Number  317
  - Solution Number  151
  - Solution Number  335
  - Solution Number  366
  - Solution Number  306
  - Solution Number  433
  - Solution Number  449
  - Solution Number  463
Front 1  has 21  members in it.
Front 2  has 17  members in it.
Front 3  has 8  members in it.
Front 4  has 9  members in it.
Front 5  has 8  members in it.
Front 6  has 5  members in it.
Front 7  has 5  members in it.
Front 8  has 4  members in it.
Front 9  has 4  members in it.
Front 10  has 1  members in it.


Generation  12 : 

Gen. Member  Solution ID     f[1] (B)    f[2] (W)        f[3] (s)
------------------------------------------------------------------
          0          151            4       20.40          5638.4
          1          300            6       13.60          5727.1
          2          335            3       24.85          5731.3
          3          548            4       23.32          5955.5
          4          549            4       18.26          5818.7
          5          550            3       30.73          5793.6
          6          551            4       19.18          5921.4
          7          552            4       21.30          5990.6
          8          553            5       15.18          5766.9
          9          554            4       16.71          6007.8
         10          555            3       27.17          5916.5
         11          556            4       25.31          5849.1
         12          557            6       14.67          6120.4
         13          558            6       16.70          6010.0
         14          559            4       24.86          5921.4
         15          560            4       26.40          5700.0
         16          561            4       22.88          6023.3
         17          562            4       23.16          6082.7
         18          563            5       14.81          5841.1
         19          564            3       26.36          6139.5
         20          565            3       22.89          6102.5
         21          566            4       19.73          6019.4
         22          567            3       27.58          6058.3
         23          568            4       18.58          6033.0
         24          569            4       17.76          5925.0
         25          570            5       19.17          5879.8
         26          571            6       14.05          5853.2
         27          572            3       25.02          5946.2
         28          573            3       28.17          6068.2
         29          574            4       25.92          5961.0
         30          575            4       22.52          5844.1
         31          576            4       20.93          5921.4
         32          577            4       20.18          5841.0
         33          578            5       19.15          5824.0
         34          579            5       14.92          5841.1
         35          580            4       18.71          5784.4
         36          581            4       15.32          5923.4
         37          582            6       15.83          5787.3
         38          583            4       24.26          6033.0
         39          584            6       13.07          5785.3
         40          585            4       23.91          5947.5
         41          586            4       20.28          5988.0
         42          587            4       20.83          5777.2
         43          588            4       21.65          5921.4
         44          589            4       24.25          5910.0
         45          590            4       25.07          5956.0
         46          591            4       23.83          5972.9
         47          592            6       13.72          5777.6
         48          593            4       18.96          5665.3
         49          594            5       14.45          5954.7

There are currently  16 solutions in the Pareto Set:
  - Solution Number  166
  - Solution Number  192
  - Solution Number  208
  - Solution Number  257
  - Solution Number  26
  - Solution Number  238
  - Solution Number  301
  - Solution Number  335
  - Solution Number  366
  - Solution Number  306
  - Solution Number  433
  - Solution Number  449
  - Solution Number  151
  - Solution Number  193
  - Solution Number  463
  - Solution Number  538
Front 1  has 24  members in it.
Front 2  has 16  members in it.
Front 3  has 6  members in it.
Front 4  has 4  members in it.
Front 5  has 11  members in it.
Front 6  has 6  members in it.
Front 7  has 8  members in it.
Front 8  has 3  members in it.
Front 9  has 2  members in it.


Generation  13 : 

Gen. Member  Solution ID     f[1] (B)    f[2] (W)        f[3] (s)
------------------------------------------------------------------
          0           26            6       12.08          5727.1
          1          491            3       26.48          5867.7
          2          301            5       13.71          5722.1
          3          406            6       16.20          5631.4
          4          306            6       11.43          5749.4
          5          595            4       22.75          6033.0
          6          596            4       21.34          5954.7
          7          597            4       14.50          5965.6
          8          598            4       20.07          6146.6
          9          599            3       32.54          6101.9
         10          600            5       19.97          5854.9
         11          601            4       21.05          5701.9
         12          602            4       19.62          5859.8
         13          603            3       27.34          5923.5
         14          604            4       19.24          5989.3
         15          605            4       20.55          5789.7
         16          606            4       23.21          5981.4
         17          607            6       17.38          5941.5
         18          608            5       21.51          5921.4
         19          609            5       15.73          5964.4
         20          610            6       12.15          5824.6
         21          611            6       13.45          5796.6
         22          612            4       21.14          5910.0
         23          613            4       24.26          5853.2
         24          614            4       22.65          6108.9
         25          615            4       19.76          6013.3
         26          616            4       20.41          5722.7
         27          617            3       30.23          5773.6
         28          618            4       23.06          5824.2
         29          619            4       20.28          5746.4
         30          620            5       16.03          5942.4
         31          621            3       24.39          5925.0
         32          622            5       17.07          6031.3
         33          623            4       20.39          6048.0
         34          624            5       19.19          5954.7
         35          625            4       19.65          5766.8
         36          626            5       19.88          6069.2
         37          627            4       18.07          5978.9
         38          628            3       27.70          5791.5
         39          629            4       28.64          5921.4
         40          630            3       28.75          5889.7
         41          631            4       22.93          5888.8
         42          632            4       24.83          5921.4
         43          633            4       18.67          5765.3
         44          634            3       22.02          6068.2
         45          635            4       18.55          5834.4
         46          636            5       20.19          5854.9
         47          637            4       21.48          5970.9
         48          638            3       24.07          5819.5
         49          639            5       15.82          5921.9

There are currently  18 solutions in the Pareto Set:
  - Solution Number  166
  - Solution Number  192
  - Solution Number  208
  - Solution Number  257
  - Solution Number  26
  - Solution Number  238
  - Solution Number  301
  - Solution Number  366
  - Solution Number  306
  - Solution Number  433
  - Solution Number  449
  - Solution Number  193
  - Solution Number  463
  - Solution Number  538
  - Solution Number  151
  - Solution Number  335
  - Solution Number  565
  - Solution Number  593
Front 1  has 26  members in it.
Front 2  has 14  members in it.
Front 3  has 10  members in it.
Front 4  has 9  members in it.
Front 5  has 7  members in it.
Front 6  has 4  members in it.
Front 7  has 4  members in it.
Front 8  has 3  members in it.
Front 9  has 2  members in it.


Generation  14 : 

Gen. Member  Solution ID     f[1] (B)    f[2] (W)        f[3] (s)
------------------------------------------------------------------
          0          306            6       11.43          5749.4
          1          166            4       17.12          5677.5
          2          366            6       12.43          5616.0
          3          463            5       15.74          5593.6
          4          640            4       24.17          5866.0
          5          641            4       23.69          5866.0
          6          642            5       17.26          6048.0
          7          643            5       17.17          5969.4
          8          644            5       20.66          6048.0
          9          645            5       15.92          5765.3
         10          646            4       22.88          6023.3
         11          647            4       26.86          5873.3
         12          648            4       17.58          5902.5
         13          649            4       14.52          5826.4
         14          650            4       22.42          6112.3
         15          651            4       25.62          5971.9
         16          652            3       23.63          6062.0
         17          653            4       17.29          5988.6
         18          654            6       13.83          5799.1
         19          655            5       17.03          6088.4
         20          656            4       21.37          5839.8
         21          657            4       20.91          5727.1
         22          658            4       20.14          5733.4
         23          659            5       16.72          5885.5
         24          660            4       20.39          5765.1
         25          661            4       25.05          5921.4
         26          662            5       20.31          6021.3
         27          663            4       26.09          5982.8
         28          664            4       15.74          5940.2
         29          665            3       24.40          5835.1
         30          666            4       25.24          6032.1
         31          667            4       20.51          5957.3
         32          668            5       13.70          5960.1
         33          669            5       20.72          5993.8
         34          670            5       20.63          5971.9
         35          671            4       22.56          6021.3
         36          672            4       16.94          5829.9
         37          673            4       16.64          5741.4
         38          674            4       17.97          5816.7
         39          675            4       16.86          6031.0
         40          676            4       28.81          5992.0
         41          677            4       23.43          5964.4
         42          678            4       17.00          5651.4
         43          679            4       24.56          5881.0
         44          680            5       16.28          5955.5
         45          681            5       18.77          5956.0
         46          682            4       23.13          5949.2
         47          683            4       21.89          5839.8
         48          684            4       19.15          6012.1
         49          685            4       21.41          5864.4

There are currently  20 solutions in the Pareto Set:
  - Solution Number  166
  - Solution Number  192
  - Solution Number  208
  - Solution Number  257
  - Solution Number  238
  - Solution Number  366
  - Solution Number  433
  - Solution Number  449
  - Solution Number  193
  - Solution Number  463
  - Solution Number  538
  - Solution Number  151
  - Solution Number  335
  - Solution Number  593
  - Solution Number  26
  - Solution Number  301
  - Solution Number  306
  - Solution Number  597
  - Solution Number  634
  - Solution Number  638
Front 1  has 28  members in it.
Front 2  has 15  members in it.
Front 3  has 10  members in it.
Front 4  has 6  members in it.
Front 5  has 7  members in it.
Front 6  has 3  members in it.
Front 7  has 2  members in it.
Front 8  has 4  members in it.


Generation  15 : 

Gen. Member  Solution ID     f[1] (B)    f[2] (W)        f[3] (s)
------------------------------------------------------------------
          0          628            3       27.70          5791.5
          1          538            4       16.19          5765.2
          2          406            6       16.20          5631.4
          3          686            5       17.38          6033.0
          4          687            4       22.76          6083.3
          5          688            5       17.14          5789.8
          6          689            4       21.76          5921.4
          7          690            4       24.44          5921.4
          8          691            4       18.14          6102.5
          9          692            5       18.55          5737.4
         10          693            5       17.82          5954.7
         11          694            3       24.88          5812.3
         12          695            4       14.17          5719.4
         13          696            3       25.49          5768.0
         14          697            3       20.72          6089.5
         15          698            3       28.80          6121.0
         16          699            6       16.63          5954.7
         17          700            4       20.66          5832.1
         18          701            4       23.98          6119.7
         19          702            4       18.94          5786.5
         20          703            3       22.82          5859.1
         21          704            3       23.52          5907.4
         22          705            5       17.79          6016.8
         23          706            4       24.92          5835.8
         24          707            5       20.36          5918.5
         25          708            4       24.72          5686.9
         26          709            4       17.44          5802.3
         27          710            5       17.08          5860.4
         28          711            3       23.60          6096.9
         29          712            5       15.88          5828.8
         30          713            5       16.78          5835.3
         31          714            6        9.04          5657.0
         32          715            4       23.13          5954.9
         33          716            4       17.17          5824.6
         34          717            4       26.65          5854.9
         35          718            5       20.24          5865.3
         36          719            3       25.10          5858.2
         37          720            4       23.37          5773.3
         38          721            4       26.86          5956.0
         39          722            4       18.11          5861.2
         40          723            6       14.03          5799.1
         41          724            3       27.86          5990.4
         42          725            4       17.15          5738.7
         43          726            3       25.54          5977.9
         44          727            4       22.47          5921.4
         45          728            5       20.47          6032.0
         46          729            3       32.87          6130.4
         47          730            4       23.75          6129.5
         48          731            4       19.08          5841.5
         49          732            3       22.15          5910.3

There are currently  20 solutions in the Pareto Set:
  - Solution Number  192
  - Solution Number  208
  - Solution Number  238
  - Solution Number  449
  - Solution Number  193
  - Solution Number  538
  - Solution Number  151
  - Solution Number  335
  - Solution Number  26
  - Solution Number  301
  - Solution Number  597
  - Solution Number  634
  - Solution Number  638
  - Solution Number  306
  - Solution Number  366
  - Solution Number  463
  - Solution Number  649
  - Solution Number  668
  - Solution Number  673
  - Solution Number  678
Front 1  has 28  members in it.
Front 2  has 10  members in it.
Front 3  has 7  members in it.
Front 4  has 4  members in it.
Front 5  has 6  members in it.
Front 6  has 5  members in it.
Front 7  has 6  members in it.
Front 8  has 3  members in it.
Front 9  has 2  members in it.
Front 10  has 1  members in it.
Front 11  has 2  members in it.
Front 12  has 1  members in it.
Front 13  has 1  members in it.


Generation  16 : 

Gen. Member  Solution ID     f[1] (B)    f[2] (W)        f[3] (s)
------------------------------------------------------------------
          0          406            6       16.20          5631.4
          1          704            3       23.52          5907.4
          2          733            4       20.90          6021.3
          3          734            3       27.21          5763.0
          4          735            4       21.55          5985.6
          5          736            4       21.04          5825.8
          6          737            3       22.31          6100.8
          7          738            3       25.84          5913.5
          8          739            4       25.69          6049.6
          9          740            3       23.92          6157.8
         10          741            4       21.70          5772.5
         11          742            3       27.45          5830.9
         12          743            4       19.38          5873.2
         13          744            5       13.30          5981.1
         14          745            4       24.56          6032.0
         15          746            3       27.01          6070.5
         16          747            4       25.08          5975.2
         17          748            4       20.59          6023.3
         18          749            4       25.65          5990.6
         19          750            4       22.97          5988.0
         20          751            4       23.60          5832.0
         21          752            5       18.34          5777.6
         22          753            4       21.28          5978.4
         23          754            5       18.44          5975.9
         24          755            3       23.40          6061.9
         25          756            4       19.83          6061.9
         26          757            4       20.42          5616.0
         27          758            4       20.69          5813.5
         28          759            4       18.45          5960.1
         29          760            4       24.23          6017.8
         30          761            4       24.53          5839.8
         31          762            4       18.78          5668.2
         32          763            3       24.01          5793.5
         33          764            3       26.23          5805.1
         34          765            3       25.30          6061.5
         35          766            3       20.98          6022.9
         36          767            5       16.42          5999.8
         37          768            4       18.55          5763.7
         38          769            5       18.77          5956.0
         39          770            3       28.22          5743.3
         40          771            5       14.04          5722.1
         41          772            4       19.31          5793.5
         42          773            5       19.22          6010.3
         43          774            6       13.32          5853.2
         44          775            4       22.80          5913.5
         45          776            4       24.65          5914.3
         46          777            3       28.24          6121.0
         47          778            5       21.57          6040.3
         48          779            4       14.73          5803.0
         49          780            3       27.33          5954.2

There are currently  16 solutions in the Pareto Set:
  - Solution Number  208
  - Solution Number  193
  - Solution Number  151
  - Solution Number  335
  - Solution Number  301
  - Solution Number  634
  - Solution Number  638
  - Solution Number  366
  - Solution Number  463
  - Solution Number  668
  - Solution Number  678
  - Solution Number  695
  - Solution Number  697
  - Solution Number  703
  - Solution Number  714
  - Solution Number  732
Front 1  has 23  members in it.
Front 2  has 24  members in it.
Front 3  has 9  members in it.
Front 4  has 6  members in it.
Front 5  has 8  members in it.
Front 6  has 4  members in it.
Front 7  has 4  members in it.
Front 8  has 3  members in it.


*******************************************************************************
                          2017-01-11 18:02:24.177313
