                          2017-01-11 18:01:55.145292
*******************************************************************************

     This output file records the optimization of a bin packing problem

     with  24  items to pack. The optimization is terminated after

      750  fitness function evaluations.


*******************************************************************************

     Method:  NSGA-II
     data:  TimeDependent/NSGA-II/Cookies24/Experiment01/Cookies24.txt
Generation  1 : 

Gen. Member  Solution ID     f[1] (B)    f[2] (W)        f[3] (s)
------------------------------------------------------------------
          0            3            5       19.76          5701.0
          1           26            4       24.35          5751.8
          2           30            6       16.85          5935.1
          3            4            5       15.86          5788.2
          4           50            4       24.89          6059.2
          5           51            6       15.35          5729.8
          6           52            4       22.88          5875.8
          7           53            4       21.83          5947.4
          8           54            4       22.50          6032.0
          9           55            5       19.19          6066.9
         10           56            4       18.51          5792.0
         11           57            5       14.54          5919.7
         12           58            4       29.19          5951.1
         13           59            4       26.65          6100.0
         14           60            4       20.31          5919.7
         15           61            4       20.87          5864.6
         16           62            5       19.33          5935.1
         17           63            4       24.77          6119.7
         18           64            5       21.46          5809.8
         19           65            4       27.12          5921.4
         20           66            5       19.24          6050.0
         21           67            5       19.62          6023.7
         22           68            4       19.40          5927.9
         23           69            5       21.82          6033.0
         24           70            5       20.41          5948.2
         25           71            5       20.44          6059.2
         26           72            4       22.87          6057.3
         27           73            6       16.12          6074.8
         28           74            5       19.07          5711.1
         29           75            6       17.55          5942.4
         30           76            4       23.43          5940.5
         31           77            4       26.39          6032.0
         32           78            5       19.30          5965.0
         33           79            6       12.88          6005.4
         34           80            6       15.15          5945.1
         35           81            4       23.04          5642.1
         36           82            4       23.98          6009.9
         37           83            4       28.46          5921.4
         38           84            5       23.11          5921.4
         39           85            4       23.95          5784.7
         40           86            6       16.26          5973.1
         41           87            4       27.45          5921.4
         42           88            5       18.82          6066.9
         43           89            4       24.35          6105.1
         44           90            6       15.92          6097.9
         45           91            4       24.52          5945.0
         46           92            4       28.09          5921.4
         47           93            4       25.06          6014.1
         48           94            4       26.28          5890.1
         49           95            4       18.56          5801.7

There are currently  6 solutions in the Pareto Set:
  - Solution Number  0
  - Solution Number  4
  - Solution Number  22
  - Solution Number  35
  - Solution Number  38
  - Solution Number  42
Front 1  has 9  members in it.
Front 2  has 7  members in it.
Front 3  has 7  members in it.
Front 4  has 4  members in it.
Front 5  has 5  members in it.
Front 6  has 4  members in it.
Front 7  has 3  members in it.
Front 8  has 2  members in it.
Front 9  has 1  members in it.
Front 10  has 1  members in it.
Front 11  has 1  members in it.


Generation  2 : 

Gen. Member  Solution ID     f[1] (B)    f[2] (W)        f[3] (s)
------------------------------------------------------------------
          0            0            7       13.83          5729.8
          1           53            4       21.83          5947.4
          2           96            4       24.84          5921.4
          3           97            4       26.65          5928.9
          4           98            6       14.62          6132.3
          5           99            5       20.37          6119.7
          6          100            6       18.58          6110.6
          7          101            6       16.12          6050.2
          8          102            5       18.26          6067.9
          9          103            4       23.21          5921.4
         10          104            5       14.43          5864.6
         11          105            4       24.20          5946.2
         12          106            5       19.77          5809.8
         13          107            4       25.00          5872.0
         14          108            6       15.38          5768.0
         15          109            4       30.71          5921.4
         16          110            4       20.83          5921.4
         17          111            6       16.10          5934.6
         18          112            4       24.19          5949.9
         19          113            4       25.91          6051.1
         20          114            4       22.43          6132.3
         21          115            4       24.85          6023.3
         22          116            5       18.16          5953.2
         23          117            4       26.24          5948.2
         24          118            6       15.79          5945.1
         25          119            4       25.96          5921.4
         26          120            4       19.88          5826.6
         27          121            3       29.75          5847.0
         28          122            4       20.47          5926.3
         29          123            4       21.89          5953.2
         30          124            5       20.31          6064.7
         31          125            4       18.77          5850.9
         32          126            3       30.82          6000.3
         33          127            6       13.54          5826.8
         34          128            4       27.51          5921.4
         35          129            4       25.22          5942.4
         36          130            5       18.03          6130.4
         37          131            4       27.26          5921.4
         38          132            4       18.98          6064.7
         39          133            4       22.33          6001.7
         40          134            4       27.49          6033.0
         41          135            6       13.42          5819.1
         42          136            4       22.71          5921.4
         43          137            4       25.06          6103.4
         44          138            4       17.34          5890.9
         45          139            5       19.44          5754.4
         46          140            4       27.99          5890.1
         47          141            5       17.07          5701.0
         48          142            4       23.81          5875.5
         49          143            5       15.15          5671.7

There are currently  9 solutions in the Pareto Set:
  - Solution Number  0
  - Solution Number  22
  - Solution Number  42
  - Solution Number  4
  - Solution Number  51
  - Solution Number  56
  - Solution Number  57
  - Solution Number  79
  - Solution Number  81
Front 1  has 8  members in it.
Front 2  has 12  members in it.
Front 3  has 14  members in it.
Front 4  has 13  members in it.
Front 5  has 10  members in it.
Front 6  has 6  members in it.
Front 7  has 5  members in it.
Front 8  has 4  members in it.
Front 9  has 5  members in it.
Front 10  has 2  members in it.
Front 11  has 2  members in it.
Front 12  has 3  members in it.
Front 13  has 2  members in it.
Front 14  has 1  members in it.


Generation  3 : 

Gen. Member  Solution ID     f[1] (B)    f[2] (W)        f[3] (s)
------------------------------------------------------------------
          0           61            4       20.87          5864.6
          1            0            7       13.83          5729.8
          2          126            3       30.82          6000.3
          3          144            4       26.26          5972.3
          4          145            4       23.83          6119.7
          5          146            4       23.44          6069.2
          6          147            4       17.30          5819.1
          7          148            4       25.14          5921.4
          8          149            5       15.19          5850.8
          9          150            4       20.09          5737.5
         10          151            4       22.59          6051.1
         11          152            6       12.34          5856.1
         12          153            4       19.61          5920.0
         13          154            4       19.19          5810.3
         14          155            4       23.65          6139.5
         15          156            4       21.79          5894.0
         16          157            4       22.81          5996.4
         17          158            5       15.47          5732.0
         18          159            4       19.33          5916.7
         19          160            4       21.32          5779.2
         20          161            4       26.29          5921.4
         21          162            4       21.25          5921.4
         22          163            4       25.55          5921.4
         23          164            4       23.55          5921.4
         24          165            5       16.46          5803.9
         25          166            4       27.50          5921.4
         26          167            4       26.93          5921.4
         27          168            4       24.15          5784.7
         28          169            6       14.11          6005.4
         29          170            5       20.41          6056.5
         30          171            4       23.08          5921.4
         31          172            4       22.48          5985.1
         32          173            4       25.52          6033.0
         33          174            3       30.76          6000.3
         34          175            4       23.30          6067.9
         35          176            4       25.18          5921.4
         36          177            5       18.30          6148.8
         37          178            4       22.86          5992.8
         38          179            4       20.40          5785.6
         39          180            4       17.76          5782.1
         40          181            5       16.34          5881.5
         41          182            4       18.14          5936.2
         42          183            4       24.70          6103.8
         43          184            4       23.91          6119.7
         44          185            4       22.38          6137.5
         45          186            4       25.95          6032.0
         46          187            4       26.45          6021.3
         47          188            4       19.72          5854.4
         48          189            4       20.12          5649.6
         49          190            4       22.14          5990.7

There are currently  11 solutions in the Pareto Set:
  - Solution Number  22
  - Solution Number  42
  - Solution Number  56
  - Solution Number  79
  - Solution Number  81
  - Solution Number  0
  - Solution Number  104
  - Solution Number  121
  - Solution Number  135
  - Solution Number  138
  - Solution Number  143
Front 1  has 9  members in it.
Front 2  has 10  members in it.
Front 3  has 15  members in it.
Front 4  has 12  members in it.
Front 5  has 14  members in it.
Front 6  has 9  members in it.
Front 7  has 6  members in it.
Front 8  has 5  members in it.
Front 9  has 5  members in it.
Front 10  has 2  members in it.
Front 11  has 1  members in it.


Generation  4 : 

Gen. Member  Solution ID     f[1] (B)    f[2] (W)        f[3] (s)
------------------------------------------------------------------
          0          121            3       29.75          5847.0
          1          181            5       16.34          5881.5
          2           34            7       14.48          6102.5
          3          138            4       17.34          5890.9
          4          141            5       17.07          5701.0
          5          104            5       14.43          5864.6
          6          121            3       29.75          5847.0
          7           80            6       15.15          5945.1
          8          191            4       20.16          5769.1
          9          192            4       23.45          5946.9
         10          193            5       17.74          5883.4
         11          194            6       15.23          5809.8
         12          195            4       20.63          5872.8
         13          196            4       18.37          5801.7
         14          197            4       20.01          6114.2
         15          198            4       22.84          6092.0
         16          199            4       27.70          6040.3
         17          200            4       20.79          5968.6
         18          201            4       20.18          5776.6
         19          202            7       13.24          5932.0
         20          203            4       20.68          5842.0
         21          204            3       26.66          6066.9
         22          205            4       22.21          6087.9
         23          206            4       21.59          5848.6
         24          207            4       20.26          6056.3
         25          208            4       17.53          5813.9
         26          209            4       23.38          6074.8
         27          210            4       17.99          6076.5
         28          211            6       12.55          5900.0
         29          212            4       20.77          5937.3
         30          213            5       16.13          5819.1
         31          214            5       18.84          6067.9
         32          215            4       20.44          5807.6
         33          216            4       19.63          5928.9
         34          217            4       20.75          5924.7
         35          218            4       22.76          5784.7
         36          219            4       21.98          6101.9
         37          220            3       26.50          5933.8
         38          221            4       21.46          5863.7
         39          222            4       23.66          6121.0
         40          223            4       23.55          5826.8
         41          224            4       19.99          6075.5
         42          225            4       22.39          5920.0
         43          226            5       18.18          5964.2
         44          227            4       21.20          5988.8
         45          228            6       12.22          5987.1
         46          229            4       17.40          5919.7
         47          230            4       19.35          5766.9
         48          231            5       18.15          5955.3
         49          232            4       19.01          5814.6

There are currently  12 solutions in the Pareto Set:
  - Solution Number  22
  - Solution Number  81
  - Solution Number  104
  - Solution Number  121
  - Solution Number  135
  - Solution Number  143
  - Solution Number  0
  - Solution Number  147
  - Solution Number  150
  - Solution Number  152
  - Solution Number  180
  - Solution Number  189
Front 1  has 13  members in it.
Front 2  has 11  members in it.
Front 3  has 12  members in it.
Front 4  has 9  members in it.
Front 5  has 11  members in it.
Front 6  has 5  members in it.
Front 7  has 1  members in it.
Front 8  has 3  members in it.
Front 9  has 5  members in it.
Front 10  has 2  members in it.
Front 11  has 2  members in it.
Front 12  has 6  members in it.
Front 13  has 3  members in it.
Front 14  has 2  members in it.
Front 15  has 1  members in it.


Generation  5 : 

Gen. Member  Solution ID     f[1] (B)    f[2] (W)        f[3] (s)
------------------------------------------------------------------
          0          127            6       13.54          5826.8
          1           42            4       22.62          5720.9
          2          121            3       29.75          5847.0
          3          126            3       30.82          6000.3
          4          233            4       19.01          5878.0
          5          234            4       19.07          5801.3
          6          235            6       16.17          5883.0
          7          236            4       21.41          5869.9
          8          237            6       12.73          6049.2
          9          238            5       16.16          5987.1
         10          239            4       29.87          5921.4
         11          240            6       13.98          5939.1
         12          241            4       18.52          5852.5
         13          242            4       23.18          5921.4
         14          243            3       26.80          5761.8
         15          244            4       20.44          5821.3
         16          245            5       16.45          5914.8
         17          246            4       25.75          5841.7
         18          247            5       16.85          5864.6
         19          248            4       19.81          5813.9
         20          249            4       23.58          6032.0
         21          250            4       19.62          5819.7
         22          251            4       19.25          5738.7
         23          252            4       21.08          5847.8
         24          253            4       20.73          5953.8
         25          254            4       23.99          6103.8
         26          255            4       23.64          5921.4
         27          256            4       19.03          5918.7
         28          257            5       18.07          5971.0
         29          258            4       19.07          5921.4
         30          259            4       21.08          5868.7
         31          260            6       12.96          5968.6
         32          261            4       27.86          6049.1
         33          262            4       19.97          5796.2
         34          263            4       20.95          5797.8
         35          264            4       19.90          5806.9
         36          265            4       17.12          5850.9
         37          266            3       25.25          5842.9
         38          267            3       27.11          5931.7
         39          268            6       11.81          5856.1
         40          269            4       21.51          5856.1
         41          270            4       23.67          6090.3
         42          271            4       18.12          5843.4
         43          272            4       22.19          6064.0
         44          273            4       20.72          5982.8
         45          274            6       12.51          5987.1
         46          275            3       26.32          5827.5
         47          276            4       21.73          5842.9
         48          277            5       19.67          6051.1
         49          278            3       30.25          5800.3

There are currently  16 solutions in the Pareto Set:
  - Solution Number  22
  - Solution Number  81
  - Solution Number  135
  - Solution Number  143
  - Solution Number  0
  - Solution Number  147
  - Solution Number  150
  - Solution Number  152
  - Solution Number  180
  - Solution Number  189
  - Solution Number  104
  - Solution Number  121
  - Solution Number  208
  - Solution Number  220
  - Solution Number  228
  - Solution Number  230
Front 1  has 15  members in it.
Front 2  has 12  members in it.
Front 3  has 14  members in it.
Front 4  has 10  members in it.
Front 5  has 8  members in it.
Front 6  has 6  members in it.
Front 7  has 3  members in it.
Front 8  has 3  members in it.
Front 9  has 1  members in it.
Front 10  has 4  members in it.
Front 11  has 1  members in it.
Front 12  has 1  members in it.


Generation  6 : 

Gen. Member  Solution ID     f[1] (B)    f[2] (W)        f[3] (s)
------------------------------------------------------------------
          0          104            5       14.43          5864.6
          1           81            4       23.04          5642.1
          2          279            3       22.03          6032.8
          3          280            4       17.07          5958.6
          4          281            4       19.63          5997.3
          5          282            4       23.58          5821.1
          6          283            4       19.27          5763.3
          7          284            4       21.62          5787.6
          8          285            4       20.33          5998.4
          9          286            4       21.22          5852.5
         10          287            4       27.32          6049.6
         11          288            4       21.72          5856.1
         12          289            4       26.27          6112.3
         13          290            5       18.89          5809.8
         14          291            4       23.14          5921.4
         15          292            4       24.01          6050.2
         16          293            4       18.29          5850.8
         17          294            5       16.19          5819.1
         18          295            4       22.41          6020.7
         19          296            6       10.45          5856.1
         20          297            5       22.58          5861.2
         21          298            4       17.47          5861.5
         22          299            4       21.05          5795.2
         23          300            4       24.13          5864.9
         24          301            4       22.51          5813.9
         25          302            3       22.79          6086.2
         26          303            4       22.95          6137.5
         27          304            4       20.15          5945.9
         28          305            4       20.76          5876.8
         29          306            6       11.96          5850.3
         30          307            6       12.93          5791.4
         31          308            4       23.52          6088.4
         32          309            4       22.51          5976.4
         33          310            4       19.79          5745.4
         34          311            7       12.67          5770.0
         35          312            4       23.68          6057.7
         36          313            5       20.44          6066.9
         37          314            4       23.86          5809.8
         38          315            4       17.08          5987.1
         39          316            6       12.48          6009.4
         40          317            4       24.63          5842.9
         41          318            3       21.84          6089.8
         42          319            4       19.29          5919.7
         43          320            4       17.75          5719.2
         44          321            4       25.04          6001.0
         45          322            5       19.76          5958.9
         46          323            4       20.11          5800.8
         47          324            3       30.64          6032.6
         48          325            6       12.93          5745.4
         49          326            4       24.16          6009.9

There are currently  17 solutions in the Pareto Set:
  - Solution Number  22
  - Solution Number  81
  - Solution Number  135
  - Solution Number  143
  - Solution Number  0
  - Solution Number  147
  - Solution Number  150
  - Solution Number  180
  - Solution Number  189
  - Solution Number  104
  - Solution Number  208
  - Solution Number  243
  - Solution Number  251
  - Solution Number  265
  - Solution Number  266
  - Solution Number  268
  - Solution Number  275
Front 1  has 19  members in it.
Front 2  has 16  members in it.
Front 3  has 16  members in it.
Front 4  has 9  members in it.
Front 5  has 6  members in it.
Front 6  has 3  members in it.
Front 7  has 4  members in it.
Front 8  has 3  members in it.
Front 9  has 3  members in it.
Front 10  has 1  members in it.


Generation  7 : 

Gen. Member  Solution ID     f[1] (B)    f[2] (W)        f[3] (s)
------------------------------------------------------------------
          0          311            7       12.67          5770.0
          1          268            6       11.81          5856.1
          2          318            3       21.84          6089.8
          3          320            4       17.75          5719.2
          4          327            4       19.11          5852.8
          5          328            5       16.28          5890.9
          6          329            5       15.49          5850.3
          7          330            4       23.26          5958.6
          8          331            4       20.74          5856.1
          9          332            4       20.13          6064.8
         10          333            3       23.92          6023.8
         11          334            6       14.17          5729.8
         12          335            4       25.32          6031.3
         13          336            4       18.74          5838.8
         14          337            4       19.88          6057.3
         15          338            4       27.05          6014.7
         16          339            5       16.90          5780.7
         17          340            4       20.75          5791.4
         18          341            4       23.26          5958.6
         19          342            3       26.57          5968.4
         20          343            4       26.36          6049.6
         21          344            4       22.37          6148.5
         22          345            4       24.98          6148.5
         23          346            4       20.73          5818.8
         24          347            4       17.53          5751.6
         25          348            3       28.70          6058.3
         26          349            3       30.08          5952.6
         27          350            4       23.66          6032.0
         28          351            4       18.49          5844.9
         29          352            6       18.06          6048.2
         30          353            4       24.68          6110.6
         31          354            4       24.29          6018.0
         32          355            4       20.08          5833.0
         33          356            3       25.87          5835.3
         34          357            3       29.47          6062.0
         35          358            3       27.09          5958.9
         36          359            4       19.39          5888.3
         37          360            4       16.61          5890.0
         38          361            3       28.03          6054.1
         39          362            4       20.44          6058.3
         40          363            4       23.99          6066.9
         41          364            5       20.96          5847.0
         42          365            7       10.21          5770.0
         43          366            4       20.24          5780.7
         44          367            3       30.09          5926.6
         45          368            4       21.44          5947.4
         46          369            4       21.56          6092.0
         47          370            4       24.37          5949.3
         48          371            5       16.33          5868.9
         49          372            4       16.57          6057.5

There are currently  20 solutions in the Pareto Set:
  - Solution Number  22
  - Solution Number  143
  - Solution Number  0
  - Solution Number  147
  - Solution Number  189
  - Solution Number  208
  - Solution Number  243
  - Solution Number  265
  - Solution Number  266
  - Solution Number  275
  - Solution Number  104
  - Solution Number  81
  - Solution Number  279
  - Solution Number  280
  - Solution Number  296
  - Solution Number  306
  - Solution Number  311
  - Solution Number  318
  - Solution Number  320
  - Solution Number  325
Front 1  has 19  members in it.
Front 2  has 18  members in it.
Front 3  has 9  members in it.
Front 4  has 4  members in it.
Front 5  has 4  members in it.
Front 6  has 6  members in it.
Front 7  has 3  members in it.
Front 8  has 7  members in it.
Front 9  has 6  members in it.
Front 10  has 2  members in it.


Generation  8 : 

Gen. Member  Solution ID     f[1] (B)    f[2] (W)        f[3] (s)
------------------------------------------------------------------
          0          347            4       17.53          5751.6
          1          104            5       14.43          5864.6
          2          141            5       17.07          5701.0
          3          325            6       12.93          5745.4
          4          320            4       17.75          5719.2
          5          243            3       26.80          5761.8
          6          243            3       26.80          5761.8
          7          373            5       16.78          5856.1
          8          374            4       24.04          5959.7
          9          375            4       17.08          5745.4
         10          376            4       21.41          5830.1
         11          377            5       18.59          5976.4
         12          378            4       19.86          5833.4
         13          379            6       13.69          5880.1
         14          380            4       17.34          5952.7
         15          381            4       17.88          5925.9
         16          382            4       20.45          5933.3
         17          383            4       23.34          6001.1
         18          384            5       18.56          6059.2
         19          385            4       18.17          5805.3
         20          386            4       19.90          6092.0
         21          387            4       24.59          6102.5
         22          388            5       18.08          6051.1
         23          389            4       24.14          6064.8
         24          390            4       20.00          5884.0
         25          391            4       28.78          5921.4
         26          392            3       27.68          5750.6
         27          393            3       20.95          6110.6
         28          394            3       27.20          6051.1
         29          395            4       21.02          6137.5
         30          396            5       17.89          5884.7
         31          397            5       16.71          5864.6
         32          398            4       16.73          5958.6
         33          399            4       19.01          5862.7
         34          400            4       19.64          5771.0
         35          401            3       21.83          6061.9
         36          402            3       25.67          6061.5
         37          403            5       16.78          5856.1
         38          404            5       16.77          5939.0
         39          405            3       28.12          6061.5
         40          406            4       20.86          5830.2
         41          407            3       26.15          6028.9
         42          408            3       24.47          6051.1
         43          409            5       22.06          6014.7
         44          410            5       19.81          5913.6
         45          411            4       20.89          5783.6
         46          412            4       22.59          5964.2
         47          413            4       21.65          5946.9
         48          414            4       20.81          5737.1
         49          415            3       23.46          6089.8

There are currently  24 solutions in the Pareto Set:
  - Solution Number  22
  - Solution Number  143
  - Solution Number  0
  - Solution Number  147
  - Solution Number  189
  - Solution Number  243
  - Solution Number  265
  - Solution Number  266
  - Solution Number  275
  - Solution Number  104
  - Solution Number  81
  - Solution Number  279
  - Solution Number  296
  - Solution Number  306
  - Solution Number  325
  - Solution Number  318
  - Solution Number  320
  - Solution Number  333
  - Solution Number  334
  - Solution Number  347
  - Solution Number  356
  - Solution Number  360
  - Solution Number  365
  - Solution Number  372
Front 1  has 21  members in it.
Front 2  has 17  members in it.
Front 3  has 9  members in it.
Front 4  has 5  members in it.
Front 5  has 4  members in it.
Front 6  has 3  members in it.
Front 7  has 4  members in it.
Front 8  has 4  members in it.
Front 9  has 2  members in it.
Front 10  has 2  members in it.
Front 11  has 1  members in it.


Generation  9 : 

Gen. Member  Solution ID     f[1] (B)    f[2] (W)        f[3] (s)
------------------------------------------------------------------
          0          318            3       21.84          6089.8
          1          266            3       25.25          5842.9
          2          302            3       22.79          6086.2
          3          401            3       21.83          6061.9
          4          416            3       29.72          5756.0
          5          417            6       16.40          5927.6
          6          418            5       14.88          5799.2
          7          419            4       27.02          5961.0
          8          420            4       22.51          5796.1
          9          421            4       21.54          6067.9
         10          422            3       25.88          6129.4
         11          423            4       23.09          6051.1
         12          424            3       20.92          6139.5
         13          425            4       16.85          5809.7
         14          426            3       24.77          5899.8
         15          427            3       27.00          5853.7
         16          428            4       22.84          5832.3
         17          429            5       20.24          5895.5
         18          430            3       27.35          5928.9
         19          431            4       21.07          5819.1
         20          432            5       23.01          5921.4
         21          433            4       24.89          6023.3
         22          434            4       20.87          5739.5
         23          435            5       19.80          5891.5
         24          436            4       23.43          6103.4
         25          437            5       18.41          5928.9
         26          438            4       23.81          5928.9
         27          439            3       29.39          6014.7
         28          440            6       10.06          5830.8
         29          441            4       19.05          5849.8
         30          442            4       20.99          5874.4
         31          443            4       24.97          5921.4
         32          444            4       21.39          5830.9
         33          445            3       29.68          6072.4
         34          446            4       18.62          5744.6
         35          447            4       17.96          5863.4
         36          448            6       15.42          6005.4
         37          449            5       17.59          5844.7
         38          450            3       25.68          6137.5
         39          451            4       17.92          5833.4
         40          452            5       20.74          5842.9
         41          453            4       22.02          6110.6
         42          454            4       18.72          5787.4
         43          455            4       20.61          5864.6
         44          456            4       19.18          5812.8
         45          457            4       18.23          5751.6
         46          458            3       20.59          6110.6
         47          459            3       31.29          5817.2
         48          460            3       21.14          6103.8
         49          461            4       18.93          5821.6

There are currently  24 solutions in the Pareto Set:
  - Solution Number  22
  - Solution Number  143
  - Solution Number  0
  - Solution Number  189
  - Solution Number  266
  - Solution Number  275
  - Solution Number  81
  - Solution Number  279
  - Solution Number  296
  - Solution Number  306
  - Solution Number  333
  - Solution Number  334
  - Solution Number  356
  - Solution Number  360
  - Solution Number  365
  - Solution Number  372
  - Solution Number  104
  - Solution Number  325
  - Solution Number  320
  - Solution Number  243
  - Solution Number  375
  - Solution Number  392
  - Solution Number  393
  - Solution Number  401
Front 1  has 24  members in it.
Front 2  has 15  members in it.
Front 3  has 9  members in it.
Front 4  has 7  members in it.
Front 5  has 4  members in it.
Front 6  has 2  members in it.
Front 7  has 2  members in it.
Front 8  has 3  members in it.
Front 9  has 1  members in it.
Front 10  has 1  members in it.
Front 11  has 1  members in it.


Generation  10 : 

Gen. Member  Solution ID     f[1] (B)    f[2] (W)        f[3] (s)
------------------------------------------------------------------
          0          275            3       26.32          5827.5
          1          401            3       21.83          6061.9
          2          320            4       17.75          5719.2
          3          401            3       21.83          6061.9
          4          462            4       17.44          6000.7
          5          463            6       12.22          5875.8
          6          464            3       20.83          6139.5
          7          465            4       19.41          6029.8
          8          466            4       16.90          6003.7
          9          467            4       17.31          5829.8
         10          468            4       24.55          5958.6
         11          469            4       23.63          5946.9
         12          470            5       20.53          5895.5
         13          471            4       23.57          6021.3
         14          472            4       25.50          6025.3
         15          473            4       20.22          5887.0
         16          474            6       12.55          5997.1
         17          475            5       18.60          6058.4
         18          476            3       28.79          6029.0
         19          477            4       23.71          5976.6
         20          478            4       19.03          5836.4
         21          479            3       21.90          6094.0
         22          480            3       27.32          5937.5
         23          481            3       24.41          6132.3
         24          482            4       24.75          5937.7
         25          483            4       29.16          6033.0
         26          484            5       20.38          6094.0
         27          485            3       27.45          5780.4
         28          486            4       17.58          5714.0
         29          487            6       13.49          5882.2
         30          488            3       22.70          5945.0
         31          489            4       20.63          5922.7
         32          490            3       26.84          5828.9
         33          491            4       16.18          5983.1
         34          492            4       16.32          5983.1
         35          493            3       24.52          6139.5
         36          494            6       12.00          5770.0
         37          495            5       20.89          5785.0
         38          496            4       25.71          6100.0
         39          497            5       15.26          5817.6
         40          498            5       20.01          6101.7
         41          499            5       15.35          5967.2
         42          500            4       23.96          5728.1
         43          501            7       12.79          5729.8
         44          502            4       30.40          5921.4
         45          503            4       18.67          5790.4
         46          504            3       26.26          6146.6
         47          505            3       21.27          6089.5
         48          506            4       21.68          6009.6
         49          507            5       14.74          5848.1

There are currently  27 solutions in the Pareto Set:
  - Solution Number  22
  - Solution Number  143
  - Solution Number  0
  - Solution Number  189
  - Solution Number  275
  - Solution Number  81
  - Solution Number  279
  - Solution Number  333
  - Solution Number  334
  - Solution Number  356
  - Solution Number  360
  - Solution Number  365
  - Solution Number  372
  - Solution Number  104
  - Solution Number  325
  - Solution Number  320
  - Solution Number  243
  - Solution Number  375
  - Solution Number  392
  - Solution Number  266
  - Solution Number  401
  - Solution Number  418
  - Solution Number  425
  - Solution Number  426
  - Solution Number  440
  - Solution Number  458
  - Solution Number  460
Front 1  has 27  members in it.
Front 2  has 11  members in it.
Front 3  has 7  members in it.
Front 4  has 6  members in it.
Front 5  has 3  members in it.
Front 6  has 3  members in it.
Front 7  has 3  members in it.
Front 8  has 5  members in it.
Front 9  has 4  members in it.


Generation  11 : 

Gen. Member  Solution ID     f[1] (B)    f[2] (W)        f[3] (s)
------------------------------------------------------------------
          0          416            3       29.72          5756.0
          1            0            7       13.83          5729.8
          2          501            7       12.79          5729.8
          3          375            4       17.08          5745.4
          4          464            3       20.83          6139.5
          5           22            5       17.53          5627.7
          6            0            7       13.83          5729.8
          7          501            7       12.79          5729.8
          8          141            5       17.07          5701.0
          9          508            4       21.47          5830.1
         10          509            3       27.99          5760.1
         11          510            4       18.39          5772.4
         12          511            6       17.09          6110.6
         13          512            6       13.37          5891.5
         14          513            5       17.63          6003.3
         15          514            3       26.13          6114.2
         16          515            3       21.82          6061.9
         17          516            6       15.53          6048.2
         18          517            3       28.27          5700.5
         19          518            4       25.04          6039.5
         20          519            6       16.13          6052.4
         21          520            3       24.65          6164.9
         22          521            3       26.35          6073.4
         23          522            6       12.45          5833.4
         24          523            4       20.54          5881.8
         25          524            5       19.55          6109.1
         26          525            4       24.79          6023.3
         27          526            4       23.66          5953.2
         28          527            4       22.72          5981.1
         29          528            4       18.35          5794.1
         30          529            4       24.22          5918.0
         31          530            4       16.32          5977.4
         32          531            4       16.81          6002.7
         33          532            4       23.80          5964.7
         34          533            5       19.37          6148.5
         35          534            3       26.02          5818.1
         36          535            4       19.10          5839.8
         37          536            4       16.59          5972.6
         38          537            3       22.99          5874.8
         39          538            4       20.58          5802.7
         40          539            3       35.82          6147.8
         41          540            3       25.83          6023.3
         42          541            4       17.96          5860.5
         43          542            6       14.94          6114.2
         44          543            4       24.74          6044.5
         45          544            4       20.48          5816.2
         46          545            4       24.14          5846.8
         47          546            4       20.16          5961.0
         48          547            5       12.92          5723.8
         49          548            3       22.96          6110.6

There are currently  30 solutions in the Pareto Set:
  - Solution Number  22
  - Solution Number  143
  - Solution Number  189
  - Solution Number  81
  - Solution Number  279
  - Solution Number  334
  - Solution Number  356
  - Solution Number  360
  - Solution Number  365
  - Solution Number  104
  - Solution Number  325
  - Solution Number  243
  - Solution Number  375
  - Solution Number  392
  - Solution Number  266
  - Solution Number  418
  - Solution Number  425
  - Solution Number  426
  - Solution Number  440
  - Solution Number  458
  - Solution Number  460
  - Solution Number  275
  - Solution Number  401
  - Solution Number  486
  - Solution Number  488
  - Solution Number  491
  - Solution Number  494
  - Solution Number  501
  - Solution Number  505
  - Solution Number  507
Front 1  has 25  members in it.
Front 2  has 12  members in it.
Front 3  has 8  members in it.
Front 4  has 4  members in it.
Front 5  has 3  members in it.
Front 6  has 5  members in it.
Front 7  has 3  members in it.
Front 8  has 3  members in it.
Front 9  has 1  members in it.
Front 10  has 2  members in it.


Generation  12 : 

Gen. Member  Solution ID     f[1] (B)    f[2] (W)        f[3] (s)
------------------------------------------------------------------
          0          517            3       28.27          5700.5
          1          547            5       12.92          5723.8
          2          491            4       16.18          5983.1
          3          266            3       25.25          5842.9
          4          537            3       22.99          5874.8
          5          549            4       18.25          5873.1
          6          550            3       25.26          5904.5
          7          551            4       19.37          6103.8
          8          552            4       23.45          6081.3
          9          553            4       21.90          5962.0
         10          554            3       26.42          5832.7
         11          555            4       23.39          5949.9
         12          556            4       17.91          5846.5
         13          557            4       20.49          5749.6
         14          558            4       19.91          5829.8
         15          559            4       16.53          6110.6
         16          560            5       17.79          6118.1
         17          561            6       16.57          6030.2
         18          562            6       13.23          5902.3
         19          563            5       17.85          5945.9
         20          564            3       27.55          5736.0
         21          565            5       16.92          5766.6
         22          566            4       18.52          5878.3
         23          567            3       30.17          6137.5
         24          568            4       16.36          5917.6
         25          569            3       25.70          5864.6
         26          570            4       17.80          6017.6
         27          571            4       16.18          5983.1
         28          572            3       19.40          6108.9
         29          573            3       23.82          5855.9
         30          574            6       12.77          6005.4
         31          575            6       15.64          5836.5
         32          576            4       20.45          5760.5
         33          577            5       20.76          5958.6
         34          578            4       16.46          5804.9
         35          579            4       24.49          6069.2
         36          580            5       17.03          5861.0
         37          581            4       22.05          6108.9
         38          582            4       24.07          5928.9
         39          583            4       23.71          5947.9
         40          584            4       20.32          5973.9
         41          585            3       26.36          6061.0
         42          586            4       19.82          5776.4
         43          587            4       20.84          5916.7
         44          588            4       18.08          5985.8
         45          589            3       26.47          6130.4
         46          590            5       22.12          5961.0
         47          591            3       32.10          6148.8
         48          592            3       27.37          5867.9
         49          593            4       20.74          5765.0

There are currently  29 solutions in the Pareto Set:
  - Solution Number  143
  - Solution Number  189
  - Solution Number  81
  - Solution Number  279
  - Solution Number  356
  - Solution Number  360
  - Solution Number  365
  - Solution Number  243
  - Solution Number  392
  - Solution Number  266
  - Solution Number  425
  - Solution Number  440
  - Solution Number  458
  - Solution Number  460
  - Solution Number  486
  - Solution Number  488
  - Solution Number  491
  - Solution Number  494
  - Solution Number  505
  - Solution Number  375
  - Solution Number  22
  - Solution Number  501
  - Solution Number  515
  - Solution Number  517
  - Solution Number  530
  - Solution Number  534
  - Solution Number  536
  - Solution Number  537
  - Solution Number  547
Front 1  has 23  members in it.
Front 2  has 12  members in it.
Front 3  has 7  members in it.
Front 4  has 9  members in it.
Front 5  has 5  members in it.
Front 6  has 3  members in it.
Front 7  has 2  members in it.
Front 8  has 1  members in it.


Generation  13 : 

Gen. Member  Solution ID     f[1] (B)    f[2] (W)        f[3] (s)
------------------------------------------------------------------
          0          488            3       22.70          5945.0
          1          486            4       17.58          5714.0
          2          458            3       20.59          6110.6
          3          494            6       12.00          5770.0
          4           22            5       17.53          5627.7
          5          141            5       17.07          5701.0
          6          501            7       12.79          5729.8
          7          143            5       15.15          5671.7
          8          501            7       12.79          5729.8
          9          594            4       23.33          6121.0
         10          595            3       26.64          5835.2
         11          596            5       14.39          5972.6
         12          597            4       24.45          5934.3
         13          598            3       26.13          6110.6
         14          599            3       26.50          5821.4
         15          600            4       18.49          5812.2
         16          601            4       20.32          5798.8
         17          602            3       28.26          5758.6
         18          603            4       21.58          5766.5
         19          604            3       27.16          5698.4
         20          605            4       16.09          5777.9
         21          606            4       26.58          5961.0
         22          607            4       25.29          5809.8
         23          608            3       26.15          5905.4
         24          609            4       23.29          6021.3
         25          610            5       19.56          5937.7
         26          611            4       26.20          6132.3
         27          612            4       19.26          5659.2
         28          613            3       26.10          5948.7
         29          614            4       20.99          6106.7
         30          615            4       23.48          6092.0
         31          616            4       22.55          5972.7
         32          617            6       11.02          5695.3
         33          618            5       19.09          6000.2
         34          619            4       16.34          6080.2
         35          620            4       21.22          6001.1
         36          621            4       20.82          5818.8
         37          622            4       18.16          5953.2
         38          623            4       21.68          5863.4
         39          624            5       19.01          5938.6
         40          625            3       27.08          5793.1
         41          626            4       17.58          5849.6
         42          627            3       25.43          5894.8
         43          628            4       19.88          5797.9
         44          629            4       19.03          5962.9
         45          630            3       25.47          5930.2
         46          631            4       20.02          6130.4
         47          632            5       17.57          5983.0
         48          633            4       23.57          6002.7
         49          634            3       25.91          6148.8

There are currently  30 solutions in the Pareto Set:
  - Solution Number  143
  - Solution Number  189
  - Solution Number  81
  - Solution Number  279
  - Solution Number  356
  - Solution Number  365
  - Solution Number  243
  - Solution Number  440
  - Solution Number  460
  - Solution Number  486
  - Solution Number  488
  - Solution Number  494
  - Solution Number  505
  - Solution Number  375
  - Solution Number  22
  - Solution Number  501
  - Solution Number  515
  - Solution Number  530
  - Solution Number  534
  - Solution Number  517
  - Solution Number  547
  - Solution Number  491
  - Solution Number  266
  - Solution Number  537
  - Solution Number  564
  - Solution Number  568
  - Solution Number  571
  - Solution Number  572
  - Solution Number  573
  - Solution Number  578
Front 1  has 23  members in it.
Front 2  has 16  members in it.
Front 3  has 10  members in it.
Front 4  has 2  members in it.
Front 5  has 5  members in it.
Front 6  has 6  members in it.
Front 7  has 3  members in it.


Generation  14 : 

Gen. Member  Solution ID     f[1] (B)    f[2] (W)        f[3] (s)
------------------------------------------------------------------
          0          143            5       15.15          5671.7
          1          426            3       24.77          5899.8
          2          501            7       12.79          5729.8
          3          547            5       12.92          5723.8
          4          605            4       16.09          5777.9
          5          279            3       22.03          6032.8
          6          460            3       21.14          6103.8
          7          635            3       28.78          6087.9
          8          636            3       21.09          6087.9
          9          637            4       21.17          5799.2
         10          638            4       21.04          5819.8
         11          639            4       18.10          5826.4
         12          640            4       17.47          6022.9
         13          641            4       20.00          5896.0
         14          642            5       23.34          6021.3
         15          643            3       22.21          6032.8
         16          644            4       19.77          5869.5
         17          645            5       18.40          5972.6
         18          646            4       17.62          5776.4
         19          647            3       22.12          6164.9
         20          648            3       20.74          6164.9
         21          649            3       20.43          6137.5
         22          650            3       21.48          6110.6
         23          651            4       19.14          5780.6
         24          652            3       29.29          6098.5
         25          653            4       20.30          5772.0
         26          654            4       20.77          5837.2
         27          655            4       23.47          6113.3
         28          656            3       26.71          5886.7
         29          657            4       17.13          5814.7
         30          658            4       19.69          5714.0
         31          659            3       24.13          6027.0
         32          660            3       19.21          6108.9
         33          661            3       21.75          6103.8
         34          662            4       16.60          5919.5
         35          663            3       27.43          5949.3
         36          664            3       27.73          5730.9
         37          665            3       26.20          5797.5
         38          666            3       21.47          5993.5
         39          667            4       21.88          6032.0
         40          668            3       27.03          5860.9
         41          669            3       27.83          6148.5
         42          670            4       20.40          5938.8
         43          671            4       24.84          5921.4
         44          672            4       27.24          6023.3
         45          673            4       22.01          6101.7
         46          674            4       16.02          6002.7
         47          675            3       21.49          6034.5
         48          676            3       26.53          5761.8
         49          677            3       24.29          5869.9

There are currently  25 solutions in the Pareto Set:
  - Solution Number  189
  - Solution Number  81
  - Solution Number  279
  - Solution Number  356
  - Solution Number  365
  - Solution Number  243
  - Solution Number  440
  - Solution Number  460
  - Solution Number  505
  - Solution Number  375
  - Solution Number  515
  - Solution Number  534
  - Solution Number  547
  - Solution Number  266
  - Solution Number  537
  - Solution Number  572
  - Solution Number  573
  - Solution Number  488
  - Solution Number  486
  - Solution Number  22
  - Solution Number  143
  - Solution Number  604
  - Solution Number  605
  - Solution Number  612
  - Solution Number  617
Front 1  has 28  members in it.
Front 2  has 12  members in it.
Front 3  has 9  members in it.
Front 4  has 4  members in it.
Front 5  has 5  members in it.
Front 6  has 2  members in it.
Front 7  has 3  members in it.
Front 8  has 2  members in it.
Front 9  has 1  members in it.


Generation  15 : 

Gen. Member  Solution ID     f[1] (B)    f[2] (W)        f[3] (s)
------------------------------------------------------------------
          0          488            3       22.70          5945.0
          1          488            3       22.70          5945.0
          2          488            3       22.70          5945.0
          3          505            3       21.27          6089.5
          4          534            3       26.02          5818.1
          5          572            3       19.40          6108.9
          6          674            4       16.02          6002.7
          7          678            4       19.81          5862.0
          8          679            3       25.75          6114.2
          9          680            3       22.03          6148.5
         10          681            4       13.27          6042.6
         11          682            3       20.95          6105.1
         12          683            3       23.33          5922.1
         13          684            4       19.47          5989.8
         14          685            3       21.17          6156.9
         15          686            4       15.89          5893.9
         16          687            4       24.94          6090.3
         17          688            5       14.70          5825.0
         18          689            4       17.19          5993.7
         19          690            4       20.08          5772.0
         20          691            5       15.46          5691.8
         21          692            4       17.15          5993.7
         22          693            4       22.89          6030.7
         23          694            4       20.03          6102.5
         24          695            4       22.38          5983.5
         25          696            6        9.57          5764.8
         26          697            3       23.35          6048.5
         27          698            4       15.78          6088.4
         28          699            4       22.14          6040.3
         29          700            4       21.78          6022.0
         30          701            4       21.24          6003.4
         31          702            4       20.63          5899.9
         32          703            3       25.18          5788.8
         33          704            4       19.43          5954.4
         34          705            3       19.68          6087.9
         35          706            3       24.72          5834.8
         36          707            4       18.45          5778.7
         37          708            3       32.23          6091.8
         38          709            4       21.28          6002.7
         39          710            4       17.54          5745.4
         40          711            4       22.80          5898.4
         41          712            4       19.90          6046.2
         42          713            4       21.28          5781.6
         43          714            3       22.45          5878.7
         44          715            4       16.27          6002.7
         45          716            4       17.13          5962.5
         46          717            3       28.26          5862.9
         47          718            3       20.74          6157.8
         48          719            3       25.97          6089.5
         49          720            5       13.44          5830.8

There are currently  25 solutions in the Pareto Set:
  - Solution Number  189
  - Solution Number  81
  - Solution Number  356
  - Solution Number  365
  - Solution Number  440
  - Solution Number  375
  - Solution Number  534
  - Solution Number  266
  - Solution Number  537
  - Solution Number  573
  - Solution Number  488
  - Solution Number  486
  - Solution Number  22
  - Solution Number  604
  - Solution Number  612
  - Solution Number  617
  - Solution Number  143
  - Solution Number  547
  - Solution Number  605
  - Solution Number  636
  - Solution Number  660
  - Solution Number  665
  - Solution Number  666
  - Solution Number  674
  - Solution Number  676
Front 1  has 29  members in it.
Front 2  has 17  members in it.
Front 3  has 8  members in it.
Front 4  has 6  members in it.
Front 5  has 2  members in it.
Front 6  has 2  members in it.
Front 7  has 3  members in it.
Front 8  has 1  members in it.
Front 9  has 1  members in it.


Generation  16 : 

Gen. Member  Solution ID     f[1] (B)    f[2] (W)        f[3] (s)
------------------------------------------------------------------
          0          605            4       16.09          5777.9
          1          440            6       10.06          5830.8
          2          681            4       13.27          6042.6
          3          721            4       18.05          5826.6
          4          722            4       19.19          5738.5
          5          723            4       20.99          5826.0
          6          724            4       22.72          6051.1
          7          725            4       19.67          5865.0
          8          726            3       26.33          5812.5
          9          727            3       19.41          6156.9
         10          728            4       18.50          5935.6
         11          729            3       26.94          6073.1
         12          730            4       16.95          5921.4
         13          731            3       27.62          5756.1
         14          732            5       18.50          5955.5
         15          733            4       18.01          5878.3
         16          734            5       16.05          5983.5
         17          735            3       30.08          6002.0
         18          736            4       20.99          5929.1
         19          737            4       14.46          5917.6
         20          738            3       24.14          6089.5
         21          739            4       27.95          5921.4
         22          740            4       21.94          5765.2
         23          741            5       17.75          5824.2
         24          742            4       17.14          5745.4
         25          743            4       15.80          5960.4
         26          744            3       24.32          6001.0
         27          745            3       23.48          6048.5
         28          746            3       25.05          6137.5
         29          747            5       16.88          6052.4
         30          748            3       21.67          6072.0
         31          749            5       14.06          6041.8
         32          750            4       19.14          5921.4
         33          751            4       18.29          5880.7
         34          752            4       21.10          5921.4
         35          753            4       20.75          5905.7
         36          754            3       27.17          5788.0
         37          755            4       19.31          5781.2
         38          756            5       20.73          6041.8
         39          757            4       15.16          6113.3
         40          758            5       19.25          5981.8
         41          759            4       15.91          5967.3
         42          760            4       19.99          5921.4
         43          761            4       19.20          5956.7
         44          762            4       19.41          5967.5
         45          763            3       27.22          6120.4
         46          764            5       18.13          5938.6
         47          765            3       21.50          6148.5
         48          766            4       16.75          5990.8
         49          767            3       18.19          6063.1

There are currently  23 solutions in the Pareto Set:
  - Solution Number  189
  - Solution Number  81
  - Solution Number  375
  - Solution Number  537
  - Solution Number  573
  - Solution Number  486
  - Solution Number  22
  - Solution Number  604
  - Solution Number  612
  - Solution Number  617
  - Solution Number  143
  - Solution Number  547
  - Solution Number  605
  - Solution Number  660
  - Solution Number  666
  - Solution Number  676
  - Solution Number  681
  - Solution Number  686
  - Solution Number  696
  - Solution Number  703
  - Solution Number  705
  - Solution Number  706
  - Solution Number  714
Front 1  has 31  members in it.
Front 2  has 16  members in it.
Front 3  has 8  members in it.
Front 4  has 4  members in it.
Front 5  has 3  members in it.
Front 6  has 4  members in it.
Front 7  has 2  members in it.
Front 8  has 2  members in it.
Front 9  has 1  members in it.


*******************************************************************************
                          2017-01-11 18:01:59.144388
