                          2017-01-11 17:58:07.388710
*******************************************************************************

     This output file records the optimization of a bin packing problem

     with  24  items to pack. The optimization is terminated after

      750  fitness function evaluations.


*******************************************************************************

     Method:  MOMA
     data:  TimeDependent/MOMA/Cookies24/Experiment02/Cookies24.txt
Generation  1 : 

Gen. Member  Solution ID     f[1] (B)    f[2] (W)        f[3] (s)
------------------------------------------------------------------
          0           47            4       24.60          5860.2
          1            3            7       13.62          6059.2
          2           38            6       19.39          5992.0
          3           38            6       19.39          5992.0
          4           50            5       23.06          5921.4
          5           51            6       16.25          6114.2
          6           52            6       16.41          5952.2
          7           53            4       18.78          5547.0
          8           54            4       29.27          5921.4
          9           55            6       12.45          5804.2
         10           56            5       19.46          5922.5
         11           57            6       17.23          5892.9
         12           58            6       15.67          5807.2
         13           59            5       20.88          5950.1
         14           60            4       18.64          5860.9
         15           61            5       20.78          6029.2
         16           62            4       22.92          6119.7
         17           63            4       24.46          6063.1
         18           64            5       22.35          5921.4
         19           65            4       27.79          5906.3
         20           66            4       20.10          5887.8
         21           67            6       15.25          5854.2
         22           68            6       18.18          6029.2
         23           69            4       16.75          6031.6
         24           70            5       20.29          6064.8
         25           71            4       20.40          5856.1
         26           72            4       28.58          5958.6
         27           73            5       22.94          5921.4
         28           74            4       28.56          5921.4
         29           75            5       21.43          6131.4
         30           76            4       25.35          6086.5
         31           77            5       19.54          5977.3
         32           78            4       22.40          5603.5
         33           79            4       24.61          5942.8
         34           80            6       15.93          5842.5
         35           81            6       13.61          5807.9
         36           82            4       28.37          6100.0
         37           83            4       28.25          5921.4
         38           84            5       22.04          5921.4
         39           85            5       21.23          6030.2
         40           86            4       23.10          6164.9
         41           87            5       20.49          5977.3
         42           88            6       16.02          5778.9
         43           89            4       22.96          5801.3
         44           90            5       20.37          5937.4
         45           91            4       26.71          6105.1
         46           92            4       23.88          5860.4
         47           93            4       26.10          6033.0
         48           94            4       28.99          5921.4
         49           95            4       26.53          6030.4

There are currently  10 solutions in the Pareto Set:
  - Solution Number  3
  - Solution Number  4
  - Solution Number  13
  - Solution Number  15
  - Solution Number  17
  - Solution Number  21
  - Solution Number  29
  - Solution Number  32
  - Solution Number  39
  - Solution Number  49
Front 1  has 8  members in it.
Front 2  has 10  members in it.
Front 3  has 7  members in it.
Front 4  has 6  members in it.
Front 5  has 6  members in it.
Front 6  has 2  members in it.
Front 7  has 1  members in it.


Generation  2 : 

Gen. Member  Solution ID     f[1] (B)    f[2] (W)        f[3] (s)
------------------------------------------------------------------
          0           53            4       18.78          5547.0
          1           62            4       22.92          6119.7
          2           80            6       15.93          5842.5
          3           15            6       15.60          5856.1
          4           80            6       15.93          5842.5
          5            4            6       16.22          5712.3
          6            4            6       16.22          5712.3
          7           69            4       16.75          6031.6
          8           41            5       21.42          5921.4
          9           77            5       19.54          5977.3
         10           96            4       18.04          5797.5
         11           97            4       24.72          6002.5
         12           98            4       25.65          5913.5
         13           99            4       28.26          5993.7
         14          100            4       23.93          6017.7
         15          101            4       21.78          5939.6
         16          102            6       12.25          5801.3
         17          103            6       17.23          5994.5
         18          104            4       25.23          6055.3
         19          105            4       22.96          5856.1
         20          106            6       15.74          5834.6
         21          107            4       25.00          5930.6
         22          108            4       26.50          5992.0
         23          109            4       25.42          5854.6
         24          110            4       23.44          5988.6
         25          111            5       22.56          6003.8
         26          112            5       22.76          5921.4
         27          113            7       13.11          5855.4
         28          114            5       19.95          5937.4
         29          115            5       20.95          5892.9
         30          116            5       20.07          6103.4
         31          117            5       17.59          5925.1
         32          118            4       25.93          6022.9
         33          119            4       18.03          5835.5
         34          120            4       24.18          5762.1
         35          121            4       19.37          5821.0
         36          122            6       12.31          6031.6
         37          123            4       20.63          5781.5
         38          124            5       19.30          5964.4
         39          125            4       23.40          6032.0
         40          126            4       24.36          6108.9
         41          127            5       20.73          5854.6
         42          128            5       20.07          5945.0
         43          129            6       14.28          5742.4
         44          130            4       26.07          6056.4
         45          131            4       21.82          5844.1
         46          132            6       17.14          5947.1
         47          133            5       18.71          5974.4
         48          134            6       14.77          5841.0
         49          135            6       12.30          5819.2

There are currently  6 solutions in the Pareto Set:
  - Solution Number  4
  - Solution Number  53
  - Solution Number  55
  - Solution Number  60
  - Solution Number  69
  - Solution Number  88
Front 1  has 9  members in it.
Front 2  has 10  members in it.
Front 3  has 8  members in it.
Front 4  has 10  members in it.
Front 5  has 10  members in it.
Front 6  has 12  members in it.
Front 7  has 11  members in it.
Front 8  has 6  members in it.
Front 9  has 7  members in it.
Front 10  has 4  members in it.
Front 11  has 2  members in it.
Front 12  has 2  members in it.
Front 13  has 1  members in it.


Generation  3 : 

Gen. Member  Solution ID     f[1] (B)    f[2] (W)        f[3] (s)
------------------------------------------------------------------
          0          136            4       21.87          5819.2
          1          137            6       12.66          5887.8
          2          138            4       23.74          5545.4
          3          139            6       14.85          5841.0
          4          140            5       18.32          5905.9
          5          141            6       14.54          5757.7
          6          142            4       23.03          6032.7
          7          143            4       24.45          6032.0
          8          144            3       27.28          5837.7
          9          145            4       25.75          6102.5
         10          146            4       21.49          5794.3
         11          147            4       22.74          5916.1
         12          148            5       19.27          5921.4
         13          149            4       23.79          5811.9
         14          150            7       13.14          5807.2
         15          151            4       19.07          5832.2
         16          152            4       24.37          5839.1
         17          153            5       16.06          5819.2
         18          154            5       19.81          5791.2
         19          155            4       24.65          5744.7
         20          156            5       18.37          5966.2
         21          157            4       19.36          5856.1
         22          158            6       15.97          5918.6
         23          159            7       11.81          5637.7
         24          160            4       23.22          6113.3
         25          161            5       20.07          5854.6
         26          162            4       20.18          5918.8
         27          163            4       23.88          5993.7
         28          164            5       17.23          5853.5
         29          165            5       16.84          6102.5
         30          166            3       30.57          5878.1
         31          167            4       19.11          5870.8
         32          168            4       22.31          5994.8
         33          169            4       25.57          6054.1
         34          170            4       24.61          5926.6
         35          171            4       20.69          5815.3
         36          172            5       19.79          5964.4
         37          173            4       22.31          5992.5
         38          174            5       14.67          5949.8
         39          175            4       20.63          5825.8
         40          176            4       19.80          5778.9
         41          177            4       21.54          5961.0
         42          178            4       23.34          6033.0
         43          179            6       12.92          5791.9
         44          180            6       12.07          5819.2
         45          181            5       19.45          5807.2
         46          182            6       12.52          5877.6
         47          183            4       20.57          5825.5
         48          184            4       21.12          5757.7
         49          185            6       11.70          5793.0

There are currently  8 solutions in the Pareto Set:
  - Solution Number  53
  - Solution Number  4
  - Solution Number  69
  - Solution Number  96
  - Solution Number  102
  - Solution Number  117
  - Solution Number  119
  - Solution Number  129
Front 1  has 8  members in it.
Front 2  has 15  members in it.
Front 3  has 13  members in it.
Front 4  has 14  members in it.
Front 5  has 11  members in it.
Front 6  has 10  members in it.
Front 7  has 7  members in it.
Front 8  has 4  members in it.
Front 9  has 1  members in it.


Generation  4 : 

Gen. Member  Solution ID     f[1] (B)    f[2] (W)        f[3] (s)
------------------------------------------------------------------
          0          165            5       16.84          6102.5
          1          174            5       14.67          5949.8
          2          159            7       11.81          5637.7
          3          186            4       30.41          5921.4
          4          187            4       24.58          5791.2
          5          188            5       20.30          5978.4
          6          189            5       17.19          5812.5
          7          190            4       19.45          5791.1
          8          191            4       24.16          5782.3
          9          192            7       14.92          5929.0
         10          193            4       19.78          5819.9
         11          194            5       20.37          6030.1
         12          195            4       21.45          5836.8
         13          196            4       23.88          5788.7
         14          197            4       19.50          5685.9
         15          198            4       26.24          6157.8
         16          199            4       24.45          5862.9
         17          200            4       19.72          5936.8
         18          201            4       25.10          6020.7
         19          202            6       14.48          5821.0
         20          203            4       23.66          5879.3
         21          204            4       23.74          5813.3
         22          205            4       23.75          5813.3
         23          206            6       14.68          5819.2
         24          207            5       21.81          6056.4
         25          208            5       18.18          5796.0
         26          209            4       28.69          6023.3
         27          210            4       20.62          5908.7
         28          211            4       21.17          5992.0
         29          212            4       22.87          6032.0
         30          213            4       22.22          5840.3
         31          214            4       26.96          6056.4
         32          215            5       15.70          5819.2
         33          216            4       22.87          5839.1
         34          217            4       24.93          6023.3
         35          218            4       20.32          6031.6
         36          219            4       20.73          5887.8
         37          220            6       14.02          5791.1
         38          221            4       21.95          5802.4
         39          222            4       21.97          5855.7
         40          223            4       18.39          5824.4
         41          224            5       22.18          5958.6
         42          225            4       24.73          6032.0
         43          226            4       24.38          6032.0
         44          227            5       15.93          5986.7
         45          228            6       13.74          6055.3
         46          229            6       16.23          5807.2
         47          230            5       17.20          5994.5
         48          231            5       19.24          5964.4
         49          232            6       14.66          5770.8

There are currently  13 solutions in the Pareto Set:
  - Solution Number  53
  - Solution Number  4
  - Solution Number  69
  - Solution Number  96
  - Solution Number  119
  - Solution Number  129
  - Solution Number  138
  - Solution Number  144
  - Solution Number  153
  - Solution Number  159
  - Solution Number  174
  - Solution Number  179
  - Solution Number  185
Front 1  has 13  members in it.
Front 2  has 13  members in it.
Front 3  has 17  members in it.
Front 4  has 13  members in it.
Front 5  has 14  members in it.
Front 6  has 3  members in it.
Front 7  has 4  members in it.
Front 8  has 5  members in it.
Front 9  has 3  members in it.
Front 10  has 1  members in it.
Front 11  has 1  members in it.


Generation  5 : 

Gen. Member  Solution ID     f[1] (B)    f[2] (W)        f[3] (s)
------------------------------------------------------------------
          0          220            6       14.02          5791.1
          1           69            4       16.75          6031.6
          2          197            4       19.50          5685.9
          3          153            5       16.06          5819.2
          4          227            5       15.93          5986.7
          5          215            5       15.70          5819.2
          6          179            6       12.92          5791.9
          7          180            6       12.07          5819.2
          8          233            4       23.01          5916.9
          9          234            4       21.73          5798.7
         10          235            4       25.35          5951.3
         11          236            4       20.70          5819.2
         12          237            4       21.64          5921.4
         13          238            4       27.13          5921.4
         14          239            4       19.86          5819.2
         15          240            4       24.38          5921.4
         16          241            4       27.23          5994.5
         17          242            4       22.77          5921.4
         18          243            4       19.07          5845.8
         19          244            4       25.69          5870.8
         20          245            6       15.29          5912.6
         21          246            4       17.97          5803.0
         22          247            6       14.34          5822.3
         23          248            4       21.02          5693.2
         24          249            6       12.17          5849.6
         25          250            6       13.94          5791.1
         26          251            3       29.91          6022.9
         27          252            4       21.46          5791.1
         28          253            5       17.00          6110.6
         29          254            5       17.76          5776.9
         30          255            4       20.54          5791.1
         31          256            4       22.75          5770.8
         32          257            4       25.85          5976.9
         33          258            5       19.74          6119.7
         34          259            6       13.07          6033.5
         35          260            4       19.95          6034.4
         36          261            3       30.33          6110.6
         37          262            4       20.09          5770.2
         38          263            4       19.65          5771.1
         39          264            4       23.84          5841.0
         40          265            6       13.09          5815.1
         41          266            5       20.16          6042.4
         42          267            4       21.13          5906.0
         43          268            4       24.86          5954.3
         44          269            5       16.68          5943.9
         45          270            5       16.81          6068.5
         46          271            4       24.34          5851.0
         47          272            4       21.17          5779.8
         48          273            3       29.19          5868.3
         49          274            4       23.12          5969.6

There are currently  16 solutions in the Pareto Set:
  - Solution Number  53
  - Solution Number  4
  - Solution Number  69
  - Solution Number  96
  - Solution Number  119
  - Solution Number  129
  - Solution Number  138
  - Solution Number  144
  - Solution Number  179
  - Solution Number  185
  - Solution Number  174
  - Solution Number  159
  - Solution Number  189
  - Solution Number  208
  - Solution Number  215
  - Solution Number  220
Front 1  has 12  members in it.
Front 2  has 12  members in it.
Front 3  has 15  members in it.
Front 4  has 14  members in it.
Front 5  has 7  members in it.
Front 6  has 6  members in it.
Front 7  has 5  members in it.
Front 8  has 3  members in it.
Front 9  has 4  members in it.
Front 10  has 3  members in it.


Generation  6 : 

Gen. Member  Solution ID     f[1] (B)    f[2] (W)        f[3] (s)
------------------------------------------------------------------
          0          164            5       17.23          5853.5
          1          232            6       14.66          5770.8
          2          273            3       29.19          5868.3
          3           69            4       16.75          6031.6
          4          166            3       30.57          5878.1
          5          275            6       13.33          5810.8
          6          276            4       24.35          6056.4
          7          277            4       24.37          5986.7
          8          278            4       19.60          5791.1
          9          279            4       22.16          5951.7
         10          280            4       19.12          6067.2
         11          281            4       17.84          5819.2
         12          282            5       19.01          6157.8
         13          283            3       25.24          6140.7
         14          284            3       30.49          6092.0
         15          285            4       20.30          5776.8
         16          286            5       19.15          6129.5
         17          287            4       24.94          5995.0
         18          288            4       21.07          5776.9
         19          289            4       23.54          5794.5
         20          290            4       22.59          5987.9
         21          291            4       23.87          5791.1
         22          292            6       13.84          5819.2
         23          293            4       19.09          5761.4
         24          294            6       12.83          5606.4
         25          295            4       27.32          6054.1
         26          296            6       13.68          5791.1
         27          297            5       19.19          6000.6
         28          298            6       13.64          5804.2
         29          299            7       14.97          6037.9
         30          300            4       28.73          6056.4
         31          301            6       14.59          6031.6
         32          302            4       18.98          5690.2
         33          303            5       20.94          6146.6
         34          304            4       17.75          6031.6
         35          305            3       26.69          5858.5
         36          306            5       20.44          6015.1
         37          307            4       23.28          5909.8
         38          308            5       17.42          6069.5
         39          309            3       24.50          5794.9
         40          310            4       22.48          5947.9
         41          311            4       24.02          5921.4
         42          312            6       15.12          5828.8
         43          313            4       21.97          5978.4
         44          314            4       24.78          5791.9
         45          315            4       20.22          6022.3
         46          316            6       16.71          5986.1
         47          317            4       21.81          6108.9
         48          318            4       23.48          5952.7
         49          319            6       14.07          5911.3

There are currently  16 solutions in the Pareto Set:
  - Solution Number  53
  - Solution Number  4
  - Solution Number  96
  - Solution Number  129
  - Solution Number  138
  - Solution Number  144
  - Solution Number  185
  - Solution Number  174
  - Solution Number  159
  - Solution Number  189
  - Solution Number  69
  - Solution Number  215
  - Solution Number  179
  - Solution Number  246
  - Solution Number  250
  - Solution Number  254
Front 1  has 14  members in it.
Front 2  has 15  members in it.
Front 3  has 13  members in it.
Front 4  has 11  members in it.
Front 5  has 6  members in it.
Front 6  has 4  members in it.
Front 7  has 3  members in it.
Front 8  has 2  members in it.
Front 9  has 3  members in it.
Front 10  has 3  members in it.
Front 11  has 1  members in it.
Front 12  has 1  members in it.


Generation  7 : 

Gen. Member  Solution ID     f[1] (B)    f[2] (W)        f[3] (s)
------------------------------------------------------------------
          0          227            5       15.93          5986.7
          1          227            5       15.93          5986.7
          2          197            4       19.50          5685.9
          3          302            4       18.98          5690.2
          4           53            4       18.78          5547.0
          5           53            4       18.78          5547.0
          6          293            4       19.09          5761.4
          7          320            3       27.62          6147.8
          8          321            4       23.11          6129.4
          9          322            4       21.51          5765.9
         10          323            4       20.26          5887.8
         11          324            4       19.15          6031.6
         12          325            4       17.00          6038.8
         13          326            4       20.47          5816.3
         14          327            7       13.43          5936.3
         15          328            4       24.43          5830.2
         16          329            6       14.44          5650.7
         17          330            4       17.82          5644.4
         18          331            4       22.26          5920.9
         19          332            4       25.58          5796.0
         20          333            5       18.35          5994.5
         21          334            4       23.30          5739.3
         22          335            4       26.56          5913.6
         23          336            4       21.97          5948.8
         24          337            4       25.91          5770.0
         25          338            4       16.80          6096.9
         26          339            3       30.21          6040.3
         27          340            6       12.94          5849.6
         28          341            5       19.68          5927.2
         29          342            4       24.28          6119.7
         30          343            4       17.42          5993.7
         31          344            4       26.39          5992.5
         32          345            5       17.35          5929.4
         33          346            4       18.76          5792.0
         34          347            5       17.26          5909.4
         35          348            5       20.80          5890.5
         36          349            4       15.63          6062.9
         37          350            5       19.67          5990.0
         38          351            6       13.80          5743.3
         39          352            5       17.11          6048.1
         40          353            4       25.40          5930.0
         41          354            5       15.92          5999.0
         42          355            4       25.71          5888.1
         43          356            4       21.26          6040.1
         44          357            4       28.15          6079.8
         45          358            4       20.11          5939.0
         46          359            4       19.42          5825.1
         47          360            5       17.38          5943.9
         48          361            4       17.22          5688.9
         49          362            5       18.42          5910.9

There are currently  14 solutions in the Pareto Set:
  - Solution Number  53
  - Solution Number  96
  - Solution Number  138
  - Solution Number  185
  - Solution Number  174
  - Solution Number  159
  - Solution Number  189
  - Solution Number  215
  - Solution Number  246
  - Solution Number  254
  - Solution Number  69
  - Solution Number  281
  - Solution Number  294
  - Solution Number  309
Front 1  has 18  members in it.
Front 2  has 13  members in it.
Front 3  has 17  members in it.
Front 4  has 8  members in it.
Front 5  has 5  members in it.
Front 6  has 10  members in it.
Front 7  has 5  members in it.
Front 8  has 2  members in it.
Front 9  has 1  members in it.
Front 10  has 1  members in it.
Front 11  has 1  members in it.


Generation  8 : 

Gen. Member  Solution ID     f[1] (B)    f[2] (W)        f[3] (s)
------------------------------------------------------------------
          0           69            4       16.75          6031.6
          1          305            3       26.69          5858.5
          2          246            4       17.97          5803.0
          3          273            3       29.19          5868.3
          4          159            7       11.81          5637.7
          5          102            6       12.25          5801.3
          6          329            6       14.44          5650.7
          7          305            3       26.69          5858.5
          8          363            4       23.15          5951.8
          9          364            4       23.20          5994.5
         10          365            4       20.22          5765.4
         11          366            4       16.99          5855.0
         12          367            5       17.18          5819.2
         13          368            4       22.36          5836.7
         14          369            4       21.15          6040.3
         15          370            4       19.16          5971.0
         16          371            4       24.76          5906.5
         17          372            6       12.49          5743.3
         18          373            4       22.18          5791.2
         19          374            4       16.01          5714.9
         20          375            3       27.15          5791.0
         21          376            5       18.46          5940.3
         22          377            6       13.80          5819.2
         23          378            6       12.53          5801.3
         24          379            3       28.00          6034.1
         25          380            5       20.37          6015.1
         26          381            4       21.21          6031.6
         27          382            4       17.54          5688.9
         28          383            4       21.42          5943.8
         29          384            5       17.19          6078.7
         30          385            4       20.98          5750.9
         31          386            5       14.25          6031.6
         32          387            4       22.41          5998.2
         33          388            5       16.80          6092.8
         34          389            4       23.62          6118.1
         35          390            5       17.31          5946.1
         36          391            5       20.84          5951.1
         37          392            4       21.61          5921.4
         38          393            4       19.31          5957.0
         39          394            4       18.22          6105.1
         40          395            5       14.14          6012.8
         41          396            5       17.46          5978.7
         42          397            4       20.72          5921.9
         43          398            4       19.99          5760.0
         44          399            4       20.84          5852.5
         45          400            5       16.49          5890.1
         46          401            4       16.11          6049.7
         47          402            5       19.33          5910.7
         48          403            4       17.43          5993.7
         49          404            5       17.56          6096.9

There are currently  13 solutions in the Pareto Set:
  - Solution Number  138
  - Solution Number  185
  - Solution Number  174
  - Solution Number  159
  - Solution Number  189
  - Solution Number  215
  - Solution Number  69
  - Solution Number  294
  - Solution Number  309
  - Solution Number  53
  - Solution Number  330
  - Solution Number  349
  - Solution Number  361
Front 1  has 24  members in it.
Front 2  has 16  members in it.
Front 3  has 13  members in it.
Front 4  has 9  members in it.
Front 5  has 8  members in it.
Front 6  has 7  members in it.
Front 7  has 2  members in it.
Front 8  has 1  members in it.


Generation  9 : 

Gen. Member  Solution ID     f[1] (B)    f[2] (W)        f[3] (s)
------------------------------------------------------------------
          0          102            6       12.25          5801.3
          1          361            4       17.22          5688.9
          2          185            6       11.70          5793.0
          3          138            4       23.74          5545.4
          4          401            4       16.11          6049.7
          5          405            4       16.01          6049.7
          6          406            6       12.50          5819.2
          7          407            4       21.23          6032.4
          8          408            3       28.13          5903.1
          9          409            4       22.16          6059.7
         10          410            6       13.33          5743.3
         11          411            4       21.29          5963.5
         12          412            4       21.22          5899.5
         13          413            5       21.24          5994.5
         14          414            5       15.90          5965.6
         15          415            4       22.29          5994.5
         16          416            4       23.15          6156.9
         17          417            4       21.01          5980.1
         18          418            4       20.17          6049.7
         19          419            5       17.32          5980.1
         20          420            5       18.12          5779.0
         21          421            4       19.30          5644.4
         22          422            4       21.23          6078.7
         23          423            5       17.59          5821.0
         24          424            4       24.25          6040.3
         25          425            4       19.35          6146.6
         26          426            5       17.15          5878.1
         27          427            5       14.84          5831.1
         28          428            5       17.01          6107.0
         29          429            4       21.16          5921.4
         30          430            4       17.71          5920.0
         31          431            4       23.03          5801.3
         32          432            5       19.41          6069.5
         33          433            5       16.69          5988.6
         34          434            3       23.79          5896.4
         35          435            3       23.04          5927.5
         36          436            4       21.40          6032.0
         37          437            4       18.83          5935.0
         38          438            4       18.60          5974.4
         39          439            4       24.76          6118.1
         40          440            4       23.56          5958.6
         41          441            4       19.87          5650.7
         42          442            6       13.95          5798.0
         43          443            3       33.29          6102.5
         44          444            4       21.78          5749.9
         45          445            4       22.22          5924.4
         46          446            6       12.24          5819.2
         47          447            5       14.53          6051.1
         48          448            5       19.35          5994.5
         49          449            4       19.68          5947.0

There are currently  15 solutions in the Pareto Set:
  - Solution Number  138
  - Solution Number  185
  - Solution Number  174
  - Solution Number  215
  - Solution Number  294
  - Solution Number  309
  - Solution Number  53
  - Solution Number  330
  - Solution Number  349
  - Solution Number  361
  - Solution Number  159
  - Solution Number  372
  - Solution Number  374
  - Solution Number  375
  - Solution Number  395
Front 1  has 21  members in it.
Front 2  has 20  members in it.
Front 3  has 9  members in it.
Front 4  has 9  members in it.
Front 5  has 5  members in it.
Front 6  has 8  members in it.
Front 7  has 3  members in it.
Front 8  has 1  members in it.
Front 9  has 1  members in it.


Generation  10 : 

Gen. Member  Solution ID     f[1] (B)    f[2] (W)        f[3] (s)
------------------------------------------------------------------
          0          408            3       28.13          5903.1
          1           53            4       18.78          5547.0
          2           53            4       18.78          5547.0
          3          434            3       23.79          5896.4
          4          421            4       19.30          5644.4
          5          349            4       15.63          6062.9
          6          180            6       12.07          5819.2
          7          159            7       11.81          5637.7
          8          427            5       14.84          5831.1
          9          427            5       14.84          5831.1
         10          294            6       12.83          5606.4
         11          174            5       14.67          5949.8
         12          450            5       17.98          6052.7
         13          451            6       14.22          5937.6
         14          452            6       12.61          6052.7
         15          453            5       16.92          5758.2
         16          454            5       21.26          6032.0
         17          455            4       22.96          6148.5
         18          456            4       27.27          6013.7
         19          457            5       18.84          5849.6
         20          458            4       23.56          6021.7
         21          459            4       22.92          6146.6
         22          460            6       14.27          5924.3
         23          461            4       14.97          5815.8
         24          462            4       23.27          5852.0
         25          463            4       20.78          6032.4
         26          464            4       25.38          5939.3
         27          465            4       18.56          5974.4
         28          466            4       20.52          5819.2
         29          467            4       26.55          6049.6
         30          468            4       16.76          5877.4
         31          469            4       17.84          5760.4
         32          470            4       20.29          5739.9
         33          471            4       20.95          5813.1
         34          472            4       23.37          6092.0
         35          473            4       23.26          5921.4
         36          474            6       14.37          6050.6
         37          475            4       20.64          5604.5
         38          476            4       22.74          5801.3
         39          477            4       24.90          5819.2
         40          478            4       21.99          5801.3
         41          479            4       20.98          5819.2
         42          480            5       16.70          6045.0
         43          481            5       24.66          6033.0
         44          482            6       13.45          5770.8
         45          483            3       29.15          5884.9
         46          484            5       12.02          5613.1
         47          485            5       19.33          5661.1
         48          486            6       13.24          5793.0
         49          487            6       12.14          5978.5

There are currently  18 solutions in the Pareto Set:
  - Solution Number  309
  - Solution Number  159
  - Solution Number  375
  - Solution Number  185
  - Solution Number  349
  - Solution Number  138
  - Solution Number  53
  - Solution Number  435
  - Solution Number  294
  - Solution Number  427
  - Solution Number  174
  - Solution Number  395
  - Solution Number  361
  - Solution Number  434
  - Solution Number  372
  - Solution Number  374
  - Solution Number  330
  - Solution Number  215
Front 1  has 19  members in it.
Front 2  has 23  members in it.
Front 3  has 14  members in it.
Front 4  has 7  members in it.
Front 5  has 5  members in it.
Front 6  has 4  members in it.
Front 7  has 3  members in it.
Front 8  has 2  members in it.


Generation  11 : 

Gen. Member  Solution ID     f[1] (B)    f[2] (W)        f[3] (s)
------------------------------------------------------------------
          0          294            6       12.83          5606.4
          1          305            3       26.69          5858.5
          2          461            4       14.97          5815.8
          3          185            6       11.70          5793.0
          4          510            7       10.64          5849.6
          5           53            4       18.78          5547.0
          6          144            3       27.28          5837.7
          7          144            3       27.28          5837.7
          8          531            4       24.79          5920.6
          9          532            3       24.02          5932.9
         10          533            5       20.63          6064.8
         11          534            5       19.72          5998.2
         12          535            5       20.13          5747.4
         13          536            4       19.54          5849.6
         14          537            4       22.10          6040.7
         15          538            4       23.12          5741.0
         16          539            4       24.97          5803.1
         17          540            4       16.14          5885.3
         18          541            4       24.38          5790.0
         19          542            4       20.88          5963.1
         20          543            4       19.67          5664.1
         21          544            4       22.81          5990.0
         22          545            4       18.58          5792.1
         23          546            4       17.83          6139.5
         24          547            3       26.42          5887.7
         25          548            5       18.93          5834.7
         26          549            6       13.06          5809.5
         27          550            6       13.58          5819.2
         28          551            4       17.46          5965.4
         29          552            4       14.95          5833.5
         30          553            3       29.16          5819.4
         31          554            4       18.43          5994.3
         32          555            4       21.87          6010.0
         33          556            4       23.19          5758.2
         34          557            4       23.32          6032.0
         35          558            3       25.99          6147.8
         36          559            3       24.32          6089.8
         37          560            4       19.43          5862.9
         38          561            4       22.01          5921.9
         39          562            4       23.54          5913.0
         40          563            6       16.23          6040.4
         41          564            4       23.13          5807.3
         42          565            4       29.18          5921.4
         43          566            4       23.52          6069.5
         44          567            4       22.76          5968.0
         45          568            4       22.04          5864.0
         46          569            6        9.50          5731.2
         47          570            4       20.65          5719.9
         48          571            3       26.94          6023.3
         49          572            4       24.98          5641.4

There are currently  22 solutions in the Pareto Set:
  - Solution Number  309
  - Solution Number  330
  - Solution Number  374
  - Solution Number  375
  - Solution Number  361
  - Solution Number  185
  - Solution Number  138
  - Solution Number  435
  - Solution Number  53
  - Solution Number  434
  - Solution Number  294
  - Solution Number  461
  - Solution Number  484
  - Solution Number  488
  - Solution Number  496
  - Solution Number  502
  - Solution Number  503
  - Solution Number  507
  - Solution Number  508
  - Solution Number  510
  - Solution Number  513
  - Solution Number  517
Front 1  has 24  members in it.
Front 2  has 19  members in it.
Front 3  has 21  members in it.
Front 4  has 14  members in it.
Front 5  has 10  members in it.
Front 6  has 7  members in it.
Front 7  has 5  members in it.
Front 8  has 2  members in it.
Front 9  has 1  members in it.
Front 10  has 2  members in it.
Front 11  has 4  members in it.
Front 12  has 3  members in it.


Generation  12 : 

Gen. Member  Solution ID     f[1] (B)    f[2] (W)        f[3] (s)
------------------------------------------------------------------
          0          435            3       23.04          5927.5
          1          435            3       23.04          5927.5
          2          435            3       23.04          5927.5
          3          375            3       27.15          5791.0
          4          573            4       22.23          6049.6
          5          574            6       12.57          5887.8
          6          575            4       21.28          5913.0
          7          576            4       22.86          6050.1
          8          577            5       15.87          5849.6
          9          578            4       21.06          5772.0
         10          579            4       21.90          5793.1
         11          580            4       20.68          5720.5
         12          581            4       24.89          5867.8
         13          582            4       22.23          6069.5
         14          583            4       23.28          6033.0
         15          584            4       23.41          5922.0
         16          585            6       16.55          6023.3
         17          586            5       17.21          5971.1
         18          587            5       16.13          5992.2
         19          588            5       16.76          5852.0
         20          589            5       18.77          6050.5
         21          590            4       25.21          5992.5
         22          591            4       20.73          5888.7
         23          592            4       19.47          5764.9
         24          593            5       17.80          6017.7
         25          594            4       23.14          6023.3
         26          595            5       14.99          5685.9
         27          596            4       26.40          5910.7
         28          597            5       19.74          6088.3
         29          598            5       20.71          6023.3
         30          599            4       18.25          5690.2
         31          600            4       18.04          5837.9
         32          601            4       23.00          5857.6
         33          602            3       24.73          5764.0
         34          603            4       24.06          5992.5
         35          604            4       22.13          6021.7
         36          605            3       27.32          5829.8
         37          606            4       19.76          5944.6
         38          607            7       12.97          5849.6
         39          608            5       20.88          5980.5
         40          609            4       22.67          5993.7
         41          610            5       21.28          5990.0
         42          611            4       14.33          5851.2
         43          612            3       23.95          5872.8
         44          613            4       24.65          5801.0
         45          614            4       23.36          6104.7
         46          615            4       16.31          5822.8
         47          616            4       19.62          5906.9
         48          617            4       20.31          5819.2
         49          618            3       28.08          6040.7

There are currently  22 solutions in the Pareto Set:
  - Solution Number  309
  - Solution Number  330
  - Solution Number  374
  - Solution Number  375
  - Solution Number  361
  - Solution Number  138
  - Solution Number  435
  - Solution Number  434
  - Solution Number  484
  - Solution Number  488
  - Solution Number  496
  - Solution Number  502
  - Solution Number  503
  - Solution Number  507
  - Solution Number  508
  - Solution Number  513
  - Solution Number  517
  - Solution Number  294
  - Solution Number  461
  - Solution Number  53
  - Solution Number  552
  - Solution Number  569
Front 1  has 25  members in it.
Front 2  has 12  members in it.
Front 3  has 10  members in it.
Front 4  has 7  members in it.
Front 5  has 7  members in it.
Front 6  has 4  members in it.
Front 7  has 3  members in it.
Front 8  has 2  members in it.


Generation  13 : 

Gen. Member  Solution ID     f[1] (B)    f[2] (W)        f[3] (s)
------------------------------------------------------------------
          0          159            7       11.81          5637.7
          1          502            6       13.52          5568.6
          2          502            6       13.52          5568.6
          3          515            5       20.09          5404.8
          4          611            4       14.33          5851.2
          5          488            6       14.60          5471.1
          6          434            3       23.79          5896.4
          7          503            6       16.12          5407.9
          8          602            3       24.73          5764.0
          9          484            5       12.02          5613.1
         10          619            5       16.32          5937.6
         11          620            4       26.06          6139.5
         12          621            4       20.95          6049.6
         13          622            4       18.92          5980.1
         14          623            7       12.83          5849.6
         15          624            4       24.64          5923.8
         16          625            6       13.93          6112.3
         17          626            4       22.35          5921.4
         18          627            6       16.69          6012.3
         19          628            4       21.57          5791.1
         20          629            3       29.06          5935.0
         21          630            3       23.28          5954.9
         22          631            3       27.10          6083.3
         23          632            3       22.25          5787.2
         24          633            4       17.95          5706.2
         25          634            6       16.29          5965.6
         26          635            5       19.67          6015.1
         27          636            3       27.81          5874.5
         28          637            4       21.66          5819.2
         29          638            6       14.14          5913.0
         30          639            4       23.28          6113.3
         31          640            4       26.68          5837.7
         32          641            5       20.49          5819.2
         33          642            4       20.48          5801.3
         34          643            4       23.31          6021.3
         35          644            5       17.79          6069.5
         36          645            4       20.78          5801.3
         37          646            4       19.87          6124.3
         38          647            4       25.83          5983.0
         39          648            5       17.11          6081.3
         40          649            4       20.43          5764.9
         41          650            4       23.36          5765.9
         42          651            3       26.18          6058.3
         43          652            3       23.77          5809.0
         44          653            4       14.43          5821.6
         45          654            4       15.92          5937.7
         46          655            4       21.48          5869.2
         47          656            4       19.10          5766.2
         48          657            6       12.71          5731.2
         49          658            5       21.48          5910.7

There are currently  24 solutions in the Pareto Set:
  - Solution Number  309
  - Solution Number  330
  - Solution Number  374
  - Solution Number  361
  - Solution Number  138
  - Solution Number  434
  - Solution Number  484
  - Solution Number  488
  - Solution Number  496
  - Solution Number  502
  - Solution Number  503
  - Solution Number  507
  - Solution Number  508
  - Solution Number  513
  - Solution Number  517
  - Solution Number  294
  - Solution Number  461
  - Solution Number  53
  - Solution Number  552
  - Solution Number  569
  - Solution Number  435
  - Solution Number  602
  - Solution Number  611
  - Solution Number  612
Front 1  has 24  members in it.
Front 2  has 11  members in it.
Front 3  has 7  members in it.
Front 4  has 5  members in it.
Front 5  has 4  members in it.
Front 6  has 6  members in it.
Front 7  has 6  members in it.
Front 8  has 5  members in it.
Front 9  has 3  members in it.
Front 10  has 1  members in it.


Generation  14 : 

Gen. Member  Solution ID     f[1] (B)    f[2] (W)        f[3] (s)
------------------------------------------------------------------
          0          518            4       18.85          5674.3
          1          294            6       12.83          5606.4
          2          484            5       12.02          5613.1
          3          382            4       17.54          5688.9
          4          659            4       15.81          5885.3
          5          660            4       25.51          5744.2
          6          661            4       19.73          5810.1
          7          662            4       16.92          5706.1
          8          663            3       30.79          5998.4
          9          664            3       23.81          6054.1
         10          665            5       17.37          6037.4
         11          666            6       13.52          5713.2
         12          667            4       19.35          5734.7
         13          668            4       19.06          5823.9
         14          669            4       18.44          5852.4
         15          670            4       23.63          5921.4
         16          671            4       24.15          6146.6
         17          672            5       14.00          5867.1
         18          673            4       23.87          6050.6
         19          674            6       12.92          5685.9
         20          675            4       22.26          5856.6
         21          676            4       22.92          5724.4
         22          677            4       26.95          6033.0
         23          678            5       17.33          6067.8
         24          679            6       12.99          5819.2
         25          680            4       26.75          5921.4
         26          681            3       24.68          5776.1
         27          682            4       20.69          5890.6
         28          683            4       19.80          5783.1
         29          684            4       21.30          5922.3
         30          685            5       16.81          5890.1
         31          686            4       18.60          6164.9
         32          687            3       25.98          5994.5
         33          688            4       21.57          5871.5
         34          689            5       19.79          5994.5
         35          690            5       19.48          5807.2
         36          691            4       19.30          5957.0
         37          692            4       16.46          6021.6
         38          693            4       25.01          5835.9
         39          694            4       28.98          5921.4
         40          695            5       19.36          5910.7
         41          696            4       17.91          5802.0
         42          697            4       20.72          5650.7
         43          698            5       20.88          6047.0
         44          699            4       20.96          5720.1
         45          700            4       20.08          5942.0
         46          701            4       21.66          5742.0
         47          702            7       13.07          6021.6
         48          703            4       17.73          6096.3
         49          704            4       25.10          5921.4

There are currently  21 solutions in the Pareto Set:
  - Solution Number  330
  - Solution Number  374
  - Solution Number  361
  - Solution Number  138
  - Solution Number  496
  - Solution Number  507
  - Solution Number  508
  - Solution Number  513
  - Solution Number  517
  - Solution Number  294
  - Solution Number  461
  - Solution Number  53
  - Solution Number  569
  - Solution Number  502
  - Solution Number  611
  - Solution Number  488
  - Solution Number  503
  - Solution Number  602
  - Solution Number  484
  - Solution Number  632
  - Solution Number  653
Front 1  has 23  members in it.
Front 2  has 13  members in it.
Front 3  has 9  members in it.
Front 4  has 10  members in it.
Front 5  has 3  members in it.
Front 6  has 3  members in it.
Front 7  has 3  members in it.
Front 8  has 3  members in it.
Front 9  has 1  members in it.
Front 10  has 1  members in it.


Generation  15 : 

Gen. Member  Solution ID     f[1] (B)    f[2] (W)        f[3] (s)
------------------------------------------------------------------
          0          488            6       14.60          5471.1
          1          503            6       16.12          5407.9
          2          500            6       15.33          5568.6
          3          503            6       16.12          5407.9
          4          681            3       24.68          5776.1
          5          611            4       14.33          5851.2
          6          705            5       17.60          5848.8
          7          706            5       16.98          5793.0
          8          707            3       23.35          5923.0
          9          708            4       25.57          5993.7
         10          709            4       18.13          5921.4
         11          710            4       18.15          5801.3
         12          711            4       17.58          5779.0
         13          712            3       27.29          5846.7
         14          713            4       17.29          5763.6
         15          714            4       24.82          5791.1
         16          715            4       24.64          5791.1
         17          716            4       26.05          6012.4
         18          717            4       17.47          6137.5
         19          718            5       19.77          6063.1
         20          719            7       13.36          5849.6
         21          720            4       23.43          5873.9
         22          721            4       16.63          5646.5
         23          722            4       24.95          6119.7
         24          723            6       12.17          6096.3
         25          724            4       21.15          5961.0
         26          725            4       23.93          5741.8
         27          726            3       22.68          5880.4
         28          727            4       23.95          5818.1
         29          728            4       24.51          5782.3
         30          729            4       25.14          5774.8
         31          730            4       22.87          6023.3
         32          731            4       22.79          5655.6
         33          732            4       26.21          6040.3
         34          733            3       25.40          5913.3
         35          734            5       18.28          6051.7
         36          735            4       25.07          6094.0
         37          736            4       25.22          5801.3
         38          737            4       20.13          5859.2
         39          738            6       14.68          6045.0
         40          739            5       16.79          5791.1
         41          740            5       20.49          6012.3
         42          741            4       21.68          6110.6
         43          742            4       23.73          6006.0
         44          743            4       28.08          5921.4
         45          744            6       13.24          5788.7
         46          745            3       27.83          5753.3
         47          746            4       15.48          5965.4
         48          747            4       17.29          5936.6
         49          748            5       18.11          5879.0

There are currently  23 solutions in the Pareto Set:
  - Solution Number  330
  - Solution Number  374
  - Solution Number  361
  - Solution Number  138
  - Solution Number  496
  - Solution Number  507
  - Solution Number  508
  - Solution Number  513
  - Solution Number  517
  - Solution Number  461
  - Solution Number  53
  - Solution Number  569
  - Solution Number  502
  - Solution Number  611
  - Solution Number  488
  - Solution Number  503
  - Solution Number  602
  - Solution Number  632
  - Solution Number  653
  - Solution Number  294
  - Solution Number  484
  - Solution Number  662
  - Solution Number  681
Front 1  has 24  members in it.
Front 2  has 11  members in it.
Front 3  has 10  members in it.
Front 4  has 11  members in it.
Front 5  has 8  members in it.
Front 6  has 3  members in it.
Front 7  has 2  members in it.
Front 8  has 2  members in it.
Front 9  has 2  members in it.


*******************************************************************************
                          2017-01-11 17:58:11.609049
