                          2017-01-11 18:02:33.265250
*******************************************************************************

     This output file records the optimization of a bin packing problem

     with  24  items to pack. The optimization is terminated after

      750  fitness function evaluations.


*******************************************************************************

     Method:  NSGA-II
     data:  TimeDependent/NSGA-II/Cookies24/Experiment04/Cookies24.txt
Generation  1 : 

Gen. Member  Solution ID     f[1] (B)    f[2] (W)        f[3] (s)
------------------------------------------------------------------
          0           45            5       19.63          5873.4
          1           35            6       14.51          5769.6
          2           35            6       14.51          5769.6
          3           32            5       22.55          5921.4
          4            9            4       21.77          6132.3
          5           23            7       14.90          5870.0
          6            7            5       18.79          5776.0
          7           50            5       18.95          5932.5
          8           51            4       24.62          6103.4
          9           52            4       29.74          5921.4
         10           53            6       16.57          5998.8
         11           54            5       20.06          5873.0
         12           55            5       19.30          6110.6
         13           56            4       24.44          5912.7
         14           57            4       26.42          6121.0
         15           58            5       20.68          5987.2
         16           59            6       14.53          5761.2
         17           60            4       26.15          6023.3
         18           61            4       25.35          5879.3
         19           62            6       17.64          5975.1
         20           63            5       20.64          5984.6
         21           64            4       28.08          6033.0
         22           65            4       25.13          5932.5
         23           66            4       25.98          5905.1
         24           67            6       12.76          5845.2
         25           68            6       16.22          6110.6
         26           69            4       23.56          5925.5
         27           70            5       20.75          5949.1
         28           71            7        9.20          5844.8
         29           72            5       19.92          5982.6
         30           73            4       22.84          5775.3
         31           74            4       25.45          6119.7
         32           75            6       15.74          5837.3
         33           76            4       26.21          5921.4
         34           77            5       20.17          5974.5
         35           78            5       20.82          5911.8
         36           79            4       22.05          5607.8
         37           80            5       19.93          6057.3
         38           81            5       19.49          5792.5
         39           82            6       16.90          6084.7
         40           83            4       22.92          5747.0
         41           84            5       19.38          5990.0
         42           85            4       18.59          5910.6
         43           86            4       24.90          6064.8
         44           87            5       23.87          5921.4
         45           88            4       23.25          5925.5
         46           89            4       23.22          5799.1
         47           90            5       22.86          5921.4
         48           91            4       26.91          6003.0
         49           92            4       26.65          6109.1

There are currently  9 solutions in the Pareto Set:
  - Solution Number  6
  - Solution Number  7
  - Solution Number  8
  - Solution Number  14
  - Solution Number  17
  - Solution Number  35
  - Solution Number  40
  - Solution Number  41
  - Solution Number  44
Front 1  has 10  members in it.
Front 2  has 7  members in it.
Front 3  has 8  members in it.
Front 4  has 6  members in it.
Front 5  has 4  members in it.
Front 6  has 4  members in it.
Front 7  has 2  members in it.


Generation  2 : 

Gen. Member  Solution ID     f[1] (B)    f[2] (W)        f[3] (s)
------------------------------------------------------------------
          0           71            7        9.20          5844.8
          1           40            7       14.06          6078.9
          2           83            4       22.92          5747.0
          3           44            4       20.19          5925.5
          4           55            5       19.30          6110.6
          5           14            4       23.74          5585.2
          6           93            5       20.10          5827.5
          7           94            4       24.02          6140.7
          8           95            6       16.11          6021.9
          9           96            4       24.24          6044.0
         10           97            4       26.31          6156.9
         11           98            7       13.67          5870.0
         12           99            4       23.75          5828.5
         13          100            6       16.39          6020.6
         14          101            4       21.35          5772.4
         15          102            4       27.34          6021.3
         16          103            4       29.66          6032.0
         17          104            4       23.15          5901.3
         18          105            5       19.34          5983.8
         19          106            4       20.98          5901.3
         20          107            4       24.68          5676.7
         21          108            6       14.29          5802.3
         22          109            4       24.75          6049.6
         23          110            4       23.73          6064.8
         24          111            4       22.65          5826.6
         25          112            6       15.74          5872.3
         26          113            6       17.21          5974.4
         27          114            6       11.67          5761.2
         28          115            5       20.45          5840.2
         29          116            5       15.26          5836.5
         30          117            4       17.87          5767.3
         31          118            4       20.45          5868.1
         32          119            4       23.56          5782.0
         33          120            6       17.48          5982.6
         34          121            6       16.08          6011.8
         35          122            5       21.10          5874.1
         36          123            5       19.43          5880.1
         37          124            4       20.08          5652.9
         38          125            6       12.77          5871.3
         39          126            3       33.26          6040.9
         40          127            4       16.50          5787.0
         41          128            5       19.26          5856.2
         42          129            5       20.06          5963.1
         43          130            5       16.98          5888.9
         44          131            5       19.87          5949.1
         45          132            4       24.38          5965.6
         46          133            5       21.13          5786.3
         47          134            4       26.10          6101.7
         48          135            6       13.03          5771.8
         49          136            6       17.48          5964.1

There are currently  8 solutions in the Pareto Set:
  - Solution Number  14
  - Solution Number  35
  - Solution Number  7
  - Solution Number  59
  - Solution Number  67
  - Solution Number  71
  - Solution Number  79
  - Solution Number  85
Front 1  has 11  members in it.
Front 2  has 10  members in it.
Front 3  has 9  members in it.
Front 4  has 11  members in it.
Front 5  has 8  members in it.
Front 6  has 7  members in it.
Front 7  has 9  members in it.
Front 8  has 9  members in it.
Front 9  has 5  members in it.
Front 10  has 4  members in it.
Front 11  has 2  members in it.


Generation  3 : 

Gen. Member  Solution ID     f[1] (B)    f[2] (W)        f[3] (s)
------------------------------------------------------------------
          0          101            4       21.35          5772.4
          1            0            6       15.32          5802.3
          2           81            5       19.49          5792.5
          3          130            5       16.98          5888.9
          4          137            4       21.78          5821.8
          5          138            4       21.99          5802.3
          6          139            4       21.40          5897.4
          7          140            4       21.88          5720.8
          8          141            4       19.96          5734.3
          9          142            4       19.89          6139.5
         10          143            6       14.10          5871.3
         11          144            4       22.78          5841.9
         12          145            6       11.95          5767.3
         13          146            4       17.61          5834.7
         14          147            4       22.26          5810.0
         15          148            7       10.57          5765.2
         16          149            5       15.13          5861.8
         17          150            4       26.40          6023.3
         18          151            6       15.74          5872.3
         19          152            4       25.13          5761.2
         20          153            4       17.40          5676.7
         21          154            4       21.18          5954.8
         22          155            4       18.70          5863.0
         23          156            4       24.37          6007.3
         24          157            4       19.32          5767.3
         25          158            4       20.56          5791.7
         26          159            4       24.22          6119.7
         27          160            4       22.98          5977.2
         28          161            5       19.74          6011.6
         29          162            4       21.94          5883.4
         30          163            4       29.26          5921.4
         31          164            5       19.42          5924.3
         32          165            4       23.44          5950.1
         33          166            4       24.55          5880.9
         34          167            6       15.86          6020.7
         35          168            4       26.71          6101.9
         36          169            4       19.58          5871.5
         37          170            4       20.89          5949.8
         38          171            4       23.65          5810.0
         39          172            5       15.23          5898.1
         40          173            4       18.72          5752.3
         41          174            4       23.13          5747.0
         42          175            5       17.47          5950.1
         43          176            6       13.76          5701.8
         44          177            6       12.81          5751.0
         45          178            4       23.42          5806.8
         46          179            7       12.96          5801.7
         47          180            4       23.96          5870.0
         48          181            6       10.54          5739.5
         49          182            5       18.46          6042.4

There are currently  9 solutions in the Pareto Set:
  - Solution Number  79
  - Solution Number  71
  - Solution Number  14
  - Solution Number  114
  - Solution Number  116
  - Solution Number  117
  - Solution Number  124
  - Solution Number  126
  - Solution Number  127
Front 1  has 11  members in it.
Front 2  has 13  members in it.
Front 3  has 14  members in it.
Front 4  has 10  members in it.
Front 5  has 12  members in it.
Front 6  has 8  members in it.
Front 7  has 8  members in it.
Front 8  has 6  members in it.
Front 9  has 3  members in it.


Generation  4 : 

Gen. Member  Solution ID     f[1] (B)    f[2] (W)        f[3] (s)
------------------------------------------------------------------
          0          155            4       18.70          5863.0
          1           14            4       23.74          5585.2
          2          126            3       33.26          6040.9
          3          126            3       33.26          6040.9
          4          183            5       19.27          6059.2
          5          184            4       20.02          5851.8
          6          185            3       27.94          5817.0
          7          186            4       22.51          5763.8
          8          187            4       22.97          5979.6
          9          188            4       21.49          5731.8
         10          189            4       20.05          5813.6
         11          190            4       21.38          5767.3
         12          191            6       13.53          5958.2
         13          192            5       21.08          6040.3
         14          193            4       19.79          5914.2
         15          194            4       24.74          5835.7
         16          195            4       22.82          6023.3
         17          196            5       18.73          5961.8
         18          197            4       23.13          5868.3
         19          198            4       23.52          5636.8
         20          199            4       16.94          5965.6
         21          200            5       17.13          5836.2
         22          201            4       20.80          5789.5
         23          202            4       15.73          5907.3
         24          203            4       18.70          5825.2
         25          204            3       32.40          6113.3
         26          205            6       14.23          5778.0
         27          206            5       16.44          6013.2
         28          207            7       14.53          5841.6
         29          208            4       19.88          5807.1
         30          209            4       18.20          5864.0
         31          210            5       16.96          6130.4
         32          211            5       13.80          5801.0
         33          212            6       14.00          5833.7
         34          213            4       17.75          5791.7
         35          214            4       22.27          6031.5
         36          215            4       22.92          5772.4
         37          216            4       20.04          5925.7
         38          217            5       16.59          5752.3
         39          218            4       20.27          6042.4
         40          219            4       27.12          5911.8
         41          220            4       22.09          6032.0
         42          221            4       18.60          5764.3
         43          222            4       20.38          5744.2
         44          223            4       24.23          5892.6
         45          224            5       17.55          5705.2
         46          225            4       21.53          5785.0
         47          226            5       15.19          5869.3
         48          227            5       20.07          5930.6
         49          228            5       16.71          5908.7

There are currently  11 solutions in the Pareto Set:
  - Solution Number  79
  - Solution Number  71
  - Solution Number  14
  - Solution Number  116
  - Solution Number  124
  - Solution Number  126
  - Solution Number  127
  - Solution Number  149
  - Solution Number  153
  - Solution Number  176
  - Solution Number  181
Front 1  has 11  members in it.
Front 2  has 8  members in it.
Front 3  has 15  members in it.
Front 4  has 19  members in it.
Front 5  has 12  members in it.
Front 6  has 5  members in it.
Front 7  has 4  members in it.
Front 8  has 3  members in it.
Front 9  has 2  members in it.
Front 10  has 2  members in it.
Front 11  has 3  members in it.
Front 12  has 1  members in it.
Front 13  has 1  members in it.


Generation  5 : 

Gen. Member  Solution ID     f[1] (B)    f[2] (W)        f[3] (s)
------------------------------------------------------------------
          0           71            7        9.20          5844.8
          1          176            6       13.76          5701.8
          2          181            6       10.54          5739.5
          3          185            3       27.94          5817.0
          4          229            3       32.80          6062.0
          5          230            5       21.84          6049.6
          6          231            4       21.36          5734.3
          7          232            5       17.03          5905.1
          8          233            4       17.06          5787.0
          9          234            4       14.16          5937.4
         10          235            4       21.08          6064.8
         11          236            4       15.66          6029.3
         12          237            3       26.26          5780.7
         13          238            4       19.45          5893.3
         14          239            4       24.84          5761.2
         15          240            4       25.30          5958.2
         16          241            4       24.93          6110.6
         17          242            4       25.07          5920.0
         18          243            4       17.32          5925.7
         19          244            4       24.47          5831.4
         20          245            3       32.95          6097.9
         21          246            4       20.88          5870.5
         22          247            4       15.20          5999.8
         23          248            4       20.78          5729.3
         24          249            5       20.60          6092.0
         25          250            5       19.20          5905.1
         26          251            3       31.09          6078.7
         27          252            6       12.65          5858.6
         28          253            4       22.49          5837.6
         29          254            4       19.80          5803.5
         30          255            5       23.51          6033.0
         31          256            4       22.77          5978.5
         32          257            3       24.71          6100.8
         33          258            4       23.04          6132.3
         34          259            6       11.83          5934.1
         35          260            5       17.21          5899.7
         36          261            3       21.09          6042.6
         37          262            4       21.03          6092.0
         38          263            5       16.89          5984.3
         39          264            4       21.14          5801.0
         40          265            3       25.85          5993.0
         41          266            4       22.65          6147.8
         42          267            3       33.03          6113.3
         43          268            4       19.81          5809.3
         44          269            3       33.22          6101.9
         45          270            3       27.06          6092.8
         46          271            3       27.17          6069.2
         47          272            4       23.51          5863.0
         48          273            4       24.91          5921.4
         49          274            4       26.29          5941.4

There are currently  12 solutions in the Pareto Set:
  - Solution Number  79
  - Solution Number  71
  - Solution Number  124
  - Solution Number  127
  - Solution Number  153
  - Solution Number  176
  - Solution Number  181
  - Solution Number  14
  - Solution Number  185
  - Solution Number  202
  - Solution Number  211
  - Solution Number  217
Front 1  has 19  members in it.
Front 2  has 9  members in it.
Front 3  has 18  members in it.
Front 4  has 13  members in it.
Front 5  has 9  members in it.
Front 6  has 5  members in it.
Front 7  has 8  members in it.
Front 8  has 3  members in it.


Generation  6 : 

Gen. Member  Solution ID     f[1] (B)    f[2] (W)        f[3] (s)
------------------------------------------------------------------
          0          185            3       27.94          5817.0
          1          185            3       27.94          5817.0
          2          185            3       27.94          5817.0
          3          275            3       26.89          6101.7
          4          276            4       25.31          5984.2
          5          277            4       24.55          5880.3
          6          278            4       22.44          5792.1
          7          279            5       16.42          5801.0
          8          280            4       18.81          5801.0
          9          281            4       23.74          6101.7
         10          282            4       20.57          5912.1
         11          283            4       17.32          5752.3
         12          284            4       23.56          5785.2
         13          285            5       19.51          5905.1
         14          286            6       13.29          5761.2
         15          287            3       29.53          6059.2
         16          288            4       16.33          5772.4
         17          289            3       27.53          6054.1
         18          290            4       21.54          5825.0
         19          291            4       23.16          6032.0
         20          292            5       20.09          6110.6
         21          293            4       13.91          5684.2
         22          294            4       21.71          5731.6
         23          295            5       18.22          5836.2
         24          296            4       20.52          5676.7
         25          297            3       33.10          6060.3
         26          298            5       21.84          6049.6
         27          299            4       17.80          5957.1
         28          300            4       23.24          6096.9
         29          301            4       19.58          5921.4
         30          302            5       20.69          6040.3
         31          303            4       21.44          5787.0
         32          304            4       21.73          5953.7
         33          305            4       19.89          5719.5
         34          306            4       16.04          5967.4
         35          307            5       15.38          5899.7
         36          308            4       20.15          5797.5
         37          309            5       15.98          5723.4
         38          310            4       15.86          5864.1
         39          311            4       20.52          5797.5
         40          312            4       19.02          5718.3
         41          313            4       22.94          6156.9
         42          314            3       30.41          5887.7
         43          315            3       30.80          5899.7
         44          316            4       24.86          5905.1
         45          317            4       24.72          5836.2
         46          318            4       20.14          5825.2
         47          319            5       17.58          5898.7
         48          320            3       24.79          6068.8
         49          321            4       17.77          5788.4

There are currently  15 solutions in the Pareto Set:
  - Solution Number  79
  - Solution Number  124
  - Solution Number  127
  - Solution Number  153
  - Solution Number  14
  - Solution Number  202
  - Solution Number  211
  - Solution Number  217
  - Solution Number  71
  - Solution Number  176
  - Solution Number  181
  - Solution Number  234
  - Solution Number  237
  - Solution Number  261
  - Solution Number  265
Front 1  has 20  members in it.
Front 2  has 18  members in it.
Front 3  has 15  members in it.
Front 4  has 10  members in it.
Front 5  has 4  members in it.
Front 6  has 6  members in it.
Front 7  has 5  members in it.
Front 8  has 3  members in it.


Generation  7 : 

Gen. Member  Solution ID     f[1] (B)    f[2] (W)        f[3] (s)
------------------------------------------------------------------
          0          124            4       20.08          5652.9
          1          279            5       16.42          5801.0
          2          306            4       16.04          5967.4
          3          124            4       20.08          5652.9
          4          181            6       10.54          5739.5
          5          322            3       26.28          6063.1
          6          323            4       21.43          5845.1
          7          324            4       20.71          5772.3
          8          325            4       21.78          6020.6
          9          326            4       24.58          6088.4
         10          327            4       25.09          5882.1
         11          328            3       29.81          5848.5
         12          329            4       15.09          5791.7
         13          330            4       19.43          5676.7
         14          331            3       25.29          6068.2
         15          332            4       19.09          5907.3
         16          333            4       22.96          5976.7
         17          334            3       21.18          6108.9
         18          335            3       23.83          6112.3
         19          336            4       21.10          5881.2
         20          337            4       24.71          6040.3
         21          338            4       20.87          5825.0
         22          339            5       16.78          5842.7
         23          340            3       25.26          6068.2
         24          341            3       24.94          6112.3
         25          342            3       29.96          6054.1
         26          343            3       26.00          5795.6
         27          344            4       22.51          5825.0
         28          345            4       22.51          5825.0
         29          346            4       23.49          5636.8
         30          347            5       16.53          5751.0
         31          348            5       13.44          5831.5
         32          349            4       18.69          6094.0
         33          350            4       18.69          5869.4
         34          351            6       13.48          5739.0
         35          352            4       18.99          5849.1
         36          353            4       19.59          5780.7
         37          354            4       19.63          5711.3
         38          355            4       14.61          5947.1
         39          356            4       24.66          5854.9
         40          357            4       22.32          5993.7
         41          358            3       24.53          6112.3
         42          359            3       26.04          6100.8
         43          360            3       27.75          6028.5
         44          361            5       21.36          6040.3
         45          362            5       15.44          5942.4
         46          363            3       26.88          5936.2
         47          364            4       20.37          5830.0
         48          365            3       25.55          5903.4
         49          366            4       19.78          5797.5

There are currently  12 solutions in the Pareto Set:
  - Solution Number  79
  - Solution Number  124
  - Solution Number  153
  - Solution Number  14
  - Solution Number  211
  - Solution Number  71
  - Solution Number  176
  - Solution Number  181
  - Solution Number  237
  - Solution Number  261
  - Solution Number  265
  - Solution Number  293
Front 1  has 19  members in it.
Front 2  has 19  members in it.
Front 3  has 10  members in it.
Front 4  has 11  members in it.
Front 5  has 8  members in it.
Front 6  has 5  members in it.
Front 7  has 4  members in it.
Front 8  has 3  members in it.
Front 9  has 4  members in it.
Front 10  has 1  members in it.
Front 11  has 1  members in it.


Generation  8 : 

Gen. Member  Solution ID     f[1] (B)    f[2] (W)        f[3] (s)
------------------------------------------------------------------
          0          363            3       26.88          5936.2
          1          261            3       21.09          6042.6
          2          312            4       19.02          5718.3
          3           14            4       23.74          5585.2
          4          265            3       25.85          5993.0
          5          367            4       22.82          5938.6
          6          368            4       24.37          6092.8
          7          369            3       24.49          5903.4
          8          370            3       23.51          6100.8
          9          371            4       23.33          5895.3
         10          372            5       20.97          6164.9
         11          373            3       27.46          6101.9
         12          374            4       25.06          5994.1
         13          375            5       19.65          5777.4
         14          376            4       22.03          6146.6
         15          377            3       27.96          6057.7
         16          378            5       13.91          5927.5
         17          379            3       22.20          6072.0
         18          380            4       15.48          5916.2
         19          381            4       16.85          5675.5
         20          382            4       17.11          5924.4
         21          383            4       19.03          5844.6
         22          384            4       20.38          5801.0
         23          385            4       17.45          6013.2
         24          386            3       28.67          5884.7
         25          387            4       18.12          5913.3
         26          388            6       13.90          5685.9
         27          389            6       13.95          5801.7
         28          390            4       23.99          6011.4
         29          391            4       19.81          5744.4
         30          392            5       16.35          5859.5
         31          393            5       11.63          5793.3
         32          394            4       22.83          6023.3
         33          395            5       18.24          6017.5
         34          396            4       23.67          6040.3
         35          397            4       20.69          5955.5
         36          398            4       17.96          5948.9
         37          399            4       22.64          5727.1
         38          400            3       20.66          6077.0
         39          401            3       26.69          6041.4
         40          402            4       22.63          5794.3
         41          403            3       24.73          5780.7
         42          404            4       24.15          5903.8
         43          405            4       25.17          5893.4
         44          406            4       21.59          5835.9
         45          407            4       25.38          6032.0
         46          408            4       21.31          5739.2
         47          409            6       12.00          5792.0
         48          410            5       15.41          5825.0
         49          411            6       13.16          5855.6

There are currently  15 solutions in the Pareto Set:
  - Solution Number  79
  - Solution Number  153
  - Solution Number  14
  - Solution Number  211
  - Solution Number  71
  - Solution Number  176
  - Solution Number  237
  - Solution Number  261
  - Solution Number  293
  - Solution Number  124
  - Solution Number  181
  - Solution Number  343
  - Solution Number  348
  - Solution Number  351
  - Solution Number  365
Front 1  has 19  members in it.
Front 2  has 23  members in it.
Front 3  has 17  members in it.
Front 4  has 8  members in it.
Front 5  has 2  members in it.
Front 6  has 4  members in it.
Front 7  has 5  members in it.
Front 8  has 3  members in it.


Generation  9 : 

Gen. Member  Solution ID     f[1] (B)    f[2] (W)        f[3] (s)
------------------------------------------------------------------
          0          211            5       13.80          5801.0
          1          261            3       21.09          6042.6
          2          393            5       11.63          5793.3
          3          265            3       25.85          5993.0
          4          329            4       15.09          5791.7
          5          148            7       10.57          5765.2
          6          381            4       16.85          5675.5
          7          412            4       20.53          5953.7
          8          413            3       26.46          6073.0
          9          414            4       23.54          6049.6
         10          415            5       17.27          6049.6
         11          416            4       22.51          5825.0
         12          417            4       20.21          5921.4
         13          418            4       15.56          5781.6
         14          419            4       20.38          5844.6
         15          420            3       27.57          5929.5
         16          421            5       21.24          5921.4
         17          422            4       24.07          5873.7
         18          423            5       20.60          5924.7
         19          424            5       18.20          5853.4
         20          425            4       20.86          5961.2
         21          426            4       19.62          5993.9
         22          427            4       17.72          5752.3
         23          428            3       22.86          6100.8
         24          429            3       28.15          6112.9
         25          430            4       15.81          5806.8
         26          431            4       21.53          6119.7
         27          432            4       21.77          5953.7
         28          433            4       21.23          6094.0
         29          434            4       24.39          5997.1
         30          435            3       27.71          5763.8
         31          436            3       29.92          5811.5
         32          437            7       11.03          5811.9
         33          438            4       17.57          5964.3
         34          439            4       15.69          5936.2
         35          440            4       17.51          5919.9
         36          441            4       22.59          6030.8
         37          442            5       17.30          5984.0
         38          443            4       15.55          5944.3
         39          444            4       18.11          5971.8
         40          445            4       27.26          6129.4
         41          446            4       23.38          5859.3
         42          447            4       21.05          5881.4
         43          448            4       19.11          6015.0
         44          449            4       23.01          5998.5
         45          450            4       27.56          6049.6
         46          451            4       20.74          5909.7
         47          452            4       14.11          5900.4
         48          453            5       16.37          5937.6
         49          454            5       15.27          5989.6

There are currently  15 solutions in the Pareto Set:
  - Solution Number  79
  - Solution Number  71
  - Solution Number  176
  - Solution Number  293
  - Solution Number  124
  - Solution Number  181
  - Solution Number  351
  - Solution Number  261
  - Solution Number  14
  - Solution Number  369
  - Solution Number  381
  - Solution Number  388
  - Solution Number  393
  - Solution Number  400
  - Solution Number  403
Front 1  has 19  members in it.
Front 2  has 20  members in it.
Front 3  has 15  members in it.
Front 4  has 8  members in it.
Front 5  has 4  members in it.
Front 6  has 2  members in it.
Front 7  has 5  members in it.
Front 8  has 3  members in it.
Front 9  has 2  members in it.
Front 10  has 2  members in it.


Generation  10 : 

Gen. Member  Solution ID     f[1] (B)    f[2] (W)        f[3] (s)
------------------------------------------------------------------
          0          348            5       13.44          5831.5
          1          148            7       10.57          5765.2
          2          148            7       10.57          5765.2
          3          148            7       10.57          5765.2
          4          261            3       21.09          6042.6
          5           79            4       22.05          5607.8
          6          400            3       20.66          6077.0
          7          455            4       19.90          5982.4
          8          456            6       13.54          5607.8
          9          457            3       28.90          6140.7
         10          458            4       16.95          5814.8
         11          459            4       18.24          5762.2
         12          460            4       23.63          6023.3
         13          461            4       23.09          5961.8
         14          462            5       12.86          5793.3
         15          463            4       18.65          5936.2
         16          464            3       25.52          5951.4
         17          465            5       16.35          5992.4
         18          466            4       17.82          5787.8
         19          467            4       20.56          5793.3
         20          468            4       21.10          5835.7
         21          469            4       15.61          5958.9
         22          470            3       22.14          6010.3
         23          471            4       20.48          5717.6
         24          472            4       17.70          5772.4
         25          473            6       13.96          5801.7
         26          474            4       19.00          5833.7
         27          475            3       21.81          6100.8
         28          476            3       25.82          6068.8
         29          477            3       20.65          6131.4
         30          478            4       21.46          5790.7
         31          479            4       19.51          5924.3
         32          480            3       22.75          5779.0
         33          481            5       17.26          5939.3
         34          482            4       16.23          5807.1
         35          483            4       17.35          5921.4
         36          484            5       16.58          5878.9
         37          485            3       30.81          6068.8
         38          486            4       18.68          5849.1
         39          487            3       25.37          6140.7
         40          488            4       23.65          5973.0
         41          489            3       22.31          6040.3
         42          490            5       17.54          5910.6
         43          491            6       14.01          5685.9
         44          492            4       13.80          5949.7
         45          493            4       20.76          6156.9
         46          494            4       18.16          5924.9
         47          495            4       19.36          5819.7
         48          496            3       28.29          5635.3
         49          497            4       20.86          5777.1

There are currently  16 solutions in the Pareto Set:
  - Solution Number  79
  - Solution Number  71
  - Solution Number  176
  - Solution Number  293
  - Solution Number  124
  - Solution Number  181
  - Solution Number  351
  - Solution Number  14
  - Solution Number  369
  - Solution Number  388
  - Solution Number  400
  - Solution Number  403
  - Solution Number  261
  - Solution Number  393
  - Solution Number  381
  - Solution Number  435
Front 1  has 20  members in it.
Front 2  has 21  members in it.
Front 3  has 9  members in it.
Front 4  has 8  members in it.
Front 5  has 7  members in it.
Front 6  has 4  members in it.
Front 7  has 4  members in it.
Front 8  has 2  members in it.
Front 9  has 2  members in it.


Generation  11 : 

Gen. Member  Solution ID     f[1] (B)    f[2] (W)        f[3] (s)
------------------------------------------------------------------
          0          435            3       27.71          5763.8
          1          456            6       13.54          5607.8
          2          124            4       20.08          5652.9
          3          148            7       10.57          5765.2
          4          148            7       10.57          5765.2
          5          148            7       10.57          5765.2
          6           79            4       22.05          5607.8
          7          498            4       22.17          6147.8
          8          499            5       15.27          5750.4
          9          500            5       18.84          5997.8
         10          501            5       20.04          6132.3
         11          502            4       15.81          5716.5
         12          503            5       11.95          5851.7
         13          504            4       19.72          5862.1
         14          505            3       26.41          6048.5
         15          506            4       16.40          5998.2
         16          507            3       25.68          5791.6
         17          508            5       13.54          5907.7
         18          509            4       20.48          5789.7
         19          510            4       15.68          5845.5
         20          511            4       15.54          5863.1
         21          512            4       22.91          5754.0
         22          513            4       20.02          5879.7
         23          514            6       14.34          5741.0
         24          515            4       19.97          6021.0
         25          516            4       23.77          5994.1
         26          517            4       24.85          5752.6
         27          518            4       23.37          6032.0
         28          519            5       16.72          5881.4
         29          520            3       21.79          6040.3
         30          521            3       24.77          5994.1
         31          522            3       21.86          6103.8
         32          523            3       24.36          6025.2
         33          524            4       17.89          5812.5
         34          525            5       18.85          6033.0
         35          526            6       12.79          5825.0
         36          527            4       25.63          6052.4
         37          528            4       18.41          5723.4
         38          529            4       16.32          5762.8
         39          530            4       18.48          5718.2
         40          531            4       25.57          5821.3
         41          532            4       18.51          5676.7
         42          533            4       17.68          5927.5
         43          534            4       20.42          5956.3
         44          535            4       16.15          5979.8
         45          536            4       20.49          5801.7
         46          537            6       13.18          5818.8
         47          538            5       19.37          5997.1
         48          539            3       27.29          6108.9
         49          540            4       15.67          5696.7

There are currently  18 solutions in the Pareto Set:
  - Solution Number  71
  - Solution Number  293
  - Solution Number  124
  - Solution Number  181
  - Solution Number  351
  - Solution Number  14
  - Solution Number  393
  - Solution Number  381
  - Solution Number  435
  - Solution Number  261
  - Solution Number  79
  - Solution Number  400
  - Solution Number  456
  - Solution Number  470
  - Solution Number  477
  - Solution Number  480
  - Solution Number  492
  - Solution Number  496
Front 1  has 20  members in it.
Front 2  has 22  members in it.
Front 3  has 9  members in it.
Front 4  has 10  members in it.
Front 5  has 8  members in it.
Front 6  has 1  members in it.
Front 7  has 2  members in it.
Front 8  has 3  members in it.


Generation  12 : 

Gen. Member  Solution ID     f[1] (B)    f[2] (W)        f[3] (s)
------------------------------------------------------------------
          0          403            3       24.73          5780.7
          1          261            3       21.09          6042.6
          2          541            4       19.14          5915.0
          3          542            4       19.15          5718.2
          4          543            5       19.84          6049.6
          5          544            4       21.86          5949.8
          6          545            6       16.40          5926.4
          7          546            4       22.14          5992.4
          8          547            4       19.61          6094.0
          9          548            5       20.20          5874.1
         10          549            4       18.84          6096.9
         11          550            5       13.37          5779.8
         12          551            3       25.06          6100.0
         13          552            3       19.62          6054.1
         14          553            3       29.08          6071.5
         15          554            5       17.83          5784.3
         16          555            4       20.86          5961.2
         17          556            4       21.14          5835.7
         18          557            5       19.25          5863.7
         19          558            5       18.42          5985.1
         20          559            4       23.59          5905.0
         21          560            4       18.29          5741.2
         22          561            4       17.39          6049.6
         23          562            7       11.27          5765.2
         24          563            4       24.23          5912.7
         25          564            4       23.86          6023.3
         26          565            4       22.39          5948.9
         27          566            4       27.92          6049.6
         28          567            4       23.81          6004.2
         29          568            6       12.22          5944.6
         30          569            5       19.80          5913.0
         31          570            5       15.53          5844.6
         32          571            4       21.10          5836.5
         33          572            3       28.15          5835.7
         34          573            5       18.98          5913.0
         35          574            5       16.52          5818.7
         36          575            3       22.56          5932.5
         37          576            4       22.59          5962.9
         38          577            3       27.79          5911.9
         39          578            4       18.86          6008.5
         40          579            3       26.26          6089.5
         41          580            3       20.47          6139.5
         42          581            4       23.33          5997.1
         43          582            4       21.78          5801.7
         44          583            3       28.88          6157.8
         45          584            3       20.84          6078.7
         46          585            4       25.02          6092.8
         47          586            4       21.58          5859.9
         48          587            4       14.23          5813.9
         49          588            4       24.09          5770.3

There are currently  19 solutions in the Pareto Set:
  - Solution Number  71
  - Solution Number  293
  - Solution Number  181
  - Solution Number  351
  - Solution Number  14
  - Solution Number  393
  - Solution Number  381
  - Solution Number  261
  - Solution Number  400
  - Solution Number  470
  - Solution Number  477
  - Solution Number  480
  - Solution Number  492
  - Solution Number  496
  - Solution Number  435
  - Solution Number  456
  - Solution Number  124
  - Solution Number  79
  - Solution Number  520
Front 1  has 21  members in it.
Front 2  has 17  members in it.
Front 3  has 11  members in it.
Front 4  has 5  members in it.
Front 5  has 4  members in it.
Front 6  has 2  members in it.
Front 7  has 4  members in it.
Front 8  has 4  members in it.
Front 9  has 2  members in it.
Front 10  has 3  members in it.
Front 11  has 1  members in it.


Generation  13 : 

Gen. Member  Solution ID     f[1] (B)    f[2] (W)        f[3] (s)
------------------------------------------------------------------
          0          293            4       13.91          5684.2
          1          587            4       14.23          5813.9
          2          456            6       13.54          5607.8
          3           71            7        9.20          5844.8
          4          452            4       14.11          5900.4
          5          393            5       11.63          5793.3
          6          393            5       11.63          5793.3
          7          589            4       23.78          5925.3
          8          590            4       25.55          5954.4
          9          591            4       20.38          5897.4
         10          592            4       23.68          5982.8
         11          593            4       20.00          5944.7
         12          594            3       25.36          5938.4
         13          595            4       22.36          6029.1
         14          596            3       31.06          5863.0
         15          597            4       21.19          5915.0
         16          598            4       18.86          6129.5
         17          599            4       22.25          5915.3
         18          600            4       20.59          5966.5
         19          601            4       20.21          5985.8
         20          602            3       22.93          5838.5
         21          603            5       12.85          5793.3
         22          604            4       16.97          5718.2
         23          605            5       16.39          5992.0
         24          606            4       21.13          5802.0
         25          607            4       20.56          5791.7
         26          608            4       16.58          5718.0
         27          609            3       31.94          6042.6
         28          610            4       23.93          5954.4
         29          611            4       21.71          5920.2
         30          612            5       17.76          5761.5
         31          613            5       17.45          5892.0
         32          614            4       24.62          5950.4
         33          615            4       15.99          5804.6
         34          616            4       16.48          5949.7
         35          617            4       17.53          6077.0
         36          618            4       16.05          5901.2
         37          619            3       20.71          5872.7
         38          620            3       25.83          6108.9
         39          621            4       19.53          6164.9
         40          622            5       17.96          5784.3
         41          623            3       18.30          6110.6
         42          624            3       23.02          6042.6
         43          625            3       29.57          5900.1
         44          626            4       17.17          5914.9
         45          627            5       12.58          5832.6
         46          628            4       20.50          5718.2
         47          629            5       17.27          5922.6
         48          630            4       22.36          5962.9
         49          631            4       21.70          5749.8

There are currently  20 solutions in the Pareto Set:
  - Solution Number  71
  - Solution Number  293
  - Solution Number  181
  - Solution Number  351
  - Solution Number  14
  - Solution Number  393
  - Solution Number  381
  - Solution Number  470
  - Solution Number  480
  - Solution Number  492
  - Solution Number  496
  - Solution Number  435
  - Solution Number  456
  - Solution Number  124
  - Solution Number  79
  - Solution Number  520
  - Solution Number  261
  - Solution Number  550
  - Solution Number  552
  - Solution Number  575
Front 1  has 23  members in it.
Front 2  has 15  members in it.
Front 3  has 11  members in it.
Front 4  has 13  members in it.
Front 5  has 4  members in it.
Front 6  has 4  members in it.
Front 7  has 3  members in it.
Front 8  has 1  members in it.
Front 9  has 1  members in it.
Front 10  has 1  members in it.
Front 11  has 2  members in it.


Generation  14 : 

Gen. Member  Solution ID     f[1] (B)    f[2] (W)        f[3] (s)
------------------------------------------------------------------
          0          619            3       20.71          5872.7
          1          616            4       16.48          5949.7
          2          632            3       18.47          6080.6
          3          633            3       26.39          5786.3
          4          634            4       26.44          5932.5
          5          635            4       15.69          5936.2
          6          636            3       26.27          5791.3
          7          637            4       21.46          5845.4
          8          638            5       20.20          5944.6
          9          639            4       25.31          5993.7
         10          640            3       17.86          6103.8
         11          641            4       15.91          5927.2
         12          642            4       26.60          5887.3
         13          643            3       30.00          5871.4
         14          644            4       25.14          5874.3
         15          645            5       16.03          6008.2
         16          646            6       12.46          5825.0
         17          647            3       27.96          6063.1
         18          648            4       15.57          5803.0
         19          649            4       24.73          5814.1
         20          650            4       15.85          5902.6
         21          651            4       22.04          6074.8
         22          652            3       21.88          6120.4
         23          653            3       21.86          5932.5
         24          654            4       22.99          6101.9
         25          655            5       21.36          6021.3
         26          656            4       24.46          5932.5
         27          657            4       23.23          6021.3
         28          658            5       19.95          6103.8
         29          659            4       21.60          5753.4
         30          660            4       22.68          6033.0
         31          661            5       14.97          5810.3
         32          662            3       28.20          6017.3
         33          663            5       20.30          6132.3
         34          664            4       15.60          5670.7
         35          665            4       23.11          6105.1
         36          666            4       24.07          5896.8
         37          667            4       23.73          6047.2
         38          668            3       28.17          5985.9
         39          669            3       23.84          6110.6
         40          670            5       15.11          5693.6
         41          671            5       17.62          5942.5
         42          672            6       15.57          5920.9
         43          673            4       19.38          5917.2
         44          674            4       24.65          6024.4
         45          675            3       34.21          6073.4
         46          676            4       19.29          5937.4
         47          677            3       29.53          6085.6
         48          678            3       27.51          6068.2
         49          679            5       15.35          5833.7

There are currently  19 solutions in the Pareto Set:
  - Solution Number  181
  - Solution Number  351
  - Solution Number  14
  - Solution Number  381
  - Solution Number  480
  - Solution Number  492
  - Solution Number  496
  - Solution Number  435
  - Solution Number  124
  - Solution Number  79
  - Solution Number  550
  - Solution Number  552
  - Solution Number  293
  - Solution Number  456
  - Solution Number  71
  - Solution Number  393
  - Solution Number  603
  - Solution Number  619
  - Solution Number  623
Front 1  has 25  members in it.
Front 2  has 12  members in it.
Front 3  has 7  members in it.
Front 4  has 9  members in it.
Front 5  has 6  members in it.
Front 6  has 4  members in it.
Front 7  has 2  members in it.
Front 8  has 2  members in it.
Front 9  has 2  members in it.
Front 10  has 4  members in it.
Front 11  has 1  members in it.


Generation  15 : 

Gen. Member  Solution ID     f[1] (B)    f[2] (W)        f[3] (s)
------------------------------------------------------------------
          0          176            6       13.76          5701.8
          1           14            4       23.74          5585.2
          2          480            3       22.75          5779.0
          3          632            3       18.47          6080.6
          4          664            4       15.60          5670.7
          5          680            4       18.45          5985.8
          6          681            3       29.28          6094.0
          7          682            4       22.57          5920.6
          8          683            4       15.79          5750.9
          9          684            5       13.97          5854.1
         10          685            6       14.77          5883.4
         11          686            6       13.47          5577.5
         12          687            4       22.80          6063.1
         13          688            4       20.30          5894.4
         14          689            5       17.82          5871.8
         15          690            5       18.78          6092.3
         16          691            8        8.21          5812.5
         17          692            4       22.15          6049.6
         18          693            5       19.92          5965.6
         19          694            4       15.55          5793.3
         20          695            4       21.38          5750.1
         21          696            4       20.51          5768.4
         22          697            3       20.71          5932.5
         23          698            4       18.38          5825.0
         24          699            4       22.87          5801.7
         25          700            3       28.10          6030.9
         26          701            4       14.66          6029.3
         27          702            4       13.78          6007.5
         28          703            4       17.42          5839.5
         29          704            4       21.46          5971.8
         30          705            4       22.39          6040.3
         31          706            3       29.10          6074.8
         32          707            6       15.38          5942.5
         33          708            4       18.12          6002.7
         34          709            4       13.94          6004.2
         35          710            4       21.77          6100.0
         36          711            6       15.04          5937.6
         37          712            3       26.62          6148.8
         38          713            3       21.49          5769.2
         39          714            4       25.40          5803.6
         40          715            4       19.61          5870.0
         41          716            4       23.15          5689.9
         42          717            5       18.60          5860.2
         43          718            4       14.37          5965.3
         44          719            3       18.91          6110.6
         45          720            3       23.45          5932.5
         46          721            3       18.45          6059.7
         47          722            3       18.58          6042.6
         48          723            3       20.99          6080.6
         49          724            3       26.54          5705.4

There are currently  20 solutions in the Pareto Set:
  - Solution Number  181
  - Solution Number  351
  - Solution Number  14
  - Solution Number  480
  - Solution Number  492
  - Solution Number  496
  - Solution Number  435
  - Solution Number  124
  - Solution Number  79
  - Solution Number  550
  - Solution Number  552
  - Solution Number  293
  - Solution Number  456
  - Solution Number  71
  - Solution Number  393
  - Solution Number  603
  - Solution Number  619
  - Solution Number  632
  - Solution Number  640
  - Solution Number  664
Front 1  has 23  members in it.
Front 2  has 14  members in it.
Front 3  has 9  members in it.
Front 4  has 10  members in it.
Front 5  has 7  members in it.
Front 6  has 10  members in it.
Front 7  has 5  members in it.
Front 8  has 1  members in it.


Generation  16 : 

Gen. Member  Solution ID     f[1] (B)    f[2] (W)        f[3] (s)
------------------------------------------------------------------
          0          725            5       20.67          5932.5
          1          726            3       25.44          5803.1
          2          727            6       10.94          5577.5
          3          728            4       21.55          5652.9
          4          729            4       21.81          6040.9
          5          730            5       20.18          5993.7
          6          731            5       20.34          6012.7
          7          732            4       22.57          5833.4
          8          733            4       24.93          5890.5
          9          734            4       22.22          5932.5
         10          735            5       15.72          6063.6
         11          736            6       15.86          5887.2
         12          737            5       12.61          5831.5
         13          738            4       18.84          6032.8
         14          739            4       13.79          6027.6
         15          740            4       15.40          5979.1
         16          741            5       12.33          5799.7
         17          742            3       28.67          5752.9
         18          743            7       11.12          5825.0
         19          744            4       18.75          5556.9
         20          745            4       20.23          5791.7
         21          746            4       24.45          5919.0
         22          747            5       14.99          5952.2
         23          748            4       15.23          5789.1
         24          749            4       19.51          5844.2
         25          750            4       23.96          5837.7
         26          751            4       22.55          6049.6
         27          752            5       17.95          5932.5
         28          753            3       26.31          5911.4
         29          754            4       15.86          5921.9
         30          755            4       29.30          5951.1
         31          756            4       22.17          6156.9
         32          757            3       27.99          5802.0
         33          758            3       26.72          5868.7
         34          759            5       16.96          6129.4
         35          760            4       26.24          5777.4
         36          761            6       15.66          5961.8
         37          762            3       34.33          5988.6
         38          763            5       11.24          5849.1
         39          764            4       14.08          5577.1
         40          765            4       24.07          5718.2
         41          766            8        8.91          5812.5
         42          767            4       24.69          5906.9
         43          768            4       29.28          6109.1
         44          769            5       19.68          6119.7
         45          770            4       22.02          6121.0
         46          771            4       23.61          5993.7
         47          772            6       14.80          6025.2
         48          773            5       14.65          5810.1
         49          774            4       19.99          5910.1

There are currently  21 solutions in the Pareto Set:
  - Solution Number  181
  - Solution Number  492
  - Solution Number  496
  - Solution Number  124
  - Solution Number  79
  - Solution Number  550
  - Solution Number  293
  - Solution Number  71
  - Solution Number  393
  - Solution Number  603
  - Solution Number  619
  - Solution Number  640
  - Solution Number  14
  - Solution Number  664
  - Solution Number  686
  - Solution Number  691
  - Solution Number  702
  - Solution Number  713
  - Solution Number  721
  - Solution Number  722
  - Solution Number  724
Front 1  has 23  members in it.
Front 2  has 17  members in it.
Front 3  has 12  members in it.
Front 4  has 9  members in it.
Front 5  has 6  members in it.
Front 6  has 3  members in it.
Front 7  has 3  members in it.
Front 8  has 1  members in it.


*******************************************************************************
                          2017-01-11 18:02:37.432340
