                          2017-01-06 18:51:05.544072
*******************************************************************************

     This output file records the optimization of a bin packing problem

     with  24  items to pack. The optimization is terminated after

      750  fitness function evaluations.


*******************************************************************************

     Method:  NSGA-II
     data:  TimeDependent/NSGA-II/Cookies24/Experiment05/Cookies24.txt
Generation  1 : 

Gen. Member  Solution ID     f[1] (B)    f[2] (W)        f[3] (s)
------------------------------------------------------------------
          0            3            4       22.34          5841.2
          1            1            5       22.49          5921.4
          2           37            6       16.47          6049.2
          3           23            5       18.70          5948.9
          4           39            6       16.43          5976.9
          5           50            5       19.63          5840.4
          6           51            5       18.71          6069.7
          7           52            4       25.45          6148.8
          8           53            4       23.72          6131.4
          9           54            4       23.44          5978.6
         10           55            4       28.52          5921.4
         11           56            4       23.10          6108.9
         12           57            4       26.34          5942.5
         13           58            4       24.71          6100.0
         14           59            4       27.82          6049.6
         15           60            4       24.34          5876.0
         16           61            5       19.97          5942.5
         17           62            4       25.00          6003.8
         18           63            4       17.82          5901.9
         19           64            6       16.53          6025.8
         20           65            6       13.14          5946.8
         21           66            4       22.72          5813.2
         22           67            4       28.31          6021.3
         23           68            4       24.13          6090.3
         24           69            5       21.71          5967.5
         25           70            4       27.14          6033.0
         26           71            4       19.20          5841.2
         27           72            4       24.34          5877.4
         28           73            4       25.41          6012.0
         29           74            4       24.07          5768.9
         30           75            4       26.03          6132.3
         31           76            4       22.23          5636.0
         32           77            5       20.78          5949.0
         33           78            4       23.03          5822.8
         34           79            4       23.86          6156.9
         35           80            6       12.58          5846.7
         36           81            4       24.82          5940.0
         37           82            4       24.20          5847.5
         38           83            4       24.74          5921.4
         39           84            4       25.38          5921.4
         40           85            5       20.07          5877.4
         41           86            5       18.91          6102.5
         42           87            4       25.68          6139.5
         43           88            4       22.52          5827.1
         44           89            5       19.69          6007.2
         45           90            4       25.65          6056.7
         46           91            4       28.90          5921.4
         47           92            4       24.74          5949.0
         48           93            6       16.50          5974.7
         49           94            5       19.81          6050.0

There are currently  9 solutions in the Pareto Set:
  - Solution Number  0
  - Solution Number  3
  - Solution Number  12
  - Solution Number  17
  - Solution Number  24
  - Solution Number  36
  - Solution Number  38
  - Solution Number  45
  - Solution Number  49
Front 1  has 11  members in it.
Front 2  has 8  members in it.
Front 3  has 8  members in it.
Front 4  has 6  members in it.
Front 5  has 4  members in it.
Front 6  has 2  members in it.
Front 7  has 1  members in it.
Front 8  has 1  members in it.


Generation  2 : 

Gen. Member  Solution ID     f[1] (B)    f[2] (W)        f[3] (s)
------------------------------------------------------------------
          0           80            6       12.58          5846.7
          1           39            6       16.43          5976.9
          2           56            4       23.10          6108.9
          3            0            4       19.80          5988.8
          4           24            4       21.67          5962.5
          5           76            4       22.23          5636.0
          6           17            7       11.66          5822.8
          7           95            5       20.54          6041.9
          8           96            5       17.60          6028.9
          9           97            4       25.69          5936.0
         10           98            7       13.85          5954.6
         11           99            6       14.43          5822.8
         12          100            4       26.61          5982.5
         13          101            5       19.41          5822.6
         14          102            4       24.70          5846.0
         15          103            4       23.44          6021.3
         16          104            4       19.00          5827.1
         17          105            5       18.81          5832.4
         18          106            5       21.95          6130.4
         19          107            5       19.48          5862.1
         20          108            4       24.23          5993.3
         21          109            5       16.10          5768.6
         22          110            4       18.99          5831.5
         23          111            6       14.29          5839.2
         24          112            6       14.39          5799.8
         25          113            4       25.54          6023.3
         26          114            6       14.18          5734.4
         27          115            4       28.74          6033.0
         28          116            5       21.02          5993.3
         29          117            6       17.32          6048.1
         30          118            4       24.19          5787.3
         31          119            5       23.16          5921.4
         32          120            5       19.78          5968.2
         33          121            4       24.32          5921.4
         34          122            4       24.15          5773.6
         35          123            6       16.79          5940.0
         36          124            4       22.40          6129.5
         37          125            6       16.93          5984.2
         38          126            4       24.47          5943.2
         39          127            6       15.36          5866.1
         40          128            4       23.03          5570.4
         41          129            5       16.32          5993.3
         42          130            4       23.65          5796.4
         43          131            4       22.17          5924.8
         44          132            4       21.64          5974.5
         45          133            5       23.87          6102.5
         46          134            5       17.95          5740.4
         47          135            4       18.34          5787.1
         48          136            4       20.95          6092.3
         49          137            4       24.04          5822.8

There are currently  8 solutions in the Pareto Set:
  - Solution Number  12
  - Solution Number  17
  - Solution Number  36
  - Solution Number  45
  - Solution Number  63
  - Solution Number  71
  - Solution Number  76
  - Solution Number  80
Front 1  has 15  members in it.
Front 2  has 10  members in it.
Front 3  has 13  members in it.
Front 4  has 11  members in it.
Front 5  has 7  members in it.
Front 6  has 8  members in it.
Front 7  has 7  members in it.
Front 8  has 6  members in it.
Front 9  has 6  members in it.
Front 10  has 4  members in it.
Front 11  has 1  members in it.


Generation  3 : 

Gen. Member  Solution ID     f[1] (B)    f[2] (W)        f[3] (s)
------------------------------------------------------------------
          0           36            5       16.37          5797.0
          1            0            4       19.80          5988.8
          2          138            6       16.04          6011.6
          3          139            4       21.71          5831.0
          4          140            4       26.65          6032.0
          5          141            5       16.73          5880.6
          6          142            7       13.38          5954.6
          7          143            4       25.82          6023.3
          8          144            4       21.99          6067.3
          9          145            4       24.63          6027.1
         10          146            4       25.95          6058.2
         11          147            4       23.62          6020.0
         12          148            4       21.51          5797.8
         13          149            4       20.62          5754.3
         14          150            4       19.11          5797.0
         15          151            4       20.19          5768.9
         16          152            6       14.40          5854.0
         17          153            4       19.50          5670.4
         18          154            4       22.96          5979.1
         19          155            4       25.29          6005.0
         20          156            4       21.42          5988.8
         21          157            4       21.25          5802.0
         22          158            4       24.91          5980.1
         23          159            4       27.65          6005.0
         24          160            4       19.56          5859.2
         25          161            4       19.63          5776.7
         26          162            6       12.31          5822.8
         27          163            6       12.53          5822.8
         28          164            4       20.61          5754.8
         29          165            4       23.06          5735.0
         30          166            4       22.79          5768.6
         31          167            4       20.06          5793.3
         32          168            4       24.38          6049.6
         33          169            3       31.54          5850.0
         34          170            5       16.73          5880.6
         35          171            4       22.39          5570.4
         36          172            4       22.79          5973.0
         37          173            4       23.06          6049.6
         38          174            5       19.75          5882.9
         39          175            5       20.31          5881.8
         40          176            4       27.51          5921.4
         41          177            4       18.72          5775.8
         42          178            7       10.71          5822.8
         43          179            4       17.69          5763.8
         44          180            4       20.28          5865.1
         45          181            5       21.20          5965.6
         46          182            4       25.70          5995.1
         47          183            5       20.10          5982.5
         48          184            5       21.44          6049.6
         49          185            4       23.07          5741.9

There are currently  9 solutions in the Pareto Set:
  - Solution Number  63
  - Solution Number  80
  - Solution Number  76
  - Solution Number  17
  - Solution Number  109
  - Solution Number  114
  - Solution Number  128
  - Solution Number  134
  - Solution Number  135
Front 1  has 11  members in it.
Front 2  has 10  members in it.
Front 3  has 15  members in it.
Front 4  has 14  members in it.
Front 5  has 11  members in it.
Front 6  has 12  members in it.
Front 7  has 9  members in it.
Front 8  has 2  members in it.
Front 9  has 1  members in it.


Generation  4 : 

Gen. Member  Solution ID     f[1] (B)    f[2] (W)        f[3] (s)
------------------------------------------------------------------
          0          186            4       20.41          5754.3
          1          187            4       22.22          5712.4
          2          188            4       19.43          5857.2
          3          189            4       27.86          6033.0
          4          190            4       29.31          5961.0
          5          191            5       21.67          5932.4
          6          192            5       20.73          5954.4
          7          193            4       21.23          5876.1
          8          194            4       25.97          6021.3
          9          195            4       20.44          5777.3
         10          196            4       23.85          5884.3
         11          197            4       20.99          5829.4
         12          198            5       16.09          5853.5
         13          199            4       19.43          5939.5
         14          200            4       24.94          5971.1
         15          201            4       26.36          5823.9
         16          202            4       18.67          5822.8
         17          203            6       14.54          5999.0
         18          204            3       30.59          6078.4
         19          205            4       24.90          5938.7
         20          206            4       18.22          5797.0
         21          207            4       24.62          5978.1
         22          208            4       24.51          6019.9
         23          209            4       21.04          5768.6
         24          210            4       27.79          5940.4
         25          211            4       24.35          5953.9
         26          212            4       17.94          5867.1
         27          213            4       25.12          5914.3
         28          214            4       23.51          6102.5
         29          215            5       19.29          5931.9
         30          216            4       23.20          6146.6
         31          217            4       19.90          5770.6
         32          218            4       21.27          5790.6
         33          219            4       20.75          5788.8
         34          220            4       24.45          6030.3
         35          221            6       13.68          5773.9
         36          222            5       16.89          5781.3
         37          223            4       22.01          5670.2
         38          224            4       24.02          5822.8
         39          225            4       24.02          5822.8
         40          226            4       23.05          5777.9
         41          227            4       22.08          5713.5
         42          228            4       19.54          5847.9
         43          229            6       14.58          5931.6
         44          230            4       24.95          5994.3
         45          231            5       21.90          6032.0
         46          232            4       22.79          6021.2
         47          233            4       20.92          5616.9
         48          234            4       21.81          5949.9
         49          235            6       15.26          5830.9

There are currently  10 solutions in the Pareto Set:
  - Solution Number  76
  - Solution Number  109
  - Solution Number  114
  - Solution Number  134
  - Solution Number  153
  - Solution Number  162
  - Solution Number  169
  - Solution Number  171
  - Solution Number  178
  - Solution Number  179
Front 1  has 13  members in it.
Front 2  has 13  members in it.
Front 3  has 9  members in it.
Front 4  has 12  members in it.
Front 5  has 11  members in it.
Front 6  has 11  members in it.
Front 7  has 5  members in it.
Front 8  has 3  members in it.
Front 9  has 1  members in it.
Front 10  has 3  members in it.
Front 11  has 4  members in it.
Front 12  has 2  members in it.
Front 13  has 2  members in it.


Generation  5 : 

Gen. Member  Solution ID     f[1] (B)    f[2] (W)        f[3] (s)
------------------------------------------------------------------
          0          236            4       23.39          6164.9
          1          237            4       22.31          5839.2
          2          238            4       20.40          5822.8
          3          239            5       15.43          5768.9
          4          240            4       20.31          5670.4
          5          241            4       19.52          5695.1
          6          242            4       26.95          5993.3
          7          243            3       34.43          6058.3
          8          244            3       27.84          6092.8
          9          245            4       24.73          6083.3
         10          246            4       24.43          5922.0
         11          247            4       19.08          5872.9
         12          248            4       20.00          5889.3
         13          249            4       25.41          5965.4
         14          250            4       18.78          6006.1
         15          251            4       19.28          5785.0
         16          252            5       14.93          5619.3
         17          253            7       11.03          5823.6
         18          254            4       23.09          6017.2
         19          255            4       26.92          5949.0
         20          256            4       21.50          5988.8
         21          257            4       18.85          5821.6
         22          258            5       20.61          6032.6
         23          259            4       25.15          5899.7
         24          260            4       23.22          5641.6
         25          261            4       26.91          5954.4
         26          262            5       19.49          5892.2
         27          263            6       14.58          5798.3
         28          264            4       21.47          5951.4
         29          265            4       25.05          5850.0
         30          266            4       25.69          5936.9
         31          267            3       31.16          5990.4
         32          268            4       21.67          5852.0
         33          269            6       14.29          5853.5
         34          270            6       15.43          5851.9
         35          271            4       26.02          6113.3
         36          272            7       11.34          5773.9
         37          273            4       20.92          5672.9
         38          274            4       18.59          5688.2
         39          275            4       18.52          5649.7
         40          276            4       27.69          5921.4
         41          277            3       29.04          6032.6
         42          278            5       19.28          5938.0
         43          279            4       25.17          5953.4
         44          280            4       21.01          5935.4
         45          281            7       11.39          5587.7
         46          282            3       26.48          6130.4
         47          283            4       23.61          5990.8
         48          284            5       15.46          5822.6
         49          285            4       23.71          5989.8

There are currently  13 solutions in the Pareto Set:
  - Solution Number  109
  - Solution Number  114
  - Solution Number  134
  - Solution Number  153
  - Solution Number  162
  - Solution Number  169
  - Solution Number  171
  - Solution Number  178
  - Solution Number  179
  - Solution Number  198
  - Solution Number  204
  - Solution Number  221
  - Solution Number  233
Front 1  has 18  members in it.
Front 2  has 13  members in it.
Front 3  has 14  members in it.
Front 4  has 8  members in it.
Front 5  has 9  members in it.
Front 6  has 3  members in it.
Front 7  has 3  members in it.
Front 8  has 3  members in it.
Front 9  has 5  members in it.
Front 10  has 7  members in it.
Front 11  has 2  members in it.
Front 12  has 1  members in it.
Front 13  has 1  members in it.


Generation  6 : 

Gen. Member  Solution ID     f[1] (B)    f[2] (W)        f[3] (s)
------------------------------------------------------------------
          0          272            7       11.34          5773.9
          1          171            4       22.39          5570.4
          2          109            5       16.10          5768.6
          3          179            4       17.69          5763.8
          4          267            3       31.16          5990.4
          5          221            6       13.68          5773.9
          6          204            3       30.59          6078.4
          7          267            3       31.16          5990.4
          8          286            4       21.26          5961.2
          9          287            6       16.74          5860.2
         10          288            5       22.16          5976.1
         11          289            6       14.13          5840.5
         12          290            4       22.55          5967.3
         13          291            3       28.02          6032.6
         14          292            5       15.89          6096.5
         15          293            5       19.31          5998.8
         16          294            5       21.62          6049.6
         17          295            4       21.84          5974.9
         18          296            6       13.07          5763.7
         19          297            6       13.11          5668.7
         20          298            5       22.03          5950.0
         21          299            4       26.10          6023.3
         22          300            6       12.15          5822.8
         23          301            6       16.18          5941.5
         24          302            6       15.91          6032.0
         25          303            4       28.93          5921.4
         26          304            6       16.83          5982.5
         27          305            4       23.62          5965.5
         28          306            5       18.36          5712.9
         29          307            6       14.30          5844.9
         30          308            3       31.45          5974.9
         31          309            5       19.52          5921.9
         32          310            6       13.95          5773.9
         33          311            6       12.31          5822.8
         34          312            5       19.59          5956.3
         35          313            4       21.20          5712.3
         36          314            4       22.59          5896.2
         37          315            4       29.01          5921.4
         38          316            4       22.59          5753.9
         39          317            4       20.79          5874.7
         40          318            4       22.40          6096.5
         41          319            4       20.14          5993.3
         42          320            6       12.70          5830.0
         43          321            6       13.53          5854.1
         44          322            4       20.35          5995.2
         45          323            3       28.36          5897.0
         46          324            4       21.93          6050.4
         47          325            4       19.57          5915.0
         48          326            3       25.98          5834.5
         49          327            5       20.96          5993.3

There are currently  16 solutions in the Pareto Set:
  - Solution Number  114
  - Solution Number  162
  - Solution Number  169
  - Solution Number  171
  - Solution Number  178
  - Solution Number  179
  - Solution Number  221
  - Solution Number  233
  - Solution Number  244
  - Solution Number  252
  - Solution Number  267
  - Solution Number  272
  - Solution Number  275
  - Solution Number  277
  - Solution Number  281
  - Solution Number  282
Front 1  has 19  members in it.
Front 2  has 12  members in it.
Front 3  has 13  members in it.
Front 4  has 11  members in it.
Front 5  has 7  members in it.
Front 6  has 4  members in it.
Front 7  has 3  members in it.
Front 8  has 2  members in it.
Front 9  has 6  members in it.
Front 10  has 5  members in it.
Front 11  has 2  members in it.


Generation  7 : 

Gen. Member  Solution ID     f[1] (B)    f[2] (W)        f[3] (s)
------------------------------------------------------------------
          0          253            7       11.03          5823.6
          1          274            4       18.59          5688.2
          2           17            7       11.66          5822.8
          3          300            6       12.15          5822.8
          4          244            3       27.84          6092.8
          5          328            4       24.75          5916.3
          6          329            7        9.58          5763.7
          7          330            5       11.69          6029.1
          8          331            3       26.20          5954.1
          9          332            4       20.33          5725.2
         10          333            5       21.52          5996.9
         11          334            5       17.14          5609.3
         12          335            4       18.16          6062.6
         13          336            3       24.71          6100.8
         14          337            6       17.35          5974.9
         15          338            4       22.19          6000.5
         16          339            3       25.26          6052.4
         17          340            3       31.05          6061.0
         18          341            4       23.01          5805.3
         19          342            4       22.12          5962.9
         20          343            3       29.19          6119.7
         21          344            3       27.63          6062.0
         22          345            4       16.30          5997.1
         23          346            3       28.76          5980.9
         24          347            6       15.03          5982.9
         25          348            6       14.69          5781.9
         26          349            4       21.29          5745.0
         27          350            4       19.08          5668.7
         28          351            5       19.77          6007.5
         29          352            4       22.40          5781.4
         30          353            4       19.77          5852.8
         31          354            3       26.65          5840.4
         32          355            6       14.18          5759.6
         33          356            6       13.18          5822.8
         34          357            4       25.43          5982.8
         35          358            4       21.50          5764.6
         36          359            5       19.51          5958.7
         37          360            4       21.73          5669.8
         38          361            6       15.24          5822.8
         39          362            5       20.04          6001.8
         40          363            5       15.64          5822.8
         41          364            5       20.26          5852.6
         42          365            4       24.62          5947.4
         43          366            6       18.50          5993.3
         44          367            6       12.89          5670.4
         45          368            6       15.13          5792.3
         46          369            3       25.69          5888.8
         47          370            4       26.50          5997.1
         48          371            4       20.69          5670.4
         49          372            6       12.10          5773.9

There are currently  13 solutions in the Pareto Set:
  - Solution Number  178
  - Solution Number  233
  - Solution Number  252
  - Solution Number  275
  - Solution Number  281
  - Solution Number  272
  - Solution Number  171
  - Solution Number  179
  - Solution Number  296
  - Solution Number  297
  - Solution Number  300
  - Solution Number  311
  - Solution Number  326
Front 1  has 23  members in it.
Front 2  has 14  members in it.
Front 3  has 9  members in it.
Front 4  has 10  members in it.
Front 5  has 6  members in it.
Front 6  has 7  members in it.
Front 7  has 8  members in it.
Front 8  has 2  members in it.


Generation  8 : 

Gen. Member  Solution ID     f[1] (B)    f[2] (W)        f[3] (s)
------------------------------------------------------------------
          0          334            5       17.14          5609.3
          1          114            6       14.18          5734.4
          2          326            3       25.98          5834.5
          3          329            7        9.58          5763.7
          4          373            4       30.58          5921.4
          5          374            5       19.06          5968.2
          6          375            4       20.13          5737.2
          7          376            4       24.39          5982.9
          8          377            5       19.74          5967.3
          9          378            5       19.63          5606.7
         10          379            3       23.08          6100.8
         11          380            3       25.98          6052.4
         12          381            5       21.62          5921.4
         13          382            4       26.18          6032.6
         14          383            5       18.14          5868.3
         15          384            5       20.05          5942.7
         16          385            4       20.62          5745.0
         17          386            4       22.79          6032.0
         18          387            4       24.84          5963.7
         19          388            4       20.63          5751.7
         20          389            5       21.88          6147.8
         21          390            4       20.20          5701.9
         22          391            4       25.89          5823.0
         23          392            4       25.09          6033.0
         24          393            6       13.84          5677.9
         25          394            4       21.81          5737.2
         26          395            5       15.87          5701.9
         27          396            4       19.38          5701.9
         28          397            4       18.39          5845.8
         29          398            4       18.26          5915.6
         30          399            3       31.42          5997.8
         31          400            5       20.99          5968.0
         32          401            4       20.49          5925.5
         33          402            4       23.29          5925.5
         34          403            4       27.44          5956.9
         35          404            5       23.05          6049.6
         36          405            4       26.96          6040.3
         37          406            6       16.37          5872.2
         38          407            4       21.61          5928.1
         39          408            3       29.21          5904.6
         40          409            6       13.95          5792.0
         41          410            6       15.20          5793.6
         42          411            5       20.19          5892.2
         43          412            4       21.72          5853.4
         44          413            4       15.26          5971.3
         45          414            3       30.56          5948.1
         46          415            4       22.15          5800.4
         47          416            4       23.93          5836.4
         48          417            4       17.56          5934.4
         49          418            6       12.11          5853.1

There are currently  17 solutions in the Pareto Set:
  - Solution Number  233
  - Solution Number  252
  - Solution Number  275
  - Solution Number  281
  - Solution Number  171
  - Solution Number  179
  - Solution Number  297
  - Solution Number  326
  - Solution Number  329
  - Solution Number  330
  - Solution Number  334
  - Solution Number  336
  - Solution Number  339
  - Solution Number  345
  - Solution Number  367
  - Solution Number  369
  - Solution Number  372
Front 1  has 20  members in it.
Front 2  has 21  members in it.
Front 3  has 10  members in it.
Front 4  has 8  members in it.
Front 5  has 7  members in it.
Front 6  has 2  members in it.
Front 7  has 4  members in it.
Front 8  has 3  members in it.
Front 9  has 2  members in it.
Front 10  has 1  members in it.
Front 11  has 1  members in it.


Generation  9 : 

Gen. Member  Solution ID     f[1] (B)    f[2] (W)        f[3] (s)
------------------------------------------------------------------
          0          339            3       25.26          6052.4
          1          419            5       18.96          5795.8
          2          420            4       23.09          6003.8
          3          421            4       24.26          5872.2
          4          422            4       23.48          5776.9
          5          423            4       24.77          6023.3
          6          424            5       17.60          5815.3
          7          425            4       17.90          5955.6
          8          426            5       17.22          5976.8
          9          427            4       16.20          5924.7
         10          428            4       21.64          5668.7
         11          429            4       21.68          5864.4
         12          430            4       17.56          5790.2
         13          431            5       14.95          5869.0
         14          432            4       25.04          6050.9
         15          433            3       28.30          6027.0
         16          434            4       22.79          5890.0
         17          435            4       23.18          5921.4
         18          436            4       20.69          5882.0
         19          437            4       20.66          5982.8
         20          438            4       18.40          5744.4
         21          439            3       29.12          6130.4
         22          440            4       22.35          5993.7
         23          441            7       10.75          5877.2
         24          442            3       31.25          6148.5
         25          443            4       18.36          5761.2
         26          444            4       20.53          5865.0
         27          445            3       28.69          6025.8
         28          446            4       17.83          5997.1
         29          447            4       28.64          6023.3
         30          448            3       31.12          5820.5
         31          449            4       18.49          5829.0
         32          450            3       29.13          5936.5
         33          451            4       19.21          5761.7
         34          452            5       19.28          5852.6
         35          453            4       20.80          5644.9
         36          454            4       22.37          5993.7
         37          455            3       24.08          6130.4
         38          456            4       16.70          5963.7
         39          457            4       17.60          5993.2
         40          458            3       24.70          6090.3
         41          459            4       20.41          5937.1
         42          460            4       19.89          5763.2
         43          461            4       15.82          5971.3
         44          462            4       18.01          5779.6
         45          463            6       16.46          5958.9
         46          464            4       23.68          5779.5
         47          465            4       26.38          5828.3
         48          466            5       15.93          5822.8
         49          467            3       27.88          5834.5

There are currently  19 solutions in the Pareto Set:
  - Solution Number  233
  - Solution Number  252
  - Solution Number  275
  - Solution Number  281
  - Solution Number  171
  - Solution Number  179
  - Solution Number  297
  - Solution Number  330
  - Solution Number  339
  - Solution Number  367
  - Solution Number  369
  - Solution Number  372
  - Solution Number  334
  - Solution Number  326
  - Solution Number  329
  - Solution Number  378
  - Solution Number  379
  - Solution Number  413
  - Solution Number  417
Front 1  has 22  members in it.
Front 2  has 19  members in it.
Front 3  has 6  members in it.
Front 4  has 9  members in it.
Front 5  has 3  members in it.
Front 6  has 5  members in it.
Front 7  has 5  members in it.
Front 8  has 5  members in it.
Front 9  has 2  members in it.
Front 10  has 1  members in it.


Generation  10 : 

Gen. Member  Solution ID     f[1] (B)    f[2] (W)        f[3] (s)
------------------------------------------------------------------
          0          378            5       19.63          5606.7
          1          275            4       18.52          5649.7
          2          369            3       25.69          5888.8
          3          171            4       22.39          5570.4
          4          430            4       17.56          5790.2
          5          468            3       27.84          6032.8
          6          469            4       17.84          6024.4
          7          470            3       29.80          5810.3
          8          471            4       15.22          5880.2
          9          472            3       32.54          6146.6
         10          473            4       18.82          5951.4
         11          474            6       12.09          5670.4
         12          475            6       12.70          5758.4
         13          476            4       20.93          5800.0
         14          477            4       17.95          5896.9
         15          478            4       18.09          5856.8
         16          479            4       21.92          6073.1
         17          480            4       18.14          6006.6
         18          481            4       19.19          5935.9
         19          482            4       19.29          5670.4
         20          483            4       20.51          5835.4
         21          484            3       24.72          6085.6
         22          485            3       27.22          5832.7
         23          486            4       20.14          5953.2
         24          487            3       32.08          6092.0
         25          488            4       25.16          6040.3
         26          489            5       18.68          6096.5
         27          490            4       24.99          5921.4
         28          491            6       13.04          5713.3
         29          492            3       25.67          5762.5
         30          493            4       17.62          5927.6
         31          494            4       20.43          5763.2
         32          495            4       26.05          5936.9
         33          496            6       16.79          5993.3
         34          497            4       20.62          5767.9
         35          498            4       20.11          5758.4
         36          499            4       19.85          5993.7
         37          500            5       21.06          5830.0
         38          501            5       17.47          5832.4
         39          502            3       28.42          6121.0
         40          503            3       26.01          5879.9
         41          504            3       29.20          6090.3
         42          505            4       22.98          5993.7
         43          506            4       21.55          6049.6
         44          507            4       17.39          5816.2
         45          508            4       19.92          5974.4
         46          509            4       22.33          5771.5
         47          510            3       28.73          5845.9
         48          511            4       23.78          6033.0
         49          512            4       25.01          5860.9

There are currently  25 solutions in the Pareto Set:
  - Solution Number  233
  - Solution Number  252
  - Solution Number  275
  - Solution Number  281
  - Solution Number  171
  - Solution Number  179
  - Solution Number  297
  - Solution Number  330
  - Solution Number  367
  - Solution Number  369
  - Solution Number  372
  - Solution Number  334
  - Solution Number  326
  - Solution Number  329
  - Solution Number  378
  - Solution Number  379
  - Solution Number  413
  - Solution Number  339
  - Solution Number  427
  - Solution Number  430
  - Solution Number  438
  - Solution Number  443
  - Solution Number  448
  - Solution Number  453
  - Solution Number  458
Front 1  has 26  members in it.
Front 2  has 20  members in it.
Front 3  has 9  members in it.
Front 4  has 6  members in it.
Front 5  has 3  members in it.
Front 6  has 5  members in it.
Front 7  has 2  members in it.
Front 8  has 1  members in it.
Front 9  has 2  members in it.


Generation  11 : 

Gen. Member  Solution ID     f[1] (B)    f[2] (W)        f[3] (s)
------------------------------------------------------------------
          0          179            4       17.69          5763.8
          1          275            4       18.52          5649.7
          2          474            6       12.09          5670.4
          3          507            4       17.39          5816.2
          4          455            3       24.08          6130.4
          5          513            4       21.14          5824.9
          6          514            6       12.60          5690.3
          7          515            4       18.45          5939.9
          8          516            4       15.22          5884.3
          9          517            4       24.89          5921.4
         10          518            3       33.50          6064.8
         11          519            4       17.64          5776.8
         12          520            3       29.23          5874.4
         13          521            4       23.33          5837.3
         14          522            4       20.46          5788.2
         15          523            4       22.84          5737.2
         16          524            4       21.23          5905.6
         17          525            4       21.21          5770.1
         18          526            4       23.31          6081.3
         19          527            6       10.10          5655.8
         20          528            5       18.65          5735.0
         21          529            3       28.65          6059.7
         22          530            5       14.75          5962.5
         23          531            4       22.86          5974.9
         24          532            4       21.52          6074.8
         25          533            4       19.64          5728.4
         26          534            4       22.21          5982.8
         27          535            4       18.37          6034.5
         28          536            4       21.53          5771.0
         29          537            4       25.60          5962.5
         30          538            5       19.86          5852.6
         31          539            4       19.12          5938.7
         32          540            3       22.82          6101.9
         33          541            4       20.76          5809.4
         34          542            4       21.47          5784.3
         35          543            5       15.37          5982.3
         36          544            5       19.89          5956.9
         37          545            5       14.75          5855.5
         38          546            5       17.55          5824.9
         39          547            4       15.20          6050.2
         40          548            4       18.56          5990.6
         41          549            4       24.38          5852.4
         42          550            4       20.25          5877.3
         43          551            7       10.86          5787.3
         44          552            4       22.98          5737.2
         45          553            5       20.82          5958.9
         46          554            5       17.18          5877.7
         47          555            4       17.88          5794.8
         48          556            4       18.16          5850.5
         49          557            4       15.36          5880.2

There are currently  23 solutions in the Pareto Set:
  - Solution Number  233
  - Solution Number  252
  - Solution Number  281
  - Solution Number  179
  - Solution Number  297
  - Solution Number  330
  - Solution Number  334
  - Solution Number  329
  - Solution Number  379
  - Solution Number  339
  - Solution Number  438
  - Solution Number  443
  - Solution Number  453
  - Solution Number  458
  - Solution Number  378
  - Solution Number  275
  - Solution Number  171
  - Solution Number  430
  - Solution Number  471
  - Solution Number  474
  - Solution Number  484
  - Solution Number  492
  - Solution Number  507
Front 1  has 23  members in it.
Front 2  has 17  members in it.
Front 3  has 8  members in it.
Front 4  has 7  members in it.
Front 5  has 4  members in it.
Front 6  has 3  members in it.
Front 7  has 6  members in it.
Front 8  has 3  members in it.
Front 9  has 1  members in it.


Generation  12 : 

Gen. Member  Solution ID     f[1] (B)    f[2] (W)        f[3] (s)
------------------------------------------------------------------
          0          453            4       20.80          5644.9
          1          329            7        9.58          5763.7
          2          516            4       15.22          5884.3
          3          527            6       10.10          5655.8
          4          558            4       15.97          5841.2
          5          559            4       16.16          6073.1
          6          560            4       17.48          6092.3
          7          561            4       18.14          5701.5
          8          562            4       19.67          5771.1
          9          563            4       20.89          6092.3
         10          564            3       30.85          5872.5
         11          565            3       31.24          5967.3
         12          566            4       21.94          5935.8
         13          567            3       32.92          6034.1
         14          568            4       18.47          5852.6
         15          569            4       22.61          6032.0
         16          570            4       17.79          5795.4
         17          571            3       24.92          6072.0
         18          572            4       18.21          5824.9
         19          573            4       17.55          5770.1
         20          574            5       17.73          5625.0
         21          575            6       11.24          5587.7
         22          576            3       25.51          5834.9
         23          577            3       25.14          5996.0
         24          578            4       16.31          6006.7
         25          579            3       24.18          6103.4
         26          580            3       28.01          6076.2
         27          581            4       17.84          5928.4
         28          582            3       25.61          5794.8
         29          583            4       22.48          5973.1
         30          584            4       20.47          5895.9
         31          585            4       20.31          6035.7
         32          586            4       23.29          5971.1
         33          587            4       19.72          5771.5
         34          588            3       26.10          5844.1
         35          589            4       20.31          6035.7
         36          590            4       25.59          6033.0
         37          591            6       15.32          5848.0
         38          592            3       25.31          5850.6
         39          593            3       27.22          5832.7
         40          594            4       19.16          5839.0
         41          595            5       16.22          6011.1
         42          596            4       25.46          5993.3
         43          597            4       20.04          5986.1
         44          598            4       14.65          6157.8
         45          599            3       27.52          5840.4
         46          600            4       17.57          5896.9
         47          601            5       16.03          5737.1
         48          602            4       18.20          5790.5
         49          603            4       18.13          5863.7

There are currently  27 solutions in the Pareto Set:
  - Solution Number  233
  - Solution Number  252
  - Solution Number  281
  - Solution Number  330
  - Solution Number  334
  - Solution Number  329
  - Solution Number  379
  - Solution Number  339
  - Solution Number  438
  - Solution Number  443
  - Solution Number  453
  - Solution Number  458
  - Solution Number  378
  - Solution Number  171
  - Solution Number  430
  - Solution Number  471
  - Solution Number  484
  - Solution Number  492
  - Solution Number  179
  - Solution Number  275
  - Solution Number  507
  - Solution Number  516
  - Solution Number  519
  - Solution Number  527
  - Solution Number  540
  - Solution Number  545
  - Solution Number  547
Front 1  has 23  members in it.
Front 2  has 14  members in it.
Front 3  has 13  members in it.
Front 4  has 7  members in it.
Front 5  has 2  members in it.
Front 6  has 2  members in it.
Front 7  has 4  members in it.
Front 8  has 2  members in it.
Front 9  has 1  members in it.


Generation  13 : 

Gen. Member  Solution ID     f[1] (B)    f[2] (W)        f[3] (s)
------------------------------------------------------------------
          0          378            5       19.63          5606.7
          1          527            6       10.10          5655.8
          2          604            3       23.46          6019.4
          3          605            4       16.89          6068.0
          4          606            4       17.22          5826.4
          5          607            4       18.39          5783.3
          6          608            4       24.76          6003.8
          7          609            5       13.90          5777.9
          8          610            6       12.46          5834.6
          9          611            4       25.35          6048.5
         10          612            5       11.89          5614.2
         11          613            4       18.55          6041.8
         12          614            3       29.85          5817.9
         13          615            4       18.62          5777.4
         14          616            3       31.08          6069.2
         15          617            4       19.17          5836.8
         16          618            3       23.09          6092.0
         17          619            4       16.75          5976.8
         18          620            3       23.66          5934.8
         19          621            4       18.47          6074.8
         20          622            4       25.95          5888.7
         21          623            6       12.63          6012.0
         22          624            3       23.82          6012.1
         23          625            5       16.24          5872.5
         24          626            4       19.05          5893.4
         25          627            4       21.80          5828.2
         26          628            3       22.83          6063.1
         27          629            4       20.03          5781.4
         28          630            4       20.47          6019.7
         29          631            4       26.01          5961.2
         30          632            4       24.19          6049.6
         31          633            4       26.35          5921.4
         32          634            3       25.31          5798.8
         33          635            3       24.12          6114.2
         34          636            5       18.88          5838.6
         35          637            4       14.28          5899.8
         36          638            4       18.09          5948.2
         37          639            3       24.05          5789.2
         38          640            4       27.49          6021.3
         39          641            4       25.68          5821.9
         40          642            3       28.11          5855.6
         41          643            4       21.47          5830.4
         42          644            4       21.19          5957.8
         43          645            4       18.77          5981.9
         44          646            4       17.63          5857.8
         45          647            4       21.86          5970.4
         46          648            5       15.54          5768.9
         47          649            4       24.68          5999.2
         48          650            3       26.28          5828.0
         49          651            4       19.74          6119.7

There are currently  31 solutions in the Pareto Set:
  - Solution Number  233
  - Solution Number  252
  - Solution Number  330
  - Solution Number  334
  - Solution Number  379
  - Solution Number  458
  - Solution Number  378
  - Solution Number  171
  - Solution Number  471
  - Solution Number  484
  - Solution Number  492
  - Solution Number  179
  - Solution Number  275
  - Solution Number  507
  - Solution Number  540
  - Solution Number  545
  - Solution Number  547
  - Solution Number  453
  - Solution Number  329
  - Solution Number  516
  - Solution Number  527
  - Solution Number  558
  - Solution Number  561
  - Solution Number  571
  - Solution Number  573
  - Solution Number  575
  - Solution Number  576
  - Solution Number  577
  - Solution Number  582
  - Solution Number  592
  - Solution Number  598
Front 1  has 30  members in it.
Front 2  has 11  members in it.
Front 3  has 8  members in it.
Front 4  has 2  members in it.
Front 5  has 3  members in it.
Front 6  has 2  members in it.
Front 7  has 3  members in it.
Front 8  has 3  members in it.
Front 9  has 2  members in it.
Front 10  has 1  members in it.


Generation  14 : 

Gen. Member  Solution ID     f[1] (B)    f[2] (W)        f[3] (s)
------------------------------------------------------------------
          0          179            4       17.69          5763.8
          1          634            3       25.31          5798.8
          2          637            4       14.28          5899.8
          3          612            5       11.89          5614.2
          4          573            4       17.55          5770.1
          5          558            4       15.97          5841.2
          6          604            3       23.46          6019.4
          7          540            3       22.82          6101.9
          8          624            3       23.82          6012.1
          9          540            3       22.82          6101.9
         10          652            4       17.68          5816.2
         11          653            3       28.91          5997.8
         12          654            3       24.96          5908.9
         13          655            4       17.57          5743.2
         14          656            3       23.10          6068.2
         15          657            5       16.80          5830.4
         16          658            3       29.84          6060.3
         17          659            4       27.56          5993.3
         18          660            3       23.38          6062.0
         19          661            3       24.40          6085.6
         20          662            4       15.40          6157.8
         21          663            4       16.40          5975.7
         22          664            4       15.71          5864.3
         23          665            3       24.67          6094.0
         24          666            4       23.53          5951.4
         25          667            4       28.63          6094.0
         26          668            4       14.83          5990.0
         27          669            3       28.80          5870.1
         28          670            4       21.89          5921.4
         29          671            4       21.11          5771.4
         30          672            4       16.41          6021.3
         31          673            4       18.50          5766.6
         32          674            4       17.26          5976.8
         33          675            3       23.98          5999.3
         34          676            4       19.64          6019.7
         35          677            4       18.24          5775.4
         36          678            3       21.12          6063.1
         37          679            3       23.56          6090.3
         38          680            4       22.28          6049.6
         39          681            4       17.94          5824.9
         40          682            4       20.68          5727.2
         41          683            4       23.20          6023.5
         42          684            3       27.72          6080.6
         43          685            4       22.84          5815.7
         44          686            4       19.98          6000.9
         45          687            3       30.17          6092.0
         46          688            4       21.17          5776.7
         47          689            3       30.66          6148.8
         48          690            4       21.83          6050.4
         49          691            3       23.58          5902.8

There are currently  26 solutions in the Pareto Set:
  - Solution Number  233
  - Solution Number  330
  - Solution Number  334
  - Solution Number  171
  - Solution Number  471
  - Solution Number  492
  - Solution Number  179
  - Solution Number  275
  - Solution Number  507
  - Solution Number  540
  - Solution Number  453
  - Solution Number  329
  - Solution Number  516
  - Solution Number  558
  - Solution Number  561
  - Solution Number  573
  - Solution Number  575
  - Solution Number  378
  - Solution Number  527
  - Solution Number  604
  - Solution Number  606
  - Solution Number  612
  - Solution Number  620
  - Solution Number  628
  - Solution Number  637
  - Solution Number  639
Front 1  has 21  members in it.
Front 2  has 18  members in it.
Front 3  has 13  members in it.
Front 4  has 9  members in it.
Front 5  has 4  members in it.
Front 6  has 4  members in it.
Front 7  has 1  members in it.
Front 8  has 2  members in it.


Generation  15 : 

Gen. Member  Solution ID     f[1] (B)    f[2] (W)        f[3] (s)
------------------------------------------------------------------
          0          330            5       11.69          6029.1
          1          233            4       20.92          5616.9
          2          516            4       15.22          5884.3
          3          378            5       19.63          5606.7
          4          527            6       10.10          5655.8
          5          692            3       25.81          5906.8
          6          693            3       31.65          6059.5
          7          694            3       27.61          6030.9
          8          695            4       16.23          5892.4
          9          696            3       30.30          5880.2
         10          697            4       23.33          6056.5
         11          698            4       17.91          5772.3
         12          699            4       28.65          5921.4
         13          700            4       17.04          5794.6
         14          701            4       16.83          5992.0
         15          702            4       19.54          5864.9
         16          703            6       13.70          5954.9
         17          704            4       20.48          5816.2
         18          705            4       17.29          5972.3
         19          706            4       24.96          5895.5
         20          707            6       10.53          5544.8
         21          708            4       15.58          5960.2
         22          709            4       16.93          6019.2
         23          710            3       23.32          6019.4
         24          711            3       24.75          5827.0
         25          712            4       18.23          5930.3
         26          713            4       21.06          5936.9
         27          714            4       19.16          6003.8
         28          715            3       26.00          5904.6
         29          716            4       15.50          5849.9
         30          717            4       18.78          5880.5
         31          718            5       21.01          5967.9
         32          719            4       17.00          5799.5
         33          720            4       23.41          5914.9
         34          721            3       28.60          5827.0
         35          722            4       20.17          5748.6
         36          723            3       30.64          6092.0
         37          724            3       22.52          5902.4
         38          725            4       15.33          5875.1
         39          726            6       14.50          5822.8
         40          727            4       19.74          5670.4
         41          728            4       19.47          5741.3
         42          729            4       15.22          5884.3
         43          730            3       24.44          5880.0
         44          731            3       26.90          5921.9
         45          732            4       27.23          6033.0
         46          733            4       18.07          5749.8
         47          734            4       20.10          5993.7
         48          735            4       19.57          5958.7
         49          736            4       16.45          5841.2

There are currently  27 solutions in the Pareto Set:
  - Solution Number  233
  - Solution Number  330
  - Solution Number  334
  - Solution Number  171
  - Solution Number  471
  - Solution Number  492
  - Solution Number  275
  - Solution Number  507
  - Solution Number  453
  - Solution Number  329
  - Solution Number  516
  - Solution Number  561
  - Solution Number  575
  - Solution Number  378
  - Solution Number  527
  - Solution Number  606
  - Solution Number  639
  - Solution Number  637
  - Solution Number  612
  - Solution Number  573
  - Solution Number  558
  - Solution Number  604
  - Solution Number  655
  - Solution Number  660
  - Solution Number  664
  - Solution Number  678
  - Solution Number  691
Front 1  has 22  members in it.
Front 2  has 16  members in it.
Front 3  has 9  members in it.
Front 4  has 6  members in it.
Front 5  has 4  members in it.
Front 6  has 4  members in it.
Front 7  has 1  members in it.
Front 8  has 1  members in it.


Generation  16 : 

Gen. Member  Solution ID     f[1] (B)    f[2] (W)        f[3] (s)
------------------------------------------------------------------
          0          128            4       23.03          5570.4
          1          609            5       13.90          5777.9
          2          639            3       24.05          5789.2
          3          558            4       15.97          5841.2
          4          710            3       23.32          6019.4
          5          724            3       22.52          5902.4
          6          527            6       10.10          5655.8
          7          737            3       28.51          6109.1
          8          738            3       20.94          6097.9
          9          739            4       20.54          5839.9
         10          740            4       20.71          6148.5
         11          741            4       16.42          5866.3
         12          742            4       23.93          6035.7
         13          743            4       21.35          5862.2
         14          744            5       14.95          5823.9
         15          745            4       21.79          5800.0
         16          746            4       24.50          5993.7
         17          747            4       18.03          5921.4
         18          748            4       17.25          5852.8
         19          749            3       21.89          6019.4
         20          750            3       25.72          6086.2
         21          751            3       22.83          6030.9
         22          752            4       18.51          5990.3
         23          753            6       10.07          5587.7
         24          754            4       23.34          5880.5
         25          755            4       19.04          5727.2
         26          756            5       20.68          5921.4
         27          757            4       19.63          5889.4
         28          758            4       16.66          5737.4
         29          759            5       15.95          5862.5
         30          760            4       15.03          5925.4
         31          761            3       25.73          5852.6
         32          762            4       16.84          5842.8
         33          763            3       23.55          6003.0
         34          764            4       18.04          5921.4
         35          765            4       19.03          6003.8
         36          766            4       19.35          5834.6
         37          767            3       25.61          5863.7
         38          768            3       28.27          6097.9
         39          769            4       19.86          5971.2
         40          770            3       24.02          6132.3
         41          771            4       14.71          5946.2
         42          772            3       21.94          6092.0
         43          773            3       28.98          5892.2
         44          774            4       17.97          6091.8
         45          775            4       26.96          5921.4
         46          776            4       17.21          5699.0
         47          777            6       11.84          5614.5
         48          778            3       23.55          5851.1
         49          779            4       22.03          5929.3

There are currently  27 solutions in the Pareto Set:
  - Solution Number  334
  - Solution Number  171
  - Solution Number  471
  - Solution Number  492
  - Solution Number  275
  - Solution Number  453
  - Solution Number  329
  - Solution Number  561
  - Solution Number  639
  - Solution Number  637
  - Solution Number  612
  - Solution Number  573
  - Solution Number  558
  - Solution Number  655
  - Solution Number  678
  - Solution Number  330
  - Solution Number  233
  - Solution Number  516
  - Solution Number  378
  - Solution Number  527
  - Solution Number  700
  - Solution Number  707
  - Solution Number  716
  - Solution Number  719
  - Solution Number  724
  - Solution Number  725
  - Solution Number  729
Front 1  has 26  members in it.
Front 2  has 14  members in it.
Front 3  has 12  members in it.
Front 4  has 5  members in it.
Front 5  has 6  members in it.
Front 6  has 5  members in it.


*******************************************************************************
                          2017-01-06 18:51:09.910913
