                          2017-01-06 18:50:34.678473
*******************************************************************************

     This output file records the optimization of a bin packing problem

     with  24  items to pack. The optimization is terminated after

      750  fitness function evaluations.


*******************************************************************************

     Method:  NSGA-II
     data:  TimeDependent/NSGA-II/Cookies24/Experiment02/Cookies24.txt
Generation  1 : 

Gen. Member  Solution ID     f[1] (B)    f[2] (W)        f[3] (s)
------------------------------------------------------------------
          0           47            4       24.60          5860.2
          1            3            7       13.62          6059.2
          2           38            6       19.39          5992.0
          3           38            6       19.39          5992.0
          4           50            5       23.06          5921.4
          5           51            6       16.25          6114.2
          6           52            6       16.41          5952.2
          7           53            4       18.78          5547.0
          8           54            4       29.27          5921.4
          9           55            6       12.45          5804.2
         10           56            5       19.46          5922.5
         11           57            6       17.23          5892.9
         12           58            6       15.67          5807.2
         13           59            5       20.88          5950.1
         14           60            4       18.64          5860.9
         15           61            5       20.78          6029.2
         16           62            4       22.92          6119.7
         17           63            4       24.46          6063.1
         18           64            5       22.35          5921.4
         19           65            4       27.79          5906.3
         20           66            4       20.10          5887.8
         21           67            6       15.25          5854.2
         22           68            6       18.18          6029.2
         23           69            4       16.75          6031.6
         24           70            5       20.29          6064.8
         25           71            4       20.40          5856.1
         26           72            4       28.58          5958.6
         27           73            5       22.94          5921.4
         28           74            4       28.56          5921.4
         29           75            5       21.43          6131.4
         30           76            4       25.35          6086.5
         31           77            5       19.54          5977.3
         32           78            4       22.40          5603.5
         33           79            4       24.61          5942.8
         34           80            6       15.93          5842.5
         35           81            6       13.61          5807.9
         36           82            4       28.37          6100.0
         37           83            4       28.25          5921.4
         38           84            5       22.04          5921.4
         39           85            5       21.23          6030.2
         40           86            4       23.10          6164.9
         41           87            5       20.49          5977.3
         42           88            6       16.02          5778.9
         43           89            4       22.96          5801.3
         44           90            5       20.37          5937.4
         45           91            4       26.71          6105.1
         46           92            4       23.88          5860.4
         47           93            4       26.10          6033.0
         48           94            4       28.99          5921.4
         49           95            4       26.53          6030.4

There are currently  10 solutions in the Pareto Set:
  - Solution Number  3
  - Solution Number  4
  - Solution Number  13
  - Solution Number  15
  - Solution Number  17
  - Solution Number  21
  - Solution Number  29
  - Solution Number  32
  - Solution Number  39
  - Solution Number  49
Front 1  has 8  members in it.
Front 2  has 10  members in it.
Front 3  has 7  members in it.
Front 4  has 6  members in it.
Front 5  has 6  members in it.
Front 6  has 2  members in it.
Front 7  has 1  members in it.


Generation  2 : 

Gen. Member  Solution ID     f[1] (B)    f[2] (W)        f[3] (s)
------------------------------------------------------------------
          0           47            4       24.60          5860.2
          1           81            6       13.61          5807.9
          2           89            4       22.96          5801.3
          3           66            4       20.10          5887.8
          4           23            5       21.83          5912.9
          5            3            7       13.62          6059.2
          6           80            6       15.93          5842.5
          7           88            6       16.02          5778.9
          8           77            5       19.54          5977.3
          9           96            4       24.50          6137.5
         10           97            4       24.14          6063.9
         11           98            4       25.65          5913.5
         12           99            4       28.96          5993.7
         13          100            4       27.64          6033.0
         14          101            4       25.55          5921.4
         15          102            6       12.86          5801.3
         16          103            4       24.48          5813.0
         17          104            4       24.97          6146.6
         18          105            4       22.96          5856.1
         19          106            5       21.64          5921.4
         20          107            6       12.21          5834.7
         21          108            5       21.70          6100.8
         22          109            4       27.07          6005.0
         23          110            4       25.60          6031.6
         24          111            5       15.69          5856.1
         25          112            5       18.80          6032.6
         26          113            4       25.47          5811.9
         27          114            4       22.05          6037.0
         28          115            4       25.14          5959.2
         29          116            6       11.80          5880.5
         30          117            6       14.75          5807.9
         31          118            6       17.03          5892.9
         32          119            4       27.42          5921.4
         33          120            5       19.75          6110.6
         34          121            5       17.02          5818.9
         35          122            4       20.31          5905.3
         36          123            4       22.48          5921.4
         37          124            5       20.69          5848.4
         38          125            5       21.18          6029.2
         39          126            5       19.74          5974.6
         40          127            6       12.57          5929.4
         41          128            5       19.17          5925.5
         42          129            4       22.42          5877.1
         43          130            4       24.68          6086.5
         44          131            5       19.90          5921.9
         45          132            5       20.25          5854.6
         46          133            5       20.19          5760.3
         47          134            6       16.21          5802.2
         48          135            6       15.06          5854.2
         49          136            3       34.05          6078.7

There are currently  6 solutions in the Pareto Set:
  - Solution Number  4
  - Solution Number  53
  - Solution Number  55
  - Solution Number  60
  - Solution Number  69
  - Solution Number  88
Front 1  has 9  members in it.
Front 2  has 10  members in it.
Front 3  has 8  members in it.
Front 4  has 10  members in it.
Front 5  has 10  members in it.
Front 6  has 12  members in it.
Front 7  has 11  members in it.
Front 8  has 6  members in it.
Front 9  has 7  members in it.
Front 10  has 4  members in it.
Front 11  has 2  members in it.
Front 12  has 2  members in it.
Front 13  has 1  members in it.


Generation  3 : 

Gen. Member  Solution ID     f[1] (B)    f[2] (W)        f[3] (s)
------------------------------------------------------------------
          0           29            4       20.52          6049.6
          1          112            5       18.80          6032.6
          2          137            4       23.47          5866.7
          3          138            5       19.78          6048.1
          4          139            3       33.82          6068.8
          5          140            4       22.94          6080.4
          6          141            4       23.56          6079.8
          7          142            6       14.46          5880.5
          8          143            6       15.67          5807.2
          9          144            6       16.66          5809.0
         10          145            4       24.58          5739.0
         11          146            4       24.85          6091.8
         12          147            4       23.72          5953.4
         13          148            4       19.11          5632.7
         14          149            4       22.02          5786.8
         15          150            6       15.41          5859.5
         16          151            5       18.84          6017.2
         17          152            4       19.71          5929.4
         18          153            6       12.05          5712.3
         19          154            4       24.41          6080.4
         20          155            6       14.76          5712.3
         21          156            4       22.88          5623.1
         22          157            4       19.42          5908.7
         23          158            5       18.76          5854.6
         24          159            5       19.43          6137.5
         25          160            6       16.30          5809.0
         26          161            4       22.43          5856.1
         27          162            6       11.18          5880.5
         28          163            4       23.73          5854.6
         29          164            4       27.03          6060.0
         30          165            4       26.48          5921.4
         31          166            6       16.10          5802.2
         32          167            4       18.13          5822.1
         33          168            5       19.92          5930.9
         34          169            5       19.48          5847.0
         35          170            4       25.89          5811.9
         36          171            5       17.65          5819.8
         37          172            5       19.50          5971.1
         38          173            4       21.69          5917.5
         39          174            5       20.36          5930.9
         40          175            5       19.89          6021.3
         41          176            4       25.13          5794.9
         42          177            4       23.40          5778.9
         43          178            5       18.10          5800.0
         44          179            4       24.23          6083.3
         45          180            4       20.16          5929.0
         46          181            5       19.57          6025.4
         47          182            4       23.98          5706.4
         48          183            4       29.36          6049.6
         49          184            4       21.79          5818.9

There are currently  12 solutions in the Pareto Set:
  - Solution Number  4
  - Solution Number  53
  - Solution Number  55
  - Solution Number  60
  - Solution Number  69
  - Solution Number  88
  - Solution Number  102
  - Solution Number  107
  - Solution Number  111
  - Solution Number  116
  - Solution Number  121
  - Solution Number  136
Front 1  has 13  members in it.
Front 2  has 12  members in it.
Front 3  has 15  members in it.
Front 4  has 11  members in it.
Front 5  has 13  members in it.
Front 6  has 8  members in it.
Front 7  has 7  members in it.
Front 8  has 2  members in it.


Generation  4 : 

Gen. Member  Solution ID     f[1] (B)    f[2] (W)        f[3] (s)
------------------------------------------------------------------
          0          155            6       14.76          5712.3
          1          143            6       15.67          5807.2
          2          185            4       20.63          5796.5
          3          186            5       17.31          5921.4
          4          187            4       19.26          5963.7
          5          188            5       15.97          5555.9
          6          189            4       19.89          6015.0
          7          190            5       19.01          6057.5
          8          191            4       24.86          6087.9
          9          192            4       18.89          6022.0
         10          193            5       21.03          5929.4
         11          194            5       18.74          6000.9
         12          195            4       20.94          5834.7
         13          196            4       24.04          5918.1
         14          197            5       19.81          6137.5
         15          198            5       15.34          5907.9
         16          199            5       15.75          5783.2
         17          200            4       21.24          5881.3
         18          201            4       22.76          5988.0
         19          202            5       16.31          6114.2
         20          203            5       19.54          6114.2
         21          204            6       14.19          5807.9
         22          205            4       18.71          5761.1
         23          206            3       33.13          5991.9
         24          207            4       23.03          5839.0
         25          208            6       10.43          5825.2
         26          209            4       21.38          5818.9
         27          210            5       18.64          6105.1
         28          211            4       24.67          5921.4
         29          212            6       13.59          5944.7
         30          213            4       24.02          6073.1
         31          214            4       21.27          5996.6
         32          215            4       21.87          5921.4
         33          216            6       14.22          5712.3
         34          217            4       30.41          5921.4
         35          218            5       15.63          5880.8
         36          219            4       21.50          6109.1
         37          220            4       20.69          5912.7
         38          221            4       19.53          5802.2
         39          222            5       19.23          5826.8
         40          223            6       10.98          5880.5
         41          224            4       22.26          5961.0
         42          225            5       16.78          5834.9
         43          226            5       16.46          5949.0
         44          227            4       23.14          5772.5
         45          228            5       18.18          6032.4
         46          229            4       22.87          5931.9
         47          230            4       23.66          6032.0
         48          231            4       20.75          5812.6
         49          232            3       33.89          6028.5

There are currently  9 solutions in the Pareto Set:
  - Solution Number  53
  - Solution Number  69
  - Solution Number  111
  - Solution Number  121
  - Solution Number  139
  - Solution Number  153
  - Solution Number  162
  - Solution Number  167
  - Solution Number  178
Front 1  has 10  members in it.
Front 2  has 15  members in it.
Front 3  has 19  members in it.
Front 4  has 16  members in it.
Front 5  has 9  members in it.
Front 6  has 7  members in it.
Front 7  has 7  members in it.
Front 8  has 4  members in it.
Front 9  has 3  members in it.


Generation  5 : 

Gen. Member  Solution ID     f[1] (B)    f[2] (W)        f[3] (s)
------------------------------------------------------------------
          0          223            6       10.98          5880.5
          1          199            5       15.75          5783.2
          2          156            4       22.88          5623.1
          3          205            4       18.71          5761.1
          4          216            6       14.22          5712.3
          5          233            4       27.65          6021.3
          6          234            4       22.19          5921.4
          7          235            4       22.76          5921.4
          8          236            4       20.81          5996.3
          9          237            4       21.88          5785.4
         10          238            4       22.76          5841.4
         11          239            3       31.24          5988.0
         12          240            3       34.79          6032.6
         13          241            4       20.16          5887.8
         14          242            4       21.28          5921.4
         15          243            4       19.39          5969.0
         16          244            4       21.36          5869.5
         17          245            6       13.62          5887.8
         18          246            4       23.96          5978.6
         19          247            4       20.45          5945.9
         20          248            4       20.02          5860.4
         21          249            4       22.68          5921.4
         22          250            5       18.50          6130.4
         23          251            4       17.85          5993.7
         24          252            4       23.01          5979.2
         25          253            4       21.22          6017.2
         26          254            4       20.09          5757.9
         27          255            4       21.88          5806.8
         28          256            4       22.35          5743.3
         29          257            4       23.91          5812.6
         30          258            4       25.27          5929.8
         31          259            6       13.71          5818.9
         32          260            4       21.95          5886.7
         33          261            4       22.21          5842.9
         34          262            5       18.61          6057.5
         35          263            4       16.81          5736.2
         36          264            4       18.54          5988.0
         37          265            4       21.25          6121.0
         38          266            4       21.28          5776.1
         39          267            4       21.23          5821.2
         40          268            4       16.86          5962.5
         41          269            3       28.85          5930.9
         42          270            5       18.77          6038.8
         43          271            4       19.24          5692.8
         44          272            5       17.05          5757.9
         45          273            4       19.40          5759.9
         46          274            3       32.81          6096.9
         47          275            3       25.10          6076.4
         48          276            4       21.97          5921.4
         49          277            3       28.95          5869.8

There are currently  12 solutions in the Pareto Set:
  - Solution Number  53
  - Solution Number  69
  - Solution Number  111
  - Solution Number  153
  - Solution Number  167
  - Solution Number  188
  - Solution Number  198
  - Solution Number  199
  - Solution Number  205
  - Solution Number  206
  - Solution Number  208
  - Solution Number  218
Front 1  has 15  members in it.
Front 2  has 14  members in it.
Front 3  has 19  members in it.
Front 4  has 15  members in it.
Front 5  has 6  members in it.
Front 6  has 6  members in it.
Front 7  has 5  members in it.
Front 8  has 2  members in it.
Front 9  has 2  members in it.
Front 10  has 1  members in it.
Front 11  has 1  members in it.


Generation  6 : 

Gen. Member  Solution ID     f[1] (B)    f[2] (W)        f[3] (s)
------------------------------------------------------------------
          0          239            3       31.24          5988.0
          1           69            4       16.75          6031.6
          2           53            4       18.78          5547.0
          3          278            5       14.25          6002.5
          4          279            4       25.51          6010.3
          5          280            4       25.76          5875.5
          6          281            5       16.63          6057.6
          7          282            4       21.20          6033.0
          8          283            6       15.90          5712.3
          9          284            5       19.17          6069.2
         10          285            5       16.61          5880.5
         11          286            4       25.19          5963.1
         12          287            4       18.25          5902.0
         13          288            4       25.16          5921.4
         14          289            4       22.08          5921.4
         15          290            4       24.63          6092.0
         16          291            6       18.17          6056.4
         17          292            4       26.94          5994.5
         18          293            6       15.34          5809.0
         19          294            4       23.02          6054.1
         20          295            5       19.01          6092.0
         21          296            4       20.55          5776.1
         22          297            3       25.12          5980.0
         23          298            4       18.47          5760.0
         24          299            4       17.87          5872.0
         25          300            4       21.24          6119.7
         26          301            4       20.45          5949.0
         27          302            4       19.00          5908.7
         28          303            4       20.32          5949.0
         29          304            4       25.75          5930.9
         30          305            4       23.66          6058.4
         31          306            4       21.45          5950.0
         32          307            4       24.65          5892.5
         33          308            5       16.99          6147.8
         34          309            4       20.87          5949.0
         35          310            4       25.86          5921.4
         36          311            4       28.58          5921.4
         37          312            4       22.35          6083.3
         38          313            4       26.89          5982.8
         39          314            4       25.74          5920.9
         40          315            6       14.47          5804.2
         41          316            3       30.51          5931.9
         42          317            4       22.82          6092.0
         43          318            4       19.10          6086.5
         44          319            5       18.83          6086.5
         45          320            4       16.32          5847.3
         46          321            4       19.46          5827.1
         47          322            4       25.55          5921.4
         48          323            6       12.69          5880.5
         49          324            4       19.98          5949.0

There are currently  13 solutions in the Pareto Set:
  - Solution Number  53
  - Solution Number  69
  - Solution Number  111
  - Solution Number  153
  - Solution Number  188
  - Solution Number  198
  - Solution Number  208
  - Solution Number  218
  - Solution Number  199
  - Solution Number  263
  - Solution Number  269
  - Solution Number  275
  - Solution Number  277
Front 1  has 16  members in it.
Front 2  has 13  members in it.
Front 3  has 15  members in it.
Front 4  has 12  members in it.
Front 5  has 4  members in it.
Front 6  has 3  members in it.
Front 7  has 5  members in it.
Front 8  has 3  members in it.
Front 9  has 2  members in it.
Front 10  has 2  members in it.
Front 11  has 2  members in it.
Front 12  has 1  members in it.
Front 13  has 3  members in it.
Front 14  has 1  members in it.


Generation  7 : 

Gen. Member  Solution ID     f[1] (B)    f[2] (W)        f[3] (s)
------------------------------------------------------------------
          0          208            6       10.43          5825.2
          1          277            3       28.95          5869.8
          2          325            3       30.00          5865.3
          3          326            4       20.01          5862.4
          4          327            4       17.90          5760.2
          5          328            4       20.59          5954.8
          6          329            4       21.54          5795.3
          7          330            4       21.97          5921.7
          8          331            6       12.44          5825.2
          9          332            4       22.51          5760.3
         10          333            6       13.98          5794.7
         11          334            4       21.05          5918.0
         12          335            3       27.63          5869.8
         13          336            3       30.66          6058.3
         14          337            4       18.45          5834.7
         15          338            4       21.63          5962.7
         16          339            4       19.97          5847.3
         17          340            5       16.68          6120.4
         18          341            4       19.44          5921.4
         19          342            4       18.26          5860.8
         20          343            4       26.22          6016.6
         21          344            3       30.97          5892.4
         22          345            5       16.16          6100.0
         23          346            4       25.24          5930.9
         24          347            4       21.70          5921.4
         25          348            4       23.99          5921.4
         26          349            4       23.75          6021.3
         27          350            4       16.72          5715.2
         28          351            6       14.34          5897.6
         29          352            5       21.30          6057.6
         30          353            4       22.10          5841.5
         31          354            5       19.18          6059.2
         32          355            4       25.50          5921.4
         33          356            6       13.71          5791.9
         34          357            4       23.98          5787.1
         35          358            5       16.00          6007.7
         36          359            4       15.12          5760.0
         37          360            4       21.77          5992.5
         38          361            5       19.17          6092.3
         39          362            4       23.87          5908.9
         40          363            3       27.63          5869.8
         41          364            3       30.09          5930.9
         42          365            4       21.03          5865.9
         43          366            3       26.26          5771.2
         44          367            4       18.89          5808.1
         45          368            5       15.85          5932.6
         46          369            3       30.52          5869.8
         47          370            3       29.04          5931.9
         48          371            4       15.30          5993.7
         49          372            3       25.81          5892.0

There are currently  15 solutions in the Pareto Set:
  - Solution Number  111
  - Solution Number  153
  - Solution Number  188
  - Solution Number  198
  - Solution Number  208
  - Solution Number  218
  - Solution Number  199
  - Solution Number  263
  - Solution Number  269
  - Solution Number  275
  - Solution Number  277
  - Solution Number  53
  - Solution Number  278
  - Solution Number  297
  - Solution Number  320
Front 1  has 19  members in it.
Front 2  has 15  members in it.
Front 3  has 12  members in it.
Front 4  has 7  members in it.
Front 5  has 7  members in it.
Front 6  has 4  members in it.
Front 7  has 2  members in it.
Front 8  has 3  members in it.
Front 9  has 3  members in it.
Front 10  has 4  members in it.
Front 11  has 4  members in it.
Front 12  has 2  members in it.


Generation  8 : 

Gen. Member  Solution ID     f[1] (B)    f[2] (W)        f[3] (s)
------------------------------------------------------------------
          0          350            4       16.72          5715.2
          1          366            3       26.26          5771.2
          2          162            6       11.18          5880.5
          3          359            4       15.12          5760.0
          4          223            6       10.98          5880.5
          5          153            6       12.05          5712.3
          6          373            4       17.82          6064.8
          7          374            3       28.99          6034.5
          8          375            4       17.42          5603.5
          9          376            4       18.16          5756.1
         10          377            4       25.80          5853.8
         11          378            4       23.15          5624.9
         12          379            5       15.59          5878.2
         13          380            4       19.03          5847.3
         14          381            4       17.91          5780.4
         15          382            5       18.95          5963.1
         16          383            4       19.89          6002.5
         17          384            4       20.03          5736.8
         18          385            4       19.87          5932.5
         19          386            6       13.76          5771.1
         20          387            4       19.79          6033.5
         21          388            4       18.15          5595.4
         22          389            3       28.07          5826.0
         23          390            4       22.70          5712.3
         24          391            5       18.76          6013.7
         25          392            4       19.20          5834.7
         26          393            4       18.95          5831.8
         27          394            3       28.57          5837.3
         28          395            3       30.02          5865.3
         29          396            5       18.77          6103.4
         30          397            3       26.74          5841.9
         31          398            4       17.55          6051.1
         32          399            3       27.04          5804.3
         33          400            5       19.12          5742.0
         34          401            3       24.47          5751.7
         35          402            5       19.84          5992.0
         36          403            3       25.11          5837.7
         37          404            4       24.14          5725.4
         38          405            3       29.21          5817.8
         39          406            3       30.24          5814.9
         40          407            4       24.00          5586.9
         41          408            5       19.34          5952.0
         42          409            4       20.03          5760.0
         43          410            4       19.39          5767.0
         44          411            5       16.23          5822.1
         45          412            3       28.16          5849.5
         46          413            5       20.06          5854.6
         47          414            4       19.85          5921.4
         48          415            5       13.72          5825.2
         49          416            4       24.05          5854.6

There are currently  11 solutions in the Pareto Set:
  - Solution Number  153
  - Solution Number  188
  - Solution Number  275
  - Solution Number  53
  - Solution Number  278
  - Solution Number  297
  - Solution Number  208
  - Solution Number  350
  - Solution Number  359
  - Solution Number  366
  - Solution Number  372
Front 1  has 19  members in it.
Front 2  has 18  members in it.
Front 3  has 14  members in it.
Front 4  has 10  members in it.
Front 5  has 6  members in it.
Front 6  has 6  members in it.
Front 7  has 2  members in it.
Front 8  has 2  members in it.
Front 9  has 3  members in it.
Front 10  has 3  members in it.
Front 11  has 3  members in it.
Front 12  has 1  members in it.


Generation  9 : 

Gen. Member  Solution ID     f[1] (B)    f[2] (W)        f[3] (s)
------------------------------------------------------------------
          0           55            6       12.45          5804.2
          1          388            4       18.15          5595.4
          2          350            4       16.72          5715.2
          3          401            3       24.47          5751.7
          4          403            3       25.11          5837.7
          5          417            5       16.01          5807.9
          6          418            5       16.51          5555.9
          7          419            4       24.40          5963.1
          8          420            4       25.94          6021.3
          9          421            4       25.02          5909.9
         10          422            4       21.60          5921.4
         11          423            4       21.50          6057.3
         12          424            5       20.34          5723.4
         13          425            5       19.09          6054.1
         14          426            5       17.31          5960.7
         15          427            5       16.28          6052.4
         16          428            4       21.48          6040.3
         17          429            5       17.98          6108.9
         18          430            4       22.51          6094.0
         19          431            5       17.32          5914.4
         20          432            5       16.19          6048.1
         21          433            6       12.75          6052.4
         22          434            4       16.56          5794.7
         23          435            4       21.85          5847.3
         24          436            4       22.47          5921.4
         25          437            4       21.65          5743.3
         26          438            5       15.53          6086.5
         27          439            4       15.23          5921.4
         28          440            5       14.72          5852.2
         29          441            4       22.19          6103.4
         30          442            3       26.20          5828.8
         31          443            6       16.28          5827.1
         32          444            3       26.86          5769.0
         33          445            4       24.18          5928.9
         34          446            5       14.42          6092.0
         35          447            3       30.69          5891.4
         36          448            3       22.53          6059.2
         37          449            4       21.48          5955.6
         38          450            3       26.30          5843.0
         39          451            3       26.57          6097.9
         40          452            3       30.30          5860.7
         41          453            4       15.05          5709.9
         42          454            4       17.98          5962.9
         43          455            5       20.24          6057.6
         44          456            4       21.18          5853.4
         45          457            4       20.76          5920.4
         46          458            4       16.98          5710.9
         47          459            4       20.27          5659.3
         48          460            6       13.91          5794.7
         49          461            3       24.30          6092.0

There are currently  10 solutions in the Pareto Set:
  - Solution Number  188
  - Solution Number  53
  - Solution Number  208
  - Solution Number  350
  - Solution Number  359
  - Solution Number  153
  - Solution Number  375
  - Solution Number  388
  - Solution Number  401
  - Solution Number  415
Front 1  has 22  members in it.
Front 2  has 20  members in it.
Front 3  has 15  members in it.
Front 4  has 8  members in it.
Front 5  has 7  members in it.
Front 6  has 8  members in it.
Front 7  has 3  members in it.
Front 8  has 1  members in it.


Generation  10 : 

Gen. Member  Solution ID     f[1] (B)    f[2] (W)        f[3] (s)
------------------------------------------------------------------
          0          461            3       24.30          6092.0
          1          216            6       14.22          5712.3
          2          407            4       24.00          5586.9
          3          448            3       22.53          6059.2
          4          461            3       24.30          6092.0
          5          462            4       21.19          5997.8
          6          463            4       22.98          5841.5
          7          464            4       20.02          5918.2
          8          465            3       34.13          6001.7
          9          466            4       21.43          6021.3
         10          467            4       18.64          5734.1
         11          468            4       21.55          5810.5
         12          469            4       23.09          6022.0
         13          470            3       24.10          5919.8
         14          471            4       23.73          6057.5
         15          472            4       17.36          5855.8
         16          473            3       24.77          5813.9
         17          474            3       26.29          6090.3
         18          475            4       19.53          5938.9
         19          476            4       18.65          6031.6
         20          477            5       16.48          6057.5
         21          478            4       22.33          6002.2
         22          479            5       12.68          6129.4
         23          480            4       21.40          5982.8
         24          481            4       21.83          5859.0
         25          482            4       19.66          5685.3
         26          483            4       22.99          6023.3
         27          484            5       18.78          5983.9
         28          485            6       13.75          5882.3
         29          486            4       21.63          5852.2
         30          487            4       21.78          6031.6
         31          488            5       17.33          5836.5
         32          489            4       20.31          5784.7
         33          490            4       21.77          5788.7
         34          491            4       17.60          6102.5
         35          492            4       19.66          5813.2
         36          493            6       16.52          6039.5
         37          494            5       13.64          5759.5
         38          495            6       10.36          5813.4
         39          496            4       19.21          5921.4
         40          497            5       13.94          5707.2
         41          498            6       11.35          5920.0
         42          499            4       19.63          5860.2
         43          500            4       21.37          5795.3
         44          501            5       14.49          5992.8
         45          502            3       22.38          5843.0
         46          503            4       22.82          5547.0
         47          504            6       12.51          5816.5
         48          505            4       23.49          5921.4
         49          506            3       23.16          5819.2

There are currently  10 solutions in the Pareto Set:
  - Solution Number  188
  - Solution Number  53
  - Solution Number  208
  - Solution Number  153
  - Solution Number  375
  - Solution Number  415
  - Solution Number  388
  - Solution Number  401
  - Solution Number  448
  - Solution Number  453
Front 1  has 23  members in it.
Front 2  has 21  members in it.
Front 3  has 14  members in it.
Front 4  has 9  members in it.
Front 5  has 8  members in it.
Front 6  has 4  members in it.
Front 7  has 4  members in it.
Front 8  has 1  members in it.
Front 9  has 1  members in it.


Generation  11 : 

Gen. Member  Solution ID     f[1] (B)    f[2] (W)        f[3] (s)
------------------------------------------------------------------
          0          356            6       13.71          5791.9
          1          506            3       23.16          5819.2
          2          102            6       12.86          5801.3
          3          153            6       12.05          5712.3
          4          366            3       26.26          5771.2
          5          479            5       12.68          6129.4
          6           53            4       18.78          5547.0
          7          503            4       22.82          5547.0
          8          507            4       22.26          5938.7
          9          508            3       29.50          5904.4
         10          509            4       22.99          5781.2
         11          510            5       15.42          5930.9
         12          511            4       22.45          5855.8
         13          512            4       20.47          5744.7
         14          513            4       22.03          6086.5
         15          514            4       21.50          6021.3
         16          515            4       25.58          5854.6
         17          516            5       15.43          6027.9
         18          517            3       23.34          6059.7
         19          518            5       17.30          5954.3
         20          519            4       19.83          6021.3
         21          520            4       19.82          5965.6
         22          521            4       17.83          5863.2
         23          522            3       21.19          6077.0
         24          523            3       27.68          6076.4
         25          524            4       19.71          5774.0
         26          525            3       27.19          5775.2
         27          526            5       15.08          5555.9
         28          527            4       20.83          5830.8
         29          528            5       16.55          5953.9
         30          529            4       18.01          5897.7
         31          530            4       22.66          5897.7
         32          531            4       23.66          5921.4
         33          532            4       22.50          6039.8
         34          533            4       23.78          6023.3
         35          534            3       29.84          5824.7
         36          535            3       22.36          6102.5
         37          536            3       21.73          6069.2
         38          537            4       19.57          5686.8
         39          538            5       16.69          5861.7
         40          539            4       19.56          5912.0
         41          540            3       24.91          5746.8
         42          541            6       13.96          5795.5
         43          542            5       19.12          5957.3
         44          543            4       26.81          5921.4
         45          544            3       28.06          6063.5
         46          545            4       19.33          6018.9
         47          546            4       21.73          5842.1
         48          547            4       26.29          5992.0
         49          548            4       19.04          5803.6

There are currently  13 solutions in the Pareto Set:
  - Solution Number  188
  - Solution Number  53
  - Solution Number  153
  - Solution Number  375
  - Solution Number  388
  - Solution Number  401
  - Solution Number  453
  - Solution Number  479
  - Solution Number  494
  - Solution Number  495
  - Solution Number  497
  - Solution Number  502
  - Solution Number  506
Front 1  has 19  members in it.
Front 2  has 24  members in it.
Front 3  has 11  members in it.
Front 4  has 12  members in it.
Front 5  has 4  members in it.
Front 6  has 4  members in it.
Front 7  has 2  members in it.
Front 8  has 3  members in it.
Front 9  has 2  members in it.
Front 10  has 1  members in it.


Generation  12 : 

Gen. Member  Solution ID     f[1] (B)    f[2] (W)        f[3] (s)
------------------------------------------------------------------
          0          503            4       22.82          5547.0
          1          388            4       18.15          5595.4
          2          473            3       24.77          5813.9
          3          549            3       26.13          6102.5
          4          550            5       17.63          5963.1
          5          551            4       17.48          5787.4
          6          552            3       32.38          6121.0
          7          553            4       28.60          5921.4
          8          554            6       13.46          5825.2
          9          555            4       18.55          5953.4
         10          556            4       21.78          5988.0
         11          557            4       22.22          5962.5
         12          558            3       23.66          5803.8
         13          559            4       18.68          5983.0
         14          560            4       21.32          5725.4
         15          561            3       23.22          5844.4
         16          562            4       16.18          5922.9
         17          563            3       26.96          5813.9
         18          564            6       11.90          5725.4
         19          565            4       15.69          5967.5
         20          566            3       21.68          6091.8
         21          567            4       19.21          5738.4
         22          568            4       23.43          6088.4
         23          569            4       24.30          5958.6
         24          570            4       23.58          5925.5
         25          571            5       16.23          5853.7
         26          572            4       23.54          5754.6
         27          573            5       20.36          6120.4
         28          574            4       21.09          5929.2
         29          575            3       30.84          5896.0
         30          576            4       20.23          5825.2
         31          577            5       15.96          5795.3
         32          578            6       11.27          5744.7
         33          579            4       20.64          5921.4
         34          580            3       27.03          6032.4
         35          581            4       22.33          5965.6
         36          582            4       20.17          5815.1
         37          583            3       23.46          6039.0
         38          584            4       21.50          6021.3
         39          585            4       24.30          6083.3
         40          586            4       17.79          5784.6
         41          587            3       23.09          5866.1
         42          588            4       23.55          5921.4
         43          589            4       20.48          6066.8
         44          590            4       20.03          5993.2
         45          591            4       24.17          5908.7
         46          592            5       13.82          5843.0
         47          593            4       23.07          5921.4
         48          594            3       22.55          6102.5
         49          595            3       23.41          5807.1

There are currently  16 solutions in the Pareto Set:
  - Solution Number  375
  - Solution Number  388
  - Solution Number  401
  - Solution Number  453
  - Solution Number  494
  - Solution Number  495
  - Solution Number  497
  - Solution Number  502
  - Solution Number  506
  - Solution Number  153
  - Solution Number  479
  - Solution Number  53
  - Solution Number  522
  - Solution Number  526
  - Solution Number  536
  - Solution Number  540
Front 1  has 20  members in it.
Front 2  has 21  members in it.
Front 3  has 11  members in it.
Front 4  has 6  members in it.
Front 5  has 4  members in it.
Front 6  has 5  members in it.
Front 7  has 2  members in it.
Front 8  has 2  members in it.
Front 9  has 5  members in it.


Generation  13 : 

Gen. Member  Solution ID     f[1] (B)    f[2] (W)        f[3] (s)
------------------------------------------------------------------
          0          525            3       27.19          5775.2
          1          525            3       27.19          5775.2
          2          448            3       22.53          6059.2
          3          473            3       24.77          5813.9
          4          522            3       21.19          6077.0
          5          596            4       24.41          5918.4
          6          597            5       17.86          6102.5
          7          598            3       21.87          6090.3
          8          599            3       21.18          6147.8
          9          600            4       21.61          5921.4
         10          601            4       20.36          5863.2
         11          602            4       18.49          5843.0
         12          603            3       26.11          5840.9
         13          604            6       15.91          5950.0
         14          605            4       20.25          5949.0
         15          606            6       11.00          5897.7
         16          607            4       17.93          5712.3
         17          608            4       18.34          6032.0
         18          609            4       18.55          5612.3
         19          610            4       17.88          5840.3
         20          611            4       21.56          5842.4
         21          612            4       17.54          5988.0
         22          613            4       18.55          5790.2
         23          614            3       23.89          5917.8
         24          615            3       23.48          5815.9
         25          616            4       22.16          5988.0
         26          617            5       14.39          5870.8
         27          618            3       23.73          5952.2
         28          619            5       13.07          6091.8
         29          620            4       18.67          5993.7
         30          621            4       20.21          6118.1
         31          622            4       23.48          6057.6
         32          623            3       24.20          5866.4
         33          624            4       19.29          5991.7
         34          625            3       23.18          5889.8
         35          626            4       19.78          5882.7
         36          627            3       25.44          6044.5
         37          628            4       19.80          6048.1
         38          629            4       23.60          5992.0
         39          630            5       15.40          5744.8
         40          631            5       17.86          5945.9
         41          632            4       19.42          5970.9
         42          633            3       23.81          5912.3
         43          634            3       25.94          6103.4
         44          635            4       19.49          5744.7
         45          636            3       22.07          6061.5
         46          637            5       16.02          6130.4
         47          638            4       18.18          5921.4
         48          639            4       21.76          5921.4
         49          640            5       15.94          6090.3

There are currently  20 solutions in the Pareto Set:
  - Solution Number  375
  - Solution Number  401
  - Solution Number  453
  - Solution Number  494
  - Solution Number  495
  - Solution Number  497
  - Solution Number  502
  - Solution Number  506
  - Solution Number  153
  - Solution Number  479
  - Solution Number  53
  - Solution Number  522
  - Solution Number  526
  - Solution Number  536
  - Solution Number  540
  - Solution Number  388
  - Solution Number  558
  - Solution Number  564
  - Solution Number  578
  - Solution Number  595
Front 1  has 21  members in it.
Front 2  has 19  members in it.
Front 3  has 12  members in it.
Front 4  has 5  members in it.
Front 5  has 3  members in it.
Front 6  has 3  members in it.
Front 7  has 4  members in it.
Front 8  has 4  members in it.
Front 9  has 3  members in it.
Front 10  has 3  members in it.


Generation  14 : 

Gen. Member  Solution ID     f[1] (B)    f[2] (W)        f[3] (s)
------------------------------------------------------------------
          0          587            3       23.09          5866.1
          1          479            5       12.68          6129.4
          2          587            3       23.09          5866.1
          3          566            3       21.68          6091.8
          4          401            3       24.47          5751.7
          5          497            5       13.94          5707.2
          6          641            5       18.30          5965.6
          7          642            3       26.37          5999.9
          8          643            4       20.08          5938.8
          9          644            3       27.43          6051.1
         10          645            4       17.63          5759.5
         11          646            4       25.56          6097.9
         12          647            4       23.63          5921.4
         13          648            5       16.03          5913.9
         14          649            4       20.06          5880.2
         15          650            4       21.23          5921.4
         16          651            4       26.00          6040.7
         17          652            4       23.40          5921.4
         18          653            4       18.55          6040.3
         19          654            6       15.22          5952.2
         20          655            3       29.01          5827.3
         21          656            5       16.66          5763.7
         22          657            3       25.74          6114.2
         23          658            3       20.76          6061.5
         24          659            5       15.03          5732.2
         25          660            4       20.07          5761.5
         26          661            3       26.17          5829.9
         27          662            4       21.11          5947.1
         28          663            6       15.34          6050.1
         29          664            3       27.93          6086.5
         30          665            4       21.58          5947.9
         31          666            6       16.98          6057.6
         32          667            3       23.19          6083.3
         33          668            4       23.26          6003.8
         34          669            4       19.44          5958.6
         35          670            4       18.00          5897.7
         36          671            4       17.30          5744.7
         37          672            5       14.11          6054.1
         38          673            6       11.93          5725.4
         39          674            3       28.58          6064.8
         40          675            3       21.17          6137.5
         41          676            3       26.16          5803.5
         42          677            4       19.86          5992.4
         43          678            4       15.06          5757.4
         44          679            5       15.13          5862.1
         45          680            3       22.06          6061.5
         46          681            3       23.42          5746.9
         47          682            5       18.29          6081.3
         48          683            5       17.94          6083.3
         49          684            4       19.52          6056.4

There are currently  23 solutions in the Pareto Set:
  - Solution Number  375
  - Solution Number  401
  - Solution Number  453
  - Solution Number  494
  - Solution Number  495
  - Solution Number  497
  - Solution Number  502
  - Solution Number  506
  - Solution Number  153
  - Solution Number  479
  - Solution Number  53
  - Solution Number  526
  - Solution Number  536
  - Solution Number  540
  - Solution Number  388
  - Solution Number  558
  - Solution Number  564
  - Solution Number  578
  - Solution Number  595
  - Solution Number  522
  - Solution Number  599
  - Solution Number  619
  - Solution Number  636
Front 1  has 24  members in it.
Front 2  has 15  members in it.
Front 3  has 11  members in it.
Front 4  has 11  members in it.
Front 5  has 5  members in it.
Front 6  has 3  members in it.
Front 7  has 1  members in it.
Front 8  has 2  members in it.


Generation  15 : 

Gen. Member  Solution ID     f[1] (B)    f[2] (W)        f[3] (s)
------------------------------------------------------------------
          0          208            6       10.43          5825.2
          1          473            3       24.77          5813.9
          2          685            4       22.39          5986.6
          3          686            4       16.85          5909.9
          4          687            3       24.89          5746.8
          5          688            3       20.63          6164.9
          6          689            5       18.27          5963.1
          7          690            3       24.94          5813.9
          8          691            3       26.38          6061.5
          9          692            4       19.55          5755.0
         10          693            4       20.61          5938.9
         11          694            6       13.47          6009.8
         12          695            4       15.76          5830.9
         13          696            3       27.09          5811.5
         14          697            4       23.90          5854.6
         15          698            5       14.52          5851.7
         16          699            3       24.20          6001.1
         17          700            3       20.45          6072.0
         18          701            4       21.04          5744.7
         19          702            4       21.52          5744.7
         20          703            3       22.57          5843.0
         21          704            4       23.71          6040.3
         22          705            4       20.91          5942.5
         23          706            4       19.51          5911.6
         24          707            4       28.60          5921.4
         25          708            4       28.60          5921.4
         26          709            4       20.42          5847.1
         27          710            4       16.61          5715.8
         28          711            4       19.28          5993.7
         29          712            4       22.70          6059.2
         30          713            4       21.50          6021.3
         31          714            5       15.65          5926.7
         32          715            4       18.03          5921.4
         33          716            4       17.41          5744.7
         34          717            4       19.95          5898.4
         35          718            4       18.55          5943.2
         36          719            4       23.28          5948.2
         37          720            3       24.02          5981.3
         38          721            4       22.73          6033.0
         39          722            4       20.54          6056.4
         40          723            4       16.94          5632.7
         41          724            5       21.03          5982.3
         42          725            4       20.26          5744.7
         43          726            5       19.21          5854.6
         44          727            4       17.44          5692.8
         45          728            4       20.55          5600.8
         46          729            4       21.90          5854.6
         47          730            4       15.92          5974.9
         48          731            3       27.14          6071.5
         49          732            3       30.50          5813.9

There are currently  19 solutions in the Pareto Set:
  - Solution Number  375
  - Solution Number  453
  - Solution Number  494
  - Solution Number  495
  - Solution Number  502
  - Solution Number  506
  - Solution Number  153
  - Solution Number  53
  - Solution Number  526
  - Solution Number  540
  - Solution Number  388
  - Solution Number  564
  - Solution Number  578
  - Solution Number  595
  - Solution Number  619
  - Solution Number  479
  - Solution Number  497
  - Solution Number  658
  - Solution Number  681
Front 1  has 22  members in it.
Front 2  has 17  members in it.
Front 3  has 7  members in it.
Front 4  has 8  members in it.
Front 5  has 9  members in it.
Front 6  has 7  members in it.
Front 7  has 2  members in it.
Front 8  has 1  members in it.
Front 9  has 2  members in it.


Generation  16 : 

Gen. Member  Solution ID     f[1] (B)    f[2] (W)        f[3] (s)
------------------------------------------------------------------
          0          494            5       13.64          5759.5
          1          687            3       24.89          5746.8
          2          723            4       16.94          5632.7
          3          703            3       22.57          5843.0
          4          564            6       11.90          5725.4
          5          619            5       13.07          6091.8
          6          526            5       15.08          5555.9
          7          733            6       13.88          6092.0
          8          734            4       20.55          5930.6
          9          735            4       22.10          5952.2
         10          736            4       18.65          5982.3
         11          737            5       22.05          5921.4
         12          738            4       19.09          5863.2
         13          739            5       13.52          5966.3
         14          740            4       17.31          5892.5
         15          741            5       15.40          6101.7
         16          742            3       28.65          6043.7
         17          743            4       17.79          5911.4
         18          744            5       16.93          5930.9
         19          745            3       22.75          5817.6
         20          746            3       22.19          6024.6
         21          747            3       20.95          6072.0
         22          748            3       19.87          6140.7
         23          749            3       23.99          5813.9
         24          750            3       23.31          5813.9
         25          751            4       21.40          6147.8
         26          752            5       13.62          6110.6
         27          753            4       22.26          6048.5
         28          754            4       21.50          6023.3
         29          755            3       24.94          5843.4
         30          756            3       21.67          6129.4
         31          757            4       18.38          5953.9
         32          758            4       18.64          6021.9
         33          759            3       31.34          6028.5
         34          760            5       16.46          6059.2
         35          761            4       22.17          5921.4
         36          762            4       21.76          6088.4
         37          763            3       26.12          5770.7
         38          764            3       23.06          5881.5
         39          765            3       24.97          5871.6
         40          766            3       22.88          5870.5
         41          767            3       20.65          6072.4
         42          768            3       27.33          5793.9
         43          769            4       20.05          5840.3
         44          770            4       21.89          5963.1
         45          771            4       16.04          6028.9
         46          772            5       17.41          6102.5
         47          773            3       23.78          6059.2
         48          774            3       24.46          5886.0
         49          775            5       15.43          5703.6

There are currently  22 solutions in the Pareto Set:
  - Solution Number  375
  - Solution Number  453
  - Solution Number  494
  - Solution Number  495
  - Solution Number  502
  - Solution Number  506
  - Solution Number  153
  - Solution Number  53
  - Solution Number  526
  - Solution Number  540
  - Solution Number  388
  - Solution Number  564
  - Solution Number  578
  - Solution Number  595
  - Solution Number  619
  - Solution Number  479
  - Solution Number  497
  - Solution Number  658
  - Solution Number  681
  - Solution Number  687
  - Solution Number  700
  - Solution Number  723
Front 1  has 24  members in it.
Front 2  has 14  members in it.
Front 3  has 8  members in it.
Front 4  has 7  members in it.
Front 5  has 6  members in it.
Front 6  has 4  members in it.
Front 7  has 4  members in it.
Front 8  has 5  members in it.
Front 9  has 4  members in it.
Front 10  has 1  members in it.


*******************************************************************************
                          2017-01-06 18:50:38.882978
